=== Run information ===

Scheme:       weka.classifiers.functions.SMO -C 1.0 -L 0.001 -P 1.0E-12 -N 0 -V -1 -W 1 -K "weka.classifiers.functions.supportVector.PolyKernel -E 1.0 -C 250007" -calibrator "weka.classifiers.functions.Logistic -R 1.0E-8 -M -1 -num-decimal-places 4"
Relation:     _home_supun_Documents_wekafiles_dataset2_tokensnewset__home_supun_Documents_wekafiles_dataset2_Tokens_arff_docs__home_supun_Documents_wekafiles_dataset2_LOC-weka.filters.unsupervised.attribute.Remove-R2_java_keywords.arff-weka.filters.unsupervised.attribute.Remove-R3-weka.filters.unsupervised.attribute.Remove-R2-3-weka.filters.unsupervised.attribute.StringToWordVector-R1-W1000-prune-rate-1.0-N0-stemmerweka.core.stemmers.SnowballStemmer-stopwords-handlerweka.core.stopwords.MultiStopwords-M1-tokenizerweka.core.tokenizers.WordTokenizer -delimiters " \r\n\t.,;:\'\"()?!"
Instances:    2804
Attributes:   1808
              [list of attributes omitted]
Test mode:    split 80.0% train, remainder test

=== Classifier model (full training set) ===

SMO

Kernel used:
  Linear Kernel: K(x,y) = <x,y>

Classifier for classes: Non_Flakey, Flakey

BinarySMO

Machine linear: showing attribute weights, not support vectors.

         0.3099 * (normalized) lines_of_code
 +      -0.4163 * (normalized) assert_keyword
 +      -0.0238 * (normalized) boolean_keyword
 +      -0.1255 * (normalized) byte_keyword
 +       0.1057 * (normalized) catch_keyword
 +      -0.1225 * (normalized) class_keyword
 +       0.2375 * (normalized) do_keyword
 +       0.1632 * (normalized) double_keyword
 +      -0.0003 * (normalized) else_keyword
 +      -0.2962 * (normalized) extends_keyword
 +      -0.5427 * (normalized) final_keyword
 +      -0.0273 * (normalized) finally_keyword
 +       0.073  * (normalized) float_keyword
 +      -0.0172 * (normalized) for_keyword
 +       0.2825 * (normalized) if_keyword
 +      -0.0462 * (normalized) implements_keyword
 +       0.1269 * (normalized) instanceof_keyword
 +       0.287  * (normalized) int_keyword
 +       0.1407 * (normalized) long_keyword
 +       0      * (normalized) modules_keyword
 +      -0.0474 * (normalized) new_keyword
 +       0.0009 * (normalized) private_keyword
 +       0.1051 * (normalized) protected_keyword
 +      -0.4739 * (normalized) public_keyword
 +      -0      * (normalized) requires_keyword
 +      -0.1875 * (normalized) return_keyword
 +      -0.1645 * (normalized) short_keyword
 +      -0.5    * (normalized) static_keyword
 +      -0.1066 * (normalized) synchronized_keyword
 +      -0.1045 * (normalized) this_keyword
 +      -0.0484 * (normalized) throw_keyword
 +       1.951  * (normalized) throws_keyword
 +       0.1575 * (normalized) try_keyword
 +      -0.6567 * (normalized) void_keyword
 +      -0.0462 * (normalized) volatile_keyword
 +       0.2085 * (normalized) while_keyword
 +      -0      * (normalized) true_keyword
 +      -0.1236 * (normalized) null_keyword
 +      -0.4698 * (normalized) false_keyword
 +      -0.0252 * (normalized) keywordcount
 +      -0.1467 * (normalized) #
 +      -0.3309 * (normalized) %d
 +       0.1375 * (normalized) %s
 +       0.0575 * (normalized) &
 +       0.2871 * (normalized) *
 +      -0.2079 * (normalized) +
 +      -0.2599 * (normalized) +12125551212
 +      -0      * (normalized) +15551212
 +       0.0459 * (normalized) -
 +      -0.0351 * (normalized) -provider
 +      -0.0065 * (normalized) -t
 +       0.1565 * (normalized) /
 +      -0.0082 * (normalized) /*
 +       0.0115 * (normalized) ///
 +       0.0968 * (normalized) //google
 +      -0.5254 * (normalized) //host
 +      -0.2722 * (normalized) /bar
 +      -0.2296 * (normalized) /bin/bash
 +      -0.1569 * (normalized) /foo
 +      -0.2782 * (normalized) /foo/bar
 +      -0.1592 * (normalized) /stuff
 +      -0.0395 * (normalized) /test-server
 +      -0.2229 * (normalized) 0
 +      -0.3796 * (normalized) 00
 +      -0.3492 * (normalized) 01
 +       0.0961 * (normalized) 1
 +      -0.0405 * (normalized) 10
 +       0.3042 * (normalized) 100
 +      -0.0856 * (normalized) 103
 +      -0.1126 * (normalized) 108
 +       0.5218 * (normalized) 11
 +      -0.0856 * (normalized) 112
 +      -0.0856 * (normalized) 119
 +      -0.1438 * (normalized) 12
 +       0      * (normalized) 121
 +      -0.182  * (normalized) 123
 +       0.8132 * (normalized) 1234
 +      -0.8959 * (normalized) 12345
 +      -0.0287 * (normalized) 1234567890123456
 +      -0.2403 * (normalized) 127
 +      -0.1719 * (normalized) 129
 +      -0.1542 * (normalized) 13
 +      -0.1562 * (normalized) 15
 +       0.0863 * (normalized) 2
 +       0.3137 * (normalized) 20
 +      -0.0869 * (normalized) 200
 +      -0      * (normalized) 20080504T123456Z
 +      -0.0869 * (normalized) 21
 +      -0.0856 * (normalized) 221
 +      -0.0332 * (normalized) 222
 +      -0.1126 * (normalized) 230
 +      -0.1719 * (normalized) 254
 +      -0.2799 * (normalized) 27
 +       0.3381 * (normalized) 3
 +      -0.2314 * (normalized) 4
 +      -0.2333 * (normalized) 5
 +      -0.3331 * (normalized) 50
 +      -0.0981 * (normalized) 6
 +       0.1457 * (normalized) 7
 +      -0.2117 * (normalized) 8
 +      -0.1613 * (normalized) 9
 +      -0.1719 * (normalized) 91
 +      -0.0941 * (normalized) =
 +       0.3664 * (normalized) =>
 +       0.1126 * (normalized) >
 +       0.2    * (normalized) A
 +       0.0522 * (normalized) Add
 +      -0.097  * (normalized) ArgumentCaptor
 +      -0.3146 * (normalized) ArgumentMatchers
 +       0.3073 * (normalized) Arrays
 +      -0.6336 * (normalized) Assert
 +      -0.0655 * (normalized) AuthenticationException
 +      -0.2254 * (normalized) AuthenticationFilter
 +      -0.2574 * (normalized) B
 +      -0      * (normalized) BEGIN
 +      -0.0256 * (normalized) Boolean
 +      -0.2711 * (normalized) ByteBuffer
 +      -0.0219 * (normalized) C
 +      -0.4032 * (normalized) COM
 +      -0.1274 * (normalized) CONFIG
 +      -0.1274 * (normalized) CONFIG2
 +      -0.0188 * (normalized) CSRF
 +       0.4769 * (normalized) Check
 +      -0.2755 * (normalized) CloseMode
 +      -0.0355 * (normalized) CodecTestUtils
 +       0.0007 * (normalized) Collections
 +      -0.7059 * (normalized) CommonConfigurationKeys
 +       0.0697 * (normalized) CommonConfigurationKeysPublic
 +      -0.8041 * (normalized) CompressionType
 +      -0.1977 * (normalized) ContentType
 +       0.1784 * (normalized) Cookie
 +      -0.4124 * (normalized) CoreMatchers
 +      -0.6293 * (normalized) Create
 +      -0      * (normalized) DTSTART
 +      -0.0915 * (normalized) Decrypt
 +      -0.273  * (normalized) DefaultImpersonationProvider
 +       0.3965 * (normalized) Did
 +      -0.2296 * (normalized) Distributed
 +      -0.0915 * (normalized) EEK
 +      -0.0173 * (normalized) END
 +       0.2573 * (normalized) Encoder
 +      -0.2671 * (normalized) Ensure
 +      -0.3778 * (normalized) ErrorCorrectionLevel
 +       0.5306 * (normalized) Exception
 +      -0.3141 * (normalized) Executors
 +      -0.138  * (normalized) Expected
 +       0.1388 * (normalized) Failed
 +      -0.3177 * (normalized) FakeGroupMapping
 +      -0.4698 * (normalized) File
 +      -0.4141 * (normalized) FileSystem
 +      -0.6558 * (normalized) FileUtil
 +      -0.2362 * (normalized) Files
 +       0.1053 * (normalized) First
 +      -0.126  * (normalized) Found
 +      -0.1909 * (normalized) FrameType
 +      -0      * (normalized) From
 +       0.5241 * (normalized) GET
 +      -0.2821 * (normalized) GMT
 +      -0.0039 * (normalized) GROUP_NAMES
 +      -0.7457 * (normalized) GenericTestUtils
 +      -0.2296 * (normalized) Grid
 +      -0.3524 * (normalized) HEADERS
 +       0.2433 * (normalized) HTTP
 +      -0.2034 * (normalized) HTTP/1
 +      -0.0896 * (normalized) Hello
 +      -0.097  * (normalized) HttpCoreContext
 +      -0      * (normalized) HttpHeaders
 +      -0.3074 * (normalized) HttpServletResponse
 +      -0.097  * (normalized) HttpStatus
 +      -0      * (normalized) HttpVersion
 +       0.0983 * (normalized) IOException
 +       0.1832 * (normalized) IOUtils
 +      -0      * (normalized) IP
 +      -0.5813 * (normalized) IllegalArgumentException
 +       0.1454 * (normalized) InetAddress
 +      -0.1728 * (normalized) Integer
 +       0      * (normalized) JMX
 +      -0.8169 * (normalized) Key
 +      -0.0112 * (normalized) LDAP
 +      -0.2295 * (normalized) LOG
 +      -0.061  * (normalized) Let
 +      -0.1529 * (normalized) Level
 +      -0.2599 * (normalized) MECARD
 +      -0.0332 * (normalized) MachineList
 +       0.3948 * (normalized) Make
 +       0.2558 * (normalized) Matchers
 +      -0.6326 * (normalized) Method
 +      -0.158  * (normalized) Metric
 +       0.0514 * (normalized) Mockito
 +      -0.2599 * (normalized) N
 +      -0.2927 * (normalized) NOT
 +       0.5081 * (normalized) NULL
 +      -0.1191 * (normalized) NetUtils
 +      -0.4525 * (normalized) NinjaConstant
 +      -0.6453 * (normalized) NinjaMode
 +       0.0652 * (normalized) No
 +       0.1778 * (normalized) Not
 +       0.139  * (normalized) Now
 +      -0.2277 * (normalized) Number
 +      -0      * (normalized) OK
 +      -0.0289 * (normalized) Object
 +      -0.0289 * (normalized) Objects
 +      -0.0073 * (normalized) Optional
 +      -0.2599 * (normalized) Owen
 +       0.0745 * (normalized) PROXY_USER_NAME
 +      -0.8273 * (normalized) Path
 +      -0.0553 * (normalized) ProxyUsers
 +       0.0745 * (normalized) REAL_USER_NAME
 +       0.0087 * (normalized) RPC
 +      -0.0188 * (normalized) RestCsrfPreventionFilter
 +      -0.4217 * (normalized) Result
 +      -0.3834 * (normalized) Results
 +      -0.3299 * (normalized) RetryProxy
 +      -0.0655 * (normalized) SERVICE_URL
 +      -0.0395 * (normalized) SSLContextBuilder
 +       0      * (normalized) STATUS
 +      -0.2599 * (normalized) Sean
 +      -0.1139 * (normalized) SequenceFile
 +      -0.2302 * (normalized) Server
 +      -0.1063 * (normalized) ServletException
 +      -0.0289 * (normalized) Setup
 +      -0.0143 * (normalized) Should
 +      -0.1706 * (normalized) StandardCharsets
 +      -0.0232 * (normalized) StatusPrinter
 +      -0.1333 * (normalized) String
 +      -0.7818 * (normalized) StringUtils
 +       0.5539 * (normalized) System
 +      -0.4008 * (normalized) TEST_DIR
 +      -0.4763 * (normalized) TEST_ROOT_DIR
 +      -0.3908 * (normalized) TIMEOUT
 +      -0.2581 * (normalized) TOKEN_VALIDITY_SEC
 +       0.4603 * (normalized) Test
 +      -0.0142 * (normalized) TestFile
 +      -0.3524 * (normalized) TestingFramework
 +       0.2006 * (normalized) The
 +       0.4532 * (normalized) This
 +       0.1783 * (normalized) Thread
 +      -0.3871 * (normalized) Time
 +      -0.1865 * (normalized) TimeUnit
 +      -0.2755 * (normalized) TimeValue
 +      -0.0621 * (normalized) Token
 +      -0.2029 * (normalized) Try
 +       0.1089 * (normalized) URI
 +      -0.2599 * (normalized) URL
 +       0.7684 * (normalized) UTF-8
 +      -0.1877 * (normalized) Use
 +       0.4412 * (normalized) UserGroupInformation
 +      -0      * (normalized) VCALENDAR
 +      -0      * (normalized) VEVENT
 +      -0.2477 * (normalized) Value
 +      -0.0779 * (normalized) Verify
 +      -0.3648 * (normalized) Version
 +      -0.4339 * (normalized) Wait
 +      -0.0513 * (normalized) When
 +      -0      * (normalized) With
 +      -0.0056 * (normalized) Write
 +       0.1456 * (normalized) X
 +      -0.1119 * (normalized) XX
 +      -0.1119 * (normalized) XXX
 +      -0.1119 * (normalized) XXXX
 +       0.0911 * (normalized) \
 +       0.2383 * (normalized) a
 +      -0.1712 * (normalized) abc
 +       0.7594 * (normalized) accept
 +      -0.4396 * (normalized) access
 +      -0.6167 * (normalized) active
 +      -0.3176 * (normalized) adapter
 +      -0.2038 * (normalized) add
 +      -0.8053 * (normalized) addAppender
 +      -0.0142 * (normalized) addContents
 +       0.1702 * (normalized) addHeader
 +      -0.6778 * (normalized) addResource
 +      -0.1012 * (normalized) addTest
 +       0.1379 * (normalized) addToken
 +       0.1444 * (normalized) added
 +      -0.0668 * (normalized) addr
 +       0.2891 * (normalized) address
 +      -0.619  * (normalized) advance
 +       0.248  * (normalized) after
 +      -0.118  * (normalized) again
 +      -0.1163 * (normalized) alias
 +       0.671  * (normalized) all
 +       0.0097 * (normalized) allocate
 +      -0.1813 * (normalized) allowed
 +       0.0704 * (normalized) also
 +      -0.0655 * (normalized) alternateAuthenticate
 +      -0.0655 * (normalized) alternateAuthentication
 +      -0.4783 * (normalized) an
 +       0.0658 * (normalized) and
 +       0.0132 * (normalized) another
 +      -0.3343 * (normalized) answer
 +      -0.2086 * (normalized) any
 +       0.0189 * (normalized) anyInt
 +      -0.2529 * (normalized) anyString
 +      -0.2629 * (normalized) apache
 +      -0.7203 * (normalized) append
 +      -0.292  * (normalized) appendProperty
 +      -0.1965 * (normalized) appender
 +       0.1879 * (normalized) application/json
 +      -0.1944 * (normalized) apply
 +      -0.0226 * (normalized) are
 +       0.3042 * (normalized) args
 +      -0.0351 * (normalized) args1
 +      -0.7642 * (normalized) array
 +       0.2419 * (normalized) as
 +       0.6012 * (normalized) asList
 +      -0.3524 * (normalized) assertArrayEquals
 +       0.2717 * (normalized) assertEquals
 +      -0.5386 * (normalized) assertExceptionContains
 +       0.0021 * (normalized) assertFalse
 +      -0.556  * (normalized) assertNotEquals
 +      -0.0014 * (normalized) assertNotNull
 +       0.2752 * (normalized) assertNull
 +      -0.5376 * (normalized) assertSame
 +      -0.1834 * (normalized) assertThat
 +       0.5043 * (normalized) assertTrue
 +      -0.1031 * (normalized) assignConnection
 +      -0.2214 * (normalized) at
 +       0.0266 * (normalized) auth
 +       0.5117 * (normalized) authentication
 +      -0.0841 * (normalized) authority
 +      -0.517  * (normalized) authorization
 +      -0.4188 * (normalized) await
 +       0.4122 * (normalized) b
 +      -0.4169 * (normalized) back
 +      -0.2361 * (normalized) bad
 +       0.4493 * (normalized) bar
 +      -0.1481 * (normalized) based
 +      -0.2382 * (normalized) be
 +       0.1291 * (normalized) because
 +      -0.3041 * (normalized) become
 +      -0.0503 * (normalized) becomeActive
 +       0.0946 * (normalized) been
 +      -0.1187 * (normalized) before
 +       0.5163 * (normalized) bind
 +      -0.1119 * (normalized) bits
 +       0.7109 * (normalized) blah
 +       1.1958 * (normalized) block
 +      -0.4314 * (normalized) blocked
 +      -0.3643 * (normalized) bob
 +       0.2797 * (normalized) both
 +       0.1185 * (normalized) buf
 +      -0.417  * (normalized) buffer
 +      -0.2209 * (normalized) build
 +      -0.4867 * (normalized) buildRoute
 +      -0.5315 * (normalized) builder
 +       0.0281 * (normalized) but
 +       0.0177 * (normalized) by
 +      -0.6769 * (normalized) byte
 +       0.232  * (normalized) bytes
 +      -0.0355 * (normalized) bytesRead
 +       0.0445 * (normalized) c
 +       0.128  * (normalized) c1
 +      -0.3286 * (normalized) c2
 +       0.1272 * (normalized) cache
 +      -0.0784 * (normalized) call
 +      -0.1734 * (normalized) callback
 +       0.2537 * (normalized) called
 +       0.8642 * (normalized) calls
 +      -0.2486 * (normalized) can
 +      -0.0289 * (normalized) capacity
 +      -0.1182 * (normalized) capture
 +      -0.3172 * (normalized) case
 +      -0.3003 * (normalized) cause
 +       0.371  * (normalized) chain
 +      -0.2497 * (normalized) change
 +      -0.2907 * (normalized) changed
 +      -0.0216 * (normalized) channel
 +      -0.1076 * (normalized) character
 +      -0.0512 * (normalized) check
 +      -0.2176 * (normalized) checksum
 +       0.1011 * (normalized) class
 +       0.3729 * (normalized) clear
 +       0.7336 * (normalized) client
 +      -0.0395 * (normalized) clientSocket
 +      -0.0395 * (normalized) clientSslContext
 +      -0.0152 * (normalized) close
 +       1.5359 * (normalized) cluster
 +      -0.0814 * (normalized) code
 +      -0.11   * (normalized) codec
 +       0.3073 * (normalized) com
 +      -0.1864 * (normalized) command
 +      -0.1092 * (normalized) compare
 +       0.1247 * (normalized) compareTo
 +       0.2443 * (normalized) completed
 +      -0.0142 * (normalized) computeLineFormat
 +      -0.4804 * (normalized) conf
 +       0.2355 * (normalized) config
 +      -0.1845 * (normalized) configuration
 +      -0.0349 * (normalized) configured
 +      -0.3641 * (normalized) conn
 +       0.0627 * (normalized) conn1
 +       0.7761 * (normalized) connect
 +       0.4492 * (normalized) connection
 +      -0.2318 * (normalized) consume
 +      -0.2519 * (normalized) consumed
 +       0.0485 * (normalized) contains
 +      -0.0783 * (normalized) containsHeader
 +      -0.3125 * (normalized) containsKey
 +      -0.3921 * (normalized) content
 +      -1.5853 * (normalized) context
 +      -0.604  * (normalized) convert
 +      -0.1479 * (normalized) cookie
 +       0.5242 * (normalized) copy
 +      -0.2735 * (normalized) correct
 +       0.2713 * (normalized) correctly
 +       0.1032 * (normalized) count
 +       0.34   * (normalized) countDown
 +       0.5651 * (normalized) counter
 +      -0.4262 * (normalized) create
 +       0.1628 * (normalized) createFile
 +      -0.0856 * (normalized) createFileWithEntries
 +      -0.2098 * (normalized) createKey
 +       0.0745 * (normalized) createProxyUserForTesting
 +       0.3295 * (normalized) createRemoteUser
 +      -0.0395 * (normalized) createServerSocket
 +      -0.2309 * (normalized) createSocket
 +      -0.1437 * (normalized) createTempFile
 +      -0.054  * (normalized) createUserForTesting
 +       0.6882 * (normalized) created
 +      -0      * (normalized) credential1
 +      -0.1886 * (normalized) credentials
 +       0.3519 * (normalized) current
 +       0.0249 * (normalized) currentTimeMillis
 +      -0.0396 * (normalized) custom
 +      -0.0101 * (normalized) d
 +      -0.2296 * (normalized) daemon
 +      -0.4447 * (normalized) data
 +      -0.1168 * (normalized) date
 +      -0.0073 * (normalized) de
 +      -0.5347 * (normalized) decode
 +       0.2658 * (normalized) decoder
 +       0.1101 * (normalized) default
 +       0.0103 * (normalized) delegation
 +      -0.3252 * (normalized) delete
 +      -0.6794 * (normalized) deleteOnExit
 +      -0.4871 * (normalized) deleted
 +      -0.1447 * (normalized) deprecation
 +       0.295  * (normalized) desc
 +      -0.3101 * (normalized) description
 +       0.1565 * (normalized) destroy
 +       0.2116 * (normalized) did
 +      -0.4469 * (normalized) didn
 +      -0.1033 * (normalized) different
 +       0.2156 * (normalized) dir
 +       0.7848 * (normalized) directory
 +      -0.0535 * (normalized) do
 +      -0.1898 * (normalized) doAnswer
 +      -0.012  * (normalized) doAs
 +       0.3422 * (normalized) doFilter
 +      -0.3662 * (normalized) doReturn
 +      -0.9909 * (normalized) doTest
 +       0.5599 * (normalized) doThrow
 +       0.1667 * (normalized) does
 +       0.0131 * (normalized) down
 +      -0.1638 * (normalized) drwho
 +      -0.0355 * (normalized) dst
 +      -0      * (normalized) dump
 +      -0.0757 * (normalized) e
 +       0.4128 * (normalized) each
 +      -0.2853 * (normalized) echo
 +       0.1385 * (normalized) edit
 +      -0.2039 * (normalized) elector
 +      -0.1668 * (normalized) element
 +      -0.3009 * (normalized) elements
 +      -0.6828 * (normalized) empty
 +      -0.0073 * (normalized) en
 +      -0.1572 * (normalized) encode
 +      -0.0655 * (normalized) encodeRedirectURL
 +      -0.1126 * (normalized) encoder
 +       1.0032 * (normalized) end
 +      -0.5447 * (normalized) endConfig
 +      -0.1711 * (normalized) ensure
 +       0.1469 * (normalized) entity
 +      -0.5707 * (normalized) entries
 +      -0.0552 * (normalized) entry
 +       0.0627 * (normalized) entry1
 +      -0.4219 * (normalized) entrySet
 +       0.5075 * (normalized) eq
 +       0.1268 * (normalized) equal
 +      -0.6372 * (normalized) equalTo
 +      -0.5498 * (normalized) equals
 +       0.2964 * (normalized) error
 +      -0.1753 * (normalized) et
 +       0      * (normalized) etag
 +       1.3374 * (normalized) event
 +      -0.2335 * (normalized) every
 +       0.1096 * (normalized) ex
 +      -0.4981 * (normalized) example
 +      -0.1159 * (normalized) exception
 +       0.1506 * (normalized) exclude
 +       0      * (normalized) excluded
 +       0.2819 * (normalized) execute
 +       0.1228 * (normalized) executor
 +       0.1897 * (normalized) exist
 +      -0.2193 * (normalized) existing
 +       0.4859 * (normalized) exists
 +       0.3337 * (normalized) exit
 +      -0.0305 * (normalized) expect
 +      -0.1151 * (normalized) expected
 +       0.3328 * (normalized) f
 +      -0.0476 * (normalized) f1
 +      -0.0369 * (normalized) f2
 +       0.2147 * (normalized) factory
 +       1.0938 * (normalized) fail
 +       0.0469 * (normalized) failed
 +      -0.4243 * (normalized) failure
 +       0.4191 * (normalized) false
 +      -0.1143 * (normalized) field
 +       0.0725 * (normalized) file
 +      -0.292  * (normalized) fileResource
 +      -0.35   * (normalized) fileSys
 +      -0.134  * (normalized) filename
 +       0.1521 * (normalized) files
 +       0.0134 * (normalized) fill
 +       0.0489 * (normalized) filter
 +      -0.0289 * (normalized) filterConfig
 +      -0.0107 * (normalized) final
 +      -0.2393 * (normalized) find
 +       0.2775 * (normalized) finish
 +       0.1977 * (normalized) first
 +      -0.3144 * (normalized) flush
 +      -0.5466 * (normalized) foo
 +       0.3129 * (normalized) foo1
 +       0.3105 * (normalized) foo2
 +      -0.1024 * (normalized) for
 +      -0.097  * (normalized) forClass
 +      -0.1007 * (normalized) format
 +      -0.0142 * (normalized) formatLineMtime
 +      -0.3346 * (normalized) found
 +      -0.0073 * (normalized) fr-FR
 +      -0.1012 * (normalized) framework
 +       0.3804 * (normalized) from
 +       0.4806 * (normalized) fs
 +      -0.2705 * (normalized) full
 +      -0.424  * (normalized) future
 +      -0.1097 * (normalized) future1
 +      -0.1097 * (normalized) future2
 +      -0.044  * (normalized) g
 +       0.248  * (normalized) g1
 +      -0.1344 * (normalized) g3
 +      -0.2062 * (normalized) gauge
 +       0.5327 * (normalized) get
 +       0.2039 * (normalized) getAbsolutePath
 +      -0.1724 * (normalized) getAddress
 +      -0.4242 * (normalized) getAttribute
 +       0.0627 * (normalized) getAvailable
 +      -0.2232 * (normalized) getByName
 +      -0.3257 * (normalized) getBytes
 +      -0.1977 * (normalized) getBytesTransferred
 +      -0.1643 * (normalized) getCause
 +      -0.2361 * (normalized) getChannel
 +      -0.0148 * (normalized) getClass
 +      -0.1407 * (normalized) getClient
 +       0.4958 * (normalized) getCode
 +       0.184  * (normalized) getConf
 +      -0.0086 * (normalized) getConnectAddress
 +       0.4424 * (normalized) getContent
 +      -0.0442 * (normalized) getContentLength
 +      -0      * (normalized) getContentType
 +      -0.1479 * (normalized) getCookies
 +       0.0459 * (normalized) getCurrentUser
 +      -0.0369 * (normalized) getData
 +      -0.1412 * (normalized) getEntity
 +      -0.3249 * (normalized) getFileStatus
 +      -0.1909 * (normalized) getFlags
 +      -0.2186 * (normalized) getGroups
 +      -0.0971 * (normalized) getHeader
 +      -0.2442 * (normalized) getInitParameter
 +      -0.2254 * (normalized) getInitParameterNames
 +      -0.1804 * (normalized) getInputStream
 +      -0.6061 * (normalized) getInstance
 +      -0.0655 * (normalized) getJWT
 +      -0.1925 * (normalized) getKMSUrl
 +      -0.0547 * (normalized) getKey
 +       0.0627 * (normalized) getLeased
 +      -0.2145 * (normalized) getLen
 +      -0.2115 * (normalized) getLength
 +      -0.4029 * (normalized) getLocal
 +      -0.2126 * (normalized) getLocalPort
 +      -0.018  * (normalized) getMessage
 +      -0.4088 * (normalized) getMethod
 +       0.3181 * (normalized) getMetrics
 +      -0.2254 * (normalized) getMockedServletContextWithStringSigner
 +      -0.1435 * (normalized) getName
 +      -0.1592 * (normalized) getOutputStream
 +       0.3685 * (normalized) getParameter
 +       0.4011 * (normalized) getPath
 +      -0.0142 * (normalized) getPathData
 +      -0.1909 * (normalized) getPayloadContent
 +      -0.0459 * (normalized) getPort
 +       0.6177 * (normalized) getProperties
 +       0.0848 * (normalized) getProperty
 +      -0.2098 * (normalized) getProviders
 +       0.1507 * (normalized) getProxySuperuserGroupConfKey
 +       0.2956 * (normalized) getRawFileSystem
 +      -0.3834 * (normalized) getRenderable
 +      -0.097  * (normalized) getRequest
 +      -0.2714 * (normalized) getRequestURL
 +       0.876  * (normalized) getResource
 +      -0.0395 * (normalized) getServerSocketFactory
 +      -0.1888 * (normalized) getService
 +      -0.0395 * (normalized) getSession
 +      -0.0395 * (normalized) getSocketFactory
 +       0.1972 * (normalized) getStatusCode
 +      -0.1909 * (normalized) getStreamId
 +      -0.0073 * (normalized) getStringArray
 +      -1.0001 * (normalized) getSubject
 +      -0.273  * (normalized) getTestProvider
 +       0.9488 * (normalized) getTime
 +      -0.0888 * (normalized) getToken
 +       0.0627 * (normalized) getTotalStats
 +      -0.2644 * (normalized) getType
 +       0.2802 * (normalized) getUri
 +       0.0144 * (normalized) getUser
 +       0.0655 * (normalized) getUserName
 +       0.2171 * (normalized) getValue
 +      -0.4036 * (normalized) go
 +       0.1959 * (normalized) good
 +       0.4541 * (normalized) google
 +      -0.3716 * (normalized) got
 +      -0.2547 * (normalized) group
 +      -0.1427 * (normalized) group1
 +      -0.3435 * (normalized) groups
 +      -0.15   * (normalized) gz
 +      -0.2547 * (normalized) h
 +       0.2095 * (normalized) h1
 +       0.2202 * (normalized) h2
 +      -0.7408 * (normalized) hadoop
 +      -0.0655 * (normalized) hadoop-jwt
 +      -0.5571 * (normalized) handler
 +      -0.2963 * (normalized) har
 +       0.4312 * (normalized) has
 +       0.0386 * (normalized) hasNext
 +      -0.4487 * (normalized) have
 +       0.7759 * (normalized) hdfs
 +      -0.0917 * (normalized) header
 +       0.1893 * (normalized) headers
 +      -0.3362 * (normalized) health
 +      -0.043  * (normalized) hello
 +       0.4207 * (normalized) hook
 +      -0.4086 * (normalized) host
 +       0.489  * (normalized) host1
 +       0.489  * (normalized) host2
 +      -0.2668 * (normalized) host3
 +      -0.2668 * (normalized) host4
 +      -0.0028 * (normalized) hostname
 +      -0.2581 * (normalized) hosts
 +      -0.0724 * (normalized) html
 +      -0.4794 * (normalized) http
 +      -0.0112 * (normalized) httpServletRequest
 +      -0.0112 * (normalized) httpServletResponse
 +      -0.097  * (normalized) httprocessor
 +      -0.3547 * (normalized) https
 +      -0.052  * (normalized) id
 +      -0.0917 * (normalized) if
 +       0.1961 * (normalized) impl
 +      -0.3695 * (normalized) in
 +      -0.1909 * (normalized) inBuffer
 +      -0.0142 * (normalized) inOrder
 +      -0.2811 * (normalized) inStream
 +      -0.0067 * (normalized) inbuf
 +       0.3942 * (normalized) includes
 +       0.3754 * (normalized) info
 +       0.1653 * (normalized) init
 +      -0.5321 * (normalized) initial
 +      -0.0799 * (normalized) initialize
 +      -0.072  * (normalized) injector
 +      -0.1234 * (normalized) input
 +      -0.6769 * (normalized) inputStream
 +      -0.2917 * (normalized) intValue
 +      -0.0289 * (normalized) interactions
 +      -0.2312 * (normalized) intercept
 +       0      * (normalized) interceptor
 +      -0.6964 * (normalized) interrupt
 +      -0.3084 * (normalized) interval
 +      -0.23   * (normalized) into
 +      -0.3063 * (normalized) invalid
 +      -0.4171 * (normalized) invocation
 +       0.3251 * (normalized) invoke
 +      -0.1918 * (normalized) io
 +      -0.611  * (normalized) ips
 +       0.0419 * (normalized) is
 +       0.003  * (normalized) isCompleted
 +       0.0431 * (normalized) isDone
 +      -0.9923 * (normalized) isEmpty
 +      -0.4847 * (normalized) isEqualTo
 +      -0.6477 * (normalized) isZero
 +       0.5892 * (normalized) it
 +      -0.0142 * (normalized) items
 +      -0.215  * (normalized) iterator
 +      -0.1978 * (normalized) its
 +       0.0091 * (normalized) j
 +      -0.3315 * (normalized) java
 +      -0.1691 * (normalized) jetty
 +      -0.6674 * (normalized) jks
 +       0.2884 * (normalized) join
 +       0      * (normalized) joinElection
 +      -0.0655 * (normalized) jwt
 +      -0.0107 * (normalized) k1
 +      -0      * (normalized) keepAlive
 +       0.0698 * (normalized) key
 +      -0.3237 * (normalized) key1
 +      -0.3237 * (normalized) key2
 +      -0.0395 * (normalized) keyPassword
 +      -0.2782 * (normalized) keySet
 +      -0.0271 * (normalized) keys
 +      -0.3987 * (normalized) keytab
 +      -0.6264 * (normalized) kp
 +      -0.0692 * (normalized) lang
 +       0.2325 * (normalized) language
 +      -0.3614 * (normalized) last
 +       0.2787 * (normalized) lease
 +       0.1029 * (normalized) length
 +      -0.4331 * (normalized) lfs
 +      -0.4024 * (normalized) line
 +      -0.0142 * (normalized) lineFormat
 +       0.2987 * (normalized) link
 +      -0.4832 * (normalized) list
 +      -0.1724 * (normalized) listen
 +      -0.9101 * (normalized) listener
 +      -0.0395 * (normalized) loadKeyMaterial
 +      -0.0395 * (normalized) loadTrustMaterial
 +      -0.4301 * (normalized) localFs
 +      -0.1176 * (normalized) localPort
 +       0.3466 * (normalized) localhost
 +      -0.6493 * (normalized) lock
 +       0.3055 * (normalized) log
 +       0.2099 * (normalized) login
 +       0.4126 * (normalized) long
 +      -0.3836 * (normalized) lookup
 +      -0.2845 * (normalized) lot
 +       0.9295 * (normalized) ls
 +       0.2248 * (normalized) m
 +      -0.3453 * (normalized) make
 +       0.2029 * (normalized) makeQualified
 +      -0.441  * (normalized) makeRequest
 +      -0.2254 * (normalized) management
 +       0.0857 * (normalized) map
 +      -0.2722 * (normalized) mapfile
 +      -0.7444 * (normalized) mapping
 +      -0.2178 * (normalized) match
 +      -0.9868 * (normalized) matches
 +      -0.0915 * (normalized) material
 +      -0.3285 * (normalized) matrix
 +      -0.5759 * (normalized) max
 +       0.3816 * (normalized) message
 +      -0.0073 * (normalized) messages
 +      -0.2226 * (normalized) method
 +      -0.0195 * (normalized) metric
 +      -0.0653 * (normalized) metrics
 +      -0.6341 * (normalized) missing
 +      -0.1524 * (normalized) mkdirs
 +      -0.3471 * (normalized) mock
 +      -0.0289 * (normalized) mockChain
 +      -0      * (normalized) mockController
 +       0.0391 * (normalized) mockFs
 +      -0.0289 * (normalized) mockReq
 +      -0.0289 * (normalized) mockRes
 +       0.5131 * (normalized) mockfs
 +      -0.2008 * (normalized) mode
 +      -0.1657 * (normalized) monitor
 +      -0.061  * (normalized) more
 +      -0.8349 * (normalized) ms
 +       0.2988 * (normalized) multiple
 +       0.1906 * (normalized) must
 +       0.1509 * (normalized) n
 +       0.0401 * (normalized) name
 +       0.3855 * (normalized) names
 +      -0.1472 * (normalized) negative
 +       0.5538 * (normalized) never
 +       0.059  * (normalized) new
 +      -0.0852 * (normalized) newEmptyRequest
 +      -0.2816 * (normalized) newFixedThreadPool
 +      -0.1012 * (normalized) newFrameworkAndSetAdapter
 +      -0.446  * (normalized) newInstance
 +      -0.0395 * (normalized) newSingleThreadExecutor
 +       0.2288 * (normalized) next
 +      -0.4628 * (normalized) nextInt
 +      -0      * (normalized) ninjaDefault
 +      -0.0473 * (normalized) ninjaProperties
 +      -0.2562 * (normalized) no
 +      -0.6028 * (normalized) node
 +      -0.2094 * (normalized) nodes
 +      -0.0395 * (normalized) nopassword
 +      -0.2887 * (normalized) not
 +       0.0154 * (normalized) now
 +      -0.3149 * (normalized) ns
 +       0.232  * (normalized) null
 +      -0.235  * (normalized) nullValue
 +      -0.2868 * (normalized) number
 +      -0.0399 * (normalized) of
 +       0.0975 * (normalized) ok
 +      -0.3439 * (normalized) old
 +       0.0306 * (normalized) on
 +       0.0382 * (normalized) once
 +       0.5014 * (normalized) one
 +      -0.4867 * (normalized) only
 +      -0.0729 * (normalized) open
 +       0.0144 * (normalized) operation
 +       0.0226 * (normalized) ops
 +      -0.5138 * (normalized) option
 +      -0.646  * (normalized) options
 +       0.1167 * (normalized) or
 +      -0.0648 * (normalized) order
 +       1.3291 * (normalized) org
 +       0.5183 * (normalized) original
 +       0.2315 * (normalized) other
 +       0.3327 * (normalized) out
 +      -0.1514 * (normalized) outContent
 +      -0.1592 * (normalized) outStream
 +       0      * (normalized) outbuf
 +       0.0113 * (normalized) output
 +      -0.6034 * (normalized) outputStream
 +      -0.3536 * (normalized) p
 +      -0.2937 * (normalized) p1
 +      -0.0395 * (normalized) p12
 +      -0.1925 * (normalized) p2
 +       0.588  * (normalized) param
 +       0      * (normalized) param1
 +       0.1799 * (normalized) parameter
 +      -0.897  * (normalized) parent
 +      -0.1361 * (normalized) parse
 +       0.4764 * (normalized) pass
 +      -0.193  * (normalized) passed
 +       0.3433 * (normalized) password
 +       0.0809 * (normalized) path
 +      -0.0142 * (normalized) pathData
 +      -0.1008 * (normalized) period
 +      -0.0905 * (normalized) permission
 +      -0.0116 * (normalized) ping
 +      -0.8697 * (normalized) png
 +       0.7375 * (normalized) pool
 +       0.6342 * (normalized) port
 +      -0.3408 * (normalized) prefix
 +      -0.2216 * (normalized) prepare
 +      -0.1395 * (normalized) print
 +       0.3146 * (normalized) printStackTrace
 +      -0.2431 * (normalized) private
 +      -0.0655 * (normalized) privateKey
 +       1.2349 * (normalized) process
 +      -0.0142 * (normalized) processArguments
 +      -0.432  * (normalized) processOptions
 +       0.7013 * (normalized) properties
 +      -0.8412 * (normalized) property
 +      -0.1297 * (normalized) props
 +      -0.241  * (normalized) provider
 +       0.8339 * (normalized) proxy
 +       0.0745 * (normalized) proxyUserUgi
 +      -0      * (normalized) proxying
 +       0.1783 * (normalized) put
 +      -0.0073 * (normalized) q=0
 +       0.3718 * (normalized) queue
 +       0      * (normalized) quota
 +       0.0132 * (normalized) r
 +      -0.2115 * (normalized) random
 +       0.0365 * (normalized) range
 +      -0.2255 * (normalized) rc
 +       0.4684 * (normalized) read
 +      -0.3247 * (normalized) readLine
 +      -0.1909 * (normalized) readableChannel
 +       0.2115 * (normalized) reader
 +       0.0745 * (normalized) realUserUgi
 +      -0.1412 * (normalized) receiveRequestHeader
 +       0.171  * (normalized) received
 +      -0.728  * (normalized) record
 +       0.2949 * (normalized) refresh
 +      -0.4524 * (normalized) refreshSuperUserGroupsConfiguration
 +      -0      * (normalized) regex
 +       0.1281 * (normalized) register
 +      -0.1583 * (normalized) release
 +       0.3095 * (normalized) remaining
 +       0.3463 * (normalized) remove
 +       0.0337 * (normalized) removed
 +      -0.1234 * (normalized) rename
 +      -0.0615 * (normalized) replace
 +       0.973  * (normalized) request
 +      -0.1982 * (normalized) requestHandler
 +      -0      * (normalized) requester
 +       0.0815 * (normalized) required
 +      -0.1143 * (normalized) reset
 +       0.7169 * (normalized) resolve
 +       0.2051 * (normalized) resource
 +      -0.0395 * (normalized) resource1
 +       0.0197 * (normalized) response
 +      -0.1012 * (normalized) responseExpectations
 +       0.0507 * (normalized) restart
 +      -0.2119 * (normalized) result
 +      -0.3449 * (normalized) results
 +      -0.0611 * (normalized) retry
 +      -0.0755 * (normalized) return
 +       0.1901 * (normalized) returned
 +      -0.1879 * (normalized) right
 +       0.3741 * (normalized) route
 +      -0.4867 * (normalized) routeBuilder
 +      -0.3743 * (normalized) rpc
 +      -0.4799 * (normalized) run
 +      -0.1012 * (normalized) runTests
 +      -0.2361 * (normalized) rw
 +      -0.3574 * (normalized) s
 +       0.2265 * (normalized) s1
 +      -0.0685 * (normalized) s2
 +       0.3156 * (normalized) same
 +       0.7785 * (normalized) save
 +      -0.1934 * (normalized) scheduler
 +       0.0256 * (normalized) scheme
 +      -0.0784 * (normalized) scope
 +      -0.0344 * (normalized) second
 +       0.395  * (normalized) seconds
 +      -0.0879 * (normalized) secret
 +      -0.2091 * (normalized) secretProvider
 +       0.0834 * (normalized) security
 +       0.1369 * (normalized) see
 +       0.103  * (normalized) seed
 +      -0.2845 * (normalized) seek
 +       0.9737 * (normalized) send
 +      -0.1592 * (normalized) sendRequestHeader
 +      -0.094  * (normalized) sent
 +      -0.126  * (normalized) sequence
 +      -0.1694 * (normalized) serialize
 +      -0.2396 * (normalized) server
 +      -0.0599 * (normalized) serverSocket
 +      -0.0395 * (normalized) serverSslContext
 +      -0.0621 * (normalized) service
 +       0.2302 * (normalized) services
 +      -0.0112 * (normalized) servletContext
 +      -0.4398 * (normalized) session
 +       0.2352 * (normalized) set
 +      -0.5332 * (normalized) setBoolean
 +      -0.4022 * (normalized) setClass
 +      -0.1466 * (normalized) setConf
 +      -0.5179 * (normalized) setConfiguration
 +       0      * (normalized) setEntity
 +       0.2909 * (normalized) setInt
 +      -0.0142 * (normalized) setIsDir
 +       0.2933 * (normalized) setLong
 +      -0      * (normalized) setOptions
 +       0.0153 * (normalized) setProperty
 +      -0.3226 * (normalized) setProtocolEngine
 +      -0.2967 * (normalized) setSoTimeout
 +      -0.0204 * (normalized) setStrings
 +      -0.3256 * (normalized) setfacl
 +      -0.2068 * (normalized) setting
 +       0.6363 * (normalized) settings
 +      -0.0383 * (normalized) setup
 +      -0.4924 * (normalized) setupTestServer
 +      -0.9166 * (normalized) shell
 +      -0.3009 * (normalized) should
 +       0.3026 * (normalized) shutdown
 +      -0.0879 * (normalized) signer
 +       0.2021 * (normalized) simple
 +       0.2648 * (normalized) since
 +       0.089  * (normalized) single
 +      -0.0994 * (normalized) sink
 +      -0.1757 * (normalized) size
 +      -0.6111 * (normalized) skip
 +       0.1653 * (normalized) sleep
 +       0.2195 * (normalized) so
 +       0.0593 * (normalized) socket
 +      -0.2321 * (normalized) some
 +      -0.3603 * (normalized) somehost
 +      -0.478  * (normalized) source
 +      -0.01   * (normalized) specified
 +       0.2076 * (normalized) spy
 +      -0.2173 * (normalized) src
 +      -0.2599 * (normalized) srowen@example
 +       0.6736 * (normalized) start
 +      -0.5447 * (normalized) startConfig
 +      -0.147  * (normalized) starts
 +       0.6677 * (normalized) stat
 +       0.5772 * (normalized) status
 +       0.6307 * (normalized) still
 +       0.0508 * (normalized) stop
 +       0.3557 * (normalized) store
 +      -0.0395 * (normalized) storePassword
 +      -0.0122 * (normalized) stream
 +       0.0474 * (normalized) string
 +      -0.1122 * (normalized) stuff
 +       0.1561 * (normalized) subject
 +      -0.3665 * (normalized) submit
 +       0.0042 * (normalized) successfully
 +      -0.5324 * (normalized) sure
 +      -0.5081 * (normalized) svc0
 +      -0.5081 * (normalized) svc1
 +      -0.2307 * (normalized) system
 +      -0.2534 * (normalized) t
 +       0      * (normalized) tardis
 +       0.2293 * (normalized) target
 +       0.537  * (normalized) task
 +      -0.1203 * (normalized) test
 +      -0.305  * (normalized) test1
 +      -0.6495 * (normalized) test2
 +       0.4219 * (normalized) testDir
 +       0.1081 * (normalized) testDirectory
 +      -0.0142 * (normalized) testFile01
 +      -0.0142 * (normalized) testFile02
 +      -0.0142 * (normalized) testFile03
 +      -0.0142 * (normalized) testFile04
 +      -0.0142 * (normalized) testFile05
 +      -0.0142 * (normalized) testFile06
 +      -0.0142 * (normalized) testfile01
 +      -0.0142 * (normalized) testfile02
 +      -0.0142 * (normalized) testfile03
 +      -0.0142 * (normalized) testfile04
 +      -0.0142 * (normalized) testfile05
 +      -0.0142 * (normalized) testfile06
 +      -0.3825 * (normalized) testing
 +       0.7169 * (normalized) tests
 +      -0.5386 * (normalized) text
 +      -0.624  * (normalized) text/html
 +      -0.1977 * (normalized) text/plain
 +      -0.0642 * (normalized) tgt
 +       0.1303 * (normalized) than
 +      -0.1304 * (normalized) that
 +      -0.1514 * (normalized) the
 +       0.2553 * (normalized) thenReturn
 +      -0.1925 * (normalized) thenThrow
 +       0.1514 * (normalized) there
 +      -0.5458 * (normalized) they
 +      -0.1531 * (normalized) third
 +       0.2308 * (normalized) this
 +      -0.5104 * (normalized) thread
 +      -0.2002 * (normalized) threads
 +      -0.3826 * (normalized) through
 +      -0.0182 * (normalized) throw
 +      -0.6926 * (normalized) thrown
 +       0.1702 * (normalized) ticket
 +      -0.1039 * (normalized) time
 +      -0.2215 * (normalized) timeout
 +       0.0449 * (normalized) timer
 +       0.1528 * (normalized) times
 +       0.0491 * (normalized) timestamp
 +      -0.557  * (normalized) tmp
 +      -0.2203 * (normalized) to
 +       0.3772 * (normalized) toByteArray
 +      -0.0395 * (normalized) toCharArray
 +      -0.0395 * (normalized) toMillisecondsIntBound
 +       0.0511 * (normalized) toString
 +      -0.7273 * (normalized) toURI
 +      -0.5031 * (normalized) toUri
 +      -0.0444 * (normalized) token
 +      -0.1081 * (normalized) token1
 +      -0.162  * (normalized) token2
 +       0.0477 * (normalized) tokens
 +      -0.2099 * (normalized) too
 +      -0.0118 * (normalized) totals
 +      -0.0051 * (normalized) touch
 +       0.419  * (normalized) trigger
 +      -0.1235 * (normalized) triggered
 +       0.0978 * (normalized) true
 +      -0.3854 * (normalized) try
 +      -0.2347 * (normalized) two
 +      -0.0344 * (normalized) txt
 +      -0.3844 * (normalized) type
 +       0.037  * (normalized) u
 +      -0.2458 * (normalized) ugi
 +       0.1382 * (normalized) unchecked
 +      -0.2188 * (normalized) under
 +      -0.0088 * (normalized) unknown
 +      -0.4667 * (normalized) unreliable
 +       0.1073 * (normalized) up
 +      -0.1097 * (normalized) update
 +       0.3075 * (normalized) uri
 +       0.8986 * (normalized) url
 +       0.2515 * (normalized) use
 +       0.0147 * (normalized) used
 +       0.1787 * (normalized) user
 +       0.298  * (normalized) user1
 +       0.7103 * (normalized) user2
 +      -0.1244 * (normalized) userA
 +       0.0242 * (normalized) users
 +       0.2824 * (normalized) using
 +      -0.2826 * (normalized) val
 +      -0.476  * (normalized) valid
 +      -0.0655 * (normalized) validation
 +      -0.4509 * (normalized) value
 +      -0.7262 * (normalized) value1
 +       0.0919 * (normalized) value2
 +      -0.1944 * (normalized) value3
 +      -0.0327 * (normalized) valueOf
 +      -0.7544 * (normalized) values
 +      -0.329  * (normalized) verify
 +      -0.3228 * (normalized) verifyNoMoreInteractions
 +      -0.01   * (normalized) verifyZeroInteractions
 +      -0.4664 * (normalized) version
 +      -0.0349 * (normalized) via
 +      -0.0851 * (normalized) wait
 +      -0.098  * (normalized) waitFor
 +       0.0582 * (normalized) was
 +      -0.3113 * (normalized) we
 +      -0.1431 * (normalized) were
 +      -0.5138 * (normalized) whatever
 +      -0.1671 * (normalized) when
 +      -0.0769 * (normalized) which
 +       0.2261 * (normalized) while
 +       0.5021 * (normalized) will
 +      -0.0373 * (normalized) with
 +       0.159  * (normalized) without
 +      -0.7799 * (normalized) witness
 +       0.0055 * (normalized) work
 +       0.529  * (normalized) works
 +      -0.097  * (normalized) world
 +      -0.4717 * (normalized) wrap
 +       0.3881 * (normalized) write
 +      -0.0888 * (normalized) writeFile
 +       0      * (normalized) writeLine
 +       0.1811 * (normalized) writer
 +      -0.1022 * (normalized) wrong
 +      -0.7714 * (normalized) x
 +      -0.4591 * (normalized) xml
 +       0      * (normalized) y
 +       0.3254 * (normalized) yet
 +      -0.7977 * (normalized) zero
 +       0.2538 * (normalized) {
 +       0.5688 * (normalized) {}
 +       0.4958 * (normalized) }
 +       0.2778 * (normalized) ${coord
 +      -0.0491 * (normalized) -1
 +       0.0102 * (normalized) -3
 +       0.0452 * (normalized) -C
 +       0.186  * (normalized) -oozie
 +      -0.2266 * (normalized) //
 +       0.0116 * (normalized) ///tmp/workflows/</app-path>
 +      -0      * (normalized) //hcat
 +       0.0281 * (normalized) //localhost
 +       0.1247 * (normalized) /a
 +       0.1549 * (normalized) /dt=20120430
 +       0.0937 * (normalized) /test
 +      -0      * (normalized) /tmp
 +      -0      * (normalized) /workflow
 +       0.716  * (normalized) 0000000-
 +       0.2439 * (normalized) 00Z
 +       0.0102 * (normalized) 01Z
 +      -0.0673 * (normalized) 02
 +      -0.0673 * (normalized) 14
 +       0.0116 * (normalized) 2009-02-01T01
 +       0.0116 * (normalized) 2009-02-03T23
 +      -0      * (normalized) 2009-03-06T10
 +       0.0867 * (normalized) 2009-06-24
 +       0.0102 * (normalized) 2015-01-02T00
 +       0.0867 * (normalized) 317
 +       0.0867 * (normalized) 323
 +      -0.0808 * (normalized) 43
 +       0.0102 * (normalized) 45Z
 +       0.1929 * (normalized) 59Z
 +       0.0867 * (normalized) 958
 +       0.0116 * (normalized) </action>
 +       0.0678 * (normalized) </configuration>
 +       0      * (normalized) </controls>
 +       0.0116 * (normalized) </coordinator-app>
 +      -0      * (normalized) </data-in>
 +      -0      * (normalized) </dataset>
 +      -0      * (normalized) </datasets>
 +      -0      * (normalized) </input-events>
 +       0.0493 * (normalized) </java>
 +       0.1693 * (normalized) </job-tracker>
 +       0.0098 * (normalized) </main-class>
 +       0.1693 * (normalized) </name-node>
 +       0.0283 * (normalized) </property>
 +       0.0116 * (normalized) </workflow>
 +       0.0116 * (normalized) <action>
 +       0.0116 * (normalized) <app-path>hdfs
 +       0.0678 * (normalized) <configuration>
 +       0      * (normalized) <controls>
 +       0.0116 * (normalized) <coordinator-app
 +      -0      * (normalized) <datasets>
 +       0      * (normalized) <execution>LIFO</execution>
 +      -0      * (normalized) <input-events>
 +      -0      * (normalized) <instance>${coord
 +       0.0493 * (normalized) <java>
 +       0.1693 * (normalized) <job-tracker>
 +       0.0098 * (normalized) <main-class>
 +      -0      * (normalized) <mkdir
 +       0.1693 * (normalized) <name-node>
 +      -0      * (normalized) <name>a</name>
 +       0.0116 * (normalized) <name>inputA</name>
 +      -0      * (normalized) <name>inputB</name>
 +       0.0283 * (normalized) <property>
 +       0      * (normalized) <timeout>10</timeout>
 +      -0      * (normalized) <value>${coord
 +       0.0116 * (normalized) <workflow>
 +       0      * (normalized) <worklfow-app/>
 +       0.7647 * (normalized) @
 +      -0      * (normalized) ABC
 +       0.0867 * (normalized) ACTION[-]
 +       0.0206 * (normalized) AND
 +       0.0867 * (normalized) APP[-]
 +       0      * (normalized) Action
 +      -0      * (normalized) AppType
 +       0.0535 * (normalized) AppendTestUtil
 +       1.0147 * (normalized) Bytes
 +      -0      * (normalized) CASE
 +       0.6549 * (normalized) COLUMN_1
 +       0.9496 * (normalized) Cache-Control
 +      -0      * (normalized) Case
 +       0.2922 * (normalized) CoordELFunctions
 +      -0      * (normalized) Coordinator
 +       0.0594 * (normalized) CoordinatorAction
 +       1.0767 * (normalized) CoordinatorJob
 +       0.0374 * (normalized) Could
 +      -0.0892 * (normalized) DAY
 +       0.0138 * (normalized) DEBUG
 +       1.1786 * (normalized) DFSConfigKeys
 +       0.2847 * (normalized) DFSTestUtil
 +       0.3283 * (normalized) DateUtils
 +       0.038  * (normalized) END_POINTS
 +       0      * (normalized) EXEC_ORDER
 +       0.0739 * (normalized) Eq
 +       0.4638 * (normalized) ErrorCode
 +       0.157  * (normalized) Event
 +       0      * (normalized) EventStatus
 +      -0.3369 * (normalized) Expect
 +      -0.0041 * (normalized) Expecting
 +       0.2258 * (normalized) FAILED
 +       0.4278 * (normalized) FROM
 +       0.4545 * (normalized) Get
 +       0.2758 * (normalized) Given
 +      -0.0107 * (normalized) H
 +       0.9965 * (normalized) HConstants
 +       0.0102 * (normalized) HOUR
 +       0.6016 * (normalized) I
 +       0.0867 * (normalized) INFO
 +       0.561  * (normalized) INode
 +       0.1362 * (normalized) IS_SECURITY_ENABLED
 +       0.0847 * (normalized) ImmutableMap
 +       0.024  * (normalized) JMSMessagingUtils
 +       0.0867 * (normalized) JOB[-]
 +       0.0566 * (normalized) JSONValue
 +       1.0832 * (normalized) Job
 +       0.4302 * (normalized) JsonTags
 +       0.0416 * (normalized) KILLED
 +       0      * (normalized) LauncherMapper
 +       0.1771 * (normalized) LocalOozie
 +       0.4223 * (normalized) Long
 +       0.3962 * (normalized) MINUTE
 +       0.024  * (normalized) MessageType
 +       0.0489 * (normalized) MiniDFSCluster
 +       0.0416 * (normalized) MockCoordinatorEngineService
 +       0.038  * (normalized) MockDagEngineService
 +       0.0116 * (normalized) NAME
 +       0.7416 * (normalized) NN
 +       0.0947 * (normalized) OozieClient
 +       0.171  * (normalized) PING
 +      -0.0001 * (normalized) POST
 +       0      * (normalized) ProxyUserService
 +       0.0176 * (normalized) RUNNING
 +       0.2758 * (normalized) RandomUtils
 +       0.1454 * (normalized) RestConstants
 +       0.4653 * (normalized) SELECT
 +       0.038  * (normalized) SERVLET_CLASSES
 +       0.171  * (normalized) SPDY3
 +       0.0176 * (normalized) SUCCEEDED
 +       0.1058 * (normalized) SYN_STREAM
 +       1.3325 * (normalized) Services
 +       0.0737 * (normalized) Session
 +       0.1005 * (normalized) Set
 +       0.0739 * (normalized) SimpleEntity/insert_single_row
 +       0.0098 * (normalized) Start
 +       0.5499 * (normalized) TABLE
 +       0.0867 * (normalized) TOKEN[-]
 +       0.1058 * (normalized) TYPE_HEADERS
 +       0.0176 * (normalized) Task
 +       0.1919 * (normalized) Then
 +       0.0116 * (normalized) UNIT_TESTING
 +       0.3237 * (normalized) USER
 +       0.0116 * (normalized) UTC
 +      -0.2702 * (normalized) Unexpected
 +       0.0867 * (normalized) WARN
 +       0.6086 * (normalized) WHERE
 +      -0.3738 * (normalized) Waiting
 +      -0.1718 * (normalized) We
 +       0.1136 * (normalized) WorkflowAction
 +       0.1038 * (normalized) WorkflowInstance
 +       0.4995 * (normalized) WorkflowJob
 +       0.098  * (normalized) XML
 +       0.6698 * (normalized) XmlUtils
 +       0.4333 * (normalized) [
 +       0.0867 * (normalized) _L1_
 +      -0.0219 * (normalized) able
 +       0.171  * (normalized) acceptFrame
 +       0.7935 * (normalized) action
 +       0.1241 * (normalized) actionConf
 +       0.5333 * (normalized) actionId
 +       0.1405 * (normalized) actionId1
 +       0      * (normalized) actionNum
 +       0.1693 * (normalized) actionXml
 +       0.1516 * (normalized) actions
 +      -0.1102 * (normalized) actual
 +      -0.0299 * (normalized) addAll
 +       0.5218 * (normalized) addFamily
 +       0.1549 * (normalized) addInitRecords
 +       0      * (normalized) addNode
 +       0.2869 * (normalized) addRecordToActionTable
 +       0.9078 * (normalized) addRecordToBundleJobTable
 +       0      * (normalized) addRecordToCoordActionTable
 +       0.9178 * (normalized) addRecordToCoordJobTable
 +       0.1589 * (normalized) addRecordToCoordJobTableForWaiting
 +       0.1038 * (normalized) addRecordToWfActionTable
 +       0.1038 * (normalized) addRecordToWfJobTable
 +       0.3593 * (normalized) admin
 +       0.9547 * (normalized) ae
 +      -0.1462 * (normalized) already
 +       0.2147 * (normalized) android
 +       0.075  * (normalized) app
 +       0.0116 * (normalized) appPath
 +       0.0116 * (normalized) appXml
 +       0.2371 * (normalized) articles
 +      -0.4509 * (normalized) assert
 +      -0.0769 * (normalized) assertNotSame
 +       0.2117 * (normalized) attempt
 +       0.6959 * (normalized) authToken
 +       0.2695 * (normalized) available
 +       0.1058 * (normalized) banana
 +       1.0475 * (normalized) bean
 +       0.2142 * (normalized) bla
 +      -0.247  * (normalized) blocks
 +       0.0739 * (normalized) buildDateKey
 +       0.1587 * (normalized) bundle
 +       0      * (normalized) bundleJob
 +      -0      * (normalized) bundleJobGetExecutor
 +       0.0737 * (normalized) caId1
 +       0      * (normalized) callable1
 +       0      * (normalized) callable2
 +       0      * (normalized) callable3
 +      -0      * (normalized) callables
 +      -0.0421 * (normalized) catch
 +       0.4691 * (normalized) ce
 +       0.3012 * (normalized) checkCoordAction
 +       0.0116 * (normalized) checkCoordJobs
 +       0.4054 * (normalized) child1
 +       0.4054 * (normalized) child2
 +       0.4721 * (normalized) cleanup
 +       0.4136 * (normalized) closeAndDelete
 +       0.2565 * (normalized) connInfo
 +      -0.0092 * (normalized) consumer
 +       0.1968 * (normalized) contain
 +       0      * (normalized) containsExactly
 +       0.0982 * (normalized) content-type
 +       0.1417 * (normalized) coord
 +       0      * (normalized) coord-action-get
 +       0.171  * (normalized) coord-action-start
 +       0      * (normalized) coord-job-submit-data
 +      -0      * (normalized) coordJob1
 +      -0      * (normalized) coordJobGetCmd
 +       0.1315 * (normalized) coordinator
 +       0      * (normalized) copyCharStream
 +       0.2961 * (normalized) corrupt
 +       0.3317 * (normalized) counters
 +       0.1549 * (normalized) country=brazil
 +       0.1804 * (normalized) country=us
 +       0.0144 * (normalized) country=usa
 +       0.0847 * (normalized) cql
 +       0      * (normalized) createBaseHadoopConf
 +       0.038  * (normalized) createConfiguration
 +       0.0737 * (normalized) createConsumer
 +       0.2665 * (normalized) createContext
 +       0.171  * (normalized) createDir
 +       0.0737 * (normalized) createSession
 +       0.1074 * (normalized) createURL
 +       0.2871 * (normalized) creation
 +       0.2019 * (normalized) crud
 +       0.0569 * (normalized) dat
 +      -0      * (normalized) dataIn
 +       0.2298 * (normalized) dataOut
 +      -0      * (normalized) datain
 +       0.0489 * (normalized) datanode
 +       0.0489 * (normalized) datanodes
 +      -0      * (normalized) days
 +       0.3353 * (normalized) db
 +      -0      * (normalized) def
 +       0.0144 * (normalized) dependencies
 +       0.1464 * (normalized) dependency
 +       0.2966 * (normalized) dfs
 +       0.0569 * (normalized) dir1
 +      -0.0672 * (normalized) disabled
 +       0.3216 * (normalized) dn
 +       0.006  * (normalized) doesn
 +      -0.1329 * (normalized) done
 +       0.0739 * (normalized) dsl
 +       0.1239 * (normalized) due
 +      -0.0804 * (normalized) dummy
 +      -0.0293 * (normalized) enabled
 +      -0.4358 * (normalized) end=
 +      -0.2885 * (normalized) endTime
 +       0.4205 * (normalized) enqueue
 +       0.1539 * (normalized) eval
 +       0.2778 * (normalized) evalAndWrap
 +       0.2426 * (normalized) evaluate
 +       0.3395 * (normalized) events
 +       0.0847 * (normalized) executeScriptTemplate
 +       0.2778 * (normalized) expr
 +      -0      * (normalized) factor
 +       0.9496 * (normalized) fails
 +      -0      * (normalized) fault
 +       0.581  * (normalized) file1
 +      -0.2381 * (normalized) file2
 +       0.0833 * (normalized) fileLen
 +       0.9531 * (normalized) filePath
 +       0.0116 * (normalized) frequency=
 +       0.0739 * (normalized) fromBaseTable
 +       0.3053 * (normalized) fsimage
 +       0.0747 * (normalized) getAction
 +       0.1592 * (normalized) getAppName
 +       0.12   * (normalized) getAppPath
 +       0.1592 * (normalized) getAppType
 +       0.1212 * (normalized) getBlock
 +       0.2369 * (normalized) getBlockLocations
 +      -0      * (normalized) getBlockPoolId
 +       0.0737 * (normalized) getConnectionContext
 +       0.2241 * (normalized) getContextURL
 +       0.1771 * (normalized) getCoordClient
 +       0.1058 * (normalized) getDataNodes
 +      -0.3369 * (normalized) getEndTime
 +       0.4638 * (normalized) getErrorCode
 +       0.024  * (normalized) getEventMessage
 +       0      * (normalized) getEventStatus
 +       0.0098 * (normalized) getExternalStatus
 +       1.279  * (normalized) getFileSystem
 +      -0      * (normalized) getFirstBlock
 +       0.4802 * (normalized) getFsTestCaseDir
 +      -0.0053 * (normalized) getHeaderField
 +       0.3218 * (normalized) getHeaders
 +       0.2198 * (normalized) getId
 +       0.2565 * (normalized) getJMSConnectionInfo
 +      -0      * (normalized) getJob
 +       0.1693 * (normalized) getJobTrackerUri
 +       0.2751 * (normalized) getLog
 +       0.024  * (normalized) getMessageType
 +       0.0374 * (normalized) getNameNode
 +       0.3749 * (normalized) getNameNodePort
 +      -0      * (normalized) getNameNodeRpc
 +       0.1693 * (normalized) getNameNodeUri
 +       0.0374 * (normalized) getNamesystem
 +       0      * (normalized) getParentId
 +       0.0981 * (normalized) getResourceAsReader
 +      -0.0107 * (normalized) getResponseCode
 +       0.4213 * (normalized) getRow
 +       0.3859 * (normalized) getScanner
 +       0.8986 * (normalized) getServerAddress
 +      -0.076  * (normalized) getStatus
 +       0      * (normalized) getStatusStr
 +       0.1911 * (normalized) getString
 +       0.359  * (normalized) getTestCaseDir
 +       0.9815 * (normalized) getTestGroup
 +       0.7035 * (normalized) getTestUser
 +       0.0737 * (normalized) getTopic
 +       0.1514 * (normalized) getUrl
 +       0.8514 * (normalized) half
 +       0.5319 * (normalized) handle
 +       0.4114 * (normalized) hcat
 +       0.2565 * (normalized) hcatService
 +       0.1058 * (normalized) headerEntries
 +      -0.3263 * (normalized) here
 +       0.3132 * (normalized) hflush
 +       0.0102 * (normalized) hours
 +       0.1795 * (normalized) i
 +       0.2523 * (normalized) incorrect
 +      -0.0173 * (normalized) injection
 +      -0.0584 * (normalized) insert
 +      -0.6137 * (normalized) instance
 +       0.0778 * (normalized) ioe
 +       0.0098 * (normalized) isComplete
 +       0.0314 * (normalized) isNotNull
 +      -0      * (normalized) isNull
 +       0.0098 * (normalized) isSuccessful
 +      -0.247  * (normalized) isTrue
 +       0.5462 * (normalized) jar
 +       0      * (normalized) je
 +       0.0737 * (normalized) jmsContext
 +       0.6327 * (normalized) job
 +       0      * (normalized) job1
 +       0      * (normalized) job2
 +       0.1241 * (normalized) jobConf
 +       0.5023 * (normalized) jobId
 +      -0      * (normalized) jobId1
 +       0.2379 * (normalized) jpaService
 +      -0.0343 * (normalized) json
 +       0.7006 * (normalized) k
 +      -0.1051 * (normalized) kill
 +       0.4628 * (normalized) latch
 +       0.171  * (normalized) latest
 +      -0.4127 * (normalized) launcher
 +      -0      * (normalized) leases
 +      -0.0355 * (normalized) like
 +       0.0025 * (normalized) manager
 +      -0.0661 * (normalized) mapred
 +      -0.0693 * (normalized) mapreduce
 +       0.3022 * (normalized) mkdir
 +       0.1804 * (normalized) month=12
 +      -0.0466 * (normalized) move
 +       0.0116 * (normalized) name=
 +       0.8746 * (normalized) namenode
 +       0.3062 * (normalized) naming
 +       0.1549 * (normalized) newHCatDependency
 +       0.0144 * (normalized) newHCatDependency1
 +       0.0144 * (normalized) newHCatDependency2
 +       0.1058 * (normalized) newStream
 +       0.2013 * (normalized) nextLong
 +       0.6291 * (normalized) ninjaTestBrowser
 +       0.4076 * (normalized) numDataNodes
 +      -0.2039 * (normalized) offset
 +       0.3526 * (normalized) oozie
 +       0.2241 * (normalized) oozieUrl
 +       0.1768 * (normalized) openConnection
 +       0.3119 * (normalized) oryx
 +       0.1788 * (normalized) os
 +      -0.1034 * (normalized) params
 +       0.1691 * (normalized) parseDateOozieTZ
 +       0      * (normalized) parseDateUTC
 +       0.6698 * (normalized) parseXml
 +       0.1245 * (normalized) parser
 +      -0      * (normalized) pauseTime
 +       0.4813 * (normalized) peer
 +       0.1093 * (normalized) per
 +       0.4313 * (normalized) play
 +       0.1549 * (normalized) populateTable
 +       0.2371 * (normalized) post
 +       0.3677 * (normalized) prettyPrint
 +      -0.062  * (normalized) proxyuser
 +      -0.0107 * (normalized) purged
 +      -0      * (normalized) queueservice
 +      -0.4115 * (normalized) rack
 +       0.0737 * (normalized) receive
 +       0.3134 * (normalized) recovery
 +       0.0176 * (normalized) reduce
 +       0.5112 * (normalized) region
 +       0      * (normalized) region=us
 +       0.4756 * (normalized) regions
 +       1      * (normalized) replaceAll
 +       0.3134 * (normalized) replica
 +       0.1909 * (normalized) replicas
 +      -0      * (normalized) replication
 +       0.7991 * (normalized) res
 +      -0.8607 * (normalized) resolved
 +      -0.1138 * (normalized) ret
 +       0.1419 * (normalized) roll
 +       0.1988 * (normalized) root
 +       0.1677 * (normalized) row
 +       1.1305 * (normalized) rows
 +       1.0862 * (normalized) runTest
 +      -0.3194 * (normalized) running
 +       0.0098 * (normalized) runningJob
 +       0.0374 * (normalized) safe
 +       0.1396 * (normalized) sb
 +       0.1708 * (normalized) sc
 +       0.1629 * (normalized) scan
 +      -0.124  * (normalized) scanner
 +       0.1073 * (normalized) script
 +       0.0847 * (normalized) scriptExecutor
 +       0.171  * (normalized) sendFrame
 +       0.7495 * (normalized) setAppName
 +       0.1514 * (normalized) setBody
 +       0.7495 * (normalized) setId
 +       0.0429 * (normalized) setName
 +       1.4073 * (normalized) setParameter
 +       0.0982 * (normalized) setRequestMethod
 +      -0      * (normalized) setResponseCode
 +      -0.0735 * (normalized) setStatus
 +       0.5104 * (normalized) setSystemProperty
 +      -0.2335 * (normalized) setType
 +       0.171  * (normalized) setVariable
 +       0      * (normalized) setupActionConf
 +       0.1241 * (normalized) sharelib
 +       0.0176 * (normalized) signal
 +       0.0569 * (normalized) simulatedStorage
 +      -0.2551 * (normalized) snapshot
 +       0.4862 * (normalized) something
 +       0.0569 * (normalized) space
 +      -0.065  * (normalized) split
 +       0.0116 * (normalized) start=
 +       0.0489 * (normalized) startDataNodes
 +      -0.0045 * (normalized) startTime
 +       0.1123 * (normalized) startsWith
 +       0.2624 * (normalized) state
 +       0.1104 * (normalized) stm
 +      -0.3385 * (normalized) str
 +       0.3119 * (normalized) streaming
 +       0.0493 * (normalized) submitAction
 +      -0.0423 * (normalized) substring
 +       0.0983 * (normalized) succeed
 +      -0.2578 * (normalized) success
 +      -0.0888 * (normalized) support
 +       0.1058 * (normalized) synReply
 +       0.6284 * (normalized) table
 +       0.2026 * (normalized) tableName
 +       0.1549 * (normalized) tablename
 +       0.171  * (normalized) takeFrame
 +       0      * (normalized) takeRequest
 +      -0      * (normalized) testCoordActionGet
 +       0.7421 * (normalized) then
 +       0.0293 * (normalized) three
 +       0.0116 * (normalized) timezone=
 +      -0.2809 * (normalized) toBytes
 +       0.045  * (normalized) toXmlString
 +      -0      * (normalized) topic
 +       0.0569 * (normalized) us
 +      -0.2701 * (normalized) uuid
 +       0.1383 * (normalized) validate
 +       0.0346 * (normalized) w
 +       0.3983 * (normalized) waitActive
 +       0.038  * (normalized) wc
 +       0      * (normalized) wf
 +       0.0737 * (normalized) wf-app-name1
 +       0.1241 * (normalized) wfBean
 +       0.0737 * (normalized) wfId1
 +       0      * (normalized) wfJob
 +       0.0737 * (normalized) wfe
 +      -0.2481 * (normalized) what
 +      -0.0731 * (normalized) where
 +       1.248  * (normalized) workflow
 +       0.0116 * (normalized) writeToFile
 +       0.0116 * (normalized) xmlns=
 +      -0      * (normalized) }</instance>
 +      -0      * (normalized) }</value>
 -       1.212 

Number of kernel evaluations: 3135951 (91.331% cached)



Time taken to build model: 2.9 seconds

=== Evaluation on test split ===

Time taken to test model on test split: 0.03 seconds

=== Summary ===

Correctly Classified Instances         502               89.4831 %
Incorrectly Classified Instances        59               10.5169 %
Kappa statistic                          0.7897
Mean absolute error                      0.1052
Root mean squared error                  0.3243
Relative absolute error                 21.033  %
Root relative squared error             64.8568 %
Total Number of Instances              561     

=== Detailed Accuracy By Class ===

                 TP Rate  FP Rate  Precision  Recall   F-Measure  MCC      ROC Area  PRC Area  Class
                 0.910    0.120    0.881      0.910    0.895      0.790    0.895     0.846     Non_Flakey
                 0.880    0.090    0.909      0.880    0.894      0.790    0.895     0.861     Flakey
Weighted Avg.    0.895    0.105    0.895      0.895    0.895      0.790    0.895     0.854     

=== Confusion Matrix ===

   a   b   <-- classified as
 252  25 |   a = Non_Flakey
  34 250 |   b = Flakey


