=== Run information ===

Scheme:       weka.classifiers.functions.SMO -C 1.0 -L 0.001 -P 1.0E-12 -N 0 -V -1 -W 1 -K "weka.classifiers.functions.supportVector.PolyKernel -E 1.0 -C 250007" -calibrator "weka.classifiers.functions.Logistic -R 1.0E-8 -M -1 -num-decimal-places 4"
Relation:     _home_supun_Documents_wekafiles_dataset2_Tokens_arff_docs__home_supun_Documents_wekafiles_dataset2_LOC-weka.filters.unsupervised.attribute.Remove-R2_java_keywords.arff-weka.filters.unsupervised.attribute.Remove-R3-weka.filters.unsupervised.attribute.Remove-R3-59-weka.filters.unsupervised.attribute.StringToWordVector-R1-W1000-prune-rate-1.0-N0-stemmerweka.core.stemmers.SnowballStemmer-stopwords-handlerweka.core.stopwords.MultiStopwords-M1-tokenizerweka.core.tokenizers.WordTokenizer -delimiters " \r\n\t.,;:\'\"()?!"
Instances:    2804
Attributes:   1552
              [list of attributes omitted]
Test mode:    split 80.0% train, remainder test

=== Classifier model (full training set) ===

SMO

Kernel used:
  Linear Kernel: K(x,y) = <x,y>

Classifier for classes: Non_Flakey, Flakey

BinarySMO

Machine linear: showing attribute weights, not support vectors.

         0.1864 * (normalized) lines_of_code
 +      -0.0821 * (normalized) #
 +      -0.1983 * (normalized) %d
 +       0.3643 * (normalized) %s
 +       0.1795 * (normalized) &
 +      -0.0373 * (normalized) *
 +      -0.2773 * (normalized) +
 +      -0.1308 * (normalized) +12125551212
 +      -0.1488 * (normalized) -
 +      -0.0532 * (normalized) -t
 +      -0.1198 * (normalized) /
 +      -0.3205 * (normalized) ///
 +       0.0696 * (normalized) //google
 +      -0.2567 * (normalized) //host
 +      -0.4367 * (normalized) /bar
 +      -0.093  * (normalized) /bin/bash
 +      -0.1563 * (normalized) /foo
 +      -0.3024 * (normalized) /foo/bar
 +      -0.0404 * (normalized) /log/debug-old-2010-08-10
 +      -0.0322 * (normalized) /stuff
 +      -0.1928 * (normalized) 0
 +       0.01   * (normalized) 00
 +      -0.1155 * (normalized) 01
 +       0.3784 * (normalized) 1
 +       0.1548 * (normalized) 10
 +      -0.1319 * (normalized) 103
 +       0.3986 * (normalized) 11
 +      -0.1319 * (normalized) 112
 +      -0.1319 * (normalized) 119
 +      -0.0345 * (normalized) 12
 +      -0.4877 * (normalized) 123
 +      -0.1855 * (normalized) 12345
 +      -0.2227 * (normalized) 127
 +       0.0312 * (normalized) 13
 +      -0.0624 * (normalized) 2
 +      -0.2746 * (normalized) 20
 +      -0.1432 * (normalized) 200
 +       0.0124 * (normalized) 21
 +      -0.1319 * (normalized) 221
 +      -0.18   * (normalized) 222
 +       0.1627 * (normalized) 3
 +      -0.3184 * (normalized) 4
 +      -0.2244 * (normalized) 5
 +      -0.0071 * (normalized) 50
 +       0.0487 * (normalized) 59
 +       0.0269 * (normalized) 6
 +      -0.0975 * (normalized) 7
 +      -0.3579 * (normalized) 8
 +      -0.1149 * (normalized) 9
 +      -0.0136 * (normalized) 91
 +      -0.0275 * (normalized) =
 +       0.2188 * (normalized) =>
 +       0.0667 * (normalized) >
 +       0.1303 * (normalized) \
 +       0.2637 * (normalized) a
 +      -0.0651 * (normalized) abc
 +      -0.1642 * (normalized) absolute
 +       0.0884 * (normalized) ac
 +       0.1793 * (normalized) accept
 +      -0.0453 * (normalized) access
 +      -0.1394 * (normalized) acl
 +       0.233  * (normalized) active
 +      -0.2041 * (normalized) actual
 +      -0.3269 * (normalized) adapter
 +      -0.0755 * (normalized) add
 +       0.1729 * (normalized) added
 +       0.2426 * (normalized) addheader
 +      -0.0652 * (normalized) addr
 +      -0.3656 * (normalized) addresource
 +       0.2421 * (normalized) address
 +      -0.429  * (normalized) advance
 +       0.1521 * (normalized) after
 +       0.2123 * (normalized) again
 +      -0.0026 * (normalized) alias
 +      -0.3049 * (normalized) alive
 +       0.4986 * (normalized) all
 +       0.5213 * (normalized) allocate
 +       0.2296 * (normalized) allowed
 +      -0.2512 * (normalized) already
 +      -0.1516 * (normalized) also
 +      -0.1066 * (normalized) alternate
 +      -0.1066 * (normalized) alternateauthentication
 +      -0.2972 * (normalized) an
 +       0.2339 * (normalized) and
 +      -0.1007 * (normalized) another
 +      -0.4038 * (normalized) answer
 +      -0.1217 * (normalized) any
 +      -0.2898 * (normalized) anystring
 +      -0.1531 * (normalized) apache
 +       0.3195 * (normalized) app
 +      -0.572  * (normalized) append
 +       0.2638 * (normalized) appender
 +       0.0843 * (normalized) application/json
 +      -0.2386 * (normalized) apply
 +      -0.012  * (normalized) are
 +      -0.0124 * (normalized) arg
 +       0.198  * (normalized) args
 +      -0.0619 * (normalized) args1
 +      -0.1312 * (normalized) argument
 +      -0.2051 * (normalized) argumentmatchers
 +      -0.2254 * (normalized) arguments
 +      -0.1501 * (normalized) array
 +      -0.1074 * (normalized) arrays
 +       0.2406 * (normalized) as
 +      -0.3455 * (normalized) ascii
 +       0.8398 * (normalized) aslist
 +      -0.2335 * (normalized) assert
 +      -0.2325 * (normalized) assertarrayequals
 +       0.3502 * (normalized) assertequals
 +       0.0056 * (normalized) assertfalse
 +       0.1253 * (normalized) assertnotnull
 +       0.2866 * (normalized) assertnull
 +      -0.6286 * (normalized) assertsame
 +      -0.1135 * (normalized) assertthat
 +       0.3481 * (normalized) asserttrue
 +      -0.1141 * (normalized) assume
 +      -0.2165 * (normalized) async
 +      -0.3487 * (normalized) at
 +      -0.1735 * (normalized) attribute
 +       0      * (normalized) attributes
 +       0.5636 * (normalized) auth
 +       0.8514 * (normalized) authenticate
 +       0.3237 * (normalized) authenticated
 +      -0.3354 * (normalized) authentication
 +       0.1677 * (normalized) authority
 +      -0.0184 * (normalized) authorization
 +      -0.7472 * (normalized) authorized
 +       0.0705 * (normalized) available
 +       0.4448 * (normalized) avg
 +      -0.4798 * (normalized) await
 +       0.2197 * (normalized) b
 +      -0.1364 * (normalized) back
 +      -0.4371 * (normalized) bad
 +       0.229  * (normalized) bar
 +      -0.3253 * (normalized) barrier
 +       0.1596 * (normalized) base
 +      -0.093  * (normalized) based
 +       0.1325 * (normalized) basic
 +      -0.1208 * (normalized) be
 +      -0.2868 * (normalized) because
 +      -0.4127 * (normalized) become
 +      -0.0817 * (normalized) been
 +       0.1752 * (normalized) before
 +      -0.3097 * (normalized) begin
 +      -0.0221 * (normalized) bind
 +      -0.3452 * (normalized) bit
 +       0      * (normalized) bits
 +      -0.0258 * (normalized) blah
 +       1.0044 * (normalized) block
 +      -0.274  * (normalized) blocked
 +      -0.3707 * (normalized) bob
 +       0.331  * (normalized) body
 +      -0.0537 * (normalized) boolean
 +       0      * (normalized) bootstrap
 +       0.151  * (normalized) both
 +       0.6235 * (normalized) bound
 +       0.0277 * (normalized) buf
 +       0.2378 * (normalized) buffer
 +      -0.1486 * (normalized) build
 +      -0.3025 * (normalized) builder
 +       0.1066 * (normalized) but
 +      -0.3864 * (normalized) by
 +       0.0652 * (normalized) byte
 +      -0.2074 * (normalized) bytebuffer
 +      -0.1557 * (normalized) bytes
 +      -0.1092 * (normalized) bytesread
 +       0.0412 * (normalized) c
 +      -0.2965 * (normalized) c1
 +       0.1399 * (normalized) cache
 +      -0.0039 * (normalized) calendar
 +      -0.2033 * (normalized) call
 +      -0.1517 * (normalized) callback
 +       0.3269 * (normalized) called
 +       0.4128 * (normalized) calls
 +      -0.2754 * (normalized) can
 +       0.001  * (normalized) cancel
 +       0.0527 * (normalized) capacity
 +      -0.1469 * (normalized) captor
 +      -0.1414 * (normalized) capture
 +       0.0467 * (normalized) case
 +      -0.276  * (normalized) cause
 +       0.3602 * (normalized) chain
 +       0.1353 * (normalized) change
 +      -0.1351 * (normalized) changed
 +      -0.2997 * (normalized) channel
 +      -0.0171 * (normalized) char
 +      -0.1307 * (normalized) character
 +      -0.2863 * (normalized) charset
 +      -0.1085 * (normalized) charsets
 +      -0.0867 * (normalized) check
 +       0.0904 * (normalized) checksum
 +       0.0593 * (normalized) child
 +      -0.4581 * (normalized) chunked
 +       0.2399 * (normalized) class
 +       0.1873 * (normalized) cleanup
 +       0.0283 * (normalized) clear
 +      -0.0075 * (normalized) client
 +       0.1767 * (normalized) close
 +      -0.0942 * (normalized) closed
 +      -0.0136 * (normalized) closest
 +       1.3837 * (normalized) cluster
 +       0.3538 * (normalized) code
 +      -0.4904 * (normalized) codec
 +      -0.1092 * (normalized) codectestutils
 +       0      * (normalized) coder
 +      -0.4417 * (normalized) coding
 +       0.1742 * (normalized) collections
 +      -0.0269 * (normalized) com
 +       0.1365 * (normalized) command
 +      -0.3452 * (normalized) common
 +      -0.2639 * (normalized) commonconfigurationkeys
 +       0.21   * (normalized) compare
 +      -0.1921 * (normalized) complete
 +       0.0033 * (normalized) completed
 +      -0      * (normalized) compress
 +      -0.4233 * (normalized) compression
 +      -0.3519 * (normalized) compute
 +      -0.1677 * (normalized) conf
 +       0.3188 * (normalized) config
 +      -0.4028 * (normalized) configuration
 +       0.0605 * (normalized) configured
 +      -0.1125 * (normalized) conn
 +       0.5643 * (normalized) connect
 +       0.331  * (normalized) connection
 +      -0.0437 * (normalized) connections
 +      -0.2271 * (normalized) constant
 +       0.2792 * (normalized) consume
 +      -0.4854 * (normalized) consumed
 +       0.0183 * (normalized) contains
 +      -0.1131 * (normalized) content
 +      -0.1832 * (normalized) contents
 +      -0.0167 * (normalized) contenttype
 +      -0.4567 * (normalized) context
 +      -0.1037 * (normalized) controller
 +      -0.1629 * (normalized) convert
 +       0.0199 * (normalized) cookie
 +       0.1636 * (normalized) cookies
 +       0.1666 * (normalized) copy
 +      -0.468  * (normalized) core
 +       0.0413 * (normalized) corematchers
 +       0.2052 * (normalized) correct
 +       0.0163 * (normalized) correctly
 +       0.1008 * (normalized) count
 +       0.8988 * (normalized) counter
 +       0.0662 * (normalized) cpu
 +       0.0369 * (normalized) crc
 +       0.1874 * (normalized) create
 +      -0.1239 * (normalized) created
 +      -0.0673 * (normalized) createremoteuser
 +      -0.0035 * (normalized) credential1
 +       0      * (normalized) credentials
 +       0      * (normalized) creds
 +      -0      * (normalized) csrf
 +      -0.0558 * (normalized) current
 +       0.4344 * (normalized) currenttimemillis
 +       0.0678 * (normalized) custom
 +      -0.167  * (normalized) d
 +      -0.5709 * (normalized) daemon
 +      -0.4376 * (normalized) data
 +       0.2852 * (normalized) date
 +       0.1415 * (normalized) de
 +      -0.37   * (normalized) decode
 +       0.3647 * (normalized) decoder
 +      -0.2055 * (normalized) decoding
 +      -0.4461 * (normalized) default
 +      -0.0508 * (normalized) delegation
 +      -0.1697 * (normalized) delete
 +      -0.1841 * (normalized) deleted
 +      -0.2429 * (normalized) deprecation
 +      -0.1376 * (normalized) desc
 +      -0.3146 * (normalized) description
 +       0.2723 * (normalized) destroy
 +      -0.1904 * (normalized) details
 +       0.02   * (normalized) did
 +      -0.4193 * (normalized) didn
 +       0.1032 * (normalized) different
 +       0.2699 * (normalized) dir
 +       0.0557 * (normalized) directories
 +       0.049  * (normalized) directory
 +      -0.2083 * (normalized) disabled
 +      -0.4349 * (normalized) disk
 +      -0.104  * (normalized) do
 +      -0.0343 * (normalized) doas
 +       0.1923 * (normalized) does
 +       0.0679 * (normalized) domain
 +       0.0074 * (normalized) don
 +       0.239  * (normalized) done
 +      -0.1485 * (normalized) double
 +       0.059  * (normalized) down
 +      -0.18   * (normalized) drwho
 +      -0.4547 * (normalized) dst
 +       0      * (normalized) dtstart
 +      -0.0739 * (normalized) dummy
 +      -0.2696 * (normalized) dump
 +      -0.0568 * (normalized) duration
 +      -0.2458 * (normalized) dynamic
 +      -0.0237 * (normalized) e
 +      -0.5132 * (normalized) ec
 +      -0.7867 * (normalized) echo
 +      -0.0557 * (normalized) election
 +      -0.7686 * (normalized) elector
 +       0.2865 * (normalized) element
 +       0.603  * (normalized) elements
 +       0.224  * (normalized) email
 +      -0.0954 * (normalized) empty
 +       0.1415 * (normalized) en
 +       0.5367 * (normalized) enabled
 +       0.0456 * (normalized) encode
 +      -0.4242 * (normalized) encoded
 +       0.231  * (normalized) encoder
 +      -0.3751 * (normalized) encoding
 +      -0.2288 * (normalized) end
 +      -0.3656 * (normalized) endconfig
 +      -0.0565 * (normalized) endpoint
 +      -0.5255 * (normalized) engine
 +      -0.232  * (normalized) ensure
 +       0.0893 * (normalized) entity
 +       0.005  * (normalized) entries
 +      -0.2781 * (normalized) entry
 +      -0.1809 * (normalized) enum
 +       0.4696 * (normalized) eq
 +      -0.2263 * (normalized) equal
 +      -0.0576 * (normalized) equals
 +      -0.1066 * (normalized) equalto
 +      -0.0498 * (normalized) error
 +       0.1707 * (normalized) errors
 +      -0.0098 * (normalized) etag
 +       0.678  * (normalized) event
 +      -0.4774 * (normalized) every
 +      -0.1804 * (normalized) ex
 +      -0.4276 * (normalized) example
 +       0.0284 * (normalized) exception
 +      -0.0015 * (normalized) exceptions
 +       0.2159 * (normalized) exclude
 +      -0.2075 * (normalized) excluded
 +       0.2381 * (normalized) execute
 +       0.1951 * (normalized) executor
 +      -0.2363 * (normalized) executors
 +       0.1275 * (normalized) exist
 +       0.0037 * (normalized) existing
 +       0.0768 * (normalized) exists
 +      -0.3849 * (normalized) exit
 +      -0.268  * (normalized) expect
 +       0.0814 * (normalized) expectations
 +      -0.1938 * (normalized) expected
 +       0.5754 * (normalized) expiration
 +      -0.6744 * (normalized) expire
 +      -0.4784 * (normalized) expired
 +      -0.0746 * (normalized) external
 +      -0.3375 * (normalized) extra
 +      -0.4057 * (normalized) f
 +       0.1095 * (normalized) f1
 +       0.1749 * (normalized) factory
 +       0.6119 * (normalized) fail
 +      -0.0771 * (normalized) failed
 +      -0.0425 * (normalized) failover
 +       0.2241 * (normalized) fails
 +      -0.1917 * (normalized) failure
 +       0.13   * (normalized) fake
 +      -0.156  * (normalized) false
 +      -0.0283 * (normalized) fchannel
 +      -0.183  * (normalized) field
 +       0.0992 * (normalized) fields
 +       0.2875 * (normalized) file
 +      -0.3088 * (normalized) file2
 +      -0.1069 * (normalized) file_
 +       0.1083 * (normalized) filename
 +       0.1313 * (normalized) files
 +      -0.3054 * (normalized) filesystem
 +      -0.1084 * (normalized) fill
 +       0.4861 * (normalized) filter
 +       0.0779 * (normalized) filters
 +      -0.113  * (normalized) final
 +      -0.1102 * (normalized) find
 +       0.2916 * (normalized) finish
 +       0.1619 * (normalized) first
 +      -0.2243 * (normalized) fixed
 +       0.107  * (normalized) flash
 +      -0.1117 * (normalized) float
 +       0.4687 * (normalized) flush
 +      -0.131  * (normalized) foo
 +       0.2118 * (normalized) foo2
 +       0.173  * (normalized) for
 +      -0.1111 * (normalized) format
 +      -0.2424 * (normalized) found
 +      -0.0911 * (normalized) fragment
 +       0.2373 * (normalized) frame
 +      -0.5278 * (normalized) framework
 +       0.1813 * (normalized) from
 +      -0.0593 * (normalized) fs
 +       0.0772 * (normalized) full
 +      -0.0896 * (normalized) future
 +      -0.1163 * (normalized) future1
 +      -0.1163 * (normalized) future2
 +       0.0139 * (normalized) g
 +       0.2702 * (normalized) g1
 +       0.1574 * (normalized) g3
 +      -0.2607 * (normalized) gauge
 +       0.426  * (normalized) gc
 +       0.1026 * (normalized) generate
 +      -0.8574 * (normalized) generic
 +      -0.8021 * (normalized) generictestutils
 +       0.2762 * (normalized) get
 +      -0.0778 * (normalized) getbytes
 +      -0.0469 * (normalized) getbytestransferred
 +      -0.276  * (normalized) getcause
 +       0.295  * (normalized) getclass
 +      -0.5171 * (normalized) getcurrentuser
 +      -0.0429 * (normalized) getentity
 +      -0.1023 * (normalized) getfilestatus
 +       0.1426 * (normalized) getgroups
 +      -0.1094 * (normalized) getheader
 +      -0.3944 * (normalized) getinitparameter
 +       0.3414 * (normalized) getinputstream
 +      -0.0824 * (normalized) getinstance
 +      -0.189  * (normalized) getlocal
 +      -0.1125 * (normalized) getlocalport
 +       0.046  * (normalized) getmessage
 +      -0.0148 * (normalized) getmethod
 +      -0.3196 * (normalized) getname
 +       0.0107 * (normalized) getparameter
 +       0.3212 * (normalized) getpath
 +      -0.029  * (normalized) gettime
 +       0.2723 * (normalized) getvalue
 +      -0.055  * (normalized) gid
 +      -0.0098 * (normalized) gmt
 +      -0.2527 * (normalized) go
 +      -0.1838 * (normalized) good
 +       0.3714 * (normalized) google
 +       0.1008 * (normalized) got
 +      -0.1035 * (normalized) grid
 +      -0.3053 * (normalized) group
 +      -0.2405 * (normalized) group1
 +      -0.0571 * (normalized) group2
 +       0.4765 * (normalized) group_
 +      -0.2667 * (normalized) groups
 +       0.002  * (normalized) gz
 +      -0.0165 * (normalized) gzip
 +       0.1955 * (normalized) h
 +      -0.1104 * (normalized) h1
 +      -0.1104 * (normalized) h2
 +      -0.475  * (normalized) hadoop
 +      -0.1326 * (normalized) handle
 +      -0.1129 * (normalized) handler
 +      -0.0407 * (normalized) handshake
 +      -0.5653 * (normalized) har
 +       0.0457 * (normalized) has
 +       0.0424 * (normalized) hash
 +      -0.222  * (normalized) have
 +       0.9251 * (normalized) hdfs
 +      -0.0834 * (normalized) head
 +       0.0253 * (normalized) header
 +      -0.3045 * (normalized) headers
 +      -0.4261 * (normalized) health
 +      -0.2913 * (normalized) healthy
 +      -0.4367 * (normalized) hello
 +      -0.3243 * (normalized) helper
 +      -0.025  * (normalized) hook
 +      -0.7711 * (normalized) host
 +       0.067  * (normalized) host1
 +       0.0149 * (normalized) host2
 +      -0.1659 * (normalized) host3
 +      -0.1659 * (normalized) host4
 +       0.6483 * (normalized) hostname
 +      -0.0736 * (normalized) hosts
 +       0.1593 * (normalized) html
 +      -0.2075 * (normalized) http
 +      -0.0466 * (normalized) http/1
 +      -0.1676 * (normalized) httprocessor
 +      -0.323  * (normalized) https
 +      -0.4637 * (normalized) httpservletresponse
 +      -0.0374 * (normalized) httpstatus
 +       0.4786 * (normalized) i
 +       0.3899 * (normalized) id
 +      -0.1162 * (normalized) if
 +      -0.0519 * (normalized) illegal
 +      -0.0946 * (normalized) illegalargumentexception
 +      -0.1099 * (normalized) image
 +      -0.1618 * (normalized) impl
 +      -0.1717 * (normalized) in
 +      -0.1653 * (normalized) inbuf
 +      -0      * (normalized) include
 +       0.1744 * (normalized) includes
 +       0.147  * (normalized) incorrect
 +       0.3854 * (normalized) index
 +       0.188  * (normalized) info
 +       0.275  * (normalized) information
 +      -0.1233 * (normalized) init
 +      -0.1402 * (normalized) initial
 +      -1.0637 * (normalized) initialize
 +      -0.0072 * (normalized) injector
 +      -0.1948 * (normalized) input
 +      -0.5386 * (normalized) inputstream
 +      -0.2637 * (normalized) instance
 +      -0.3636 * (normalized) int
 +      -0.1289 * (normalized) integer
 +      -0.2853 * (normalized) interactions
 +      -0.0921 * (normalized) intercept
 +      -0.0416 * (normalized) interceptor
 +      -0.3121 * (normalized) internal
 +      -0.5564 * (normalized) interrupt
 +      -0.2428 * (normalized) interrupted
 +       0.14   * (normalized) interval
 +      -0.1462 * (normalized) into
 +      -0.4128 * (normalized) invalid
 +      -0.7537 * (normalized) invocation
 +       0.3372 * (normalized) invoke
 +       0.0094 * (normalized) io
 +      -0.2334 * (normalized) ioe
 +      -0.0808 * (normalized) ioexception
 +       0.2414 * (normalized) ip
 +      -0.2078 * (normalized) ips
 +      -0.0998 * (normalized) is
 +      -0.0283 * (normalized) iscompleted
 +      -0.644  * (normalized) isempty
 +       0.4171 * (normalized) isequalto
 +       0.3053 * (normalized) it
 +      -0.3641 * (normalized) item
 +       0.2069 * (normalized) items
 +      -0.3312 * (normalized) iterator
 +      -0.1691 * (normalized) its
 +      -0.3998 * (normalized) j
 +      -0.2089 * (normalized) jar
 +       0.0616 * (normalized) java
 +      -0.2257 * (normalized) jetty
 +      -0.3032 * (normalized) jks
 +       0.2233 * (normalized) jmx
 +       0.139  * (normalized) join
 +      -0.2863 * (normalized) json
 +      -0.1066 * (normalized) jwt
 +       0.3294 * (normalized) k
 +      -0.0984 * (normalized) k1
 +      -0.0726 * (normalized) kdc
 +      -0.0849 * (normalized) kerberos
 +      -0.1961 * (normalized) key
 +      -0.1165 * (normalized) key1
 +      -0.0667 * (normalized) key2
 +       0.1727 * (normalized) keys
 +      -0.2378 * (normalized) keytab
 +      -0.3143 * (normalized) kind
 +      -0.0818 * (normalized) kms
 +      -0.1964 * (normalized) kp
 +       0.4891 * (normalized) l
 +       0.15   * (normalized) lang
 +       0.1415 * (normalized) language
 +      -0.1771 * (normalized) last
 +       0.1568 * (normalized) ldap
 +       0.6393 * (normalized) lease
 +      -0.3653 * (normalized) least
 +      -0.0282 * (normalized) len
 +      -0.2138 * (normalized) length
 +       0.0231 * (normalized) let
 +      -0.5624 * (normalized) level
 +       0.1043 * (normalized) line
 +      -0.6432 * (normalized) link
 +      -0.0654 * (normalized) list
 +      -0.0314 * (normalized) listen
 +      -0.3861 * (normalized) listener
 +      -0.0407 * (normalized) load
 +       0.2446 * (normalized) loaded
 +      -0.4658 * (normalized) local
 +       0.0399 * (normalized) localhost
 +      -0.092  * (normalized) location
 +      -0.054  * (normalized) lock
 +       0.0498 * (normalized) log
 +      -0.3735 * (normalized) logger
 +      -0.3945 * (normalized) logging
 +       0.1621 * (normalized) login
 +       0.1251 * (normalized) long
 +      -0.0831 * (normalized) lookup
 +      -0.3318 * (normalized) lot
 +       0.1555 * (normalized) ls
 +       0.0146 * (normalized) m
 +      -0.2307 * (normalized) machine
 +       0.3226 * (normalized) mail
 +      -0.0613 * (normalized) make
 +      -0.3943 * (normalized) management
 +       0.3562 * (normalized) manager
 +       0.2215 * (normalized) map
 +      -0.1066 * (normalized) mapfile
 +      -0.3379 * (normalized) mapping
 +       0.0851 * (normalized) maps
 +       0.4499 * (normalized) mask
 +      -0.2313 * (normalized) match
 +       0.0774 * (normalized) matchers
 +      -0.3897 * (normalized) matches
 +      -0.0407 * (normalized) material
 +       0.2645 * (normalized) matrix
 +      -0.04   * (normalized) max
 +      -0.2268 * (normalized) me
 +       0.0822 * (normalized) memory
 +       0.2216 * (normalized) message
 +       0.0873 * (normalized) messages
 +      -0.0245 * (normalized) metadata
 +      -0.5595 * (normalized) method
 +      -0.0781 * (normalized) methods
 +       0.1037 * (normalized) metric
 +      -0.2655 * (normalized) metrics
 +       0.0591 * (normalized) millis
 +      -0.357  * (normalized) milliseconds
 +      -0.2327 * (normalized) min
 +      -0.0151 * (normalized) minutes
 +      -0.0393 * (normalized) missing
 +      -0.1343 * (normalized) mkdirs
 +      -0.3083 * (normalized) mock
 +      -0.3086 * (normalized) mockcontroller
 +      -0.4305 * (normalized) mocked
 +      -0.1015 * (normalized) mockfs
 +      -0.3184 * (normalized) mockito
 +      -0.3711 * (normalized) mode
 +       0.6734 * (normalized) modified
 +      -0.3973 * (normalized) monitor
 +      -0.0498 * (normalized) more
 +      -0.5745 * (normalized) ms
 +      -0.4582 * (normalized) multi
 +       0.1597 * (normalized) multiple
 +      -0.1962 * (normalized) must
 +       0.2919 * (normalized) my
 +       0.2586 * (normalized) n
 +      -0.0218 * (normalized) name
 +      -0.0299 * (normalized) name1
 +      -0.0299 * (normalized) name2
 +       0.2031 * (normalized) names
 +       0.0344 * (normalized) negative
 +      -0.3326 * (normalized) net
 +      -0.3326 * (normalized) netutils
 +       0.1588 * (normalized) never
 +      -0.3113 * (normalized) new
 +       0.0077 * (normalized) next
 +       0.1497 * (normalized) ninja
 +      -0.2271 * (normalized) ninjaconstant
 +      -0.3026 * (normalized) ninjaproperties
 +      -0.3773 * (normalized) no
 +       0.6233 * (normalized) node
 +      -0.1695 * (normalized) nodes
 +       0.0464 * (normalized) non
 +      -0.0407 * (normalized) nopassword
 +      -0.2819 * (normalized) not
 +      -0.0044 * (normalized) nothing
 +      -0.249  * (normalized) now
 +       0.1324 * (normalized) ns
 +       0.0016 * (normalized) null
 +      -0.2009 * (normalized) num
 +      -0.6347 * (normalized) number
 +      -0.091  * (normalized) o
 +      -0.0034 * (normalized) object
 +       0.0364 * (normalized) objects
 +      -0.0278 * (normalized) of
 +      -0.2599 * (normalized) ok
 +      -0.3684 * (normalized) old
 +       0.0605 * (normalized) on
 +      -0.1432 * (normalized) once
 +       0.2134 * (normalized) one
 +      -0.161  * (normalized) only
 +      -0.1406 * (normalized) open
 +      -0.1661 * (normalized) operation
 +       0.0168 * (normalized) ops
 +       0.238  * (normalized) option
 +      -0.1721 * (normalized) optional
 +      -0.3501 * (normalized) options
 +      -0.2078 * (normalized) or
 +      -0.003  * (normalized) order
 +       0.5229 * (normalized) org
 +      -0.11   * (normalized) origin
 +       1.5075 * (normalized) original
 +      -0.0805 * (normalized) other
 +      -0.3091 * (normalized) our
 +      -0.0906 * (normalized) out
 +      -0.137  * (normalized) outbuf
 +       0.0389 * (normalized) output
 +      -0.1393 * (normalized) over
 +      -0.2661 * (normalized) override
 +      -0.1308 * (normalized) owen
 +      -0.0682 * (normalized) owner
 +      -0.5111 * (normalized) p
 +      -0.1509 * (normalized) p1
 +      -0.0407 * (normalized) p12
 +      -0.0818 * (normalized) p2
 +      -0.0268 * (normalized) pair
 +       0.2676 * (normalized) param
 +      -0.3086 * (normalized) param1
 +      -0.3065 * (normalized) parameter
 +       0.2213 * (normalized) parameters
 +      -0.07   * (normalized) parent
 +      -0.1338 * (normalized) parse
 +      -0.1308 * (normalized) parsed
 +       0.1428 * (normalized) parser
 +      -0.5375 * (normalized) parsing
 +      -0.0506 * (normalized) pass
 +      -0.1362 * (normalized) passed
 +      -0.0949 * (normalized) password
 +      -0.1514 * (normalized) path
 +      -0.0928 * (normalized) paths
 +      -0.0455 * (normalized) pattern
 +      -0.001  * (normalized) per
 +       0.2757 * (normalized) period
 +       0.5188 * (normalized) permission
 +       0.1014 * (normalized) ping
 +      -0.3544 * (normalized) png
 +      -0.2825 * (normalized) policy
 +       0.3266 * (normalized) pool
 +       0.157  * (normalized) port
 +       0.3542 * (normalized) pos
 +       0.3043 * (normalized) post
 +       0.5275 * (normalized) prefix
 +       0.3483 * (normalized) prepare
 +       0.0492 * (normalized) principal
 +       0.1259 * (normalized) print
 +      -0.0526 * (normalized) priority
 +      -0.1422 * (normalized) private
 +       0.6197 * (normalized) process
 +       0.1527 * (normalized) properties
 +      -0.3226 * (normalized) property
 +      -0.3284 * (normalized) props
 +       0.1044 * (normalized) protocol
 +      -0.2635 * (normalized) provider
 +      -0.273  * (normalized) providers
 +       0.0017 * (normalized) proxy
 +       0.6947 * (normalized) proxy_
 +      -0.2395 * (normalized) proxying
 +      -0.2366 * (normalized) public
 +      -0.2295 * (normalized) publish
 +       0.0874 * (normalized) put
 +      -0.4961 * (normalized) q
 +      -0.1185 * (normalized) q=0
 +       0.2071 * (normalized) query
 +       0.1518 * (normalized) queue
 +      -0.0139 * (normalized) quota
 +       0.5041 * (normalized) r
 +      -0.2887 * (normalized) random
 +      -0.1934 * (normalized) range
 +      -0.0456 * (normalized) raw
 +      -0.1171 * (normalized) rc
 +       0.4735 * (normalized) read
 +      -0.3098 * (normalized) reader
 +       0.2496 * (normalized) real
 +       0.0099 * (normalized) real_
 +      -0.0248 * (normalized) realm
 +      -0.3121 * (normalized) reason
 +      -0.1231 * (normalized) receive
 +       0.2655 * (normalized) received
 +      -0.1188 * (normalized) record
 +      -0.0744 * (normalized) records
 +       0.1201 * (normalized) redirect
 +      -0.0984 * (normalized) refill
 +       0.1583 * (normalized) refresh
 +      -0.1714 * (normalized) regex
 +       0.1714 * (normalized) register
 +       0.0251 * (normalized) registry
 +      -0.2945 * (normalized) release
 +      -0.063  * (normalized) relogin
 +      -0.1585 * (normalized) remaining
 +       0.0613 * (normalized) remote
 +      -0.0962 * (normalized) remove
 +      -0.026  * (normalized) removed
 +      -0.3772 * (normalized) rename
 +      -0.286  * (normalized) renderable
 +       0.1073 * (normalized) renew
 +      -0.0429 * (normalized) replace
 +       0.6113 * (normalized) request
 +       0      * (normalized) requester
 +       0.3982 * (normalized) reset
 +       0.5353 * (normalized) resolve
 +      -0.3732 * (normalized) resolver
 +       0.7652 * (normalized) resource
 +      -0.0407 * (normalized) resource1
 +       0.3272 * (normalized) response
 +      -0      * (normalized) response1
 +       0.5409 * (normalized) restart
 +       0.2578 * (normalized) result
 +      -0.2737 * (normalized) results
 +      -0.1165 * (normalized) retries
 +       0.1732 * (normalized) retry
 +      -0.2094 * (normalized) return
 +       0.1992 * (normalized) returned
 +       0.1338 * (normalized) reverse
 +      -0.1232 * (normalized) right
 +      -0.0811 * (normalized) roll
 +       0.0687 * (normalized) root
 +      -0.5169 * (normalized) root_
 +       0.0635 * (normalized) route
 +      -0.7266 * (normalized) rpc
 +      -0.0495 * (normalized) rule
 +       0.1974 * (normalized) run
 +      -0.1086 * (normalized) rw
 +       0.0621 * (normalized) s
 +      -0.104  * (normalized) s1
 +      -0.0391 * (normalized) s2
 +       0.1442 * (normalized) same
 +       0.2769 * (normalized) save
 +       0.3692 * (normalized) scanner
 +      -0.1923 * (normalized) scheduler
 +       0.5191 * (normalized) scheme
 +      -0.0417 * (normalized) scope
 +       0.3224 * (normalized) script
 +      -0.1308 * (normalized) sean
 +      -0.3243 * (normalized) second
 +       0.051  * (normalized) seconds
 +      -0.3779 * (normalized) secret
 +       0.262  * (normalized) security
 +       0.2784 * (normalized) see
 +       0.2821 * (normalized) send
 +       0.3391 * (normalized) sent
 +       0.0336 * (normalized) sequence
 +      -0.115  * (normalized) serialize
 +       0.1609 * (normalized) server
 +      -0.0115 * (normalized) service
 +      -0.0161 * (normalized) service1
 +       0.8402 * (normalized) services
 +       0.0648 * (normalized) servlet
 +      -0.1164 * (normalized) session
 +      -0.062  * (normalized) set
 +      -0.2717 * (normalized) setconf
 +       0.1753 * (normalized) setint
 +      -0.2854 * (normalized) setlong
 +       0.3113 * (normalized) setproperty
 +      -0.1361 * (normalized) setsotimeout
 +       0.338  * (normalized) setting
 +      -0.1905 * (normalized) settings
 +       0.0716 * (normalized) setup
 +      -0.6784 * (normalized) shell
 +       0.079  * (normalized) short
 +       0.0331 * (normalized) should
 +       0.4479 * (normalized) shutdown
 +      -0.3754 * (normalized) signer
 +      -0.2164 * (normalized) simple
 +       0.3699 * (normalized) since
 +       0.1451 * (normalized) single
 +      -0.0653 * (normalized) sink
 +      -0.0529 * (normalized) size
 +      -0.6733 * (normalized) skip
 +       0.4242 * (normalized) sleep
 +      -0.1762 * (normalized) slow
 +      -0.0235 * (normalized) so
 +      -0.0916 * (normalized) socket
 +      -0.1919 * (normalized) some
 +      -0.363  * (normalized) somehost
 +       0.0542 * (normalized) source
 +      -0.2322 * (normalized) space
 +      -0.106  * (normalized) spaces
 +       0.0666 * (normalized) specified
 +       0.115  * (normalized) spy
 +       0.3851 * (normalized) src
 +      -0.6548 * (normalized) srowen@example
 +      -0.0796 * (normalized) ssl
 +       0.0387 * (normalized) stack
 +      -0.0664 * (normalized) standalone
 +      -0.1804 * (normalized) standard
 +      -0.1085 * (normalized) standardcharsets
 +      -0.8241 * (normalized) standby
 +       0.3317 * (normalized) start
 +      -0.3656 * (normalized) startconfig
 +      -0.4334 * (normalized) started
 +       0.1797 * (normalized) starts
 +       0.0241 * (normalized) stat
 +       0.0412 * (normalized) state
 +      -0.0622 * (normalized) static
 +      -0.2671 * (normalized) stats
 +       0.0021 * (normalized) status
 +       0.2229 * (normalized) still
 +      -0.271  * (normalized) stop
 +      -0.2493 * (normalized) storage
 +      -0.2581 * (normalized) store
 +      -0.2765 * (normalized) str
 +      -0.0946 * (normalized) str_
 +       0.6754 * (normalized) strategy
 +      -0.6319 * (normalized) stream
 +      -0.2756 * (normalized) string
 +      -0.553  * (normalized) stringutils
 +      -0.0908 * (normalized) stuff
 +       0.2188 * (normalized) subject
 +      -0.0049 * (normalized) submit
 +      -0.2741 * (normalized) succeeds
 +       0.0684 * (normalized) successfully
 +      -0.1004 * (normalized) summary
 +       0.0244 * (normalized) super
 +       0.2782 * (normalized) superuser
 +      -0.1325 * (normalized) sure
 +       0.0613 * (normalized) sync
 +       0.6004 * (normalized) system
 +      -0.0593 * (normalized) t
 +      -0.0398 * (normalized) tags
 +       0.0597 * (normalized) take
 +       0.5679 * (normalized) target
 +       0.5231 * (normalized) task
 +      -0.1308 * (normalized) tel
 +      -0.2036 * (normalized) temp
 +       0.2342 * (normalized) template
 +      -0.4276 * (normalized) test
 +      -0.0495 * (normalized) test1
 +      -0.2454 * (normalized) test2
 +      -0.2826 * (normalized) test_
 +      -0.0166 * (normalized) testdir
 +       0.1095 * (normalized) testfile
 +      -0.1006 * (normalized) testing
 +       0.2493 * (normalized) tests
 +      -0.3367 * (normalized) text
 +      -0.4947 * (normalized) text/html
 +      -0.173  * (normalized) text/plain
 +       0.2574 * (normalized) tgt
 +       0.0078 * (normalized) than
 +       0.0029 * (normalized) that
 +      -0.215  * (normalized) the
 +       0.0925 * (normalized) then
 +       0.0686 * (normalized) thenreturn
 +       0.0052 * (normalized) there
 +      -0.1272 * (normalized) they
 +      -0.0165 * (normalized) this
 +       0.0203 * (normalized) thread
 +      -0.2838 * (normalized) threads
 +       0.0096 * (normalized) three
 +       0.5623 * (normalized) throw
 +      -0.4749 * (normalized) thrown
 +      -0.2006 * (normalized) ticket
 +      -0.0958 * (normalized) time
 +      -0.1044 * (normalized) timeout
 +       0.5107 * (normalized) timer
 +       0.0521 * (normalized) times
 +       0.2591 * (normalized) timestamp
 +      -0.3019 * (normalized) timeunit
 +       0      * (normalized) tls
 +      -0.4246 * (normalized) tmp
 +      -0.2434 * (normalized) to
 +       0.6154 * (normalized) tobytearray
 +      -0.0864 * (normalized) token
 +      -0.2046 * (normalized) token2
 +       0.1189 * (normalized) tokens
 +      -0.3997 * (normalized) too
 +       0.5561 * (normalized) tostring
 +       0.549  * (normalized) total
 +       0.0091 * (normalized) totals
 +      -0.6037 * (normalized) touri
 +       0.1736 * (normalized) trace
 +      -0.0283 * (normalized) transfer
 +      -0.0469 * (normalized) transferred
 +      -0.1497 * (normalized) trash
 +      -0.2326 * (normalized) trigger
 +      -0.0574 * (normalized) true
 +      -0.1553 * (normalized) trust
 +      -0.0558 * (normalized) try
 +       0.1384 * (normalized) two
 +       0.015  * (normalized) txt
 +      -0.0544 * (normalized) type
 +       0.1252 * (normalized) types
 +       0.0425 * (normalized) u
 +      -0.2401 * (normalized) ugi
 +      -0.055  * (normalized) uid
 +       0.0098 * (normalized) umask
 +       0.2792 * (normalized) unchecked
 +      -0.104  * (normalized) under
 +      -0.5555 * (normalized) unexpected
 +       0.244  * (normalized) unit
 +      -0.0892 * (normalized) unknown
 +      -0.3848 * (normalized) unreliable
 +       0.0627 * (normalized) up
 +       0.3283 * (normalized) update
 +       0.0292 * (normalized) uri
 +       0.1951 * (normalized) url
 +      -0.1513 * (normalized) usage
 +       0.0319 * (normalized) use
 +      -0.2094 * (normalized) used
 +       0.3196 * (normalized) user
 +       0.2975 * (normalized) user1
 +       0.2975 * (normalized) user2
 +       0.2442 * (normalized) user_
 +      -0.2105 * (normalized) usergroupinformation
 +      -0.0254 * (normalized) users
 +       0.3821 * (normalized) using
 +       0.9042 * (normalized) utf-8
 +       0.1883 * (normalized) utf8
 +      -0.3657 * (normalized) util
 +       0.5267 * (normalized) utils
 +       0.1501 * (normalized) v
 +       0.0844 * (normalized) val
 +       0.3353 * (normalized) valid
 +       0.1495 * (normalized) validate
 +       0.3096 * (normalized) validation
 +      -0.1844 * (normalized) value
 +      -0.4665 * (normalized) value1
 +       0.0637 * (normalized) value2
 +      -0.3697 * (normalized) value3
 +      -0.1251 * (normalized) valueof
 +       0.0359 * (normalized) values
 +      -0.1687 * (normalized) verify
 +      -0.1486 * (normalized) verifynomoreinteractions
 +       0.0191 * (normalized) version
 +       0      * (normalized) vevent
 +      -0.3426 * (normalized) via
 +       0.1408 * (normalized) wait
 +       0.128  * (normalized) waiting
 +       0.8605 * (normalized) was
 +       0.2372 * (normalized) we
 +      -0.0311 * (normalized) were
 +      -0.2966 * (normalized) what
 +      -0.079  * (normalized) whatever
 +      -0.085  * (normalized) when
 +       0.0551 * (normalized) which
 +       0.0874 * (normalized) while
 +       0.6659 * (normalized) will
 +      -0.4249 * (normalized) windows
 +      -0.0392 * (normalized) with
 +      -0.0946 * (normalized) with_
 +      -0.2248 * (normalized) without
 +      -0.5811 * (normalized) witness
 +      -0.2175 * (normalized) work
 +       0.1595 * (normalized) works
 +      -0.0549 * (normalized) world
 +      -0.2539 * (normalized) wrap
 +      -0.0898 * (normalized) writable
 +       0.3285 * (normalized) write
 +       0.6082 * (normalized) writer
 +      -0.2178 * (normalized) wrong
 +       0.3365 * (normalized) x
 +      -0.1246 * (normalized) xml
 +      -0.2888 * (normalized) xx
 +       0      * (normalized) xxxx
 +      -0.5599 * (normalized) y
 +      -0.3195 * (normalized) z
 +      -0.6682 * (normalized) zero
 +      -0.1425 * (normalized) zk
 +       0.219  * (normalized) {}
 +       0.3526 * (normalized) }
 +       0.0205 * (normalized) ${coord
 +       0.0014 * (normalized) -1
 +       0.119  * (normalized) -oozie
 +      -0.0296 * (normalized) //
 +       0      * (normalized) ///tmp/workflows/</app-path>
 +       0      * (normalized) //hcat
 +      -0.0778 * (normalized) //localhost
 +      -0      * (normalized) />
 +      -0.0975 * (normalized) /a
 +       0.0336 * (normalized) /b
 +       0.2473 * (normalized) /test
 +       0.0487 * (normalized) 00z
 +       0.0312 * (normalized) 02
 +       0.0312 * (normalized) 14
 +       0.0487 * (normalized) 2009-02-01
 +       0      * (normalized) 2009-02-01t01
 +       0.0465 * (normalized) 2009-06-24
 +       0.0465 * (normalized) 317
 +       0.0465 * (normalized) 323
 +      -0.058  * (normalized) 43
 +       0.0487 * (normalized) 59z
 +       0.0465 * (normalized) 958
 +       0      * (normalized) </action>
 +       0      * (normalized) </configuration>
 +       0      * (normalized) </controls>
 +       0      * (normalized) </coordinator-app>
 +       0      * (normalized) </data-in>
 +       0      * (normalized) </data-out>
 +       0      * (normalized) </dataset>
 +       0      * (normalized) </datasets>
 +       0      * (normalized) </input-events>
 +       0      * (normalized) </job-tracker>
 +       0      * (normalized) </name-node>
 +       0      * (normalized) </output-events>
 +      -0      * (normalized) </prepare>
 +       0      * (normalized) </property>
 +       0      * (normalized) </property></configuration>
 +       0      * (normalized) </workflow>
 +       0      * (normalized) <action>
 +      -0      * (normalized) <app-path>hdfs
 +       0      * (normalized) <configuration>
 +       0      * (normalized) <controls>
 +       0      * (normalized) <coordinator-app
 +       0      * (normalized) <data-in
 +       0      * (normalized) <data-out
 +       0      * (normalized) <dataset
 +       0      * (normalized) <datasets>
 +      -0      * (normalized) <delete
 +       0      * (normalized) <input-events>
 +       0      * (normalized) <instance>${coord
 +       0      * (normalized) <job-tracker>
 +       0      * (normalized) <main-class>
 +      -0      * (normalized) <mkdir
 +       0      * (normalized) <name-node>
 +       0      * (normalized) <name>input
 +       0      * (normalized) <output-events>
 +      -0      * (normalized) <prepare>
 +       0      * (normalized) <property>
 +       0      * (normalized) <uri-template>file
 +       0      * (normalized) <value>${coord
 +       0      * (normalized) <workflow>
 +      -0      * (normalized) <worklfow-app/>
 +       0.1569 * (normalized) @
 +       0.0465 * (normalized) _
 +      -0.0311 * (normalized) _test
 +      -0.1224 * (normalized) a1
 +      -0.1224 * (normalized) a2
 +       0.5725 * (normalized) aa
 +      -0.1206 * (normalized) abcd
 +       0.0543 * (normalized) acceptframe
 +       0.8396 * (normalized) action
 +       0.0465 * (normalized) action-
 +       0.0487 * (normalized) action1
 +       0      * (normalized) action2
 +       0      * (normalized) action3
 +       0      * (normalized) action4
 +       0      * (normalized) action5
 +       0.1033 * (normalized) actionid
 +       0      * (normalized) actionnum
 +       0.0952 * (normalized) actions
 +       0      * (normalized) actionxml
 +      -0.1546 * (normalized) adding
 +       0.2137 * (normalized) addnode
 +       0.0768 * (normalized) addrecordtobundlejobtable
 +       0.0487 * (normalized) addrecordtocoordactiontable
 +       0.0487 * (normalized) addrecordtocoordjobtable
 +      -0      * (normalized) addrecordtowfjobtable
 +       0.38   * (normalized) admin
 +       0.5702 * (normalized) ae
 +      -0.0744 * (normalized) am
 +       0.1341 * (normalized) android
 +       0.0465 * (normalized) app-
 +       0.0521 * (normalized) app1
 +       0.3313 * (normalized) application
 +      -0      * (normalized) apppath
 +       0      * (normalized) archive
 +       0.267  * (normalized) articles
 +       0.3668 * (normalized) attempt
 +       0.0645 * (normalized) banana
 +       0.1272 * (normalized) batch
 +       0.7086 * (normalized) bean
 +       0.1169 * (normalized) bla
 +      -0.4744 * (normalized) blocks
 +       0.0147 * (normalized) broker
 +       0.0446 * (normalized) builddatekey
 +       0.052  * (normalized) bulk
 +       0.675  * (normalized) bundle
 +      -0.1173 * (normalized) ca
 +      -0.2699 * (normalized) callable
 +      -0      * (normalized) callable1
 +      -0      * (normalized) callable2
 +      -0      * (normalized) callable3
 +       0.012  * (normalized) callables
 +      -0      * (normalized) cat
 +      -0.2468 * (normalized) catch
 +       0.5615 * (normalized) ce
 +       0.044  * (normalized) cell
 +       0.3541 * (normalized) child1
 +       0.3541 * (normalized) child2
 +      -0.1608 * (normalized) children
 +       0.0281 * (normalized) classes
 +      -0.1308 * (normalized) cmd
 +       0.2864 * (normalized) column
 +       0.3449 * (normalized) column_1
 +       0.0734 * (normalized) commit
 +      -0.3366 * (normalized) configure
 +       0.0446 * (normalized) consistency
 +       0.268  * (normalized) constants
 +      -0.008  * (normalized) consumer
 +       0.0825 * (normalized) contain
 +       0.1728 * (normalized) container
 +       0.1955 * (normalized) content-type
 +       0.4968 * (normalized) coord
 +       0.0487 * (normalized) coord-action-for-action-input-check
 +       0.0487 * (normalized) coord-action-get
 +       0.0205 * (normalized) coord-action-start
 +       0.0205 * (normalized) coordelfunctions
 +       0.1485 * (normalized) coordinator
 +       0.0487 * (normalized) coordinatoraction
 +       0.0487 * (normalized) coordinatorjob
 +      -0.0799 * (normalized) corrupt
 +      -0.0424 * (normalized) corrupted
 +      -0.0105 * (normalized) could
 +       0.1866 * (normalized) counters
 +      -0      * (normalized) country=us
 +       0.0446 * (normalized) cql
 +      -0.0915 * (normalized) createcontext
 +       0.0384 * (normalized) createfile
 +       0.1464 * (normalized) createurl
 +       0.301  * (normalized) creation
 +       0.2001 * (normalized) crud
 +       0.0893 * (normalized) dat
 +       0.0205 * (normalized) datain
 +       0.1531 * (normalized) datanode
 +      -0.8514 * (normalized) datanodes
 +       0.1633 * (normalized) dataout
 +       0      * (normalized) dataset
 +       0      * (normalized) dataset=
 +       0      * (normalized) dateutils
 +      -0      * (normalized) day
 +       0      * (normalized) days
 +       0      * (normalized) day}</uri-template>
 +       0.602  * (normalized) db
 +      -0.1557 * (normalized) debug
 +       0.1932 * (normalized) def
 +       0.5897 * (normalized) dependency
 +       0.9646 * (normalized) dfs
 +       0.6739 * (normalized) dfsconfigkeys
 +       0.0893 * (normalized) dfstestutil
 +       0.2612 * (normalized) dir1
 +       0.321  * (normalized) disable
 +       0.3342 * (normalized) dn
 +      -0.0161 * (normalized) ds
 +      -0      * (normalized) dsl
 +      -0.0215 * (normalized) due
 +       0.3551 * (normalized) eaaaa//9
 +       0.0527 * (normalized) each
 +       0.7798 * (normalized) edits
 +       0.5335 * (normalized) el
 +       0.3396 * (normalized) enable
 +      -0.0039 * (normalized) end=
 +       0      * (normalized) end_
 +       0      * (normalized) end_points
 +      -0.0039 * (normalized) endtime
 +       0.2042 * (normalized) enqueue
 +       0      * (normalized) enters
 +       0.0446 * (normalized) entity/insert_single_row
 +       0.6282 * (normalized) errorcode
 +       0.1477 * (normalized) eval
 +       0.0205 * (normalized) evalandwrap
 +       0.4523 * (normalized) evaluate
 +       0.0565 * (normalized) evaluator
 +       0.1728 * (normalized) events
 +       0.0446 * (normalized) executescripttemplate
 +      -0.0232 * (normalized) exits
 +      -0.0733 * (normalized) expecting
 +       0.0205 * (normalized) expr
 +       0.0389 * (normalized) f->
 +       0.0002 * (normalized) f2
 +       0.581  * (normalized) families
 +       0.6038 * (normalized) family
 +      -0.0953 * (normalized) fault
 +       0.7724 * (normalized) feature
 +       0.2956 * (normalized) file1
 +       0.5578 * (normalized) filepath
 +      -0.0502 * (normalized) flag
 +       0.2137 * (normalized) fork
 +      -0.0273 * (normalized) four
 +       0      * (normalized) frequency=
 +      -0      * (normalized) frombasetable
 +       0.4337 * (normalized) fsimage
 +       0.9438 * (normalized) functions
 +       0.6389 * (normalized) getconf
 +       0.119  * (normalized) getcontexturl
 +       0.6282 * (normalized) geterrorcode
 +       0.7561 * (normalized) getfilesystem
 +       0.414  * (normalized) getfstestcasedir
 +      -0.0978 * (normalized) getheaderfield
 +       0.3096 * (normalized) getid
 +       0      * (normalized) getjobtrackeruri
 +       0      * (normalized) getnamenode
 +      -0      * (normalized) getnamenodeuri
 +       0.0893 * (normalized) getnamesystem
 +      -0      * (normalized) getresourceasreader
 +      -0.2606 * (normalized) getresponsecode
 +       0.1526 * (normalized) getstatus
 +       0.2325 * (normalized) gettestcasedir
 +       0.414  * (normalized) gettestuser
 +       0.1445 * (normalized) geturl
 +       0.599  * (normalized) given
 +       0.369  * (normalized) half
 +       0.244  * (normalized) hcat
 +       0.1807 * (normalized) heartbeat
 +      -0.2464 * (normalized) here
 +       0.2813 * (normalized) hflush
 +       0      * (normalized) hour
 +       0.2254 * (normalized) id1
 +       0.0648 * (normalized) immutable
 +       0.0446 * (normalized) immutablemap
 +       0      * (normalized) initial-instance=
 +      -0.0779 * (normalized) injection
 +       0.1074 * (normalized) insert
 +      -0.0324 * (normalized) instances
 +       0.0263 * (normalized) ioutils
 +      -0.1478 * (normalized) ipc
 +       0.1464 * (normalized) is_
 +       0.1464 * (normalized) is_security_enabled
 +       0.1524 * (normalized) isnotnull
 +      -0      * (normalized) je
 +       0.3579 * (normalized) jms
 +       0.5235 * (normalized) job
 +       0.0465 * (normalized) job-
 +      -0      * (normalized) job1
 +      -0      * (normalized) job2
 +       0      * (normalized) job3
 +       0      * (normalized) job4
 +       0      * (normalized) job5
 +       0.0465 * (normalized) jobconf
 +       0.0228 * (normalized) jobid
 +       0      * (normalized) jobs
 +       0.626  * (normalized) jpa
 +       0.052  * (normalized) jpaservice
 +       0.1464 * (normalized) jsonvalue
 +       0.3551 * (normalized) kbaaaap//
 +       0.085  * (normalized) kill
 +       0.0783 * (normalized) killed
 +      -0      * (normalized) kills
 +       0.7037 * (normalized) latch
 +      -0.0074 * (normalized) latest
 +      -0.034  * (normalized) launcher
 +       0.0358 * (normalized) launchermapper
 +      -0      * (normalized) leases
 +       0.3541 * (normalized) lib
 +      -0.0252 * (normalized) like
 +       0      * (normalized) local_a
 +       0.4342 * (normalized) localoozie
 +      -0.1506 * (normalized) locations
 +      -0.0456 * (normalized) mapper
 +      -0.093  * (normalized) mapred
 +       0.0101 * (normalized) mapreduce
 +       0.4966 * (normalized) master
 +       0.385  * (normalized) meta
 +       0.4838 * (normalized) minute
 +       0.2687 * (normalized) mkdir
 +      -0.1659 * (normalized) model
 +      -0.0039 * (normalized) month
 +      -0      * (normalized) month=12
 +      -0.0039 * (normalized) months
 +       0.0195 * (normalized) move
 +       0.4464 * (normalized) mr
 +       0.037  * (normalized) name=
 +      -0.0546 * (normalized) namenode
 +      -0.0592 * (normalized) namespace
 +       0.0893 * (normalized) namesystem
 +       0.5741 * (normalized) naming
 +       0.1263 * (normalized) need
 +       0.0466 * (normalized) nextlong
 +       0.3909 * (normalized) nn
 +       0.0487 * (normalized) nominal
 +       0.6522 * (normalized) numdatanodes
 +      -0.2127 * (normalized) offset
 +       0.9804 * (normalized) oozie
 +      -0      * (normalized) oozieclient
 +       0.119  * (normalized) oozieurl
 +      -0.0518 * (normalized) openconnection
 +      -0.0477 * (normalized) operations
 +       0.3486 * (normalized) oryx
 +       0.4069 * (normalized) os
 +       0.5275 * (normalized) page
 +       0.3104 * (normalized) params
 +      -0      * (normalized) parsedateoozietz
 +       0.3868 * (normalized) parsexml
 +       0      * (normalized) partition
 +       0.2214 * (normalized) path=
 +      -0.0532 * (normalized) pause
 +       0.108  * (normalized) peer
 +       0.1497 * (normalized) pending
 +       0.8295 * (normalized) play
 +      -0.6605 * (normalized) plus
 +      -0      * (normalized) points
 +       0.0387 * (normalized) printstacktrace
 +       0.234  * (normalized) proto
 +       0.2591 * (normalized) proxyuser
 +       0.0541 * (normalized) purge
 +      -0.0077 * (normalized) push
 +       0.3551 * (normalized) qaaad//0o
 +       0.1947 * (normalized) queueservice
 +       0.4194 * (normalized) quorum
 +      -0.3113 * (normalized) rack
 +       0.2001 * (normalized) randomutils
 +      -0.3033 * (normalized) re
 +       0.6461 * (normalized) recovery
 +       0.0476 * (normalized) reduce
 +       0.4547 * (normalized) region
 +       0.4459 * (normalized) regions
 +       0.0006 * (normalized) repl
 +       0.0901 * (normalized) replica
 +       0.0006 * (normalized) replicas
 +       0.0785 * (normalized) replication
 +      -0.0973 * (normalized) reply
 +       0.0063 * (normalized) report
 +       0.3974 * (normalized) res
 +      -0.2531 * (normalized) resolved
 +       0.7607 * (normalized) rest
 +       0.1464 * (normalized) restconstants
 +       0.1634 * (normalized) ret
 +       0.2367 * (normalized) rm
 +       0.4597 * (normalized) row
 +       0.4709 * (normalized) rows
 +       0.53   * (normalized) running
 +       0.7948 * (normalized) runtest
 +       0.3029 * (normalized) runtime
 +       0.33   * (normalized) safe
 +       0.688  * (normalized) scan
 +       0.2457 * (normalized) schema
 +       0.0446 * (normalized) scriptexecutor
 +       0.0969 * (normalized) security_
 +       0.1238 * (normalized) select
 +      -0.3534 * (normalized) servlet_
 +       0      * (normalized) servlet_classes
 +       0.2609 * (normalized) setbody
 +      -0.2128 * (normalized) setboolean
 +       0.1464 * (normalized) setrequestmethod
 +      -0.0915 * (normalized) setstatus
 +       0.5838 * (normalized) setsystemproperty
 +       0.3551 * (normalized) sg
 +      -0.0909 * (normalized) signal
 +       0.0446 * (normalized) simpleentity/insert_single_row
 +      -0.0039 * (normalized) simulated
 +       0.2724 * (normalized) sla
 +      -0.0156 * (normalized) snapshot
 +       0.2769 * (normalized) something
 +       0.0543 * (normalized) spdy3
 +       0.2326 * (normalized) split
 +       0.8811 * (normalized) stage
 +       0      * (normalized) start=
 +      -0.2521 * (normalized) starting
 +       0.3042 * (normalized) startswith
 +      -0.0245 * (normalized) starttime
 +       0.4117 * (normalized) stm
 +       0.1819 * (normalized) streaming
 +      -0.0243 * (normalized) sub
 +       0.1142 * (normalized) substring
 +       0.3541 * (normalized) subworkflow
 +       0.2266 * (normalized) succeed
 +      -0.0553 * (normalized) succeeded
 +       0.0056 * (normalized) success
 +       0.3448 * (normalized) successful
 +       0.1123 * (normalized) support
 +       0.0768 * (normalized) suspend
 +       0.0543 * (normalized) syn
 +       0.3303 * (normalized) sys
 +       0      * (normalized) t00
 +       0.0487 * (normalized) t01
 +       0.0487 * (normalized) t23
 +       0.91   * (normalized) table
 +       0.0449 * (normalized) tablename
 +       0.0543 * (normalized) takeframe
 +       0      * (normalized) timezone=
 +       0.3654 * (normalized) tobytes
 +       0.0465 * (normalized) token-
 +       0.1285 * (normalized) topic
 +      -0.5669 * (normalized) tracker
 +       0.0543 * (normalized) type_
 +       0.0101 * (normalized) uber
 +       0.2976 * (normalized) unit_
 +       0.0547 * (normalized) updates
 +      -0.0324 * (normalized) us
 +       0      * (normalized) utc
 +      -0.0807 * (normalized) uuid
 +       0.2482 * (normalized) variable
 +      -0.0453 * (normalized) w
 +       0.6097 * (normalized) waitactive
 +       0.2418 * (normalized) waitfor
 +       0.3534 * (normalized) warn
 +       0.1099 * (normalized) wc
 +       0.5765 * (normalized) wf
 +      -0.0651 * (normalized) where
 +      -0.1563 * (normalized) window
 +       0.9897 * (normalized) workflow
 +      -0      * (normalized) workflowinstance
 +      -0      * (normalized) workflowjob
 +       0.372  * (normalized) working
 +      -0.0189 * (normalized) writefile
 +       0.206  * (normalized) xmlns=
 +       0.3868 * (normalized) xmlutils
 +       0.2336 * (normalized) yarn
 +       0.7336 * (normalized) year}/${
 +      -0.009  * (normalized) {
 +       0      * (normalized) }</instance>
 +       0      * (normalized) }</value>
 -       0.8355

Number of kernel evaluations: 2305207 (96.115% cached)



Time taken to build model: 4.65 seconds

=== Evaluation on test split ===

Time taken to test model on test split: 0.02 seconds

=== Summary ===

Correctly Classified Instances         520               92.6916 %
Incorrectly Classified Instances        41                7.3084 %
Kappa statistic                          0.8538
Mean absolute error                      0.0731
Root mean squared error                  0.2703
Relative absolute error                 14.6162 %
Root relative squared error             54.0657 %
Total Number of Instances              561     

=== Detailed Accuracy By Class ===

                 TP Rate  FP Rate  Precision  Recall   F-Measure  MCC      ROC Area  PRC Area  Class
                 0.931    0.077    0.921      0.931    0.926      0.854    0.927     0.892     Non_Flakey
                 0.923    0.069    0.932      0.923    0.927      0.854    0.927     0.899     Flakey
Weighted Avg.    0.927    0.073    0.927      0.927    0.927      0.854    0.927     0.896     

=== Confusion Matrix ===

   a   b   <-- classified as
 258  19 |   a = Non_Flakey
  22 262 |   b = Flakey


