=== Run information ===

Scheme:       weka.classifiers.trees.RandomForest -P 100 -I 100 -num-slots 1 -K 0 -M 1.0 -V 0.001 -S 1
Relation:     _home_supun_Documents_wekafiles_dataset2_Tokens_arff_docs__home_supun_Documents_wekafiles_dataset2_LOC-weka.filters.unsupervised.attribute.Remove-R2_java_keywords.arff-weka.filters.unsupervised.attribute.Remove-R3-weka.filters.unsupervised.attribute.Remove-R2-weka.filters.unsupervised.attribute.StringToWordVector-R1-W1000-prune-rate-1.0-N0-stemmerweka.core.stemmers.SnowballStemmer-stopwords-handlerweka.core.stopwords.MultiStopwords-M1-tokenizerweka.core.tokenizers.WordTokenizer -delimiters " \r\n\t.,;:\'\"()?!"
Instances:    2804
Attributes:   1608
              [list of attributes omitted]
Test mode:    split 80.0% train, remainder test

=== Classifier model (full training set) ===

RandomForest

Bagging with 100 iterations and base learner

weka.classifiers.trees.RandomTree -K 0 -M 1.0 -V 0.001 -S 1 -do-not-check-capabilities

Time taken to build model: 11.97 seconds

=== Evaluation on test split ===

Time taken to test model on test split: 0.12 seconds

=== Summary ===

Correctly Classified Instances         533               95.0089 %
Incorrectly Classified Instances        28                4.9911 %
Kappa statistic                          0.9003
Mean absolute error                      0.1589
Root mean squared error                  0.2338
Relative absolute error                 31.783  %
Root relative squared error             46.7499 %
Total Number of Instances              561     

=== Detailed Accuracy By Class ===

                 TP Rate  FP Rate  Precision  Recall   F-Measure  MCC      ROC Area  PRC Area  Class
                 0.989    0.088    0.916      0.989    0.951      0.903    0.985     0.982     Non_Flakey
                 0.912    0.011    0.989      0.912    0.949      0.903    0.985     0.988     Flakey
Weighted Avg.    0.950    0.049    0.953      0.950    0.950      0.903    0.985     0.985     

=== Confusion Matrix ===

   a   b   <-- classified as
 274   3 |   a = Non_Flakey
  25 259 |   b = Flakey


