=== Run information ===

Scheme:       weka.classifiers.functions.SMO -C 1.0 -L 0.001 -P 1.0E-12 -N 0 -V -1 -W 1 -K "weka.classifiers.functions.supportVector.PolyKernel -E 1.0 -C 250007" -calibrator "weka.classifiers.functions.Logistic -R 1.0E-8 -M -1 -num-decimal-places 4"
Relation:     _home_supun_Documents_wekafiles_Camel_case_final_cc_nocase__home_supun_Documents_wekafiles_dataset2_Tokens_arff_docs__home_supun_Documents_wekafiles_dataset2_LOC-weka.filters.unsupervised.attribute.Remove-R2_java_keywords.arff-weka.filters.unsupervised.attribute.Remove-R3-weka.filters.unsupervised.attribute.Remove-R2-3-weka.filters.unsupervised.attribute.StringToWordVector-R1-W1000-prune-rate-1.0-N0-stemmerweka.core.stemmers.SnowballStemmer-stopwords-handlerweka.core.stopwords.MultiStopwords-M1-tokenizerweka.core.tokenizers.WordTokenizer -delimiters " \r\n\t.,;:\'\"()?!"
Instances:    2804
Attributes:   1629
              [list of attributes omitted]
Test mode:    split 80.0% train, remainder test

=== Classifier model (full training set) ===

SMO

Kernel used:
  Linear Kernel: K(x,y) = <x,y>

Classifier for classes: Non_Flakey, Flakey

BinarySMO

Machine linear: showing attribute weights, not support vectors.

         0.1644 * (normalized) lines_of_code
 +      -0.271  * (normalized) assert_keyword
 +       0.1329 * (normalized) boolean_keyword
 +       0.1237 * (normalized) catch_keyword
 +      -0.056  * (normalized) class_keyword
 +       0.1616 * (normalized) default_keyword
 +       0.336  * (normalized) do_keyword
 +       0.0884 * (normalized) double_keyword
 +      -0.0806 * (normalized) else_keyword
 +      -0.0833 * (normalized) extends_keyword
 +      -0.8004 * (normalized) final_keyword
 +       0.2058 * (normalized) finally_keyword
 +       0.0501 * (normalized) float_keyword
 +       0.0675 * (normalized) for_keyword
 +       0.4481 * (normalized) if_keyword
 +       0.0289 * (normalized) instanceof_keyword
 +       0.032  * (normalized) int_keyword
 +       0.0479 * (normalized) long_keyword
 +       0.0811 * (normalized) modules_keyword
 +      -0.1671 * (normalized) new_keyword
 +       0.2967 * (normalized) private_keyword
 +      -0.1993 * (normalized) protected_keyword
 +      -0.0792 * (normalized) public_keyword
 +      -0      * (normalized) requires_keyword
 +       0.0753 * (normalized) return_keyword
 +      -0.1448 * (normalized) short_keyword
 +      -0.0179 * (normalized) synchronized_keyword
 +      -0.1494 * (normalized) this_keyword
 +       0.0916 * (normalized) throw_keyword
 +       0.9861 * (normalized) throws_keyword
 +       0.1405 * (normalized) try_keyword
 +      -0.059  * (normalized) void_keyword
 +       0.3513 * (normalized) while_keyword
 +       0.0429 * (normalized) null_keyword
 +      -0.2859 * (normalized) false_keyword
 +      -0.1093 * (normalized) keywordcount
 +      -0.1442 * (normalized) #
 +      -0.3621 * (normalized) %d
 +       0.3859 * (normalized) %s
 +      -0.2858 * (normalized) &
 +      -0.0008 * (normalized) *
 +       0.0722 * (normalized) +
 +       0      * (normalized) +15551212
 +      -0.1477 * (normalized) -
 +      -0.2403 * (normalized) -t
 +       0.0029 * (normalized) /
 +       0.0351 * (normalized) ///
 +      -0.1797 * (normalized) /bar
 +      -0.2767 * (normalized) /bin/bash
 +      -0.1272 * (normalized) /foo
 +      -0.088  * (normalized) /foo/bar
 +      -0.0858 * (normalized) /stuff
 +      -0.1453 * (normalized) 0
 +      -0.1404 * (normalized) 00
 +      -0.1517 * (normalized) 01
 +       0.3739 * (normalized) 1
 +      -0.1369 * (normalized) 10
 +      -0.1182 * (normalized) 102
 +      -0.1681 * (normalized) 103
 +      -0.1182 * (normalized) 104
 +       0.4598 * (normalized) 11
 +      -0.1182 * (normalized) 113
 +      -0.1681 * (normalized) 119
 +      -0.1026 * (normalized) 12
 +      -0.223  * (normalized) 123
 +      -0.7314 * (normalized) 12345
 +      -0.3261 * (normalized) 127
 +      -0      * (normalized) 129
 +       0.0772 * (normalized) 13
 +       0.0424 * (normalized) 2
 +      -0.1549 * (normalized) 20
 +      -0.0362 * (normalized) 200
 +      -0.0115 * (normalized) 21
 +      -0.1681 * (normalized) 221
 +      -0.1178 * (normalized) 222
 +       0.1824 * (normalized) 3
 +      -0.4189 * (normalized) 4
 +      -0.3359 * (normalized) 5
 +      -0.18   * (normalized) 50
 +       0.0379 * (normalized) 6
 +       0.1491 * (normalized) 7
 +      -0.3271 * (normalized) 8
 +       0.1967 * (normalized) 9
 +      -0      * (normalized) 91
 +      -0.1366 * (normalized) =
 +       0.1733 * (normalized) =>
 +       0.08   * (normalized) A
 +      -0.1407 * (normalized) Absolute
 +      -0.1546 * (normalized) Accept
 +      -0.1654 * (normalized) Acl
 +       0.0033 * (normalized) Active
 +      -0.2635 * (normalized) Add
 +       0.1801 * (normalized) Address
 +       0.4745 * (normalized) All
 +       0.3618 * (normalized) And
 +       0.2458 * (normalized) Append
 +      -0.1093 * (normalized) Appender
 +      -0.2925 * (normalized) Argument
 +      -0.1221 * (normalized) ArgumentMatchers
 +      -0.132  * (normalized) Arguments
 +      -0.269  * (normalized) Array
 +       0.2625 * (normalized) Arrays
 +      -0.0309 * (normalized) As
 +      -0.8152 * (normalized) Assert
 +       0.2699 * (normalized) Auth
 +      -0.5537 * (normalized) Authentication
 +      -0.0279 * (normalized) Available
 +       0.2241 * (normalized) B
 +      -0      * (normalized) BEGIN
 +       0.1792 * (normalized) Bad
 +      -0.1228 * (normalized) Base
 +       0.1526 * (normalized) Basic
 +      -0.3017 * (normalized) Bit
 +       0.1432 * (normalized) Body
 +       0.031  * (normalized) Boolean
 +      -0      * (normalized) Bootstrap
 +       0.3202 * (normalized) Buffer
 +      -0.0474 * (normalized) Builder
 +      -0.2173 * (normalized) By
 +       0.2019 * (normalized) Byte
 +      -0.2952 * (normalized) ByteBuffer
 +      -0.0794 * (normalized) Bytes
 +       0.4073 * (normalized) C
 +      -0.4997 * (normalized) COM
 +      -0.1457 * (normalized) CONFIG
 +       0.1705 * (normalized) Cache
 +      -0.6741 * (normalized) Call
 +      -0.1502 * (normalized) Captor
 +      -0.1468 * (normalized) Cause
 +       0.0559 * (normalized) Chain
 +      -0.4173 * (normalized) Channel
 +       0.0398 * (normalized) Charsets
 +       0.4229 * (normalized) Check
 +      -0.022  * (normalized) Checksum
 +       0.0279 * (normalized) Class
 +       0.1358 * (normalized) Client
 +       0.2462 * (normalized) Close
 +       0.131  * (normalized) Code
 +      -0.5061 * (normalized) Codec
 +      -0.2499 * (normalized) CodecTestUtils
 +      -0.2098 * (normalized) Coding
 +       0.0222 * (normalized) Collections
 +      -0.0419 * (normalized) Common
 +      -0.1422 * (normalized) CommonConfigurationKeys
 +       0.2012 * (normalized) Completed
 +       0.2651 * (normalized) Conf
 +       0.2938 * (normalized) Config
 +      -0.1384 * (normalized) Configuration
 +      -0      * (normalized) Conn
 +       0.177  * (normalized) Connect
 +       0.5567 * (normalized) Connection
 +      -0.0824 * (normalized) Constant
 +      -0.3392 * (normalized) Contains
 +      -0.0165 * (normalized) Content
 +       0.008  * (normalized) ContentType
 +      -0.1408 * (normalized) Contents
 +       0.2185 * (normalized) Context
 +      -0.1966 * (normalized) Controller
 +       0.2625 * (normalized) Cookie
 +      -0.2301 * (normalized) Core
 +      -0.0048 * (normalized) CoreMatchers
 +      -0.4375 * (normalized) Count
 +      -0.1731 * (normalized) Create
 +      -0.3087 * (normalized) Current
 +      -0.6558 * (normalized) D
 +      -0.0902 * (normalized) DIR
 +       0      * (normalized) DTSTART
 +      -0.3343 * (normalized) Data
 +       0.4534 * (normalized) Date
 +       0      * (normalized) Decoding
 +      -0.4571 * (normalized) Default
 +       0.0194 * (normalized) Delegation
 +      -0.3191 * (normalized) Details
 +       0.2264 * (normalized) Dir
 +       0.2151 * (normalized) Directory
 +       0.2146 * (normalized) Down
 +      -0.0369 * (normalized) Duration
 +      -0.152  * (normalized) E
 +      -0.0135 * (normalized) EEK
 +      -0      * (normalized) END
 +      -0.0344 * (normalized) Empty
 +       0.1525 * (normalized) Encoder
 +      -0.0135 * (normalized) Encrypted
 +      -0.3527 * (normalized) Engine
 +      -0.4021 * (normalized) Ensure
 +      -0.0044 * (normalized) Entity
 +      -0.0829 * (normalized) Entry
 +      -0.2919 * (normalized) Equal
 +       0.0865 * (normalized) Equals
 +       0.2299 * (normalized) Error
 +       0.5145 * (normalized) Event
 +       0.0802 * (normalized) Exception
 +      -0.239  * (normalized) Executors
 +      -0.0509 * (normalized) Expectations
 +      -0.0708 * (normalized) Expected
 +      -0.1033 * (normalized) FS
 +       0.0132 * (normalized) Factory
 +      -0.2916 * (normalized) Fail
 +      -0.0444 * (normalized) Failed
 +      -0.0449 * (normalized) Failover
 +       0.0254 * (normalized) Failure
 +      -0.3279 * (normalized) Fake
 +       0.0341 * (normalized) False
 +       0.3585 * (normalized) File
 +      -0.3237 * (normalized) FileSystem
 +       0.3477 * (normalized) Files
 +       0.6501 * (normalized) Filter
 +       0.4682 * (normalized) First
 +       0.091  * (normalized) Fixed
 +       0.0363 * (normalized) For
 +      -0.0548 * (normalized) Format
 +      -0.1819 * (normalized) Found
 +       0.0477 * (normalized) Frame
 +      -0.3145 * (normalized) Framework
 +      -0.0018 * (normalized) From
 +      -0.1585 * (normalized) Fs
 +       0.2401 * (normalized) GET
 +      -0.0562 * (normalized) GMT
 +       0.2044 * (normalized) GROUP_
 +      -0.6464 * (normalized) Generic
 +      -0.6566 * (normalized) GenericTestUtils
 +       0.02   * (normalized) Get
 +      -0.158  * (normalized) Group
 +      -0.5207 * (normalized) Groups
 +      -0.1183 * (normalized) HEADERS
 +      -0      * (normalized) HTTP
 +      -0.3473 * (normalized) HTTP/1
 +      -0.2225 * (normalized) Handler
 +       0.21   * (normalized) Hash
 +      -0.0743 * (normalized) Header
 +       0.087  * (normalized) Headers
 +      -0.4192 * (normalized) Hello
 +      -0.014  * (normalized) Helper
 +      -0.3768 * (normalized) Host
 +      -0.2276 * (normalized) Http
 +       0.6568 * (normalized) I
 +       0.0843 * (normalized) IO
 +      -0.0053 * (normalized) IOException
 +      -0.0001 * (normalized) IP
 +       0.4715 * (normalized) Id
 +      -0.167  * (normalized) If
 +      -0.154  * (normalized) Illegal
 +      -0.3246 * (normalized) Impl
 +       0.1604 * (normalized) In
 +       0.2599 * (normalized) Index
 +       0.3229 * (normalized) Info
 +      -0.1551 * (normalized) Information
 +      -0.5228 * (normalized) Init
 +       0.0069 * (normalized) Input
 +      -0.3385 * (normalized) Instance
 +      -0.4864 * (normalized) Int
 +      -0.2183 * (normalized) Integer
 +      -0.2759 * (normalized) Interactions
 +      -0.263  * (normalized) Interval
 +      -0.1305 * (normalized) Invalid
 +       0.19   * (normalized) Is
 +       0      * (normalized) JWT
 +       0.0082 * (normalized) Java
 +       0.1754 * (normalized) Json
 +       0.027  * (normalized) K
 +      -0.3111 * (normalized) Kerberos
 +      -0.4482 * (normalized) Key
 +       0.0956 * (normalized) Keys
 +      -0.0793 * (normalized) L
 +      -0.6154 * (normalized) LOG
 +      -0.1798 * (normalized) Last
 +       0.1434 * (normalized) Len
 +      -0.3579 * (normalized) Length
 +       0.1722 * (normalized) Let
 +      -0.5206 * (normalized) Level
 +       0.1175 * (normalized) Line
 +      -0.1294 * (normalized) Link
 +      -0.0668 * (normalized) List
 +      -0.192  * (normalized) Listener
 +      -0.241  * (normalized) Local
 +       0.0769 * (normalized) Lock
 +       0.2274 * (normalized) Log
 +      -0.2724 * (normalized) Logging
 +      -0.1051 * (normalized) Login
 +       0.192  * (normalized) Long
 +      -0.3771 * (normalized) M
 +       0.2219 * (normalized) Make
 +       0.6145 * (normalized) Manager
 +      -0.275  * (normalized) Map
 +      -0.1729 * (normalized) Mapping
 +       0.2426 * (normalized) Mask
 +       0.1763 * (normalized) Matchers
 +      -0.0135 * (normalized) Material
 +       0.5013 * (normalized) Matrix
 +       0.2361 * (normalized) Max
 +       0.0167 * (normalized) Message
 +      -0.2812 * (normalized) Method
 +      -0.2723 * (normalized) Metric
 +      -0.3619 * (normalized) Metrics
 +       0.1125 * (normalized) Millis
 +       0.0665 * (normalized) Missing
 +      -0.1652 * (normalized) Mockito
 +      -0.5015 * (normalized) Mode
 +      -0.1444 * (normalized) More
 +      -0.002  * (normalized) Multiple
 +       0.4303 * (normalized) N
 +       0.1528 * (normalized) NAME
 +      -0.0865 * (normalized) NAMES
 +      -0.1339 * (normalized) NOT
 +       0.1706 * (normalized) Name
 +      -0.1556 * (normalized) Net
 +      -0.1556 * (normalized) NetUtils
 +      -0.3697 * (normalized) New
 +      -0.386  * (normalized) Next
 +      -0.2449 * (normalized) Ninja
 +      -0.071  * (normalized) NinjaConstant
 +       0.1052 * (normalized) No
 +       0.8463 * (normalized) Node
 +       0.0672 * (normalized) Not
 +       0.0574 * (normalized) Now
 +       0.0017 * (normalized) Null
 +      -0.6087 * (normalized) Num
 +      -0.6563 * (normalized) Number
 +       0.0789 * (normalized) OK
 +       0.2642 * (normalized) Object
 +       0.4578 * (normalized) Of
 +      -0.2946 * (normalized) On
 +       0.1211 * (normalized) One
 +       0      * (normalized) Ops
 +      -0.0392 * (normalized) Optional
 +      -0.6225 * (normalized) Options
 +      -0.1674 * (normalized) Order
 +      -0.1307 * (normalized) Out
 +      -0.1889 * (normalized) Output
 +       0.556  * (normalized) PROXY_
 +       0.6433 * (normalized) Param
 +      -0.3063 * (normalized) Parameter
 +       0.3175 * (normalized) Parameters
 +       0.4807 * (normalized) Parse
 +      -0.2641 * (normalized) Parsed
 +      -0.0088 * (normalized) Parser
 +      -0.03   * (normalized) Password
 +      -0.114  * (normalized) Path
 +      -0.1155 * (normalized) Pattern
 +       0.5015 * (normalized) Permission
 +      -0.1566 * (normalized) Policy
 +      -0.2215 * (normalized) Pool
 +       0.03   * (normalized) Port
 +       0.4666 * (normalized) Principal
 +      -0.0017 * (normalized) Priority
 +      -0.2791 * (normalized) Process
 +       0.3601 * (normalized) Properties
 +       0.0641 * (normalized) Property
 +       0.2328 * (normalized) Protocol
 +      -0.1587 * (normalized) Provider
 +      -0.2073 * (normalized) Proxy
 +      -0.0267 * (normalized) Public
 +       0.1149 * (normalized) RPC
 +      -0.5014 * (normalized) Random
 +       0.2132 * (normalized) Raw
 +       0.5159 * (normalized) Read
 +      -0.3501 * (normalized) Reader
 +       0.0073 * (normalized) Remote
 +      -0.2295 * (normalized) Request
 +      -0.2099 * (normalized) Resolver
 +       0.4501 * (normalized) Resource
 +       0.2029 * (normalized) Response
 +      -0.2292 * (normalized) Result
 +      -0.5413 * (normalized) Results
 +       0.4816 * (normalized) Retry
 +      -0.3189 * (normalized) Return
 +      -0.1855 * (normalized) Root
 +       0.2463 * (normalized) Route
 +      -0.458  * (normalized) Rpc
 +      -0.5368 * (normalized) S
 +      -0.2882 * (normalized) SSL
 +      -0.1062 * (normalized) STATUS
 +      -0.224  * (normalized) STR_
 +      -0.088  * (normalized) Same
 +       0      * (normalized) Sean
 +      -0.4538 * (normalized) Secret
 +      -0.0471 * (normalized) Sequence
 +       0.2753 * (normalized) Server
 +       0.1695 * (normalized) Service
 +      -0.1612 * (normalized) Servlet
 +      -0.2245 * (normalized) Session
 +      -0.412  * (normalized) Set
 +       0.1594 * (normalized) Setup
 +      -0.4093 * (normalized) Shell
 +       0.1438 * (normalized) Short
 +      -0.0652 * (normalized) Should
 +      -0.1905 * (normalized) Shutdown
 +      -0.1946 * (normalized) Signer
 +      -0.0175 * (normalized) Size
 +      -0.3133 * (normalized) Sleep
 +      -0.0718 * (normalized) So
 +       0.0062 * (normalized) Socket
 +       0.195  * (normalized) Source
 +      -0.1135 * (normalized) Ssl
 +       0.0768 * (normalized) Standard
 +       0.0768 * (normalized) StandardCharsets
 +       0.1914 * (normalized) Start
 +      -0.1956 * (normalized) State
 +      -0.2379 * (normalized) Static
 +      -0.0953 * (normalized) Status
 +      -0.2766 * (normalized) Storage
 +       0.2642 * (normalized) Strategy
 +      -0.2016 * (normalized) Stream
 +      -0.3735 * (normalized) String
 +       0.182  * (normalized) System
 +      -0.115  * (normalized) TEST_
 +       0.088  * (normalized) TIMEOUT
 +      -0.1174 * (normalized) Temp
 +       0.0973 * (normalized) Test
 +      -0.0193 * (normalized) Testing
 +      -0.022  * (normalized) Tests
 +       0.0651 * (normalized) Text
 +       0.2551 * (normalized) That
 +       0.1396 * (normalized) The
 +       0.169  * (normalized) This
 +       0.1538 * (normalized) Thread
 +      -0.035  * (normalized) Threads
 +       0.6081 * (normalized) Throw
 +      -0.1242 * (normalized) Time
 +      -0.2784 * (normalized) TimeUnit
 +      -0.0551 * (normalized) Timeout
 +      -0.0533 * (normalized) To
 +      -0.212  * (normalized) Token
 +      -0.1506 * (normalized) Tokens
 +      -0.0734 * (normalized) Transferred
 +       0.083  * (normalized) True
 +      -0.2975 * (normalized) Trust
 +       0.007  * (normalized) Try
 +      -0.4984 * (normalized) Type
 +      -0.3856 * (normalized) UGI
 +      -0.4295 * (normalized) URI
 +      -0.4829 * (normalized) URL
 +       0.4374 * (normalized) USER_
 +       0.6129 * (normalized) UTF-8
 +      -0.2253 * (normalized) Ugi
 +      -0.3047 * (normalized) Unit
 +       0.3356 * (normalized) Uri
 +       0.3836 * (normalized) Url
 +       0.0313 * (normalized) User
 +      -0.059  * (normalized) UserGroupInformation
 +       0.0902 * (normalized) Users
 +      -0.378  * (normalized) Util
 +       0.381  * (normalized) Utils
 +       0      * (normalized) VEVENT
 +       0.1365 * (normalized) Value
 +       0.5749 * (normalized) Values
 +      -0.0718 * (normalized) Verify
 +       0.103  * (normalized) Version
 +      -0.224  * (normalized) WITH_
 +      -0.2469 * (normalized) Wait
 +       0.3892 * (normalized) When
 +      -0.5526 * (normalized) Windows
 +      -0.075  * (normalized) With
 +      -0.1333 * (normalized) Without
 +      -0.0784 * (normalized) Works
 +       0.1179 * (normalized) Writable
 +       0.3921 * (normalized) Write
 +       0.4025 * (normalized) Writer
 +       0.3432 * (normalized) X
 +      -0.1198 * (normalized) XX
 +       0      * (normalized) XXXX
 +      -0.3284 * (normalized) Z
 +       0.0181 * (normalized) \
 +       0.4701 * (normalized) a
 +      -0.0518 * (normalized) abc
 +       0.5715 * (normalized) accept
 +      -0.3117 * (normalized) access
 +      -0.1943 * (normalized) active
 +      -0.5108 * (normalized) adapter
 +      -0.0993 * (normalized) add
 +       0.2579 * (normalized) addHeader
 +      -0.6067 * (normalized) addResource
 +      -0.0006 * (normalized) added
 +      -0.2193 * (normalized) addr
 +       0.0982 * (normalized) address
 +      -0.3764 * (normalized) advance
 +      -0.1994 * (normalized) after
 +      -0.2755 * (normalized) again
 +       0.5271 * (normalized) all
 +      -0.0615 * (normalized) allocate
 +      -0.0772 * (normalized) allowed
 +      -0.3193 * (normalized) also
 +       0      * (normalized) alternate
 +      -0.5454 * (normalized) an
 +       0.2431 * (normalized) and
 +      -0.113  * (normalized) another
 +      -0.2105 * (normalized) answer
 +      -0.1725 * (normalized) any
 +      -0.1296 * (normalized) anyString
 +      -0.0833 * (normalized) apache
 +      -0.3396 * (normalized) append
 +      -0.5958 * (normalized) appender
 +       0      * (normalized) application/json
 +      -0.3545 * (normalized) apply
 +      -0.0932 * (normalized) are
 +       0.1529 * (normalized) args
 +      -0.2955 * (normalized) array
 +       0.0438 * (normalized) as
 +       0.4524 * (normalized) asList
 +       0.0477 * (normalized) assert
 +      -0.475  * (normalized) assertArrayEquals
 +       0.1473 * (normalized) assertEquals
 +      -0.1213 * (normalized) assertFalse
 +      -0.1265 * (normalized) assertNotNull
 +       0.4777 * (normalized) assertNull
 +      -0.1862 * (normalized) assertSame
 +      -0.2719 * (normalized) assertThat
 +       0.3566 * (normalized) assertTrue
 +      -0.2225 * (normalized) async
 +      -0.2056 * (normalized) at
 +       0.1812 * (normalized) auth
 +      -0.0706 * (normalized) authorization
 +      -0.5886 * (normalized) await
 +      -0.1219 * (normalized) b
 +      -0.3878 * (normalized) back
 +      -0.6808 * (normalized) bad
 +       0.6606 * (normalized) bar
 +      -0.1918 * (normalized) based
 +      -0.1569 * (normalized) be
 +      -0.1869 * (normalized) because
 +      -0.4184 * (normalized) become
 +      -0.1654 * (normalized) been
 +       0.3543 * (normalized) before
 +       0.125  * (normalized) bind
 +       0.4095 * (normalized) blah
 +       0.8592 * (normalized) block
 +      -0.3463 * (normalized) blocked
 +      -0.0367 * (normalized) bob
 +       0.2081 * (normalized) body
 +      -0.064  * (normalized) bootstrap
 +       0.2827 * (normalized) both
 +      -0.0376 * (normalized) buf
 +       0.0413 * (normalized) buffer
 +      -0.2141 * (normalized) build
 +      -0.1447 * (normalized) builder
 +       0.0695 * (normalized) but
 +      -0.2346 * (normalized) by
 +      -0.2297 * (normalized) byte
 +      -0.1179 * (normalized) bytes
 +      -0.1789 * (normalized) c
 +      -0.0668 * (normalized) c1
 +       0.0323 * (normalized) cache
 +       0.1281 * (normalized) call
 +       0.0044 * (normalized) callback
 +       0.6469 * (normalized) called
 +       0.724  * (normalized) calls
 +      -0.5203 * (normalized) can
 +      -0.1956 * (normalized) capacity
 +      -0.235  * (normalized) capture
 +      -0.0486 * (normalized) case
 +      -0.0451 * (normalized) cause
 +       0.6289 * (normalized) chain
 +      -0.1765 * (normalized) change
 +       0.1426 * (normalized) channel
 +      -0.2347 * (normalized) character
 +      -0.0093 * (normalized) chbuffer
 +      -0.0023 * (normalized) check
 +      -0.2693 * (normalized) checksum
 +       0.0236 * (normalized) class
 +       0.2301 * (normalized) cleanup
 +       0.0192 * (normalized) clear
 +       0.1702 * (normalized) client
 +       0.0654 * (normalized) close
 +       1.1819 * (normalized) cluster
 +      -0.2021 * (normalized) code
 +      -0.0947 * (normalized) codec
 +       0.2191 * (normalized) com
 +       0.2319 * (normalized) command
 +      -0.1479 * (normalized) compare
 +       0.12   * (normalized) completed
 +      -0.4827 * (normalized) conf
 +       0.2232 * (normalized) config
 +      -0.2282 * (normalized) configuration
 +      -0.0218 * (normalized) conn
 +       0.3377 * (normalized) connect
 +       0.1515 * (normalized) connection
 +      -0.051  * (normalized) consume
 +      -0.2856 * (normalized) consumed
 +       0.0194 * (normalized) contains
 +      -0.3185 * (normalized) content
 +      -1.2711 * (normalized) context
 +      -0.4603 * (normalized) convert
 +      -0.1847 * (normalized) cookie
 +       0.5346 * (normalized) copy
 +      -0.0757 * (normalized) correct
 +       0.4648 * (normalized) correctly
 +       0.4799 * (normalized) count
 +       0.1132 * (normalized) create
 +       0.1528 * (normalized) createRemoteUser
 +       0.4545 * (normalized) created
 +      -0.0772 * (normalized) credential1
 +       0.038  * (normalized) current
 +       0.2214 * (normalized) custom
 +       0.4607 * (normalized) d
 +      -0.378  * (normalized) data
 +      -0.119  * (normalized) date
 +      -0      * (normalized) de
 +      -0.222  * (normalized) decode
 +       0.4145 * (normalized) decoder
 +      -0.1399 * (normalized) default
 +       0.0975 * (normalized) delegation
 +      -0.484  * (normalized) delete
 +      -0.3002 * (normalized) deleted
 +       0.1753 * (normalized) deprecation
 +      -0.0178 * (normalized) desc
 +      -0.1274 * (normalized) description
 +       0.4978 * (normalized) destroy
 +       0.0336 * (normalized) did
 +      -0.1835 * (normalized) didn
 +       0.1455 * (normalized) different
 +       0.1894 * (normalized) dir
 +       0.2435 * (normalized) directory
 +      -0.4815 * (normalized) do
 +       0.0657 * (normalized) doAs
 +       0.2867 * (normalized) does
 +      -0.1178 * (normalized) drwho
 +      -0.3822 * (normalized) dst
 +      -0.1204 * (normalized) dump
 +      -0.2868 * (normalized) e
 +      -0.4347 * (normalized) echo
 +      -0.3821 * (normalized) elector
 +      -0.0704 * (normalized) element
 +      -0.097  * (normalized) elements
 +      -0.3554 * (normalized) empty
 +       0.1079 * (normalized) encode
 +      -0.0115 * (normalized) encoder
 +      -0.0997 * (normalized) end
 +      -0.425  * (normalized) ensure
 +       0.3309 * (normalized) entity
 +      -0.3148 * (normalized) entries
 +      -0.3276 * (normalized) entry
 +       0.3829 * (normalized) eq
 +      -0.1194 * (normalized) equal
 +      -0.3049 * (normalized) equalTo
 +      -0.1962 * (normalized) equals
 +       0.2828 * (normalized) error
 +      -0.0392 * (normalized) etag
 +      -0.4012 * (normalized) every
 +      -0.282  * (normalized) ex
 +      -0.1905 * (normalized) example
 +      -0.1962 * (normalized) exception
 +       0.0107 * (normalized) exclude
 +      -0.0838 * (normalized) excluded
 +       0.133  * (normalized) execute
 +      -0.2122 * (normalized) executor
 +       0.1297 * (normalized) exist
 +      -0.1437 * (normalized) existing
 +       0.2825 * (normalized) exists
 +       0.1497 * (normalized) exit
 +      -0.0373 * (normalized) expect
 +      -0.1467 * (normalized) expected
 +       0.0047 * (normalized) f
 +      -0.1063 * (normalized) f1
 +      -0.1028 * (normalized) factory
 +       0.8586 * (normalized) fail
 +       0.024  * (normalized) failed
 +      -0.0218 * (normalized) failure
 +      -0.051  * (normalized) fchannel
 +      -0.0107 * (normalized) field
 +      -0.2471 * (normalized) file
 +      -0.2401 * (normalized) files
 +      -0.0929 * (normalized) fill
 +      -0.3635 * (normalized) filter
 +      -0.1615 * (normalized) final
 +      -0.071  * (normalized) find
 +       0.4495 * (normalized) finish
 +       0.1314 * (normalized) first
 +       0.0177 * (normalized) flush
 +      -0.4171 * (normalized) foo
 +       0.0292 * (normalized) foo2
 +      -0.0392 * (normalized) for
 +       0.0126 * (normalized) format
 +      -0.1733 * (normalized) found
 +      -0.1764 * (normalized) framework
 +       0.1896 * (normalized) from
 +       0.1466 * (normalized) fs
 +      -0.2039 * (normalized) full
 +      -0.2842 * (normalized) future
 +      -0.0596 * (normalized) future1
 +      -0.0596 * (normalized) future2
 +      -0.1677 * (normalized) g
 +       0.1915 * (normalized) g1
 +       0.0059 * (normalized) generate
 +       0.2159 * (normalized) get
 +      -0.1246 * (normalized) getBytes
 +      -0.0734 * (normalized) getBytesTransferred
 +      -0.1288 * (normalized) getCause
 +       0.0504 * (normalized) getClass
 +      -0.2523 * (normalized) getCurrentUser
 +      -0.0156 * (normalized) getEntity
 +      -0.3514 * (normalized) getFileStatus
 +       0.1288 * (normalized) getGroups
 +      -0.097  * (normalized) getInitParameter
 +       0.0917 * (normalized) getInputStream
 +      -0.1692 * (normalized) getInstance
 +      -0.1507 * (normalized) getLocal
 +      -0.0923 * (normalized) getLocalPort
 +       0.1468 * (normalized) getMessage
 +      -0.0567 * (normalized) getName
 +      -0.2277 * (normalized) getParameter
 +       0.2533 * (normalized) getPath
 +       0.4604 * (normalized) getValue
 +      -0.158  * (normalized) go
 +      -0.0787 * (normalized) good
 +       0.559  * (normalized) google
 +       0.2952 * (normalized) got
 +      -0.1323 * (normalized) group
 +      -0.0411 * (normalized) group1
 +       0.0789 * (normalized) groups
 +      -0.0753 * (normalized) gz
 +      -0.1877 * (normalized) h
 +       0.0152 * (normalized) h1
 +       0.0398 * (normalized) h2
 +      -0.6093 * (normalized) hadoop
 +      -0.1805 * (normalized) handle
 +      -0.1345 * (normalized) handler
 +      -0.6572 * (normalized) har
 +       0.0462 * (normalized) has
 +      -0.1137 * (normalized) hash
 +      -0.0717 * (normalized) have
 +       0.542  * (normalized) hdfs
 +      -0.4092 * (normalized) header
 +       0.2575 * (normalized) headers
 +      -0.0778 * (normalized) hello
 +      -0.1186 * (normalized) host
 +       0.3213 * (normalized) host2
 +      -0.1268 * (normalized) host3
 +      -0.1268 * (normalized) host4
 +       0.1556 * (normalized) hostname
 +      -0.1604 * (normalized) hosts
 +       0.2645 * (normalized) html
 +      -0.2507 * (normalized) http
 +      -0.1494 * (normalized) httprocessor
 +      -0.2716 * (normalized) https
 +      -0.1389 * (normalized) id
 +      -0.326  * (normalized) if
 +       0.1324 * (normalized) impl
 +      -0.0407 * (normalized) in
 +      -0.0603 * (normalized) inbuf
 +      -0.0586 * (normalized) includes
 +       0.0362 * (normalized) info
 +       0.0267 * (normalized) init
 +      -0.3151 * (normalized) initial
 +      -0.1517 * (normalized) injector
 +      -0.607  * (normalized) input
 +      -0.2249 * (normalized) int
 +      -0.0609 * (normalized) interceptor
 +      -0.5782 * (normalized) interrupt
 +      -0.1034 * (normalized) interval
 +      -0.2111 * (normalized) into
 +      -0.2112 * (normalized) invalid
 +       0.3364 * (normalized) invoke
 +      -0.1572 * (normalized) io
 +      -0.4494 * (normalized) ips
 +      -0.0995 * (normalized) is
 +      -0.051  * (normalized) isCompleted
 +      -0.6782 * (normalized) isEmpty
 +       0.6284 * (normalized) it
 +      -0.2031 * (normalized) iterator
 +      -0.1046 * (normalized) its
 +      -0.2958 * (normalized) j
 +      -0.1765 * (normalized) java
 +      -0.4904 * (normalized) jks
 +       0.4766 * (normalized) join
 +      -0.1592 * (normalized) key
 +      -0.2418 * (normalized) key1
 +      -0.2164 * (normalized) key2
 +       0.0188 * (normalized) keys
 +      -0.337  * (normalized) keytab
 +      -0.5438 * (normalized) kp
 +      -0.2615 * (normalized) lang
 +       0.1419 * (normalized) language
 +      -0.1324 * (normalized) last
 +       0.2116 * (normalized) length
 +      -0.5386 * (normalized) line
 +       0.0088 * (normalized) list
 +      -0.1703 * (normalized) listener
 +      -0.104  * (normalized) load
 +      -0.1485 * (normalized) local
 +       0.2894 * (normalized) localhost
 +      -0.5139 * (normalized) lock
 +       0.3725 * (normalized) log
 +       0.1252 * (normalized) login
 +       0.0555 * (normalized) long
 +      -0.205  * (normalized) lookup
 +      -0.2136 * (normalized) lot
 +       0.3559 * (normalized) ls
 +       0.0077 * (normalized) m
 +      -0.4752 * (normalized) make
 +      -0.097  * (normalized) management
 +       0.2732 * (normalized) map
 +      -0.0629 * (normalized) mapfile
 +      -0.5696 * (normalized) mapping
 +      -0.0565 * (normalized) match
 +      -0.9635 * (normalized) matches
 +      -0.0135 * (normalized) material
 +      -0.0578 * (normalized) matrix
 +      -0.3642 * (normalized) max
 +       0.2532 * (normalized) message
 +       0      * (normalized) messages
 +      -0.3841 * (normalized) method
 +       0.2958 * (normalized) metric
 +      -0.1671 * (normalized) metrics
 +      -0.1859 * (normalized) missing
 +      -0.2903 * (normalized) mkdirs
 +      -0.2607 * (normalized) mock
 +      -0.177  * (normalized) mockController
 +      -0.0147 * (normalized) mode
 +       0.1267 * (normalized) modified
 +       0.0367 * (normalized) more
 +      -0.5671 * (normalized) ms
 +       0.157  * (normalized) multiple
 +       0.1489 * (normalized) must
 +      -0.2009 * (normalized) my
 +      -0.06   * (normalized) n
 +       0.0155 * (normalized) name
 +       0.2002 * (normalized) names
 +      -0.2204 * (normalized) negative
 +       0.2544 * (normalized) never
 +       0.1049 * (normalized) new
 +       0.4295 * (normalized) next
 +       0.294  * (normalized) ninja
 +      -0.3063 * (normalized) ninjaProperties
 +      -0.6878 * (normalized) no
 +      -0.4716 * (normalized) node
 +       0.1192 * (normalized) nodes
 +      -0.2731 * (normalized) not
 +       0.1133 * (normalized) now
 +       0.33   * (normalized) null
 +       0.0017 * (normalized) num
 +      -0.3114 * (normalized) number
 +       0.0431 * (normalized) of
 +       0      * (normalized) ok
 +      -0.5862 * (normalized) old
 +       0.5052 * (normalized) on
 +      -0.2121 * (normalized) one
 +      -0.3087 * (normalized) only
 +       0.0335 * (normalized) open
 +       0.0449 * (normalized) operation
 +      -0.207  * (normalized) option
 +      -0.1584 * (normalized) options
 +       0.1735 * (normalized) or
 +       0.0362 * (normalized) order
 +       0.582  * (normalized) org
 +      -0.0114 * (normalized) other
 +      -0.3235 * (normalized) out
 +      -0.0093 * (normalized) outbuf
 +       0.3043 * (normalized) output
 +      -0.3326 * (normalized) p
 +      -0.2771 * (normalized) p1
 +       0      * (normalized) p12
 +      -0.2329 * (normalized) p2
 +      -0.177  * (normalized) param1
 +      -0.0847 * (normalized) parameter
 +      -0.3941 * (normalized) parent
 +      -0.1196 * (normalized) parse
 +      -0.079  * (normalized) passed
 +      -0.1384 * (normalized) password
 +      -0.3819 * (normalized) path
 +      -0.3999 * (normalized) period
 +      -0.5924 * (normalized) png
 +       0.5814 * (normalized) pool
 +       0.3923 * (normalized) prepare
 +      -0.0231 * (normalized) print
 +      -0.1436 * (normalized) private
 +       0.5656 * (normalized) process
 +       0.1309 * (normalized) properties
 +      -0.7483 * (normalized) property
 +      -0.4412 * (normalized) props
 +       0.0524 * (normalized) provider
 +       0.1226 * (normalized) proxy
 +      -0.2587 * (normalized) proxying
 +      -0.1891 * (normalized) publish
 +       0.2793 * (normalized) put
 +       0.1132 * (normalized) queue
 +      -0      * (normalized) quota
 +       0.2019 * (normalized) r
 +      -0.0103 * (normalized) random
 +      -0.2253 * (normalized) rc
 +       0.0086 * (normalized) read
 +      -0.1107 * (normalized) reader
 +      -0.0678 * (normalized) real
 +       0.0017 * (normalized) receive
 +       0.0425 * (normalized) received
 +      -0.3843 * (normalized) record
 +       0.3787 * (normalized) refresh
 +      -0.0847 * (normalized) regex
 +       0.041  * (normalized) register
 +       0.0843 * (normalized) release
 +       0.2877 * (normalized) remaining
 +      -0.013  * (normalized) remove
 +       0.0694 * (normalized) removed
 +      -0.0699 * (normalized) replace
 +       1.0272 * (normalized) request
 +      -0      * (normalized) requester
 +       0.2051 * (normalized) reset
 +       0.6345 * (normalized) resolve
 +       0.3145 * (normalized) response
 +       0.1965 * (normalized) result
 +      -0.1404 * (normalized) results
 +      -0.1041 * (normalized) retry
 +      -0.0445 * (normalized) return
 +       0.0587 * (normalized) returned
 +      -0.2098 * (normalized) right
 +       0.0129 * (normalized) roll
 +      -0.0794 * (normalized) route
 +      -0.2117 * (normalized) rpc
 +       0.011  * (normalized) run
 +      -0.3673 * (normalized) rw
 +       0.0286 * (normalized) s
 +       0.1611 * (normalized) s1
 +      -0.0093 * (normalized) s2
 +       0.394  * (normalized) same
 +       0.1478 * (normalized) save
 +      -0.0425 * (normalized) scheme
 +       0.0001 * (normalized) second
 +       0.1817 * (normalized) seconds
 +      -0.2632 * (normalized) secret
 +       0.0848 * (normalized) security
 +       0.1881 * (normalized) see
 +       0.3584 * (normalized) send
 +      -0.1385 * (normalized) sent
 +      -0.015  * (normalized) sequence
 +      -0.1482 * (normalized) serialize
 +      -0.2924 * (normalized) server
 +      -0.4739 * (normalized) service
 +       0.0412 * (normalized) services
 +       0.235  * (normalized) servlet
 +       0.2463 * (normalized) session
 +       0.1331 * (normalized) set
 +      -0.2426 * (normalized) setConf
 +       0.2008 * (normalized) setInt
 +      -0.202  * (normalized) setLong
 +      -0.0231 * (normalized) setSoTimeout
 +      -0.2647 * (normalized) settings
 +      -0.2861 * (normalized) setup
 +      -0.6254 * (normalized) shell
 +      -0.1107 * (normalized) should
 +       0.1853 * (normalized) shutdown
 +      -0.2567 * (normalized) simple
 +       0.0288 * (normalized) since
 +      -0.1182 * (normalized) single
 +      -0.0203 * (normalized) sink
 +      -0.1054 * (normalized) size
 +      -0.6522 * (normalized) skip
 +       0.5391 * (normalized) sleep
 +      -0.0885 * (normalized) so
 +       0.065  * (normalized) socket
 +      -0.1743 * (normalized) some
 +      -0.1179 * (normalized) somehost
 +      -0.2937 * (normalized) source
 +       0.11   * (normalized) specified
 +       0.251  * (normalized) spy
 +      -0.0303 * (normalized) src
 +      -0.2034 * (normalized) srowen@example
 +       0.2734 * (normalized) start
 +       0.112  * (normalized) starts
 +       0.488  * (normalized) stat
 +      -0.1185 * (normalized) status
 +       0.3532 * (normalized) still
 +       0.0439 * (normalized) stop
 +      -0.2068 * (normalized) store
 +      -0.6275 * (normalized) str
 +      -0.1681 * (normalized) stream
 +       0.1962 * (normalized) string
 +      -0.1093 * (normalized) stuff
 +      -0.0046 * (normalized) subject
 +      -0.2352 * (normalized) submit
 +      -0.051  * (normalized) successfully
 +       0.0256 * (normalized) sure
 +      -0.0972 * (normalized) system
 +      -0.1665 * (normalized) t
 +       0.8571 * (normalized) target
 +       0.256  * (normalized) task
 +      -0.4012 * (normalized) test
 +      -0.2311 * (normalized) test1
 +      -0.1698 * (normalized) test2
 +      -0.0994 * (normalized) testDir
 +      -0.051  * (normalized) testfile
 +      -0.2344 * (normalized) testing
 +       0.6417 * (normalized) tests
 +      -0.1867 * (normalized) text/plain
 +      -0.1412 * (normalized) than
 +      -0.0634 * (normalized) that
 +      -0.1202 * (normalized) the
 +       0.4386 * (normalized) then
 +       0.0408 * (normalized) thenReturn
 +       0.1635 * (normalized) there
 +      -0.1167 * (normalized) they
 +       0.2598 * (normalized) this
 +      -0.3926 * (normalized) thread
 +      -0.1101 * (normalized) threads
 +      -0.0075 * (normalized) throw
 +      -0.2602 * (normalized) thrown
 +       0.097  * (normalized) ticket
 +       0.1116 * (normalized) time
 +      -0.0011 * (normalized) timeout
 +       0.0535 * (normalized) timer
 +       0.1172 * (normalized) times
 +       0.1929 * (normalized) timestamp
 +      -0.4024 * (normalized) tmp
 +      -0.1302 * (normalized) to
 +       0.8852 * (normalized) toByteArray
 +       0.5234 * (normalized) toString
 +       0.1535 * (normalized) token
 +       0.0256 * (normalized) tokens
 +      -0.051  * (normalized) transfer
 +      -0.2058 * (normalized) trigger
 +       0.1132 * (normalized) true
 +      -0.7122 * (normalized) try
 +       0.0283 * (normalized) two
 +       0.1468 * (normalized) txt
 +       0.0185 * (normalized) type
 +      -0.2782 * (normalized) u
 +      -0.062  * (normalized) ugi
 +       0.2374 * (normalized) unchecked
 +      -0.1013 * (normalized) under
 +       0.0503 * (normalized) unknown
 +      -0.2852 * (normalized) unreliable
 +       0.0312 * (normalized) up
 +      -0.2508 * (normalized) update
 +       0.7461 * (normalized) url
 +       0.1859 * (normalized) use
 +       0.5654 * (normalized) user
 +       0.2437 * (normalized) user1
 +       0.192  * (normalized) user2
 +       0.0788 * (normalized) users
 +       0.3256 * (normalized) using
 +      -0.1003 * (normalized) valid
 +       0.0877 * (normalized) validate
 +      -0.0263 * (normalized) validation
 +      -0.3339 * (normalized) value
 +      -0.3793 * (normalized) value1
 +      -0.0197 * (normalized) value2
 +      -0.0958 * (normalized) value3
 +      -0.3292 * (normalized) values
 +       0.1037 * (normalized) verify
 +      -0.1444 * (normalized) verifyNoMoreInteractions
 +      -0.029  * (normalized) version
 +      -0.1307 * (normalized) via
 +       0.1636 * (normalized) wait
 +       0.7876 * (normalized) was
 +      -0.0082 * (normalized) we
 +       0.1041 * (normalized) were
 +      -0.0501 * (normalized) whatever
 +      -0.3932 * (normalized) when
 +      -0.1378 * (normalized) which
 +       0.3639 * (normalized) while
 +       0.6146 * (normalized) will
 +      -0.0445 * (normalized) with
 +      -0.0316 * (normalized) without
 +      -0.1121 * (normalized) work
 +       0.426  * (normalized) works
 +      -0.2482 * (normalized) wrap
 +       0.0929 * (normalized) write
 +       0.0578 * (normalized) writer
 +      -0.4293 * (normalized) x
 +      -0.1975 * (normalized) xml
 +      -0.604  * (normalized) zero
 +       0.1392 * (normalized) {}
 +       0.0499 * (normalized) ${coord
 +       0.0499 * (normalized) -1
 +       0.0107 * (normalized) -oozie
 +      -0.1213 * (normalized) //
 +       0.0339 * (normalized) //hcat
 +       0.2788 * (normalized) //localhost
 +       0      * (normalized) />
 +       0.0647 * (normalized) /b
 +       0.0044 * (normalized) /dt=20120430
 +       0.0471 * (normalized) /test
 +       0.0234 * (normalized) 0000000-
 +       0.0403 * (normalized) 00Z
 +       0.0238 * (normalized) 02
 +      -0.0071 * (normalized) 14
 +       0.0403 * (normalized) 2009-02-01
 +       0      * (normalized) 2009-02-01T01
 +       0.0403 * (normalized) 2009-03-06
 +       0.1061 * (normalized) 2009-06-24
 +       0.0103 * (normalized) 317
 +       0.1061 * (normalized) 323
 +      -0.0921 * (normalized) 43
 +       0.0499 * (normalized) 59
 +       0.0499 * (normalized) 59Z
 +       0.1061 * (normalized) 958
 +       0.0488 * (normalized) </configuration>
 +       0      * (normalized) </java>
 +      -0      * (normalized) </job-tracker>
 +      -0      * (normalized) </name-node>
 +       0      * (normalized) </prepare>
 +       0.0488 * (normalized) </property>
 +       0      * (normalized) <app-path>hdfs
 +       0.0488 * (normalized) <configuration>
 +      -0      * (normalized) <delete
 +       0      * (normalized) <java>
 +      -0      * (normalized) <job-tracker>
 +       0      * (normalized) <main-class>
 +      -0      * (normalized) <name-node>
 +       0      * (normalized) <prepare>
 +       0.0488 * (normalized) <property>
 +      -0      * (normalized) <worklfow-app/>
 +       0.1437 * (normalized) >
 +       0.1571 * (normalized) @
 +      -0      * (normalized) ABC
 +      -0      * (normalized) ABCD
 +       0.0406 * (normalized) AND
 +       0.7249 * (normalized) Action
 +      -0      * (normalized) Action1
 +      -0      * (normalized) Action2
 +      -0      * (normalized) Action3
 +      -0      * (normalized) Action4
 +      -0      * (normalized) Action5
 +       0.0339 * (normalized) Actions
 +       0.1955 * (normalized) After
 +       0.4516 * (normalized) App
 +       0.214  * (normalized) Attempt
 +       0.4588 * (normalized) Be
 +       0.1849 * (normalized) Bean
 +       0.5342 * (normalized) Block
 +      -0.0827 * (normalized) Blocks
 +       0.2468 * (normalized) Bundle
 +      -0      * (normalized) CLASSES
 +       0.6102 * (normalized) COLUMN_1
 +      -0.1439 * (normalized) Callable
 +      -0.0969 * (normalized) Case
 +       0.1797 * (normalized) Cat
 +      -0.1602 * (normalized) Char
 +      -0.1022 * (normalized) Child
 +       1.319  * (normalized) Cluster
 +       0.2902 * (normalized) Cmd
 +      -0.2876 * (normalized) Command
 +       0.2162 * (normalized) Commit
 +       0.4166 * (normalized) Constants
 +       0.2003 * (normalized) Coord
 +       0.0499 * (normalized) CoordELFunctions
 +       0.4297 * (normalized) Coordinator
 +       0.0278 * (normalized) CoordinatorAction
 +       0      * (normalized) CoordinatorJob
 +      -0.2903 * (normalized) Corrupt
 +       0.0227 * (normalized) Could
 +      -0.1829 * (normalized) Created
 +      -0.0456 * (normalized) Creation
 +      -0.024  * (normalized) DAY
 +      -0.0534 * (normalized) DEBUG
 +       1.2856 * (normalized) DFS
 +       0.6672 * (normalized) DFSConfigKeys
 +       0.1603 * (normalized) Dag
 +       0.1273 * (normalized) Datanode
 +       0.0403 * (normalized) DateUtils
 +       0.0143 * (normalized) Delete
 +       0.4323 * (normalized) Dependency
 +       0.2129 * (normalized) EAAAA//9
 +       0.6882 * (normalized) EL
 +       0.1432 * (normalized) ENABLED
 +      -0      * (normalized) END_
 +      -0      * (normalized) END_POINTS
 +       0.0191 * (normalized) End
 +       0.0679 * (normalized) Entity/insert_single_row
 +       0.0668 * (normalized) Eq
 +       0.387  * (normalized) ErrorCode
 +       0.0403 * (normalized) Evaluator
 +       0.2259 * (normalized) Events
 +       0.2901 * (normalized) Executor
 +      -0.1044 * (normalized) External
 +       0.2848 * (normalized) FAILED
 +      -0.2133 * (normalized) FILE_
 +       0.3731 * (normalized) FROM
 +       0.995  * (normalized) Feature
 +      -0.0959 * (normalized) Field
 +       0.1021 * (normalized) Fork
 +       0.6882 * (normalized) Functions
 +       0.4143 * (normalized) Given
 +       0.2455 * (normalized) H
 +      -0.0706 * (normalized) Hadoop
 +      -0.2229 * (normalized) HttpServletResponse
 +       0.0274 * (normalized) ID
 +      -0.1516 * (normalized) INFO
 +       0.2664 * (normalized) IOUtils
 +       0.0592 * (normalized) IS_
 +       0.0592 * (normalized) IS_SECURITY_ENABLED
 +       0.1939 * (normalized) Id1
 +       0.0026 * (normalized) Immutable
 +       0.0971 * (normalized) ImmutableMap
 +      -0      * (normalized) Insert
 +       0.1753 * (normalized) JMS
 +       0.0621 * (normalized) JSON
 +      -0.2032 * (normalized) Jar
 +       0.6782 * (normalized) Job
 +      -0      * (normalized) Job1
 +      -0      * (normalized) Job2
 +       0.1603 * (normalized) Jobs
 +      -0.3117 * (normalized) Join
 +       0.2129 * (normalized) KBAAAAP//
 +       0.1394 * (normalized) KILLED
 +       0.143  * (normalized) Kill
 +      -0.056  * (normalized) LOCAL_
 +       0.1239 * (normalized) Launcher
 +       0.3806 * (normalized) Lease
 +       0.3753 * (normalized) Lib
 +       0.3062 * (normalized) LocalOozie
 +      -0.1365 * (normalized) Locations
 +       0.3578 * (normalized) MINUTE
 +       0.558  * (normalized) MR
 +      -0.1688 * (normalized) Mapper
 +       0.0019 * (normalized) Mock
 +      -0      * (normalized) MockDagEngineService
 +       0.3975 * (normalized) Modified
 +      -0      * (normalized) Month
 +      -0.0336 * (normalized) Months
 +       0.8095 * (normalized) NN
 +       0      * (normalized) Namenode
 +      -0      * (normalized) Namesystem
 +      -0.0619 * (normalized) Nodes
 +       0.3743 * (normalized) Oozie
 +       0.0278 * (normalized) OozieClient
 +      -0      * (normalized) PING
 +      -0.02   * (normalized) POINTS
 +      -0.1401 * (normalized) Parent
 +       0.0292 * (normalized) Partition
 +       0      * (normalized) Pause
 +       0.0997 * (normalized) Pending
 +      -0.7157 * (normalized) Plus
 +      -0      * (normalized) Purge
 +       0.2129 * (normalized) QAAAD//0o
 +       0.2874 * (normalized) Queue
 +       0.0302 * (normalized) Quota
 +       0.0187 * (normalized) RUNNING
 +       0.3739 * (normalized) RandomUtils
 +      -0.1926 * (normalized) Record
 +       0.7333 * (normalized) Recovery
 +       0.388  * (normalized) Region
 +      -0.1604 * (normalized) Replication
 +      -0.4612 * (normalized) Report
 +       0.5929 * (normalized) Rest
 +       0.0592 * (normalized) RestConstants
 +       0.5257 * (normalized) Row
 +       0.1067 * (normalized) Run
 +       0.286  * (normalized) Running
 +      -0.0988 * (normalized) SECURITY_
 +       0.3855 * (normalized) SELECT
 +      -0.2132 * (normalized) SERVLET_
 +      -0      * (normalized) SERVLET_CLASSES
 +       0.3371 * (normalized) SIZE
 +       0.2589 * (normalized) SLA
 +       0.0884 * (normalized) SPDY3
 +       0.0884 * (normalized) STREAM
 +       0.0594 * (normalized) Schema
 +       0.4927 * (normalized) Script
 +       0.4342 * (normalized) Services
 +       0.2129 * (normalized) Sg
 +      -0.2696 * (normalized) Simple
 +       0.0679 * (normalized) SimpleEntity/insert_single_row
 +      -0.1656 * (normalized) Skip
 +       0.1884 * (normalized) Stack
 +       0.2218 * (normalized) Store
 +       0.0291 * (normalized) Str
 +       0.4398 * (normalized) Sub
 +       0      * (normalized) Submit
 +       0.0683 * (normalized) Success
 +      -0.0254 * (normalized) Successful
 +       0.0516 * (normalized) T00
 +       0.0403 * (normalized) T01
 +       0.0403 * (normalized) T10
 +       0.0499 * (normalized) T23
 +       0.032  * (normalized) TESTING
 +       0.0103 * (normalized) TOKEN-
 +       0.0884 * (normalized) TYPE_
 +       0.0403 * (normalized) TZ
 +       0.7587 * (normalized) Table
 +      -0.0504 * (normalized) Task
 +      -0.2819 * (normalized) Template
 +       0.0853 * (normalized) Then
 +       0.0099 * (normalized) Topic
 +       0.1526 * (normalized) Trace
 +      -0.3618 * (normalized) Tracker
 +       0.2291 * (normalized) UNIT_
 +      -0      * (normalized) UNIT_TESTING
 +       0.2027 * (normalized) USER
 +       0.0403 * (normalized) UTC
 +      -0.1169 * (normalized) Unexpected
 +       0.2589 * (normalized) Update
 +       0.3515 * (normalized) Variable
 +       0.5491 * (normalized) WF
 +       0.123  * (normalized) WHERE
 +      -0.1906 * (normalized) Waiting
 +       0.1021 * (normalized) Wf
 +       0.5829 * (normalized) Workflow
 +       0      * (normalized) WorkflowAction
 +       0      * (normalized) WorkflowInstance
 +      -0      * (normalized) WorkflowJob
 +       0.0499 * (normalized) Wrap
 +       0.2874 * (normalized) XML
 +       0.1628 * (normalized) Xml
 +       0.3639 * (normalized) XmlUtils
 +       0.6835 * (normalized) YEAR}/${
 +       0.0103 * (normalized) _
 +       0.4125 * (normalized) _test
 +       0.6038 * (normalized) action
 +       0.0153 * (normalized) actionId
 +       0      * (normalized) actionNum
 +      -0      * (normalized) actionXml
 +      -0.0031 * (normalized) actions
 +      -0.0944 * (normalized) actual
 +       0.1021 * (normalized) addNode
 +       0.1323 * (normalized) addRecordToBundleJobTable
 +      -0      * (normalized) addRecordToCoordActionTable
 +       0      * (normalized) addRecordToCoordJobTable
 +      -0      * (normalized) addRecordToWfActionTable
 +      -0      * (normalized) addRecordToWfJobTable
 +       0.2696 * (normalized) admin
 +       0.9602 * (normalized) ae
 +       0.0884 * (normalized) android
 +       0.2634 * (normalized) app
 +       0      * (normalized) appPath
 +       0.2898 * (normalized) articles
 +       0.405  * (normalized) attempt
 +       0.1031 * (normalized) available
 +       0.0884 * (normalized) banana
 +       0.9655 * (normalized) bean
 +      -0.5607 * (normalized) blocks
 +       0.0679 * (normalized) buildDateKey
 +       0.1208 * (normalized) bulk
 +       0.3853 * (normalized) bundle
 +       0.1243 * (normalized) callables
 +      -0.1067 * (normalized) catch
 +       0.2941 * (normalized) child
 +       0.0808 * (normalized) commit
 +       0.0391 * (normalized) consistencylist
 +      -0.0515 * (normalized) consumer
 +       0.1584 * (normalized) contain
 +       0.0592 * (normalized) content-type
 +       0.0278 * (normalized) coord
 +      -0      * (normalized) coord-action-get
 +       0      * (normalized) coordJobGetCmd
 +       0.2646 * (normalized) coordinator
 +       0.2861 * (normalized) corrupt
 +       0.0044 * (normalized) country=brazil
 +      -0      * (normalized) country=us
 +       0.0971 * (normalized) cql
 +       0.1625 * (normalized) createContext
 +       0.1882 * (normalized) createFile
 +       0.0592 * (normalized) createURL
 +       0.1976 * (normalized) creation
 +       0.3234 * (normalized) crud
 +       0.3171 * (normalized) currentTimeMillis
 +       0.0806 * (normalized) dat
 +      -0      * (normalized) datanode
 +       0      * (normalized) datanodes
 +      -0.0174 * (normalized) days
 +       0.0044 * (normalized) db
 +       0.0857 * (normalized) def
 +       0.3166 * (normalized) dfs
 +       0.0302 * (normalized) dn
 +       0.0796 * (normalized) dsl
 +      -0.2215 * (normalized) due
 +      -0.0987 * (normalized) dummy
 +       0.3501 * (normalized) each
 +      -0.0336 * (normalized) end=
 +      -0.0336 * (normalized) endTime
 +       0.4934 * (normalized) enqueue
 +       0      * (normalized) enters
 +       0.0499 * (normalized) eval
 +       0.0499 * (normalized) evalAndWrap
 +       0.3195 * (normalized) evaluate
 +       0.5191 * (normalized) event
 +       0.0078 * (normalized) events
 +       0.0971 * (normalized) executeScriptTemplate
 +       0.0499 * (normalized) expr
 +      -0.0729 * (normalized) f2
 +       0.3597 * (normalized) fails
 +       0.1122 * (normalized) false
 +       0.2867 * (normalized) file1
 +      -0.1984 * (normalized) file2
 +      -0      * (normalized) four
 +       0.0796 * (normalized) fromBaseTable
 +       0.3621 * (normalized) getConf
 +       0.0107 * (normalized) getContextURL
 +       0.387  * (normalized) getErrorCode
 +       1.0899 * (normalized) getFileSystem
 +       0.2525 * (normalized) getFsTestCaseDir
 +      -0.0854 * (normalized) getHeaderField
 +       0.1129 * (normalized) getId
 +      -0      * (normalized) getJobTrackerUri
 +       0      * (normalized) getNameNodeUri
 +       0      * (normalized) getNamesystem
 +      -0      * (normalized) getResourceAsReader
 +      -0.0008 * (normalized) getResponseCode
 +       0.2225 * (normalized) getStatus
 +       0.0709 * (normalized) getTestCaseDir
 +       0.2525 * (normalized) getTestUser
 +      -0.0825 * (normalized) getTime
 +       0.2429 * (normalized) getUrl
 +       0.2209 * (normalized) half
 +       0.2136 * (normalized) hcat
 +      -0.1432 * (normalized) here
 +       0.2292 * (normalized) hflush
 +      -0.0174 * (normalized) hours
 +       0.2601 * (normalized) i
 +       0.4202 * (normalized) index
 +      -0.0357 * (normalized) insert
 +      -0.2486 * (normalized) instance
 +      -0.1339 * (normalized) isEqualTo
 +       0.1947 * (normalized) jar
 +       0.1753 * (normalized) jms
 +       0.4427 * (normalized) job
 +      -0      * (normalized) job1
 +      -0      * (normalized) job2
 +       0.0488 * (normalized) jobConf
 +       0.1603 * (normalized) jobId
 +       0.3817 * (normalized) jpa
 +       0.1175 * (normalized) jpaService
 +      -0.1488 * (normalized) json
 +       0.2315 * (normalized) k
 +       0.1594 * (normalized) kill
 +       0.0096 * (normalized) latest
 +      -0.2358 * (normalized) launcher
 +       0.1257 * (normalized) lease
 +       0.1111 * (normalized) level
 +      -0.0255 * (normalized) manager
 +      -0.2527 * (normalized) mapred
 +       0.1239 * (normalized) mapreduce
 +       0.3684 * (normalized) mkdir
 +      -0.133  * (normalized) name=
 +       0.0992 * (normalized) namenode
 +       0.1753 * (normalized) naming
 +       0.0927 * (normalized) nextLong
 +       0.6605 * (normalized) numDataNodes
 +       0.0476 * (normalized) offset
 +       0.948  * (normalized) oozie
 +       0.0107 * (normalized) oozieUrl
 +      -0.0335 * (normalized) openConnection
 +       0.1496 * (normalized) oryx
 +       0.3888 * (normalized) os
 +      -0.295  * (normalized) params
 +       0.0403 * (normalized) parseDateOozieTZ
 +       0.3526 * (normalized) parseXml
 +       0.1202 * (normalized) parser
 +       0      * (normalized) path=
 +       0      * (normalized) pause
 +       0.0339 * (normalized) pdms
 +       0.2541 * (normalized) peer
 +      -0.081  * (normalized) permission
 +      -0.2008 * (normalized) ping
 +       0.6438 * (normalized) play
 +       0.3618 * (normalized) post
 +       0.0877 * (normalized) printStackTrace
 +      -0.1171 * (normalized) proxyuser
 +       0.2182 * (normalized) queueservice
 +      -0.4001 * (normalized) rack
 +      -0.0493 * (normalized) re
 +       0.1573 * (normalized) recovery
 +       0.4634 * (normalized) region
 +       0      * (normalized) region=us
 +       0.4389 * (normalized) regions
 +       0.2307 * (normalized) replica
 +       0.0554 * (normalized) replicas
 +      -0.0128 * (normalized) replication
 +       0.0352 * (normalized) resolved
 +       0.2597 * (normalized) resource
 +       0.3927 * (normalized) ret
 +       0.1681 * (normalized) root
 +      -0.194  * (normalized) row
 +       0.557  * (normalized) rows
 +       0.7243 * (normalized) runTest
 +      -0.0751 * (normalized) running
 +       0      * (normalized) sc
 +      -0.0609 * (normalized) script
 +       0.0971 * (normalized) scriptExecutor
 +       0.1729 * (normalized) setBody
 +      -0.1972 * (normalized) setBoolean
 +      -0.0511 * (normalized) setProperty
 +       0.0592 * (normalized) setRequestMethod
 +       0.611  * (normalized) setSystemProperty
 +       0.0187 * (normalized) signal
 +       0.0391 * (normalized) simpleset
 +       0.1175 * (normalized) sla
 +      -0.3012 * (normalized) snapshot
 +       0.1968 * (normalized) something
 +       0.0299 * (normalized) space
 +      -0.0792 * (normalized) split
 +       0.1353 * (normalized) startTime
 +       0.4795 * (normalized) startsWith
 +       0.9202 * (normalized) state
 +       0.2461 * (normalized) stm
 +       0.1496 * (normalized) streaming
 +       0.5164 * (normalized) substring
 +      -0      * (normalized) subwf
 +      -0.0356 * (normalized) succeed
 +      -0.0971 * (normalized) support
 +       0.547  * (normalized) table
 +       0.0044 * (normalized) tablename
 +       0.0622 * (normalized) take
 +       0.0899 * (normalized) three
 +       0.6535 * (normalized) toBytes
 +       0.4205 * (normalized) uri
 +       0.3431 * (normalized) waitActive
 +       0.1958 * (normalized) waitFor
 +       0.1988 * (normalized) wc
 +       0.0722 * (normalized) wf
 +      -0.2457 * (normalized) what
 +      -0.0618 * (normalized) where
 +       0.6034 * (normalized) workflow
 +       0.1321 * (normalized) writeFile
 +       0.3121 * (normalized) xmlns=
 +       0.2683 * (normalized) {
 +       0.2802 * (normalized) }
 -       1.0468

Number of kernel evaluations: 2398670 (93.884% cached)



Time taken to build model: 4.03 seconds

=== Evaluation on test split ===

Time taken to test model on test split: 0.04 seconds

=== Summary ===

Correctly Classified Instances         516               91.9786 %
Incorrectly Classified Instances        45                8.0214 %
Kappa statistic                          0.8395
Mean absolute error                      0.0802
Root mean squared error                  0.2832
Relative absolute error                 16.0422 %
Root relative squared error             56.6416 %
Total Number of Instances              561     

=== Detailed Accuracy By Class ===

                 TP Rate  FP Rate  Precision  Recall   F-Measure  MCC      ROC Area  PRC Area  Class
                 0.910    0.070    0.926      0.910    0.918      0.840    0.920     0.887     Non_Flakey
                 0.930    0.090    0.913      0.930    0.921      0.840    0.920     0.885     Flakey
Weighted Avg.    0.920    0.080    0.920      0.920    0.920      0.840    0.920     0.886     

=== Confusion Matrix ===

   a   b   <-- classified as
 252  25 |   a = Non_Flakey
  20 264 |   b = Flakey


