=== Run information ===

Scheme:       weka.classifiers.functions.SMO -C 1.0 -L 0.001 -P 1.0E-12 -N 0 -V -1 -W 1 -K "weka.classifiers.functions.supportVector.PolyKernel -E 1.0 -C 250007" -calibrator "weka.classifiers.functions.Logistic -R 1.0E-8 -M -1 -num-decimal-places 4"
Relation:     _home_supun_Documents_wekafiles_dataset2_Tokens_arff_docs__home_supun_Documents_wekafiles_dataset2_LOC-weka.filters.unsupervised.attribute.Remove-R2_java_keywords.arff-weka.filters.unsupervised.attribute.Remove-R3-weka.filters.unsupervised.attribute.Remove-R2-weka.filters.unsupervised.attribute.StringToWordVector-R1-W1000-prune-rate-1.0-N0-stemmerweka.core.stemmers.SnowballStemmer-stopwords-handlerweka.core.stopwords.MultiStopwords-M1-tokenizerweka.core.tokenizers.WordTokenizer -delimiters " \r\n\t.,;:\'\"()?!"
Instances:    2804
Attributes:   1608
              [list of attributes omitted]
Test mode:    split 80.0% train, remainder test

=== Classifier model (full training set) ===

SMO

Kernel used:
  Linear Kernel: K(x,y) = <x,y>

Classifier for classes: Non_Flakey, Flakey

BinarySMO

Machine linear: showing attribute weights, not support vectors.

        -0.2614 * (normalized) assert_keyword
 +       0.1565 * (normalized) boolean_keyword
 +       0.1964 * (normalized) catch_keyword
 +      -0.0694 * (normalized) class_keyword
 +       0.136  * (normalized) default_keyword
 +       0.2481 * (normalized) do_keyword
 +      -0.0024 * (normalized) double_keyword
 +      -0.2036 * (normalized) else_keyword
 +      -0.2337 * (normalized) extends_keyword
 +      -0.8164 * (normalized) final_keyword
 +       0.016  * (normalized) finally_keyword
 +       0.0343 * (normalized) float_keyword
 +       0.0403 * (normalized) for_keyword
 +       0.5951 * (normalized) if_keyword
 +      -0.1033 * (normalized) implements_keyword
 +       0.1308 * (normalized) instanceof_keyword
 +      -0.045  * (normalized) int_keyword
 +      -0.0796 * (normalized) long_keyword
 +       0.1142 * (normalized) modules_keyword
 +      -0.0178 * (normalized) native_keyword
 +      -0.1258 * (normalized) new_keyword
 +       0.1427 * (normalized) private_keyword
 +       0.0124 * (normalized) protected_keyword
 +      -0.0808 * (normalized) public_keyword
 +       0      * (normalized) requires_keyword
 +       0.0841 * (normalized) return_keyword
 +      -0.1192 * (normalized) short_keyword
 +      -0.1017 * (normalized) static_keyword
 +       0.017  * (normalized) synchronized_keyword
 +      -0.107  * (normalized) this_keyword
 +       0.1798 * (normalized) throw_keyword
 +       0.9454 * (normalized) throws_keyword
 +       0.1784 * (normalized) try_keyword
 +      -0.2451 * (normalized) void_keyword
 +      -0.1033 * (normalized) volatile_keyword
 +       0.1154 * (normalized) while_keyword
 +       0.1083 * (normalized) null_keyword
 +      -0.2572 * (normalized) false_keyword
 +      -0.0969 * (normalized) keywordcount
 +      -0.0722 * (normalized) #
 +      -0.1981 * (normalized) %d
 +       0.2798 * (normalized) %s
 +       0.1583 * (normalized) &
 +      -0.0086 * (normalized) *
 +      -0.2578 * (normalized) +
 +      -0.1325 * (normalized) +12125551212
 +      -0.2006 * (normalized) -
 +      -0.0557 * (normalized) -t
 +      -0.0896 * (normalized) /
 +      -0.2987 * (normalized) ///
 +       0.0672 * (normalized) //google
 +      -0.2446 * (normalized) //host
 +      -0.3944 * (normalized) /bar
 +      -0.0805 * (normalized) /bin/bash
 +      -0.1534 * (normalized) /foo
 +      -0.2786 * (normalized) /foo/bar
 +      -0.0406 * (normalized) /log/debug-old-2010-08-10
 +      -0.0415 * (normalized) /stuff
 +      -0.1743 * (normalized) 0
 +       0.0087 * (normalized) 00
 +      -0.1019 * (normalized) 01
 +       0.3923 * (normalized) 1
 +       0.1583 * (normalized) 10
 +      -0.1346 * (normalized) 103
 +       0.3997 * (normalized) 11
 +      -0.1346 * (normalized) 112
 +      -0.1346 * (normalized) 119
 +      -0.0769 * (normalized) 12
 +      -0.5508 * (normalized) 123
 +      -0.2094 * (normalized) 12345
 +      -0.2079 * (normalized) 127
 +      -0      * (normalized) 129
 +       0.0424 * (normalized) 13
 +      -0.0982 * (normalized) 2
 +      -0.2903 * (normalized) 20
 +      -0.118  * (normalized) 200
 +      -0.0171 * (normalized) 21
 +      -0.1346 * (normalized) 221
 +      -0.1864 * (normalized) 222
 +       0.1991 * (normalized) 3
 +      -0.31   * (normalized) 4
 +      -0.2651 * (normalized) 5
 +       0.0056 * (normalized) 50
 +       0.0388 * (normalized) 59
 +      -0.0084 * (normalized) 6
 +      -0.1159 * (normalized) 7
 +      -0.3092 * (normalized) 8
 +      -0.0822 * (normalized) 9
 +      -0.0171 * (normalized) 91
 +      -0.0432 * (normalized) =
 +       0.2248 * (normalized) =>
 +       0.0558 * (normalized) >
 +       0.1459 * (normalized) \
 +       0.2606 * (normalized) a
 +      -0.0683 * (normalized) abc
 +      -0.1529 * (normalized) absolute
 +       0.1034 * (normalized) ac
 +       0.1971 * (normalized) accept
 +      -0.0904 * (normalized) access
 +      -0.1317 * (normalized) acl
 +       0.2258 * (normalized) active
 +      -0.1804 * (normalized) actual
 +      -0.3309 * (normalized) adapter
 +      -0.0751 * (normalized) add
 +       0.1403 * (normalized) added
 +       0.2103 * (normalized) addheader
 +       0.0001 * (normalized) addr
 +      -0.3819 * (normalized) addresource
 +       0.2532 * (normalized) address
 +      -0.4162 * (normalized) advance
 +       0.1463 * (normalized) after
 +       0.1816 * (normalized) again
 +      -0      * (normalized) alias
 +      -0.3377 * (normalized) alive
 +       0.5138 * (normalized) all
 +       0.5444 * (normalized) allocate
 +       0.2562 * (normalized) allowed
 +      -0.2413 * (normalized) already
 +      -0.1726 * (normalized) also
 +      -0.0935 * (normalized) alternate
 +      -0.0935 * (normalized) alternateauthentication
 +      -0.3071 * (normalized) an
 +       0.22   * (normalized) and
 +      -0.1333 * (normalized) another
 +      -0.4434 * (normalized) answer
 +      -0.1197 * (normalized) any
 +      -0.2687 * (normalized) anystring
 +      -0.0942 * (normalized) apache
 +       0.3366 * (normalized) app
 +      -0.5172 * (normalized) append
 +       0.27   * (normalized) appender
 +       0.0632 * (normalized) application/json
 +      -0.288  * (normalized) apply
 +      -0.0386 * (normalized) are
 +      -0.0223 * (normalized) arg
 +       0.1792 * (normalized) args
 +      -0.0771 * (normalized) args1
 +      -0.1863 * (normalized) argument
 +      -0.2347 * (normalized) argumentmatchers
 +      -0.2168 * (normalized) arguments
 +      -0.1323 * (normalized) array
 +      -0.1409 * (normalized) arrays
 +       0.223  * (normalized) as
 +      -0.359  * (normalized) ascii
 +       0.8407 * (normalized) aslist
 +      -0.2128 * (normalized) assert
 +      -0.2055 * (normalized) assertarrayequals
 +       0.3574 * (normalized) assertequals
 +       0.0228 * (normalized) assertfalse
 +       0.1247 * (normalized) assertnotnull
 +       0.2769 * (normalized) assertnull
 +      -0.5159 * (normalized) assertsame
 +      -0.0842 * (normalized) assertthat
 +       0.3242 * (normalized) asserttrue
 +      -0.1031 * (normalized) assume
 +      -0.1954 * (normalized) async
 +      -0.3109 * (normalized) at
 +      -0.1579 * (normalized) attribute
 +       0      * (normalized) attributes
 +       0.5147 * (normalized) auth
 +       0.8055 * (normalized) authenticate
 +       0.2914 * (normalized) authenticated
 +      -0.2759 * (normalized) authentication
 +       0.1604 * (normalized) authority
 +      -0.0219 * (normalized) authorization
 +      -0.733  * (normalized) authorized
 +       0.1263 * (normalized) available
 +       0.4552 * (normalized) avg
 +      -0.4826 * (normalized) await
 +       0.2224 * (normalized) b
 +      -0.2035 * (normalized) back
 +      -0.4399 * (normalized) bad
 +       0.1873 * (normalized) bar
 +      -0.2572 * (normalized) barrier
 +       0.1117 * (normalized) base
 +      -0.0805 * (normalized) based
 +       0.0916 * (normalized) basic
 +      -0.1012 * (normalized) be
 +      -0.2875 * (normalized) because
 +      -0.4236 * (normalized) become
 +      -0.0704 * (normalized) been
 +       0.1278 * (normalized) before
 +      -0.2718 * (normalized) begin
 +      -0.0507 * (normalized) bind
 +      -0.3275 * (normalized) bit
 +      -0      * (normalized) bits
 +      -0.0135 * (normalized) blah
 +       0.9648 * (normalized) block
 +      -0.2909 * (normalized) blocked
 +      -0.3673 * (normalized) bob
 +       0.3342 * (normalized) body
 +      -0.0129 * (normalized) boolean
 +       0.1672 * (normalized) both
 +       0.6323 * (normalized) bound
 +       0.0599 * (normalized) buf
 +       0.2658 * (normalized) buffer
 +      -0.143  * (normalized) build
 +      -0.282  * (normalized) builder
 +       0.0986 * (normalized) but
 +      -0.3966 * (normalized) by
 +       0.0198 * (normalized) byte
 +      -0.1832 * (normalized) bytebuffer
 +      -0.1433 * (normalized) bytes
 +      -0.0719 * (normalized) bytesread
 +       0.0856 * (normalized) c
 +      -0.2704 * (normalized) c1
 +       0.158  * (normalized) cache
 +      -0.0033 * (normalized) calendar
 +      -0.2236 * (normalized) call
 +      -0.1513 * (normalized) callback
 +       0.348  * (normalized) called
 +       0.3581 * (normalized) calls
 +      -0.2805 * (normalized) can
 +      -0.0551 * (normalized) cancel
 +       0.0716 * (normalized) capacity
 +      -0.133  * (normalized) captor
 +      -0.1084 * (normalized) capture
 +       0.006  * (normalized) case
 +      -0.2483 * (normalized) cause
 +       0.3737 * (normalized) chain
 +       0.1517 * (normalized) change
 +      -0.1457 * (normalized) changed
 +      -0.2896 * (normalized) channel
 +      -0.0209 * (normalized) char
 +      -0.1639 * (normalized) character
 +      -0.3312 * (normalized) charset
 +      -0.0994 * (normalized) charsets
 +      -0      * (normalized) chbuffer
 +      -0.0722 * (normalized) check
 +       0.145  * (normalized) checksum
 +       0.0515 * (normalized) child
 +      -0.4498 * (normalized) chunked
 +       0.2229 * (normalized) class
 +       0.2057 * (normalized) cleanup
 +       0.0539 * (normalized) clear
 +      -0.0011 * (normalized) client
 +       0.1566 * (normalized) close
 +      -0.0554 * (normalized) closed
 +      -0.0171 * (normalized) closest
 +       1.3157 * (normalized) cluster
 +       0.3785 * (normalized) code
 +      -0.4515 * (normalized) codec
 +      -0.0719 * (normalized) codectestutils
 +       0      * (normalized) coder
 +      -0.3816 * (normalized) coding
 +       0.1144 * (normalized) collections
 +       0.0115 * (normalized) com
 +       0.1493 * (normalized) command
 +      -0.3064 * (normalized) common
 +      -0.2784 * (normalized) commonconfigurationkeys
 +       0.2639 * (normalized) compare
 +      -0.153  * (normalized) complete
 +       0.0455 * (normalized) completed
 +       0      * (normalized) compress
 +      -0.397  * (normalized) compression
 +      -0.3376 * (normalized) compute
 +      -0.1361 * (normalized) conf
 +       0.3093 * (normalized) config
 +      -0.4319 * (normalized) configuration
 +       0.0416 * (normalized) configured
 +      -0.1401 * (normalized) conn
 +       0.537  * (normalized) connect
 +       0.3203 * (normalized) connection
 +      -0.0605 * (normalized) connections
 +      -0.195  * (normalized) constant
 +       0.2903 * (normalized) consume
 +      -0.4615 * (normalized) consumed
 +       0.002  * (normalized) contains
 +      -0.1087 * (normalized) content
 +      -0.217  * (normalized) contents
 +      -0.0722 * (normalized) contenttype
 +      -0.4705 * (normalized) context
 +      -0.0576 * (normalized) controller
 +      -0.1419 * (normalized) convert
 +       0.0282 * (normalized) cookie
 +       0.1605 * (normalized) cookies
 +       0.1707 * (normalized) copy
 +      -0.3987 * (normalized) core
 +       0.0632 * (normalized) corematchers
 +       0.2247 * (normalized) correct
 +       0.0128 * (normalized) correctly
 +       0.0712 * (normalized) count
 +       0.8247 * (normalized) counter
 +       0.0759 * (normalized) cpu
 +       0.0352 * (normalized) crc
 +       0.1521 * (normalized) create
 +      -0.1252 * (normalized) created
 +      -0.0462 * (normalized) createremoteuser
 +      -0.0255 * (normalized) credential1
 +       0      * (normalized) credentials
 +       0      * (normalized) creds
 +       0      * (normalized) csrf
 +      -0.0447 * (normalized) current
 +       0.4397 * (normalized) currenttimemillis
 +       0.0859 * (normalized) custom
 +      -0.1616 * (normalized) d
 +      -0.5212 * (normalized) daemon
 +      -0.4198 * (normalized) data
 +       0.259  * (normalized) date
 +       0.1533 * (normalized) de
 +      -0.3821 * (normalized) decode
 +       0.3648 * (normalized) decoder
 +      -0.2215 * (normalized) decoding
 +      -0.0024 * (normalized) decrypt
 +      -0.493  * (normalized) default
 +      -0.0783 * (normalized) delegation
 +      -0.1829 * (normalized) delete
 +      -0.2356 * (normalized) deleted
 +      -0.2484 * (normalized) deprecation
 +      -0.1075 * (normalized) desc
 +      -0.3529 * (normalized) description
 +       0.2709 * (normalized) destroy
 +      -0.1596 * (normalized) details
 +       0.0071 * (normalized) did
 +      -0.4301 * (normalized) didn
 +       0.1138 * (normalized) different
 +       0.2368 * (normalized) dir
 +       0.0531 * (normalized) directories
 +       0.0553 * (normalized) directory
 +      -0.2054 * (normalized) disabled
 +      -0.392  * (normalized) disk
 +      -0.1337 * (normalized) do
 +      -0.1073 * (normalized) doas
 +       0.2437 * (normalized) does
 +       0.0672 * (normalized) domain
 +      -0.0083 * (normalized) don
 +       0.2477 * (normalized) done
 +      -0.1551 * (normalized) double
 +       0.0387 * (normalized) down
 +      -0.1864 * (normalized) drwho
 +      -0.42   * (normalized) dst
 +      -0      * (normalized) dtstart
 +      -0.0652 * (normalized) dummy
 +      -0.3009 * (normalized) dump
 +      -0.0667 * (normalized) duration
 +      -0.2547 * (normalized) dynamic
 +      -0.0131 * (normalized) e
 +      -0.5172 * (normalized) ec
 +      -0.8272 * (normalized) echo
 +      -0.0024 * (normalized) eek
 +      -0.0024 * (normalized) ek
 +      -0.0413 * (normalized) election
 +      -0.7693 * (normalized) elector
 +       0.2891 * (normalized) element
 +       0.6496 * (normalized) elements
 +       0.2013 * (normalized) email
 +      -0.1049 * (normalized) empty
 +       0.1533 * (normalized) en
 +       0.5275 * (normalized) enabled
 +       0.0438 * (normalized) encode
 +      -0.4187 * (normalized) encoded
 +       0.2819 * (normalized) encoder
 +      -0.3458 * (normalized) encoding
 +      -0.0024 * (normalized) encrypted
 +      -0.0024 * (normalized) encryption
 +      -0.1966 * (normalized) end
 +      -0.3819 * (normalized) endconfig
 +      -0.0666 * (normalized) endpoint
 +      -0.4522 * (normalized) engine
 +      -0.2169 * (normalized) ensure
 +       0.0806 * (normalized) entity
 +       0.0003 * (normalized) entries
 +      -0.3434 * (normalized) entry
 +      -0.1333 * (normalized) enum
 +       0.4368 * (normalized) eq
 +      -0.2323 * (normalized) equal
 +      -0.0813 * (normalized) equals
 +      -0.1206 * (normalized) equalto
 +      -0.0626 * (normalized) error
 +       0.2449 * (normalized) errors
 +      -0.013  * (normalized) etag
 +       0.7075 * (normalized) event
 +      -0.416  * (normalized) every
 +      -0.1967 * (normalized) ex
 +      -0.4717 * (normalized) example
 +       0.0114 * (normalized) exception
 +      -0.0061 * (normalized) exceptions
 +       0.2383 * (normalized) exclude
 +      -0.2049 * (normalized) excluded
 +       0.2565 * (normalized) execute
 +       0.1834 * (normalized) executor
 +      -0.2026 * (normalized) executors
 +       0.1053 * (normalized) exist
 +       0.0053 * (normalized) existing
 +       0.0857 * (normalized) exists
 +      -0.376  * (normalized) exit
 +      -0.2591 * (normalized) expect
 +       0.0593 * (normalized) expectations
 +      -0.1155 * (normalized) expected
 +       0.5922 * (normalized) expiration
 +      -0.6539 * (normalized) expire
 +      -0.5084 * (normalized) expired
 +      -0.0921 * (normalized) external
 +      -0.3486 * (normalized) extra
 +      -0.4197 * (normalized) f
 +       0.1229 * (normalized) f1
 +       0.0921 * (normalized) factory
 +       0.618  * (normalized) fail
 +      -0.0885 * (normalized) failed
 +       0.0047 * (normalized) failover
 +       0.216  * (normalized) fails
 +      -0.1954 * (normalized) failure
 +       0.0987 * (normalized) fake
 +      -0.1491 * (normalized) false
 +      -0.0264 * (normalized) fchannel
 +      -0.1682 * (normalized) field
 +       0.0577 * (normalized) fields
 +       0.2503 * (normalized) file
 +      -0.3121 * (normalized) file2
 +      -0.0944 * (normalized) file_
 +       0.1088 * (normalized) filename
 +       0.1421 * (normalized) files
 +      -0.3182 * (normalized) filesystem
 +      -0.1015 * (normalized) fill
 +       0.4713 * (normalized) filter
 +       0.065  * (normalized) filters
 +      -0.1296 * (normalized) final
 +      -0.1399 * (normalized) find
 +       0.3293 * (normalized) finish
 +       0.1446 * (normalized) first
 +      -0.1655 * (normalized) fixed
 +       0.1411 * (normalized) flash
 +      -0.1063 * (normalized) float
 +       0.4247 * (normalized) flush
 +      -0.0862 * (normalized) foo
 +       0.1915 * (normalized) foo2
 +       0.171  * (normalized) for
 +      -0.114  * (normalized) format
 +      -0.2346 * (normalized) found
 +      -0.096  * (normalized) fragment
 +       0.1877 * (normalized) frame
 +      -0.4799 * (normalized) framework
 +       0.2186 * (normalized) from
 +      -0.0854 * (normalized) fs
 +       0.0921 * (normalized) full
 +      -0.1004 * (normalized) future
 +      -0.0543 * (normalized) future1
 +      -0.0543 * (normalized) future2
 +      -0.007  * (normalized) g
 +       0.2968 * (normalized) g1
 +       0.1822 * (normalized) g3
 +      -0.2452 * (normalized) gauge
 +       0.423  * (normalized) gc
 +       0.0827 * (normalized) generate
 +      -0.8351 * (normalized) generic
 +      -0.7731 * (normalized) generictestutils
 +       0.2632 * (normalized) get
 +      -0.0816 * (normalized) getbytes
 +      -0.0348 * (normalized) getbytestransferred
 +      -0.2483 * (normalized) getcause
 +       0.2725 * (normalized) getclass
 +      -0.5147 * (normalized) getcurrentuser
 +      -0.0062 * (normalized) getentity
 +      -0.1198 * (normalized) getfilestatus
 +       0.1515 * (normalized) getgroups
 +      -0.0937 * (normalized) getheader
 +      -0.4126 * (normalized) getinitparameter
 +       0.3173 * (normalized) getinputstream
 +      -0.0664 * (normalized) getinstance
 +      -0.138  * (normalized) getlocal
 +      -0.1012 * (normalized) getlocalport
 +       0.0446 * (normalized) getmessage
 +      -0.0388 * (normalized) getmethod
 +      -0.3405 * (normalized) getname
 +       0.0271 * (normalized) getparameter
 +       0.2691 * (normalized) getpath
 +       0.0145 * (normalized) gettime
 +       0.2937 * (normalized) getvalue
 +      -0.026  * (normalized) gid
 +      -0.013  * (normalized) gmt
 +      -0.2045 * (normalized) go
 +      -0.1189 * (normalized) good
 +       0.3094 * (normalized) google
 +       0.0859 * (normalized) got
 +      -0.0805 * (normalized) grid
 +      -0.3312 * (normalized) group
 +      -0.2172 * (normalized) group1
 +      -0.0739 * (normalized) group2
 +       0.4733 * (normalized) group_
 +      -0.2467 * (normalized) groups
 +       0.0052 * (normalized) gz
 +      -0.0218 * (normalized) gzip
 +       0.1891 * (normalized) h
 +      -0.1145 * (normalized) h1
 +      -0.1145 * (normalized) h2
 +      -0.4485 * (normalized) hadoop
 +      -0.0928 * (normalized) handle
 +      -0.1232 * (normalized) handler
 +      -0.0204 * (normalized) handshake
 +      -0.5762 * (normalized) har
 +       0.0673 * (normalized) has
 +       0.0067 * (normalized) hash
 +      -0.2327 * (normalized) have
 +       0.8932 * (normalized) hdfs
 +      -0.0742 * (normalized) head
 +       0.0587 * (normalized) header
 +      -0.274  * (normalized) headers
 +      -0.4362 * (normalized) health
 +      -0.3121 * (normalized) healthy
 +      -0.4623 * (normalized) hello
 +      -0.3507 * (normalized) helper
 +      -0.0187 * (normalized) hook
 +      -0.7523 * (normalized) host
 +       0.0556 * (normalized) host1
 +       0.0083 * (normalized) host2
 +      -0.1722 * (normalized) host3
 +      -0.1722 * (normalized) host4
 +       0.615  * (normalized) hostname
 +      -0.0929 * (normalized) hosts
 +       0.1721 * (normalized) html
 +      -0.2154 * (normalized) http
 +      -0.0645 * (normalized) http/1
 +      -0.1378 * (normalized) httprocessor
 +      -0.3302 * (normalized) https
 +      -0.4765 * (normalized) httpservletresponse
 +      -0.0216 * (normalized) httpstatus
 +       0.4856 * (normalized) i
 +       0.3664 * (normalized) id
 +      -0.1065 * (normalized) if
 +      -0.0159 * (normalized) illegal
 +      -0.1133 * (normalized) illegalargumentexception
 +      -0.1555 * (normalized) image
 +      -0.167  * (normalized) impl
 +      -0.1456 * (normalized) in
 +      -0.149  * (normalized) inbuf
 +      -0.0065 * (normalized) include
 +       0.1409 * (normalized) includes
 +       0.1433 * (normalized) incorrect
 +       0.375  * (normalized) index
 +       0.2101 * (normalized) info
 +       0.3129 * (normalized) information
 +      -0.1069 * (normalized) init
 +      -0.1253 * (normalized) initial
 +      -1.0899 * (normalized) initialize
 +       0.0246 * (normalized) injector
 +      -0.1816 * (normalized) input
 +      -0.5627 * (normalized) inputstream
 +      -0.287  * (normalized) instance
 +      -0.3793 * (normalized) int
 +      -0.1345 * (normalized) integer
 +      -0.24   * (normalized) interactions
 +      -0.1084 * (normalized) intercept
 +      -0.0257 * (normalized) interceptor
 +      -0.2818 * (normalized) internal
 +      -0.5593 * (normalized) interrupt
 +      -0.3008 * (normalized) interrupted
 +       0.1306 * (normalized) interval
 +      -0.1431 * (normalized) into
 +      -0.4131 * (normalized) invalid
 +      -0.7618 * (normalized) invocation
 +       0.3166 * (normalized) invoke
 +      -0.0234 * (normalized) io
 +      -0.3026 * (normalized) ioe
 +      -0.0989 * (normalized) ioexception
 +       0.2475 * (normalized) ip
 +      -0.1987 * (normalized) ips
 +      -0.0794 * (normalized) is
 +      -0.0264 * (normalized) iscompleted
 +      -0.6523 * (normalized) isempty
 +       0.3941 * (normalized) isequalto
 +       0.3104 * (normalized) it
 +      -0.3726 * (normalized) item
 +       0.2044 * (normalized) items
 +      -0.3018 * (normalized) iterator
 +      -0.1444 * (normalized) its
 +      -0.3884 * (normalized) j
 +      -0.2333 * (normalized) jar
 +       0.066  * (normalized) java
 +      -0.1879 * (normalized) jetty
 +      -0.2888 * (normalized) jks
 +       0.2018 * (normalized) jmx
 +       0.0915 * (normalized) join
 +      -0.2715 * (normalized) json
 +      -0.0935 * (normalized) jwt
 +       0.2987 * (normalized) k
 +      -0.091  * (normalized) k1
 +      -0.089  * (normalized) kdc
 +      -0.0735 * (normalized) kerberos
 +      -0.1938 * (normalized) key
 +      -0.1093 * (normalized) key1
 +      -0.0645 * (normalized) key2
 +       0.1757 * (normalized) keys
 +      -0.2303 * (normalized) keytab
 +      -0.2962 * (normalized) kind
 +      -0.0922 * (normalized) kms
 +      -0.1991 * (normalized) kp
 +       0.4714 * (normalized) l
 +       0.1823 * (normalized) lang
 +       0.1533 * (normalized) language
 +      -0.1849 * (normalized) last
 +       0.176  * (normalized) ldap
 +       0.6718 * (normalized) lease
 +      -0.34   * (normalized) least
 +      -0.0245 * (normalized) len
 +      -0.1638 * (normalized) length
 +       0.0415 * (normalized) let
 +      -0.5307 * (normalized) level
 +       0.0943 * (normalized) line
 +      -0.6027 * (normalized) link
 +      -0.0269 * (normalized) list
 +      -0.4259 * (normalized) listener
 +      -0.0209 * (normalized) load
 +       0.2778 * (normalized) loaded
 +      -0.4296 * (normalized) local
 +       0.0135 * (normalized) localhost
 +      -0.1341 * (normalized) location
 +      -0.0504 * (normalized) lock
 +       0.1355 * (normalized) log
 +      -0.3176 * (normalized) logger
 +      -0.3998 * (normalized) logging
 +       0.1693 * (normalized) login
 +       0.1426 * (normalized) long
 +       0.0068 * (normalized) lookup
 +      -0.3415 * (normalized) lot
 +       0.1653 * (normalized) ls
 +       0.0132 * (normalized) m
 +      -0.225  * (normalized) machine
 +       0.3122 * (normalized) mail
 +      -0.0362 * (normalized) make
 +      -0.3955 * (normalized) management
 +       0.3762 * (normalized) manager
 +       0.2096 * (normalized) map
 +      -0.129  * (normalized) mapfile
 +      -0.3461 * (normalized) mapping
 +       0.0903 * (normalized) maps
 +       0.4622 * (normalized) mask
 +      -0.2409 * (normalized) match
 +       0.0626 * (normalized) matchers
 +      -0.427  * (normalized) matches
 +      -0.0228 * (normalized) material
 +       0.2738 * (normalized) matrix
 +      -0.0729 * (normalized) max
 +      -0.2232 * (normalized) me
 +       0.0866 * (normalized) memory
 +       0.1913 * (normalized) message
 +       0.0818 * (normalized) messages
 +      -0.0169 * (normalized) metadata
 +      -0.5355 * (normalized) method
 +      -0.0878 * (normalized) methods
 +       0.0728 * (normalized) metric
 +      -0.2562 * (normalized) metrics
 +       0.0701 * (normalized) millis
 +      -0.3522 * (normalized) milliseconds
 +      -0.1981 * (normalized) min
 +      -0.009  * (normalized) minutes
 +      -0.0794 * (normalized) missing
 +      -0.1175 * (normalized) mkdirs
 +      -0.252  * (normalized) mock
 +      -0.2783 * (normalized) mockcontroller
 +      -0.4357 * (normalized) mocked
 +      -0.0388 * (normalized) mockfs
 +      -0.2921 * (normalized) mockito
 +      -0.4167 * (normalized) mode
 +       0.6677 * (normalized) modified
 +      -0.408  * (normalized) monitor
 +      -0.0269 * (normalized) more
 +      -0.5764 * (normalized) ms
 +      -0.4612 * (normalized) multi
 +       0.1467 * (normalized) multiple
 +      -0.2315 * (normalized) must
 +       0.2893 * (normalized) my
 +       0.2646 * (normalized) n
 +      -0.0135 * (normalized) name
 +      -0.0392 * (normalized) name1
 +      -0.0392 * (normalized) name2
 +       0.1777 * (normalized) names
 +       0.0303 * (normalized) negative
 +      -0.3097 * (normalized) net
 +      -0.3097 * (normalized) netutils
 +       0.1446 * (normalized) never
 +      -0.2879 * (normalized) new
 +      -0.0034 * (normalized) next
 +       0.2299 * (normalized) ninja
 +      -0.195  * (normalized) ninjaconstant
 +      -0.2733 * (normalized) ninjaproperties
 +      -0.4262 * (normalized) no
 +       0.6019 * (normalized) node
 +      -0.1927 * (normalized) nodes
 +       0.0381 * (normalized) non
 +      -0.0204 * (normalized) nopassword
 +      -0.274  * (normalized) not
 +      -0      * (normalized) nothing
 +      -0.2496 * (normalized) now
 +       0.1391 * (normalized) ns
 +       0.0005 * (normalized) null
 +      -0.1752 * (normalized) num
 +      -0.5956 * (normalized) number
 +      -0.0441 * (normalized) o
 +       0.0018 * (normalized) object
 +       0.0252 * (normalized) objects
 +      -0.0336 * (normalized) of
 +      -0.153  * (normalized) ok
 +      -0.4081 * (normalized) old
 +       0.0703 * (normalized) on
 +      -0.1582 * (normalized) once
 +       0.2093 * (normalized) one
 +      -0.1808 * (normalized) only
 +      -0.149  * (normalized) open
 +      -0.1385 * (normalized) operation
 +       0.0482 * (normalized) ops
 +       0.2116 * (normalized) option
 +      -0.1629 * (normalized) optional
 +      -0.3721 * (normalized) options
 +      -0.2418 * (normalized) or
 +      -0.0201 * (normalized) order
 +       0.5891 * (normalized) org
 +      -0.0993 * (normalized) origin
 +       1.4822 * (normalized) original
 +      -0.0742 * (normalized) other
 +      -0.2876 * (normalized) our
 +      -0.0994 * (normalized) out
 +      -0.1226 * (normalized) outbuf
 +       0.0178 * (normalized) output
 +      -0.1229 * (normalized) over
 +      -0.2266 * (normalized) override
 +      -0.1325 * (normalized) owen
 +      -0.0611 * (normalized) owner
 +      -0.4665 * (normalized) p
 +      -0.1387 * (normalized) p1
 +      -0.0204 * (normalized) p12
 +      -0.0922 * (normalized) p2
 +      -0.0317 * (normalized) pair
 +       0.2886 * (normalized) param
 +      -0.2783 * (normalized) param1
 +      -0.3217 * (normalized) parameter
 +       0.2347 * (normalized) parameters
 +      -0.0897 * (normalized) parent
 +      -0.1193 * (normalized) parse
 +      -0.1325 * (normalized) parsed
 +       0.108  * (normalized) parser
 +      -0.5331 * (normalized) parsing
 +      -0.0211 * (normalized) pass
 +      -0.1171 * (normalized) passed
 +      -0.0864 * (normalized) password
 +      -0.1253 * (normalized) path
 +      -0.0999 * (normalized) paths
 +      -0.0766 * (normalized) pattern
 +       0.0483 * (normalized) per
 +       0.2254 * (normalized) period
 +       0.5556 * (normalized) permission
 +       0.1319 * (normalized) ping
 +      -0.346  * (normalized) png
 +      -0.2874 * (normalized) policy
 +       0.2361 * (normalized) pool
 +       0.1566 * (normalized) port
 +       0.3157 * (normalized) pos
 +       0.3051 * (normalized) post
 +       0.5471 * (normalized) prefix
 +       0.3589 * (normalized) prepare
 +       0.0583 * (normalized) principal
 +       0.1248 * (normalized) print
 +      -0.0451 * (normalized) priority
 +      -0.1679 * (normalized) private
 +       0.6117 * (normalized) process
 +       0.1457 * (normalized) properties
 +      -0.3397 * (normalized) property
 +      -0.335  * (normalized) props
 +       0.0863 * (normalized) protocol
 +      -0.2751 * (normalized) provider
 +      -0.2739 * (normalized) providers
 +      -0.0154 * (normalized) proxy
 +       0.7258 * (normalized) proxy_
 +      -0.2287 * (normalized) proxying
 +      -0.2476 * (normalized) public
 +      -0.2412 * (normalized) publish
 +       0.0825 * (normalized) put
 +      -0.4858 * (normalized) q
 +      -0.1283 * (normalized) q=0
 +       0.2429 * (normalized) query
 +       0.2044 * (normalized) queue
 +       0.4469 * (normalized) r
 +      -0.2793 * (normalized) random
 +      -0.1631 * (normalized) range
 +      -0.0459 * (normalized) raw
 +      -0.0986 * (normalized) rc
 +       0.4755 * (normalized) read
 +      -0.2985 * (normalized) reader
 +       0.2479 * (normalized) real
 +       0.0051 * (normalized) real_
 +      -0.0122 * (normalized) realm
 +      -0.3209 * (normalized) reason
 +      -0.0929 * (normalized) receive
 +       0.244  * (normalized) received
 +      -0.0918 * (normalized) record
 +      -0.0599 * (normalized) records
 +       0.1053 * (normalized) redirect
 +      -0.0839 * (normalized) refill
 +       0.1657 * (normalized) refresh
 +      -0.2005 * (normalized) regex
 +       0.1964 * (normalized) register
 +       0.0339 * (normalized) registry
 +      -0.2322 * (normalized) release
 +      -0.0858 * (normalized) relogin
 +      -0.1595 * (normalized) remaining
 +       0.0709 * (normalized) remote
 +      -0.0921 * (normalized) remove
 +       0.0176 * (normalized) removed
 +      -0.3749 * (normalized) rename
 +      -0.2493 * (normalized) renderable
 +       0.0731 * (normalized) renew
 +      -0.0239 * (normalized) replace
 +       0.5866 * (normalized) request
 +      -0      * (normalized) requester
 +       0.3794 * (normalized) reset
 +       0.4942 * (normalized) resolve
 +      -0.3128 * (normalized) resolver
 +       0.7801 * (normalized) resource
 +      -0.0204 * (normalized) resource1
 +       0.2794 * (normalized) response
 +       0      * (normalized) response1
 +       0.5244 * (normalized) restart
 +       0.2527 * (normalized) result
 +      -0.2927 * (normalized) results
 +      -0.1083 * (normalized) retries
 +       0.2122 * (normalized) retry
 +      -0.203  * (normalized) return
 +       0.2376 * (normalized) returned
 +       0.1304 * (normalized) reverse
 +      -0.1148 * (normalized) right
 +      -0.0497 * (normalized) roll
 +       0.0541 * (normalized) root
 +      -0.466  * (normalized) root_
 +       0.0626 * (normalized) route
 +      -0.7063 * (normalized) rpc
 +      -0.0384 * (normalized) rule
 +       0.199  * (normalized) run
 +      -0.1097 * (normalized) rw
 +       0.0331 * (normalized) s
 +      -0.0957 * (normalized) s1
 +      -0.0621 * (normalized) s2
 +       0.1364 * (normalized) same
 +       0.2332 * (normalized) save
 +       0.3081 * (normalized) scanner
 +      -0.1656 * (normalized) scheduler
 +       0.5041 * (normalized) scheme
 +      -0.0327 * (normalized) scope
 +       0.3252 * (normalized) script
 +      -0.1325 * (normalized) sean
 +      -0.3156 * (normalized) second
 +       0.0913 * (normalized) seconds
 +      -0.4022 * (normalized) secret
 +       0.2773 * (normalized) security
 +       0.2931 * (normalized) see
 +       0.3167 * (normalized) send
 +       0.2942 * (normalized) sent
 +       0.0212 * (normalized) sequence
 +      -0.1384 * (normalized) serialize
 +       0.1556 * (normalized) server
 +      -0.0431 * (normalized) service
 +      -0.0009 * (normalized) service1
 +       0.8536 * (normalized) services
 +       0.1095 * (normalized) servlet
 +      -0.0794 * (normalized) session
 +      -0.0242 * (normalized) set
 +      -0.264  * (normalized) setconf
 +       0.1494 * (normalized) setint
 +      -0.2904 * (normalized) setlong
 +       0.3243 * (normalized) setproperty
 +      -0.1363 * (normalized) setsotimeout
 +       0.2761 * (normalized) setting
 +      -0.1453 * (normalized) settings
 +       0.0347 * (normalized) setup
 +      -0.6726 * (normalized) shell
 +       0.0935 * (normalized) short
 +       0.0413 * (normalized) should
 +       0.4569 * (normalized) shutdown
 +      -0.4058 * (normalized) signer
 +      -0.2227 * (normalized) simple
 +       0.3607 * (normalized) since
 +       0.1115 * (normalized) single
 +      -0.0749 * (normalized) sink
 +      -0.0423 * (normalized) size
 +      -0.7232 * (normalized) skip
 +       0.4408 * (normalized) sleep
 +      -0.1539 * (normalized) slow
 +      -0.0433 * (normalized) so
 +      -0.0412 * (normalized) socket
 +      -0.2    * (normalized) some
 +      -0.3353 * (normalized) somehost
 +       0.0454 * (normalized) source
 +      -0.2113 * (normalized) space
 +      -0.084  * (normalized) spaces
 +       0.0654 * (normalized) specified
 +       0.1014 * (normalized) spy
 +       0.3428 * (normalized) src
 +      -0.6189 * (normalized) srowen@example
 +      -0.0786 * (normalized) ssl
 +       0.0522 * (normalized) stack
 +      -0.0911 * (normalized) standalone
 +      -0.1601 * (normalized) standard
 +      -0.0994 * (normalized) standardcharsets
 +      -0.7992 * (normalized) standby
 +       0.2841 * (normalized) start
 +      -0.3819 * (normalized) startconfig
 +      -0.4279 * (normalized) started
 +       0.1977 * (normalized) starts
 +       0.0099 * (normalized) stat
 +      -0.0049 * (normalized) state
 +      -0.0796 * (normalized) static
 +      -0.2056 * (normalized) stats
 +       0.0175 * (normalized) status
 +       0.2413 * (normalized) still
 +      -0.2568 * (normalized) stop
 +      -0.2187 * (normalized) storage
 +      -0.2441 * (normalized) store
 +      -0.3231 * (normalized) str
 +      -0.1133 * (normalized) str_
 +       0.6753 * (normalized) strategy
 +      -0.5733 * (normalized) stream
 +      -0.2962 * (normalized) string
 +      -0.5056 * (normalized) stringutils
 +      -0.0705 * (normalized) stuff
 +       0.206  * (normalized) subject
 +      -0.0352 * (normalized) submit
 +      -0.3062 * (normalized) succeeds
 +       0.0679 * (normalized) successfully
 +      -0.0821 * (normalized) summary
 +       0.0375 * (normalized) super
 +       0.2491 * (normalized) superuser
 +      -0.1564 * (normalized) sure
 +       0.0861 * (normalized) sync
 +       0.6069 * (normalized) system
 +      -0.0754 * (normalized) t
 +      -0.062  * (normalized) tags
 +       0.015  * (normalized) take
 +       0.5643 * (normalized) target
 +       0.4963 * (normalized) task
 +      -0.1325 * (normalized) tel
 +      -0.2185 * (normalized) temp
 +       0.2803 * (normalized) template
 +      -0.4488 * (normalized) test
 +      -0.0381 * (normalized) test1
 +      -0.2197 * (normalized) test2
 +      -0.2391 * (normalized) test_
 +      -0.0223 * (normalized) testdir
 +       0.1173 * (normalized) testfile
 +       0      * (normalized) testfile01
 +       0      * (normalized) testfile02
 +       0      * (normalized) testfile03
 +       0      * (normalized) testfile04
 +       0      * (normalized) testfile05
 +       0      * (normalized) testfile06
 +      -0.1617 * (normalized) testing
 +       0.2696 * (normalized) tests
 +      -0.3194 * (normalized) text
 +      -0.5463 * (normalized) text/html
 +      -0.2117 * (normalized) text/plain
 +       0.2447 * (normalized) tgt
 +       0.0308 * (normalized) than
 +      -0.0099 * (normalized) that
 +      -0.2182 * (normalized) the
 +       0.0668 * (normalized) then
 +       0.0163 * (normalized) thenreturn
 +       0.0157 * (normalized) there
 +      -0.1083 * (normalized) they
 +       0.0145 * (normalized) this
 +       0.0181 * (normalized) thread
 +      -0.2875 * (normalized) threads
 +       0.0177 * (normalized) three
 +       0.5441 * (normalized) throw
 +      -0.4923 * (normalized) thrown
 +      -0.1831 * (normalized) ticket
 +      -0.108  * (normalized) time
 +      -0.0997 * (normalized) timeout
 +       0.5015 * (normalized) timer
 +       0.0539 * (normalized) times
 +       0.2841 * (normalized) timestamp
 +      -0.2728 * (normalized) timeunit
 +      -0.3964 * (normalized) tmp
 +      -0.2215 * (normalized) to
 +       0.6551 * (normalized) tobytearray
 +      -0.1015 * (normalized) token
 +      -0.1764 * (normalized) token2
 +       0.1221 * (normalized) tokens
 +      -0.3676 * (normalized) too
 +       0.544  * (normalized) tostring
 +       0.5466 * (normalized) total
 +       0.0502 * (normalized) totals
 +      -0.5797 * (normalized) touri
 +       0.1814 * (normalized) trace
 +      -0.0264 * (normalized) transfer
 +      -0.0348 * (normalized) transferred
 +      -0.169  * (normalized) trash
 +      -0.3036 * (normalized) trigger
 +      -0.0643 * (normalized) true
 +      -0.1249 * (normalized) trust
 +      -0.0218 * (normalized) try
 +       0.1323 * (normalized) two
 +       0.0501 * (normalized) txt
 +      -0.0223 * (normalized) type
 +       0.0909 * (normalized) types
 +       0.0526 * (normalized) u
 +      -0.2337 * (normalized) ugi
 +      -0.026  * (normalized) uid
 +      -0.0386 * (normalized) umask
 +       0.2542 * (normalized) unchecked
 +      -0.0921 * (normalized) under
 +      -0.5505 * (normalized) unexpected
 +       0.2519 * (normalized) unit
 +      -0.1229 * (normalized) unknown
 +      -0.3873 * (normalized) unreliable
 +       0.1034 * (normalized) up
 +       0.2858 * (normalized) update
 +       0.0327 * (normalized) uri
 +       0.1874 * (normalized) url
 +      -0.1506 * (normalized) usage
 +       0.0057 * (normalized) use
 +      -0.1766 * (normalized) used
 +       0.2908 * (normalized) user
 +       0.2869 * (normalized) user1
 +       0.2869 * (normalized) user2
 +       0.2159 * (normalized) user_
 +      -0.2082 * (normalized) usergroupinformation
 +      -0.022  * (normalized) users
 +       0.3934 * (normalized) using
 +       0.9461 * (normalized) utf-8
 +       0.1365 * (normalized) utf8
 +      -0.3717 * (normalized) util
 +       0.5087 * (normalized) utils
 +       0.1485 * (normalized) v
 +       0.0472 * (normalized) val
 +       0.3192 * (normalized) valid
 +       0.1634 * (normalized) validate
 +       0.2987 * (normalized) validation
 +      -0.1792 * (normalized) value
 +      -0.4676 * (normalized) value1
 +       0.0465 * (normalized) value2
 +      -0.3511 * (normalized) value3
 +      -0.1082 * (normalized) valueof
 +       0.0482 * (normalized) values
 +      -0.216  * (normalized) verify
 +      -0.1343 * (normalized) verifynomoreinteractions
 +       0.0074 * (normalized) version
 +      -0      * (normalized) vevent
 +      -0.3483 * (normalized) via
 +       0.1378 * (normalized) wait
 +       0.0772 * (normalized) waiting
 +       0.847  * (normalized) was
 +       0.2109 * (normalized) we
 +      -0.0258 * (normalized) were
 +      -0.2916 * (normalized) what
 +      -0.0473 * (normalized) whatever
 +      -0.0747 * (normalized) when
 +       0.0248 * (normalized) which
 +       0.1268 * (normalized) while
 +       0.6671 * (normalized) will
 +      -0.4201 * (normalized) windows
 +      -0.0296 * (normalized) with
 +      -0.1133 * (normalized) with_
 +      -0.2035 * (normalized) without
 +      -0.5787 * (normalized) witness
 +      -0.1508 * (normalized) work
 +       0.1541 * (normalized) works
 +      -0.0674 * (normalized) world
 +      -0.2926 * (normalized) wrap
 +      -0.0942 * (normalized) writable
 +       0.3482 * (normalized) write
 +       0.5762 * (normalized) writer
 +      -0.1798 * (normalized) wrong
 +       0.3245 * (normalized) x
 +      -0.1191 * (normalized) xml
 +      -0.2702 * (normalized) xx
 +       0      * (normalized) xxx
 +       0      * (normalized) xxxx
 +      -0.5152 * (normalized) y
 +      -0.2897 * (normalized) z
 +      -0.6272 * (normalized) zero
 +      -0.1581 * (normalized) zk
 +       0.2325 * (normalized) {}
 +       0.3704 * (normalized) }
 +       0.0128 * (normalized) ${coord
 +       0.0003 * (normalized) -1
 +       0.0003 * (normalized) -3
 +       0.0951 * (normalized) -oozie
 +      -0      * (normalized) -test
 +      -0.0438 * (normalized) //
 +      -0      * (normalized) //hcat
 +      -0.1012 * (normalized) //localhost
 +      -0      * (normalized) />
 +      -0.0644 * (normalized) /a
 +       0.0212 * (normalized) /b
 +       0.2    * (normalized) /test
 +      -0      * (normalized) 0000000-
 +       0.0388 * (normalized) 00z
 +       0.0424 * (normalized) 02
 +       0.0424 * (normalized) 14
 +       0.0388 * (normalized) 2009-02-01
 +       0.0003 * (normalized) 2009-03-06
 +       0.0424 * (normalized) 2009-06-24
 +       0.0424 * (normalized) 317
 +       0.0424 * (normalized) 323
 +      -0.0692 * (normalized) 43
 +       0.0388 * (normalized) 59z
 +       0.0424 * (normalized) 958
 +       0      * (normalized) </configuration>
 +      -0      * (normalized) </controls>
 +       0      * (normalized) </data-in>
 +       0      * (normalized) </data-out>
 +       0      * (normalized) </dataset>
 +       0      * (normalized) </datasets>
 +       0      * (normalized) </input-events>
 +       0      * (normalized) </java>
 +       0      * (normalized) </job-tracker>
 +       0      * (normalized) </main-class>
 +       0      * (normalized) </name-node>
 +       0      * (normalized) </output-events>
 +      -0      * (normalized) </prepare>
 +       0      * (normalized) </property>
 +       0      * (normalized) </property></configuration>
 +      -0      * (normalized) <app-path>hdfs
 +       0      * (normalized) <configuration>
 +      -0      * (normalized) <controls>
 +      -0      * (normalized) <coordinator-app
 +       0      * (normalized) <data-in
 +       0      * (normalized) <data-out
 +       0      * (normalized) <dataset
 +       0      * (normalized) <datasets>
 +       0      * (normalized) <delete
 +       0      * (normalized) <input-events>
 +       0      * (normalized) <instance>${coord
 +       0      * (normalized) <java>
 +       0      * (normalized) <job-tracker>
 +       0      * (normalized) <main-class>
 +       0      * (normalized) <mkdir
 +       0      * (normalized) <name-node>
 +       0      * (normalized) <output-events>
 +      -0      * (normalized) <prepare>
 +       0      * (normalized) <property>
 +       0      * (normalized) <uri-template>file
 +       0      * (normalized) <value>${coord
 +      -0      * (normalized) <worklfow-app/>
 +       0.1876 * (normalized) @
 +       0.0424 * (normalized) _
 +      -0.0272 * (normalized) _test
 +      -0.1338 * (normalized) a1
 +      -0.1338 * (normalized) a2
 +       0.5756 * (normalized) aa
 +      -0.1281 * (normalized) abcd
 +       0.055  * (normalized) acceptframe
 +       0.8496 * (normalized) action
 +       0.0424 * (normalized) action-
 +       0.0385 * (normalized) action1
 +       0.1123 * (normalized) actionid
 +       0.0808 * (normalized) actions
 +       0      * (normalized) actionxml
 +      -0.1405 * (normalized) adding
 +       0.2073 * (normalized) addnode
 +       0.0659 * (normalized) addrecordtobundlejobtable
 +       0.0385 * (normalized) addrecordtocoordactiontable
 +       0.0385 * (normalized) addrecordtocoordjobtable
 +       0.3641 * (normalized) admin
 +       0.7428 * (normalized) ae
 +      -0.0562 * (normalized) am
 +       0.1222 * (normalized) android
 +       0.0424 * (normalized) app-
 +       0.0472 * (normalized) app1
 +       0.3163 * (normalized) application
 +       0.264  * (normalized) articles
 +       0.3059 * (normalized) attempt
 +       0.055  * (normalized) banana
 +       0.1206 * (normalized) batch
 +       0.7086 * (normalized) bean
 +       0.1312 * (normalized) bla
 +      -0.4939 * (normalized) blocks
 +       0.0037 * (normalized) broker
 +       0.0377 * (normalized) builddatekey
 +       0.0353 * (normalized) bulk
 +       0.6563 * (normalized) bundle
 +      -0.0681 * (normalized) ca
 +      -0.3298 * (normalized) callable
 +      -0      * (normalized) callable1
 +      -0      * (normalized) callable2
 +      -0      * (normalized) callable3
 +      -0      * (normalized) callables
 +      -0.2431 * (normalized) catch
 +       0.5349 * (normalized) ce
 +       0.0378 * (normalized) cell
 +       0.3375 * (normalized) child1
 +       0.3375 * (normalized) child2
 +      -0.1552 * (normalized) children
 +       0.0457 * (normalized) classes
 +      -0.0592 * (normalized) cmd
 +       0.3204 * (normalized) column
 +       0.3378 * (normalized) column_1
 +       0.0862 * (normalized) commit
 +      -0.358  * (normalized) configure
 +       0.0377 * (normalized) consistency
 +       0.292  * (normalized) constants
 +       0.0037 * (normalized) consumer
 +       0.0614 * (normalized) contain
 +       0.1779 * (normalized) container
 +       0.2039 * (normalized) content-type
 +       0.4961 * (normalized) coord
 +       0.0385 * (normalized) coord-action-for-action-input-check
 +       0.0385 * (normalized) coord-action-get
 +       0.0125 * (normalized) coord-action-start
 +       0.0128 * (normalized) coordelfunctions
 +       0.118  * (normalized) coordinator
 +       0.0385 * (normalized) coordinatoraction
 +       0.0385 * (normalized) coordinatorjob
 +       0      * (normalized) coordjobgetcmd
 +      -0.0907 * (normalized) corrupt
 +      -0.0209 * (normalized) corrupted
 +       0.0162 * (normalized) could
 +       0.2104 * (normalized) counters
 +       0.0377 * (normalized) cql
 +      -0.0945 * (normalized) createcontext
 +       0.0675 * (normalized) createfile
 +       0.1483 * (normalized) createurl
 +       0.2603 * (normalized) creation
 +       0.1827 * (normalized) crud
 +      -0      * (normalized) dag
 +       0.0518 * (normalized) dat
 +       0      * (normalized) data-in
 +       0.0125 * (normalized) datain
 +       0      * (normalized) dataname
 +       0.1496 * (normalized) datanode
 +      -0.8214 * (normalized) datanodes
 +       0.1258 * (normalized) dataout
 +      -0      * (normalized) dataset
 +       0      * (normalized) dataset=
 +       0.0003 * (normalized) dateutils
 +       0.0003 * (normalized) day
 +       0      * (normalized) day}</uri-template>
 +       0.5674 * (normalized) db
 +      -0.1671 * (normalized) debug
 +       0.1887 * (normalized) def
 +       0.5652 * (normalized) dependency
 +       0.9482 * (normalized) dfs
 +       0.6522 * (normalized) dfsconfigkeys
 +       0.0518 * (normalized) dfstestutil
 +       0.3043 * (normalized) dir1
 +       0.3169 * (normalized) disable
 +       0.3109 * (normalized) dn
 +      -0.0006 * (normalized) ds
 +      -0.0513 * (normalized) due
 +       0.3174 * (normalized) eaaaa//9
 +       0.0385 * (normalized) each
 +       0.7268 * (normalized) edits
 +       0.5726 * (normalized) el
 +       0.3671 * (normalized) enable
 +      -0.0033 * (normalized) end=
 +       0.0033 * (normalized) end_
 +       0.0033 * (normalized) end_points
 +      -0.0033 * (normalized) endtime
 +       0.2071 * (normalized) enqueue
 +      -0      * (normalized) enters
 +       0.0377 * (normalized) entity/insert_single_row
 +       0.6321 * (normalized) errorcode
 +       0.1334 * (normalized) eval
 +       0.0128 * (normalized) evalandwrap
 +       0.3845 * (normalized) evaluate
 +       0.0636 * (normalized) evaluator
 +       0.1723 * (normalized) events
 +       0.0377 * (normalized) executescripttemplate
 +      -0.0663 * (normalized) exits
 +      -0.0615 * (normalized) expecting
 +       0.0128 * (normalized) expr
 +       0.0351 * (normalized) f->
 +       0.013  * (normalized) f2
 +       0.5672 * (normalized) families
 +       0.6163 * (normalized) family
 +      -0.1159 * (normalized) fault
 +       0.7868 * (normalized) feature
 +       0.2755 * (normalized) file1
 +       0.5257 * (normalized) filepath
 +      -0.0614 * (normalized) flag
 +       0.2073 * (normalized) fork
 +       0.0089 * (normalized) four
 +      -0      * (normalized) frequency=
 +       0.4481 * (normalized) fsimage
 +       0.9247 * (normalized) functions
 +       0.5983 * (normalized) getconf
 +       0.0984 * (normalized) getcontexturl
 +       0.6321 * (normalized) geterrorcode
 +       0.738  * (normalized) getfilesystem
 +       0.4419 * (normalized) getfstestcasedir
 +      -0.1227 * (normalized) getheaderfield
 +       0.3026 * (normalized) getid
 +       0      * (normalized) getjobtrackeruri
 +       0      * (normalized) getnamenodeuri
 +       0.0518 * (normalized) getnamesystem
 +       0      * (normalized) getresourceasreader
 +      -0.2219 * (normalized) getresponsecode
 +       0.1607 * (normalized) getstatus
 +       0.2651 * (normalized) gettestcasedir
 +       0.4419 * (normalized) gettestuser
 +       0.1298 * (normalized) geturl
 +       0.5991 * (normalized) given
 +       0.3945 * (normalized) half
 +       0.2559 * (normalized) hcat
 +       0.1805 * (normalized) heartbeat
 +      -0.2105 * (normalized) here
 +       0.2925 * (normalized) hflush
 +       0.2374 * (normalized) id1
 +       0.0764 * (normalized) immutable
 +       0.0377 * (normalized) immutablemap
 +       0      * (normalized) initial-instance=
 +      -0.095  * (normalized) injection
 +       0.0968 * (normalized) insert
 +      -0.0197 * (normalized) instances
 +      -0.0003 * (normalized) ioutils
 +      -0.1646 * (normalized) ipc
 +       0.1475 * (normalized) is_
 +       0.1475 * (normalized) is_security_enabled
 +       0      * (normalized) iscomplete
 +       0.1376 * (normalized) isnotnull
 +       0      * (normalized) je
 +       0.4242 * (normalized) jms
 +       0.5306 * (normalized) job
 +       0.0424 * (normalized) job-
 +      -0      * (normalized) job1
 +      -0      * (normalized) job2
 +      -0      * (normalized) job3
 +       0.0424 * (normalized) jobconf
 +       0.0258 * (normalized) jobid
 +      -0      * (normalized) jobs
 +       0.6089 * (normalized) jpa
 +       0.0353 * (normalized) jpaservice
 +       0.1442 * (normalized) jsonvalue
 +       0.3174 * (normalized) kbaaaap//
 +       0.0899 * (normalized) kill
 +       0.1016 * (normalized) killed
 +      -0      * (normalized) kills
 +       0.6821 * (normalized) latch
 +      -0.0146 * (normalized) latest
 +      -0.0674 * (normalized) launcher
 +       0.0283 * (normalized) launchermapper
 +       0.3375 * (normalized) lib
 +      -0.0527 * (normalized) like
 +      -0      * (normalized) local_
 +       0      * (normalized) local_a
 +       0.4066 * (normalized) localoozie
 +      -0.1341 * (normalized) locations
 +      -0.0521 * (normalized) mapper
 +      -0.0805 * (normalized) mapred
 +       0.0201 * (normalized) mapreduce
 +       0.5055 * (normalized) master
 +       0.3024 * (normalized) meta
 +       0.4739 * (normalized) minute
 +       0.2753 * (normalized) mkdir
 +      -0      * (normalized) mockdagengineservice
 +      -0.2036 * (normalized) model
 +      -0.0033 * (normalized) month
 +      -0.0033 * (normalized) months
 +      -0.0055 * (normalized) move
 +       0.4589 * (normalized) mr
 +       0.0174 * (normalized) name=
 +      -0.0549 * (normalized) namenode
 +      -0.0416 * (normalized) namespace
 +       0.0518 * (normalized) namesystem
 +       0.5735 * (normalized) naming
 +       0.1452 * (normalized) need
 +       0.0342 * (normalized) nextlong
 +       0.4144 * (normalized) nn
 +       0.0388 * (normalized) nominal
 +       0.6145 * (normalized) numdatanodes
 +      -0.165  * (normalized) offset
 +       0.9413 * (normalized) oozie
 +      -0      * (normalized) oozieclient
 +       0.0984 * (normalized) oozieurl
 +      -0.0799 * (normalized) openconnection
 +      -0.0451 * (normalized) operations
 +       0.3387 * (normalized) oryx
 +       0.3457 * (normalized) os
 +       0.556  * (normalized) page
 +       0.2822 * (normalized) params
 +       0.0003 * (normalized) parsedateoozietz
 +       0.3813 * (normalized) parsexml
 +       0      * (normalized) partition
 +       0.2259 * (normalized) path=
 +      -0.0539 * (normalized) pause
 +       0.1175 * (normalized) peer
 +       0.2651 * (normalized) pending
 +       0.7635 * (normalized) play
 +      -0.6211 * (normalized) plus
 +       0.0033 * (normalized) points
 +       0.0522 * (normalized) printstacktrace
 +       0.2476 * (normalized) proto
 +       0.2747 * (normalized) proxyuser
 +       0.0157 * (normalized) purge
 +      -0.0071 * (normalized) purged
 +      -0.017  * (normalized) push
 +       0.3174 * (normalized) qaaad//0o
 +       0.1512 * (normalized) queueservice
 +       0.3959 * (normalized) quorum
 +      -0.3336 * (normalized) rack
 +       0      * (normalized) racks
 +       0.1827 * (normalized) randomutils
 +      -0.2887 * (normalized) re
 +       0.628  * (normalized) recovery
 +       0.0426 * (normalized) reduce
 +       0.4446 * (normalized) region
 +       0.4241 * (normalized) regions
 +       0.0166 * (normalized) repl
 +       0.0697 * (normalized) replica
 +       0.0166 * (normalized) replicas
 +       0.0449 * (normalized) replication
 +      -0.0819 * (normalized) reply
 +      -0.0065 * (normalized) report
 +       0.3968 * (normalized) res
 +      -0.2842 * (normalized) resolved
 +       0.7226 * (normalized) rest
 +       0.1442 * (normalized) restconstants
 +       0.1445 * (normalized) ret
 +       0.1935 * (normalized) rm
 +       0.4624 * (normalized) row
 +       0.467  * (normalized) rows
 +       0.5019 * (normalized) running
 +       0.7342 * (normalized) runtest
 +       0.2591 * (normalized) runtime
 +       0.3055 * (normalized) safe
 +       0.6882 * (normalized) scan
 +       0.2246 * (normalized) schema
 +       0.0377 * (normalized) scriptexecutor
 +       0.1091 * (normalized) security_
 +       0.1254 * (normalized) select
 +      -0.4145 * (normalized) servlet_
 +       0.0033 * (normalized) servlet_classes
 +       0.2551 * (normalized) setbody
 +      -0.2302 * (normalized) setboolean
 +       0.1442 * (normalized) setrequestmethod
 +      -0.117  * (normalized) setstatus
 +       0.5836 * (normalized) setsystemproperty
 +       0.3174 * (normalized) sg
 +      -0.0956 * (normalized) signal
 +       0.0377 * (normalized) simpleentity/insert_single_row
 +      -0.0029 * (normalized) simulated
 +       0.2234 * (normalized) sla
 +       0.0038 * (normalized) snapshot
 +       0.292  * (normalized) something
 +       0.055  * (normalized) spdy3
 +       0.1984 * (normalized) split
 +       0.8806 * (normalized) stage
 +      -0      * (normalized) start=
 +      -0.2298 * (normalized) starting
 +       0.2967 * (normalized) startswith
 +      -0.0154 * (normalized) starttime
 +       0.4467 * (normalized) stm
 +       0.1885 * (normalized) streaming
 +       0.0163 * (normalized) sub
 +       0.0897 * (normalized) substring
 +       0.3375 * (normalized) subworkflow
 +       0.2379 * (normalized) succeed
 +      -0.066  * (normalized) succeeded
 +       0.0229 * (normalized) success
 +       0.3677 * (normalized) successful
 +       0.0656 * (normalized) support
 +       0.0659 * (normalized) suspend
 +       0.055  * (normalized) syn
 +       0.3151 * (normalized) sys
 +       0.0003 * (normalized) t00
 +       0.0388 * (normalized) t01
 +       0.0003 * (normalized) t10
 +       0.0388 * (normalized) t23
 +       0.8933 * (normalized) table
 +       0.062  * (normalized) tablename
 +       0.055  * (normalized) takeframe
 +       0.3798 * (normalized) tobytes
 +       0.0424 * (normalized) token-
 +       0.1719 * (normalized) topic
 +      -0.5992 * (normalized) tracker
 +       0.055  * (normalized) type_
 +       0.0003 * (normalized) tz
 +       0.0201 * (normalized) uber
 +       0.2892 * (normalized) unit_
 +       0.0679 * (normalized) updates
 +      -0.0197 * (normalized) us
 +       0.0003 * (normalized) utc
 +      -0.0688 * (normalized) uuid
 +       0.1715 * (normalized) variable
 +      -0.0441 * (normalized) w
 +       0.5556 * (normalized) waitactive
 +       0.1936 * (normalized) waitfor
 +       0.304  * (normalized) warn
 +       0.0775 * (normalized) wc
 +       0.57   * (normalized) wf
 +      -0.0254 * (normalized) where
 +      -0.1513 * (normalized) window
 +       0.9673 * (normalized) workflow
 +      -0      * (normalized) workflowaction
 +       0      * (normalized) workflowinstance
 +       0.385  * (normalized) working
 +      -0.051  * (normalized) writefile
 +       0.223  * (normalized) xmlns=
 +       0.3813 * (normalized) xmlutils
 +       0.2238 * (normalized) yarn
 +       0.7289 * (normalized) year}/${
 +       0.0225 * (normalized) {
 +       0      * (normalized) }</instance>
 +       0      * (normalized) }</value>
 -       0.8814

Number of kernel evaluations: 2505782 (92.107% cached)



Time taken to build model: 3.13 seconds

=== Evaluation on test split ===

Time taken to test model on test split: 0.03 seconds

=== Summary ===

Correctly Classified Instances         519               92.5134 %
Incorrectly Classified Instances        42                7.4866 %
Kappa statistic                          0.8503
Mean absolute error                      0.0749
Root mean squared error                  0.2736
Relative absolute error                 14.9727 %
Root relative squared error             54.721  %
Total Number of Instances              561     

=== Detailed Accuracy By Class ===

                 TP Rate  FP Rate  Precision  Recall   F-Measure  MCC      ROC Area  PRC Area  Class
                 0.928    0.077    0.921      0.928    0.924      0.850    0.925     0.890     Non_Flakey
                 0.923    0.072    0.929      0.923    0.926      0.850    0.925     0.896     Flakey
Weighted Avg.    0.925    0.075    0.925      0.925    0.925      0.850    0.925     0.893     

=== Confusion Matrix ===

   a   b   <-- classified as
 257  20 |   a = Non_Flakey
  22 262 |   b = Flakey


