=== Run information ===

Scheme:       weka.classifiers.trees.RandomForest -P 100 -I 100 -num-slots 1 -K 0 -M 1.0 -V 0.001 -S 1
Relation:     _home_supun_Documents_wekafiles_dataset2_Tokens_arff_docs__home_supun_Documents_wekafiles_dataset2_LOC-weka.filters.unsupervised.attribute.Remove-R2_java_keywords.arff-weka.filters.unsupervised.attribute.Remove-R3-weka.filters.unsupervised.attribute.StringToWordVector-R1-W1000-prune-rate-1.0-N0-stemmerweka.core.stemmers.SnowballStemmer-stopwords-handlerweka.core.stopwords.Null-M1-tokenizerweka.core.tokenizers.WordTokenizer -delimiters " \r\n\t.,;:\'\"()?!"
Instances:    2804
Attributes:   1609
              [list of attributes omitted]
Test mode:    split 80.0% train, remainder test

=== Classifier model (full training set) ===

RandomForest

Bagging with 100 iterations and base learner

weka.classifiers.trees.RandomTree -K 0 -M 1.0 -V 0.001 -S 1 -do-not-check-capabilities

Time taken to build model: 122.58 seconds

=== Evaluation on test split ===

Time taken to test model on test split: 1.67 seconds

=== Summary ===

Correctly Classified Instances         531               94.6524 %
Incorrectly Classified Instances        30                5.3476 %
Kappa statistic                          0.8931
Mean absolute error                      0.1627
Root mean squared error                  0.2378
Relative absolute error                 32.5371 %
Root relative squared error             47.5611 %
Total Number of Instances              561     

=== Detailed Accuracy By Class ===

                 TP Rate  FP Rate  Precision  Recall   F-Measure  MCC      ROC Area  PRC Area  Class
                 0.989    0.095    0.910      0.989    0.948      0.896    0.982     0.977     Non_Flakey
                 0.905    0.011    0.988      0.905    0.945      0.896    0.982     0.986     Flakey
Weighted Avg.    0.947    0.052    0.950      0.947    0.946      0.896    0.982     0.982     

=== Confusion Matrix ===

   a   b   <-- classified as
 274   3 |   a = Non_Flakey
  27 257 |   b = Flakey

