=== Run information ===

Scheme:       weka.classifiers.functions.SMO -C 1.0 -L 0.001 -P 1.0E-12 -N 0 -V -1 -W 1 -K "weka.classifiers.functions.supportVector.PolyKernel -E 1.0 -C 250007" -calibrator "weka.classifiers.functions.Logistic -R 1.0E-8 -M -1 -num-decimal-places 4"
Relation:     _home_supun_Documents_wekafiles_dataset2_Tokens_arff_docs__home_supun_Documents_wekafiles_dataset2_LOC-weka.filters.unsupervised.attribute.Remove-R2_java_keywords.arff-weka.filters.unsupervised.attribute.Remove-R3-weka.filters.unsupervised.attribute.StringToWordVector-R1-W1000-prune-rate-1.0-N0-stemmerweka.core.stemmers.NullStemmer-stopwords-handlerweka.core.stopwords.MultiStopwords-M1-tokenizerweka.core.tokenizers.WordTokenizer -delimiters " \r\n\t.,;:\'\"()?!"
Instances:    2804
Attributes:   1609
              [list of attributes omitted]
Test mode:    split 80.0% train, remainder test

=== Classifier model (full training set) ===

SMO

Kernel used:
  Linear Kernel: K(x,y) = <x,y>

Classifier for classes: Non_Flakey, Flakey

BinarySMO

Machine linear: showing attribute weights, not support vectors.

         0.2018 * (normalized) loc
 +      -0.2608 * (normalized) assert_keyword
 +       0.1533 * (normalized) boolean_keyword
 +       0.1935 * (normalized) catch_keyword
 +      -0.0707 * (normalized) class_keyword
 +       0.1353 * (normalized) default_keyword
 +       0.2465 * (normalized) do_keyword
 +      -0.0006 * (normalized) double_keyword
 +      -0.2067 * (normalized) else_keyword
 +      -0.2339 * (normalized) extends_keyword
 +      -0.819  * (normalized) final_keyword
 +       0.0154 * (normalized) finally_keyword
 +       0.0339 * (normalized) float_keyword
 +       0.0389 * (normalized) for_keyword
 +       0.5928 * (normalized) if_keyword
 +      -0.1037 * (normalized) implements_keyword
 +       0.1316 * (normalized) instanceof_keyword
 +      -0.0474 * (normalized) int_keyword
 +      -0.0833 * (normalized) long_keyword
 +       0.1137 * (normalized) modules_keyword
 +      -0.0188 * (normalized) native_keyword
 +      -0.136  * (normalized) new_keyword
 +       0.1376 * (normalized) private_keyword
 +       0.0056 * (normalized) protected_keyword
 +      -0.0836 * (normalized) public_keyword
 +      -0      * (normalized) requires_keyword
 +       0.0789 * (normalized) return_keyword
 +      -0.1201 * (normalized) short_keyword
 +      -0.1061 * (normalized) static_keyword
 +       0.0172 * (normalized) synchronized_keyword
 +      -0.107  * (normalized) this_keyword
 +       0.1799 * (normalized) throw_keyword
 +       0.9438 * (normalized) throws_keyword
 +       0.1755 * (normalized) try_keyword
 +      -0.2466 * (normalized) void_keyword
 +      -0.1037 * (normalized) volatile_keyword
 +       0.1162 * (normalized) while_keyword
 +      -0      * (normalized) true_keyword
 +       0.1088 * (normalized) null_keyword
 +      -0.2566 * (normalized) false_keyword
 +      -0.1108 * (normalized) keywordcount
 +      -0.0743 * (normalized) #
 +      -0.1992 * (normalized) %d
 +       0.2792 * (normalized) %s
 +       0.1581 * (normalized) &
 +      -0.0087 * (normalized) *
 +      -0.2601 * (normalized) +
 +      -0.1328 * (normalized) +12125551212
 +      -0      * (normalized) +15551212
 +      -0.1998 * (normalized) -
 +      -0.0563 * (normalized) -t
 +      -0.0903 * (normalized) /
 +      -0.3005 * (normalized) ///
 +       0.0673 * (normalized) //google
 +      -0.2447 * (normalized) //host
 +      -0.3938 * (normalized) /bar
 +      -0.0803 * (normalized) /bin/bash
 +      -0.1551 * (normalized) /foo
 +      -0.2794 * (normalized) /foo/bar
 +      -0.0375 * (normalized) /log/debug-old-2010-08-10
 +      -0.0412 * (normalized) /stuff
 +      -0.1742 * (normalized) 0
 +       0.0056 * (normalized) 00
 +      -0.1035 * (normalized) 01
 +       0.3914 * (normalized) 1
 +       0.157  * (normalized) 10
 +      -0.1353 * (normalized) 103
 +       0.3996 * (normalized) 11
 +      -0.1353 * (normalized) 112
 +      -0.1353 * (normalized) 119
 +      -0.0771 * (normalized) 12
 +      -0.5518 * (normalized) 123
 +      -0.2105 * (normalized) 12345
 +      -0.2054 * (normalized) 127
 +       0.0408 * (normalized) 13
 +      -0.1008 * (normalized) 2
 +      -0.2909 * (normalized) 20
 +      -0.1179 * (normalized) 200
 +      -0.0166 * (normalized) 21
 +      -0.1353 * (normalized) 221
 +      -0.1867 * (normalized) 222
 +       0.2003 * (normalized) 3
 +      -0.3147 * (normalized) 4
 +      -0.2667 * (normalized) 5
 +       0.0046 * (normalized) 50
 +       0.0386 * (normalized) 59
 +      -0.005  * (normalized) 6
 +      -0.1149 * (normalized) 7
 +      -0.3129 * (normalized) 8
 +      -0.0828 * (normalized) 9
 +      -0.0166 * (normalized) 91
 +      -0.0453 * (normalized) =
 +       0.2241 * (normalized) =>
 +       0.0541 * (normalized) >
 +       0.1426 * (normalized) \
 +       0.2619 * (normalized) a
 +      -0.0677 * (normalized) abc
 +      -0.154  * (normalized) absolute
 +       0.1046 * (normalized) ac
 +       0.1967 * (normalized) accept
 +      -0.0906 * (normalized) access
 +      -0.1308 * (normalized) acl
 +       0.2239 * (normalized) active
 +      -0.1803 * (normalized) actual
 +      -0.3285 * (normalized) adapter
 +      -0.0764 * (normalized) add
 +       0.14   * (normalized) added
 +       0.2138 * (normalized) addheader
 +       0.001  * (normalized) addr
 +      -0.3818 * (normalized) addresource
 +       0.2527 * (normalized) address
 +      -0.4152 * (normalized) advance
 +       0.1456 * (normalized) after
 +       0.1807 * (normalized) again
 +      -0.3384 * (normalized) alive
 +       0.5119 * (normalized) all
 +       0.5458 * (normalized) allocate
 +       0.2585 * (normalized) allowed
 +      -0.2402 * (normalized) already
 +      -0.1709 * (normalized) also
 +      -0.0931 * (normalized) alternate
 +      -0.0931 * (normalized) alternateauthentication
 +      -0.3037 * (normalized) an
 +       0.2193 * (normalized) and
 +      -0.1363 * (normalized) another
 +      -0.4428 * (normalized) answer
 +      -0.1163 * (normalized) any
 +      -0.267  * (normalized) anystring
 +      -0.0962 * (normalized) apache
 +       0.3356 * (normalized) app
 +      -0.5181 * (normalized) append
 +       0.2682 * (normalized) appender
 +       0.0613 * (normalized) application/json
 +      -0.2858 * (normalized) apply
 +      -0.0374 * (normalized) are
 +      -0.0219 * (normalized) arg
 +       0.1803 * (normalized) args
 +      -0.0782 * (normalized) args1
 +      -0.1881 * (normalized) argument
 +      -0.2349 * (normalized) argumentmatchers
 +      -0.2162 * (normalized) arguments
 +      -0.1362 * (normalized) array
 +      -0.1384 * (normalized) arrays
 +       0.2242 * (normalized) as
 +      -0.3594 * (normalized) ascii
 +       0.8389 * (normalized) aslist
 +      -0.2109 * (normalized) assert
 +      -0.2073 * (normalized) assertarrayequals
 +       0.3572 * (normalized) assertequals
 +       0.0221 * (normalized) assertfalse
 +       0.1226 * (normalized) assertnotnull
 +       0.2743 * (normalized) assertnull
 +      -0.5189 * (normalized) assertsame
 +      -0.0856 * (normalized) assertthat
 +       0.3228 * (normalized) asserttrue
 +      -0.104  * (normalized) assume
 +      -0.1943 * (normalized) async
 +      -0.3139 * (normalized) at
 +      -0.1585 * (normalized) attribute
 +       0      * (normalized) attributes
 +       0.5137 * (normalized) auth
 +       0.8043 * (normalized) authenticate
 +       0.2906 * (normalized) authenticated
 +      -0.2745 * (normalized) authentication
 +       0.1601 * (normalized) authority
 +      -0.0242 * (normalized) authorization
 +      -0.7311 * (normalized) authorized
 +       0.1275 * (normalized) available
 +       0.4463 * (normalized) avg
 +      -0.4827 * (normalized) await
 +       0.2222 * (normalized) b
 +      -0.2067 * (normalized) back
 +      -0.4411 * (normalized) bad
 +       0.1892 * (normalized) bar
 +      -0.2571 * (normalized) barrier
 +       0.1145 * (normalized) base
 +      -0.0803 * (normalized) based
 +       0.0917 * (normalized) basic
 +      -0.1016 * (normalized) be
 +      -0.2856 * (normalized) because
 +      -0.4236 * (normalized) become
 +      -0.0705 * (normalized) been
 +       0.1278 * (normalized) before
 +      -0.2697 * (normalized) begin
 +      -0.0507 * (normalized) bind
 +      -0.3296 * (normalized) bit
 +      -0      * (normalized) bits
 +      -0.0165 * (normalized) blah
 +       0.9649 * (normalized) block
 +      -0.2914 * (normalized) blocked
 +      -0.3684 * (normalized) bob
 +       0.3293 * (normalized) body
 +      -0.0124 * (normalized) boolean
 +      -0      * (normalized) bootstrap
 +       0.1689 * (normalized) both
 +       0.6328 * (normalized) bound
 +       0.0558 * (normalized) buf
 +       0.2664 * (normalized) buffer
 +      -0.1421 * (normalized) build
 +      -0.284  * (normalized) builder
 +       0.096  * (normalized) but
 +      -0.3947 * (normalized) by
 +       0.0229 * (normalized) byte
 +      -0.1848 * (normalized) bytebuffer
 +      -0.1452 * (normalized) bytes
 +      -0.0725 * (normalized) bytesread
 +       0.0851 * (normalized) c
 +      -0.2696 * (normalized) c1
 +       0.1574 * (normalized) cache
 +      -0.0022 * (normalized) calendar
 +      -0.2242 * (normalized) call
 +      -0.1515 * (normalized) callback
 +       0.3486 * (normalized) called
 +       0.3586 * (normalized) calls
 +      -0.2794 * (normalized) can
 +      -0.0578 * (normalized) cancel
 +       0.074  * (normalized) capacity
 +      -0.1316 * (normalized) captor
 +      -0.1071 * (normalized) capture
 +       0.0056 * (normalized) case
 +      -0.2527 * (normalized) cause
 +       0.3708 * (normalized) chain
 +       0.1523 * (normalized) change
 +      -0.1473 * (normalized) changed
 +      -0.2888 * (normalized) channel
 +      -0.0192 * (normalized) char
 +      -0.1621 * (normalized) character
 +      -0.3307 * (normalized) charset
 +      -0.0996 * (normalized) charsets
 +      -0      * (normalized) chbuffer
 +      -0.0716 * (normalized) check
 +       0.1439 * (normalized) checksum
 +       0.0488 * (normalized) child
 +      -0.4509 * (normalized) chunked
 +       0.2247 * (normalized) class
 +       0.2036 * (normalized) cleanup
 +       0.0559 * (normalized) clear
 +       0.0007 * (normalized) client
 +       0.1576 * (normalized) close
 +      -0.0533 * (normalized) closed
 +      -0.0166 * (normalized) closest
 +       1.3163 * (normalized) cluster
 +       0.3807 * (normalized) code
 +      -0.4524 * (normalized) codec
 +      -0.0725 * (normalized) codectestutils
 +      -0.3838 * (normalized) coding
 +       0.115  * (normalized) collections
 +       0.0093 * (normalized) com
 +       0.1514 * (normalized) command
 +      -0.3101 * (normalized) common
 +      -0.2767 * (normalized) commonconfigurationkeys
 +       0.2611 * (normalized) compare
 +      -0.1554 * (normalized) complete
 +       0.0467 * (normalized) completed
 +      -0      * (normalized) compress
 +      -0.398  * (normalized) compression
 +      -0.3379 * (normalized) compute
 +      -0.135  * (normalized) conf
 +       0.3107 * (normalized) config
 +      -0.4313 * (normalized) configuration
 +       0.0418 * (normalized) configured
 +      -0.1403 * (normalized) conn
 +       0.5355 * (normalized) connect
 +       0.3192 * (normalized) connection
 +      -0.0619 * (normalized) connections
 +      -0.1941 * (normalized) constant
 +       0.2905 * (normalized) consume
 +      -0.4633 * (normalized) consumed
 +       0.0033 * (normalized) contains
 +      -0.1088 * (normalized) content
 +      -0.2172 * (normalized) contents
 +      -0.0725 * (normalized) contenttype
 +      -0.4697 * (normalized) context
 +      -0.0571 * (normalized) controller
 +      -0.1415 * (normalized) convert
 +       0.0299 * (normalized) cookie
 +       0.1626 * (normalized) cookies
 +       0.1711 * (normalized) copy
 +      -0.3968 * (normalized) core
 +       0.0633 * (normalized) corematchers
 +       0.2253 * (normalized) correct
 +       0.012  * (normalized) correctly
 +       0.0717 * (normalized) count
 +       0.8228 * (normalized) counter
 +       0.0766 * (normalized) cpu
 +       0.0342 * (normalized) crc
 +       0.153  * (normalized) create
 +      -0.1249 * (normalized) created
 +      -0.0463 * (normalized) createremoteuser
 +      -0.0262 * (normalized) credential1
 +       0      * (normalized) credentials
 +       0      * (normalized) creds
 +      -0.0418 * (normalized) current
 +       0.4396 * (normalized) currenttimemillis
 +       0.0892 * (normalized) custom
 +      -0.1634 * (normalized) d
 +      -0.5196 * (normalized) daemon
 +      -0.4198 * (normalized) data
 +       0.2588 * (normalized) date
 +       0.1539 * (normalized) de
 +      -0.382  * (normalized) decode
 +       0.3645 * (normalized) decoder
 +      -0.2226 * (normalized) decoding
 +      -0.0032 * (normalized) decrypt
 +      -0.4922 * (normalized) default
 +      -0.0735 * (normalized) delegation
 +      -0.1826 * (normalized) delete
 +      -0.2352 * (normalized) deleted
 +      -0.2475 * (normalized) deprecation
 +      -0.107  * (normalized) desc
 +      -0.3516 * (normalized) description
 +       0.2683 * (normalized) destroy
 +      -0.1573 * (normalized) details
 +       0.011  * (normalized) did
 +      -0.4278 * (normalized) didn
 +       0.116  * (normalized) different
 +       0.2379 * (normalized) dir
 +       0.0505 * (normalized) directories
 +       0.0551 * (normalized) directory
 +      -0.2083 * (normalized) disabled
 +      -0.3934 * (normalized) disk
 +      -0.1338 * (normalized) do
 +      -0.1078 * (normalized) doas
 +       0.244  * (normalized) does
 +       0.0673 * (normalized) domain
 +      -0.0071 * (normalized) don
 +       0.2455 * (normalized) done
 +      -0.1529 * (normalized) double
 +       0.0375 * (normalized) down
 +      -0.1867 * (normalized) drwho
 +      -0.4203 * (normalized) dst
 +      -0.062  * (normalized) dummy
 +      -0.2994 * (normalized) dump
 +      -0.0655 * (normalized) duration
 +      -0.2547 * (normalized) dynamic
 +      -0.0128 * (normalized) e
 +      -0.5165 * (normalized) ec
 +      -0.828  * (normalized) echo
 +      -0.0032 * (normalized) eek
 +      -0.0032 * (normalized) ek
 +      -0.0412 * (normalized) election
 +      -0.7696 * (normalized) elector
 +       0.2909 * (normalized) element
 +       0.6458 * (normalized) elements
 +       0.1995 * (normalized) email
 +      -0.1072 * (normalized) empty
 +       0.1539 * (normalized) en
 +       0.5272 * (normalized) enabled
 +       0.046  * (normalized) encode
 +      -0.4165 * (normalized) encoded
 +       0.2822 * (normalized) encoder
 +      -0.3479 * (normalized) encoding
 +      -0.0032 * (normalized) encrypted
 +      -0.0032 * (normalized) encryption
 +      -0.1984 * (normalized) end
 +      -0.3818 * (normalized) endconfig
 +      -0.0635 * (normalized) endpoint
 +      -0.4537 * (normalized) engine
 +      -0.2178 * (normalized) ensure
 +       0.0819 * (normalized) entity
 +       0.0031 * (normalized) entries
 +      -0.3444 * (normalized) entry
 +      -0.1343 * (normalized) enum
 +       0.4352 * (normalized) eq
 +      -0.2328 * (normalized) equal
 +      -0.0838 * (normalized) equals
 +      -0.1199 * (normalized) equalto
 +      -0.0646 * (normalized) error
 +       0.2459 * (normalized) errors
 +      -0.0138 * (normalized) etag
 +       0.7072 * (normalized) event
 +      -0.4199 * (normalized) every
 +      -0.195  * (normalized) ex
 +      -0.4704 * (normalized) example
 +       0.0114 * (normalized) exception
 +      -0.008  * (normalized) exceptions
 +       0.2354 * (normalized) exclude
 +      -0.2077 * (normalized) excluded
 +       0.2575 * (normalized) execute
 +       0.1826 * (normalized) executor
 +      -0.203  * (normalized) executors
 +       0.1055 * (normalized) exist
 +       0.0034 * (normalized) existing
 +       0.0862 * (normalized) exists
 +      -0.377  * (normalized) exit
 +      -0.2606 * (normalized) expect
 +       0.0609 * (normalized) expectations
 +      -0.1166 * (normalized) expected
 +       0.5937 * (normalized) expiration
 +      -0.6554 * (normalized) expire
 +      -0.5064 * (normalized) expired
 +      -0.094  * (normalized) external
 +      -0.35   * (normalized) extra
 +      -0.4232 * (normalized) f
 +       0.1204 * (normalized) f1
 +       0.0949 * (normalized) factory
 +       0.6157 * (normalized) fail
 +      -0.0897 * (normalized) failed
 +       0.0052 * (normalized) failover
 +       0.2165 * (normalized) fails
 +      -0.1962 * (normalized) failure
 +       0.1003 * (normalized) fake
 +      -0.1509 * (normalized) false
 +      -0.0279 * (normalized) fchannel
 +      -0.1666 * (normalized) field
 +       0.059  * (normalized) fields
 +       0.2487 * (normalized) file
 +      -0.316  * (normalized) file2
 +      -0.0991 * (normalized) file_
 +       0.1072 * (normalized) filename
 +       0.1422 * (normalized) files
 +      -0.3173 * (normalized) filesystem
 +      -0.1039 * (normalized) fill
 +       0.473  * (normalized) filter
 +       0.0666 * (normalized) filters
 +      -0.129  * (normalized) final
 +      -0.1397 * (normalized) find
 +       0.3295 * (normalized) finish
 +       0.1454 * (normalized) first
 +      -0.1616 * (normalized) fixed
 +       0.1424 * (normalized) flash
 +      -0.1064 * (normalized) float
 +       0.4233 * (normalized) flush
 +      -0.089  * (normalized) foo
 +       0.1928 * (normalized) foo2
 +       0.1714 * (normalized) for
 +      -0.1132 * (normalized) format
 +      -0.2342 * (normalized) found
 +      -0.0949 * (normalized) fragment
 +       0.1906 * (normalized) frame
 +      -0.4826 * (normalized) framework
 +       0.2183 * (normalized) from
 +      -0.0841 * (normalized) fs
 +       0.0909 * (normalized) full
 +      -0.1009 * (normalized) future
 +      -0.0544 * (normalized) future1
 +      -0.0544 * (normalized) future2
 +      -0.0047 * (normalized) g
 +       0.2954 * (normalized) g1
 +       0.1831 * (normalized) g3
 +      -0.2415 * (normalized) gauge
 +       0.4223 * (normalized) gc
 +       0.0834 * (normalized) generate
 +      -0.8362 * (normalized) generic
 +      -0.7738 * (normalized) generictestutils
 +       0.2625 * (normalized) get
 +      -0.0805 * (normalized) getbytes
 +      -0.0364 * (normalized) getbytestransferred
 +      -0.2527 * (normalized) getcause
 +       0.2699 * (normalized) getclass
 +      -0.5147 * (normalized) getcurrentuser
 +      -0.0063 * (normalized) getentity
 +      -0.1185 * (normalized) getfilestatus
 +       0.153  * (normalized) getgroups
 +      -0.0931 * (normalized) getheader
 +      -0.4139 * (normalized) getinitparameter
 +       0.3156 * (normalized) getinputstream
 +      -0.0676 * (normalized) getinstance
 +      -0.1403 * (normalized) getlocal
 +      -0.1034 * (normalized) getlocalport
 +       0.0424 * (normalized) getmessage
 +      -0.0383 * (normalized) getmethod
 +      -0.3392 * (normalized) getname
 +       0.0263 * (normalized) getparameter
 +       0.2719 * (normalized) getpath
 +       0.0107 * (normalized) gettime
 +       0.2926 * (normalized) getvalue
 +      -0.0278 * (normalized) gid
 +      -0.0138 * (normalized) gmt
 +      -0.2029 * (normalized) go
 +      -0.1181 * (normalized) good
 +       0.3107 * (normalized) google
 +       0.0852 * (normalized) got
 +      -0.0803 * (normalized) grid
 +      -0.3342 * (normalized) group
 +      -0.218  * (normalized) group1
 +      -0.0723 * (normalized) group2
 +       0.4758 * (normalized) group_
 +      -0.2458 * (normalized) groups
 +      -0      * (normalized) gz
 +      -0.0211 * (normalized) gzip
 +       0.1864 * (normalized) h
 +      -0.1155 * (normalized) h1
 +      -0.1155 * (normalized) h2
 +      -0.4458 * (normalized) hadoop
 +      -0.0954 * (normalized) handle
 +      -0.1236 * (normalized) handler
 +      -0.0208 * (normalized) handshake
 +      -0.5799 * (normalized) har
 +       0.0675 * (normalized) has
 +       0.0093 * (normalized) hash
 +      -0.2338 * (normalized) have
 +       0.8939 * (normalized) hdfs
 +      -0.0744 * (normalized) head
 +       0.0571 * (normalized) header
 +      -0.2759 * (normalized) headers
 +      -0.4343 * (normalized) health
 +      -0.3106 * (normalized) healthy
 +      -0.4599 * (normalized) hello
 +      -0.3543 * (normalized) helper
 +      -0.0184 * (normalized) hook
 +      -0.7517 * (normalized) host
 +       0.0541 * (normalized) host1
 +       0.0067 * (normalized) host2
 +      -0.174  * (normalized) host3
 +      -0.174  * (normalized) host4
 +       0.6178 * (normalized) hostname
 +      -0.0948 * (normalized) hosts
 +       0.1711 * (normalized) html
 +      -0.2136 * (normalized) http
 +      -0.0616 * (normalized) http/1
 +      -0.138  * (normalized) httprocessor
 +      -0.3304 * (normalized) https
 +      -0.4765 * (normalized) httpservletresponse
 +      -0.0216 * (normalized) httpstatus
 +       0.4839 * (normalized) i
 +       0.3648 * (normalized) id
 +      -0.1058 * (normalized) if
 +      -0.0169 * (normalized) illegal
 +      -0.1136 * (normalized) illegalargumentexception
 +      -0.1525 * (normalized) image
 +      -0.1647 * (normalized) impl
 +      -0.1479 * (normalized) in
 +      -0.1513 * (normalized) inbuf
 +      -0.0061 * (normalized) include
 +       0.1412 * (normalized) includes
 +       0.1424 * (normalized) incorrect
 +       0.3746 * (normalized) index
 +       0.2073 * (normalized) info
 +       0.3151 * (normalized) information
 +      -0.108  * (normalized) init
 +      -0.1211 * (normalized) initial
 +      -1.0906 * (normalized) initialize
 +       0.0239 * (normalized) injector
 +      -0.1783 * (normalized) input
 +      -0.5656 * (normalized) inputstream
 +      -0.2871 * (normalized) instance
 +      -0.38   * (normalized) int
 +      -0.1327 * (normalized) integer
 +      -0.2409 * (normalized) interactions
 +      -0.108  * (normalized) intercept
 +      -0.0246 * (normalized) interceptor
 +      -0.2831 * (normalized) internal
 +      -0.5607 * (normalized) interrupt
 +      -0.3013 * (normalized) interrupted
 +       0.1277 * (normalized) interval
 +      -0.143  * (normalized) into
 +      -0.4104 * (normalized) invalid
 +      -0.7611 * (normalized) invocation
 +       0.3165 * (normalized) invoke
 +      -0.0221 * (normalized) io
 +      -0.3019 * (normalized) ioe
 +      -0.1002 * (normalized) ioexception
 +       0.2463 * (normalized) ip
 +      -0.1993 * (normalized) ips
 +      -0.0797 * (normalized) is
 +      -0.0279 * (normalized) iscompleted
 +      -0.6482 * (normalized) isempty
 +       0.3909 * (normalized) isequalto
 +       0.3102 * (normalized) it
 +      -0.3739 * (normalized) item
 +       0.201  * (normalized) items
 +      -0.3026 * (normalized) iterator
 +      -0.1454 * (normalized) its
 +      -0.3853 * (normalized) j
 +      -0.2325 * (normalized) jar
 +       0.0659 * (normalized) java
 +      -0.19   * (normalized) jetty
 +      -0.2855 * (normalized) jks
 +       0.2009 * (normalized) jmx
 +       0.091  * (normalized) join
 +      -0.2711 * (normalized) json
 +      -0.0931 * (normalized) jwt
 +       0.2999 * (normalized) k
 +      -0.0915 * (normalized) k1
 +      -0.0908 * (normalized) kdc
 +      -0.0743 * (normalized) kerberos
 +      -0.1938 * (normalized) key
 +      -0.1086 * (normalized) key1
 +      -0.0641 * (normalized) key2
 +       0.1729 * (normalized) keys
 +      -0.2326 * (normalized) keytab
 +      -0.299  * (normalized) kind
 +      -0.0913 * (normalized) kms
 +      -0.1975 * (normalized) kp
 +       0.47   * (normalized) l
 +       0      * (normalized) lambda
 +       0.1818 * (normalized) lang
 +       0.1539 * (normalized) language
 +      -0.1848 * (normalized) last
 +       0.1746 * (normalized) ldap
 +       0.6708 * (normalized) lease
 +      -0.339  * (normalized) least
 +      -0.0246 * (normalized) len
 +      -0.1632 * (normalized) length
 +       0.0402 * (normalized) let
 +      -0.5309 * (normalized) level
 +       0.0933 * (normalized) line
 +      -0.6002 * (normalized) link
 +      -0.027  * (normalized) list
 +       0      * (normalized) listen
 +      -0.4255 * (normalized) listener
 +      -0.0231 * (normalized) load
 +       0.2776 * (normalized) loaded
 +      -0.4305 * (normalized) local
 +       0.0125 * (normalized) localhost
 +      -0.1353 * (normalized) location
 +      -0.053  * (normalized) lock
 +       0.1354 * (normalized) log
 +      -0.3182 * (normalized) logger
 +      -0.3957 * (normalized) logging
 +       0.1694 * (normalized) login
 +       0.1423 * (normalized) long
 +       0.0067 * (normalized) lookup
 +      -0.3419 * (normalized) lot
 +       0.1648 * (normalized) ls
 +       0.0118 * (normalized) m
 +      -0.2234 * (normalized) machine
 +       0.3098 * (normalized) mail
 +      -0.0357 * (normalized) make
 +      -0.3956 * (normalized) management
 +       0.3773 * (normalized) manager
 +       0.2085 * (normalized) map
 +      -0.1271 * (normalized) mapfile
 +      -0.3465 * (normalized) mapping
 +       0.09   * (normalized) maps
 +       0.4617 * (normalized) mask
 +      -0.2416 * (normalized) match
 +       0.0622 * (normalized) matchers
 +      -0.4267 * (normalized) matches
 +      -0.024  * (normalized) material
 +       0.2693 * (normalized) matrix
 +      -0.0763 * (normalized) max
 +      -0.2214 * (normalized) me
 +       0.0848 * (normalized) memory
 +       0.1932 * (normalized) message
 +       0.0825 * (normalized) messages
 +      -0.0197 * (normalized) metadata
 +      -0.5368 * (normalized) method
 +      -0.0904 * (normalized) methods
 +       0.0733 * (normalized) metric
 +      -0.2527 * (normalized) metrics
 +       0.0715 * (normalized) millis
 +      -0.3494 * (normalized) milliseconds
 +      -0.2048 * (normalized) min
 +      -0.008  * (normalized) minutes
 +      -0.0794 * (normalized) missing
 +      -0.1191 * (normalized) mkdirs
 +      -0.25   * (normalized) mock
 +      -0.2791 * (normalized) mockcontroller
 +      -0.4371 * (normalized) mocked
 +      -0.0404 * (normalized) mockfs
 +      -0.2939 * (normalized) mockito
 +      -0.4144 * (normalized) mode
 +       0.6685 * (normalized) modified
 +      -0.4075 * (normalized) monitor
 +      -0.0313 * (normalized) more
 +      -0.5742 * (normalized) ms
 +       0      * (normalized) mtime
 +      -0.4628 * (normalized) multi
 +       0.147  * (normalized) multiple
 +      -0.2292 * (normalized) must
 +       0.2901 * (normalized) my
 +       0.2639 * (normalized) n
 +      -0.0166 * (normalized) name
 +      -0.0374 * (normalized) name1
 +      -0.0374 * (normalized) name2
 +       0.1776 * (normalized) names
 +       0.0281 * (normalized) negative
 +      -0.3097 * (normalized) net
 +      -0.3097 * (normalized) netutils
 +       0.144  * (normalized) never
 +      -0.2894 * (normalized) new
 +      -0.0049 * (normalized) next
 +       0.2322 * (normalized) ninja
 +      -0.1941 * (normalized) ninjaconstant
 +      -0.2736 * (normalized) ninjaproperties
 +      -0.425  * (normalized) no
 +       0.6016 * (normalized) node
 +      -0.1941 * (normalized) nodes
 +       0.0382 * (normalized) non
 +      -0.0208 * (normalized) nopassword
 +      -0.2752 * (normalized) not
 +      -0      * (normalized) nothing
 +      -0.2491 * (normalized) now
 +       0.1371 * (normalized) ns
 +       0.0017 * (normalized) null
 +      -0.1741 * (normalized) num
 +      -0.5948 * (normalized) number
 +      -0.0473 * (normalized) o
 +       0.0047 * (normalized) object
 +       0.0237 * (normalized) objects
 +      -0.0335 * (normalized) of
 +      -0.1532 * (normalized) ok
 +      -0.4055 * (normalized) old
 +       0.0675 * (normalized) on
 +      -0.1601 * (normalized) once
 +       0.2108 * (normalized) one
 +      -0.1826 * (normalized) only
 +      -0.1485 * (normalized) open
 +      -0.1381 * (normalized) operation
 +       0.0406 * (normalized) ops
 +       0.2086 * (normalized) option
 +      -0.1604 * (normalized) optional
 +      -0.3709 * (normalized) options
 +      -0.2403 * (normalized) or
 +      -0.0196 * (normalized) order
 +       0.591  * (normalized) org
 +      -0.1003 * (normalized) origin
 +       1.4819 * (normalized) original
 +      -0.0781 * (normalized) other
 +      -0.2863 * (normalized) our
 +      -0.0995 * (normalized) out
 +      -0.1234 * (normalized) outbuf
 +       0.0179 * (normalized) output
 +      -0.1249 * (normalized) over
 +      -0.2251 * (normalized) override
 +      -0.1328 * (normalized) owen
 +      -0.0638 * (normalized) owner
 +      -0.4702 * (normalized) p
 +      -0.1376 * (normalized) p1
 +      -0.0208 * (normalized) p12
 +      -0.0913 * (normalized) p2
 +      -0.0317 * (normalized) pair
 +       0.2915 * (normalized) param
 +      -0.2791 * (normalized) param1
 +      -0.3175 * (normalized) parameter
 +       0.2361 * (normalized) parameters
 +      -0.0903 * (normalized) parent
 +      -0.1206 * (normalized) parse
 +      -0.1328 * (normalized) parsed
 +       0.1067 * (normalized) parser
 +      -0.5307 * (normalized) parsing
 +      -0.0197 * (normalized) pass
 +      -0.1157 * (normalized) passed
 +      -0.0839 * (normalized) password
 +      -0.1265 * (normalized) path
 +      -0.099  * (normalized) paths
 +      -0.0778 * (normalized) pattern
 +       0.0468 * (normalized) per
 +       0.2283 * (normalized) period
 +       0.5535 * (normalized) permission
 +       0.1327 * (normalized) ping
 +      -0.3461 * (normalized) png
 +      -0.293  * (normalized) policy
 +       0.2377 * (normalized) pool
 +       0.1576 * (normalized) port
 +       0.3144 * (normalized) pos
 +       0.304  * (normalized) post
 +       0.5424 * (normalized) prefix
 +       0.358  * (normalized) prepare
 +       0.0577 * (normalized) principal
 +       0.1261 * (normalized) print
 +      -0.0451 * (normalized) priority
 +      -0.1653 * (normalized) private
 +       0.6109 * (normalized) process
 +       0.1435 * (normalized) properties
 +      -0.3415 * (normalized) property
 +      -0.3339 * (normalized) props
 +       0.0869 * (normalized) protocol
 +      -0.277  * (normalized) provider
 +      -0.2733 * (normalized) providers
 +      -0.0133 * (normalized) proxy
 +       0.7279 * (normalized) proxy_
 +      -0.2297 * (normalized) proxying
 +      -0.2465 * (normalized) public
 +      -0.2418 * (normalized) publish
 +       0.0816 * (normalized) put
 +      -0.4875 * (normalized) q
 +      -0.1281 * (normalized) q=0
 +       0.2433 * (normalized) query
 +       0.2025 * (normalized) queue
 +       0      * (normalized) quota
 +       0.4465 * (normalized) r
 +      -0.2804 * (normalized) random
 +      -0.1686 * (normalized) range
 +      -0.0457 * (normalized) raw
 +      -0.0969 * (normalized) rc
 +       0.4743 * (normalized) read
 +      -0.2975 * (normalized) reader
 +       0.2496 * (normalized) real
 +       0.006  * (normalized) real_
 +      -0.0135 * (normalized) realm
 +      -0.3211 * (normalized) reason
 +      -0.0936 * (normalized) receive
 +       0.2427 * (normalized) received
 +      -0.0896 * (normalized) record
 +      -0.0607 * (normalized) records
 +       0.1087 * (normalized) redirect
 +      -0.0848 * (normalized) refill
 +       0.1651 * (normalized) refresh
 +      -0.199  * (normalized) regex
 +       0.1938 * (normalized) register
 +       0.0341 * (normalized) registry
 +      -0.2351 * (normalized) release
 +      -0.0853 * (normalized) relogin
 +      -0.1599 * (normalized) remaining
 +       0.0682 * (normalized) remote
 +      -0.0929 * (normalized) remove
 +       0.0184 * (normalized) removed
 +      -0.3757 * (normalized) rename
 +      -0.2495 * (normalized) renderable
 +       0.072  * (normalized) renew
 +      -0.0242 * (normalized) replace
 +       0.5845 * (normalized) request
 +       0      * (normalized) requester
 +       0.3771 * (normalized) reset
 +       0.4919 * (normalized) resolve
 +      -0.3131 * (normalized) resolver
 +       0.7802 * (normalized) resource
 +      -0.0208 * (normalized) resource1
 +       0.2806 * (normalized) response
 +       0.5252 * (normalized) restart
 +       0.2525 * (normalized) result
 +      -0.2959 * (normalized) results
 +      -0.1074 * (normalized) retries
 +       0.2151 * (normalized) retry
 +      -0.2056 * (normalized) return
 +       0.2371 * (normalized) returned
 +       0.1326 * (normalized) reverse
 +      -0.1151 * (normalized) right
 +      -0.0488 * (normalized) roll
 +       0.0545 * (normalized) root
 +      -0.466  * (normalized) root_
 +       0.0635 * (normalized) route
 +      -0.7045 * (normalized) rpc
 +      -0.0381 * (normalized) rule
 +       0.1955 * (normalized) run
 +      -0.1118 * (normalized) rw
 +       0.0332 * (normalized) s
 +      -0.0962 * (normalized) s1
 +      -0.0638 * (normalized) s2
 +       0.136  * (normalized) same
 +       0.2337 * (normalized) save
 +       0.3084 * (normalized) scanner
 +      -0.1661 * (normalized) scheduler
 +       0.5067 * (normalized) scheme
 +      -0.0337 * (normalized) scope
 +       0.3252 * (normalized) script
 +      -0.1328 * (normalized) sean
 +      -0.319  * (normalized) second
 +       0.0886 * (normalized) seconds
 +      -0.406  * (normalized) secret
 +       0.2787 * (normalized) security
 +       0.2926 * (normalized) see
 +       0.3158 * (normalized) send
 +       0.2925 * (normalized) sent
 +       0.0199 * (normalized) sequence
 +      -0.1395 * (normalized) serialize
 +       0.1536 * (normalized) server
 +      -0.0441 * (normalized) service
 +       0      * (normalized) service1
 +       0.8567 * (normalized) services
 +       0.1092 * (normalized) servlet
 +      -0.0773 * (normalized) session
 +      -0.0252 * (normalized) set
 +      -0.2659 * (normalized) setconf
 +       0.1478 * (normalized) setint
 +      -0.288  * (normalized) setlong
 +       0.3231 * (normalized) setproperty
 +      -0.137  * (normalized) setsotimeout
 +       0.2777 * (normalized) setting
 +      -0.1484 * (normalized) settings
 +       0.036  * (normalized) setup
 +      -0.6722 * (normalized) shell
 +       0.09   * (normalized) short
 +       0.0389 * (normalized) should
 +       0.4543 * (normalized) shutdown
 +      -0.4085 * (normalized) signer
 +      -0.2248 * (normalized) simple
 +       0.3592 * (normalized) since
 +       0.1101 * (normalized) single
 +      -0.0753 * (normalized) sink
 +      -0.0428 * (normalized) size
 +      -0.7259 * (normalized) skip
 +       0.4373 * (normalized) sleep
 +      -0.1517 * (normalized) slow
 +      -0.0432 * (normalized) so
 +      -0.0404 * (normalized) socket
 +      -0.1999 * (normalized) some
 +      -0.3345 * (normalized) somehost
 +       0.0443 * (normalized) source
 +      -0.2121 * (normalized) space
 +      -0.0821 * (normalized) spaces
 +       0.0628 * (normalized) specified
 +       0.1005 * (normalized) spy
 +       0.3446 * (normalized) src
 +      -0.6191 * (normalized) srowen@example
 +      -0.078  * (normalized) ssl
 +       0.0546 * (normalized) stack
 +      -0.0923 * (normalized) standalone
 +      -0.1591 * (normalized) standard
 +      -0.0996 * (normalized) standardcharsets
 +      -0.7977 * (normalized) standby
 +       0.2835 * (normalized) start
 +      -0.3818 * (normalized) startconfig
 +      -0.4279 * (normalized) started
 +       0.1963 * (normalized) starts
 +       0.0108 * (normalized) stat
 +      -0.0021 * (normalized) state
 +      -0.0773 * (normalized) static
 +      -0.2034 * (normalized) stats
 +       0.0187 * (normalized) status
 +       0.2418 * (normalized) still
 +      -0.2596 * (normalized) stop
 +      -0.2169 * (normalized) storage
 +      -0.2473 * (normalized) store
 +      -0.324  * (normalized) str
 +      -0.1136 * (normalized) str_
 +       0.6742 * (normalized) strategy
 +      -0.5735 * (normalized) stream
 +      -0.298  * (normalized) string
 +      -0.5076 * (normalized) stringutils
 +      -0.075  * (normalized) stuff
 +       0.2037 * (normalized) subject
 +      -0.0378 * (normalized) submit
 +      -0.3077 * (normalized) succeeds
 +       0.0678 * (normalized) successfully
 +      -0.0815 * (normalized) summary
 +       0.0361 * (normalized) super
 +       0.2481 * (normalized) superuser
 +      -0.1581 * (normalized) sure
 +       0.086  * (normalized) sync
 +       0.6045 * (normalized) system
 +      -0.0776 * (normalized) t
 +      -0.062  * (normalized) tags
 +       0.0168 * (normalized) take
 +       0.568  * (normalized) target
 +       0.4977 * (normalized) task
 +      -0.1328 * (normalized) tel
 +      -0.2173 * (normalized) temp
 +       0.2798 * (normalized) template
 +      -0.45   * (normalized) test
 +      -0.0381 * (normalized) test1
 +      -0.2194 * (normalized) test2
 +      -0.2408 * (normalized) test_
 +      -0.0222 * (normalized) testdir
 +       0.1176 * (normalized) testfile
 +       0      * (normalized) testfile01
 +       0      * (normalized) testfile02
 +       0      * (normalized) testfile03
 +       0      * (normalized) testfile04
 +       0      * (normalized) testfile05
 +       0      * (normalized) testfile06
 +      -0.1646 * (normalized) testing
 +       0.2674 * (normalized) tests
 +      -0.3169 * (normalized) text
 +      -0.5462 * (normalized) text/html
 +      -0.2107 * (normalized) text/plain
 +       0.2447 * (normalized) tgt
 +       0.0297 * (normalized) than
 +      -0.0125 * (normalized) that
 +      -0.2175 * (normalized) the
 +       0.0651 * (normalized) then
 +       0.0166 * (normalized) thenreturn
 +       0.0113 * (normalized) there
 +      -0.1098 * (normalized) they
 +       0.0145 * (normalized) this
 +       0.0202 * (normalized) thread
 +      -0.2884 * (normalized) threads
 +       0.017  * (normalized) three
 +       0.5457 * (normalized) throw
 +      -0.495  * (normalized) thrown
 +      -0.1832 * (normalized) ticket
 +      -0.1086 * (normalized) time
 +      -0.1    * (normalized) timeout
 +       0.5019 * (normalized) timer
 +       0.0517 * (normalized) times
 +       0.2798 * (normalized) timestamp
 +      -0.2728 * (normalized) timeunit
 +      -0.3959 * (normalized) tmp
 +      -0.2221 * (normalized) to
 +       0.6538 * (normalized) tobytearray
 +      -0.104  * (normalized) token
 +      -0.1765 * (normalized) token2
 +       0.1222 * (normalized) tokens
 +      -0.3669 * (normalized) too
 +       0.5444 * (normalized) tostring
 +       0.5373 * (normalized) total
 +       0.0503 * (normalized) totals
 +      -0.582  * (normalized) touri
 +       0.1736 * (normalized) trace
 +      -0.0279 * (normalized) transfer
 +      -0.0364 * (normalized) transferred
 +      -0.1681 * (normalized) trash
 +      -0.3027 * (normalized) trigger
 +      -0.0639 * (normalized) true
 +      -0.1238 * (normalized) trust
 +      -0.0247 * (normalized) try
 +       0.131  * (normalized) two
 +       0.0494 * (normalized) txt
 +      -0.0225 * (normalized) type
 +       0.0921 * (normalized) types
 +       0.0557 * (normalized) u
 +      -0.2341 * (normalized) ugi
 +      -0.0278 * (normalized) uid
 +      -0.0338 * (normalized) umask
 +       0.2502 * (normalized) unchecked
 +      -0.092  * (normalized) under
 +      -0.5518 * (normalized) unexpected
 +       0.2533 * (normalized) unit
 +      -0.1238 * (normalized) unknown
 +      -0.389  * (normalized) unreliable
 +       0.1038 * (normalized) up
 +       0.2859 * (normalized) update
 +       0.0314 * (normalized) uri
 +       0.1877 * (normalized) url
 +      -0.1504 * (normalized) usage
 +       0.0049 * (normalized) use
 +      -0.1779 * (normalized) used
 +       0.2927 * (normalized) user
 +       0.2862 * (normalized) user1
 +       0.2862 * (normalized) user2
 +       0.2191 * (normalized) user_
 +      -0.2091 * (normalized) usergroupinformation
 +      -0.022  * (normalized) users
 +       0.3875 * (normalized) using
 +       0.946  * (normalized) utf-8
 +       0.1396 * (normalized) utf8
 +      -0.3694 * (normalized) util
 +       0.5088 * (normalized) utils
 +       0.1525 * (normalized) v
 +       0.0473 * (normalized) val
 +       0.3184 * (normalized) valid
 +       0.1612 * (normalized) validate
 +       0.2986 * (normalized) validation
 +      -0.179  * (normalized) value
 +      -0.4691 * (normalized) value1
 +       0.0481 * (normalized) value2
 +      -0.3488 * (normalized) value3
 +      -0.1052 * (normalized) valueof
 +       0.0455 * (normalized) values
 +      -0.2162 * (normalized) verify
 +      -0.1339 * (normalized) verifynomoreinteractions
 +       0.0071 * (normalized) version
 +      -0.3462 * (normalized) via
 +       0.1374 * (normalized) wait
 +       0.0773 * (normalized) waiting
 +       0.8483 * (normalized) was
 +       0.2122 * (normalized) we
 +      -0.0236 * (normalized) were
 +      -0.2946 * (normalized) what
 +      -0.0462 * (normalized) whatever
 +      -0.0731 * (normalized) when
 +       0.0247 * (normalized) which
 +       0.1262 * (normalized) while
 +       0.6631 * (normalized) will
 +      -0.42   * (normalized) windows
 +      -0.0294 * (normalized) with
 +      -0.1136 * (normalized) with_
 +      -0.2038 * (normalized) without
 +      -0.5864 * (normalized) witness
 +      -0.1466 * (normalized) work
 +       0.1565 * (normalized) works
 +      -0.0685 * (normalized) world
 +      -0.2932 * (normalized) wrap
 +      -0.0943 * (normalized) writable
 +       0.3478 * (normalized) write
 +       0.577  * (normalized) writer
 +      -0.1815 * (normalized) wrong
 +       0.3229 * (normalized) x
 +      -0.1203 * (normalized) xml
 +      -0.2683 * (normalized) xx
 +       0      * (normalized) xxx
 +       0      * (normalized) xxxx
 +      -0.5131 * (normalized) y
 +      -0.2912 * (normalized) z
 +      -0.6292 * (normalized) zero
 +      -0.1583 * (normalized) zk
 +       0.2333 * (normalized) {}
 +       0.37   * (normalized) }
 +       0.0134 * (normalized) ${coord
 +       0      * (normalized) -1
 +       0.0953 * (normalized) -oozie
 +      -0      * (normalized) -test
 +      -0.0445 * (normalized) //
 +       0      * (normalized) ///tmp/workflows/</app-path>
 +       0      * (normalized) //hcat
 +      -0.0993 * (normalized) //localhost
 +      -0      * (normalized) />
 +      -0.0646 * (normalized) /a
 +       0.0199 * (normalized) /b
 +       0.201  * (normalized) /test
 +       0      * (normalized) 0000000-
 +       0.0386 * (normalized) 00z
 +       0.0408 * (normalized) 02
 +       0.0408 * (normalized) 14
 +       0.0386 * (normalized) 2009-02-01
 +       0      * (normalized) 2009-02-01t01
 +       0.0433 * (normalized) 2009-06-24
 +       0.0433 * (normalized) 317
 +       0.0433 * (normalized) 323
 +      -0.072  * (normalized) 43
 +       0.0386 * (normalized) 59z
 +       0.0433 * (normalized) 958
 +       0      * (normalized) </action>
 +      -0      * (normalized) </configuration>
 +       0      * (normalized) </controls>
 +       0      * (normalized) </coordinator-app>
 +      -0      * (normalized) </job-tracker>
 +      -0      * (normalized) </name-node>
 +      -0      * (normalized) </prepare>
 +       0      * (normalized) </workflow>
 +       0      * (normalized) <action>
 +       0      * (normalized) <app-path>hdfs
 +       0      * (normalized) <concurrency>2</concurrency>
 +       0      * (normalized) <controls>
 +       0      * (normalized) <coordinator-app
 +       0      * (normalized) <delete
 +      -0      * (normalized) <job-tracker>
 +      -0      * (normalized) <main-class>
 +       0      * (normalized) <mkdir
 +      -0      * (normalized) <name-node>
 +       0      * (normalized) <name>input
 +      -0      * (normalized) <prepare>
 +       0      * (normalized) <timeout>10</timeout>
 +       0      * (normalized) <workflow>
 +       0      * (normalized) <worklfow-app/>
 +       0.1854 * (normalized) @
 +       0.0433 * (normalized) _
 +      -0.0281 * (normalized) _test
 +      -0.1334 * (normalized) a1
 +      -0.1334 * (normalized) a2
 +       0.5802 * (normalized) aa
 +      -0.1285 * (normalized) abcd
 +       0.0547 * (normalized) acceptframe
 +       0.8504 * (normalized) action
 +       0.0433 * (normalized) action-
 +       0.0386 * (normalized) action1
 +       0      * (normalized) action2
 +       0.11   * (normalized) actionid
 +      -0      * (normalized) actionnum
 +       0.082  * (normalized) actions
 +      -0      * (normalized) actionxml
 +      -0.1416 * (normalized) adding
 +       0.2078 * (normalized) addnode
 +       0.0673 * (normalized) addrecordtobundlejobtable
 +       0.0386 * (normalized) addrecordtocoordactiontable
 +       0.0386 * (normalized) addrecordtocoordjobtable
 +       0      * (normalized) addrecordtowfjobtable
 +       0.3632 * (normalized) admin
 +       0.7434 * (normalized) ae
 +      -0.0562 * (normalized) am
 +       0.122  * (normalized) android
 +       0.0433 * (normalized) app-
 +       0.0474 * (normalized) app1
 +       0.3157 * (normalized) application
 +      -0      * (normalized) apppath
 +      -0      * (normalized) archive
 +       0.2634 * (normalized) articles
 +       0.3049 * (normalized) attempt
 +       0.0547 * (normalized) banana
 +       0.1214 * (normalized) batch
 +       0.7072 * (normalized) bean
 +       0.1291 * (normalized) bla
 +      -0.4949 * (normalized) blocks
 +       0.0043 * (normalized) broker
 +       0.0373 * (normalized) builddatekey
 +       0.0356 * (normalized) bulk
 +       0.6578 * (normalized) bundle
 +      -0.07   * (normalized) ca
 +      -0.3307 * (normalized) callable
 +       0      * (normalized) callable1
 +       0      * (normalized) callable2
 +       0      * (normalized) callable3
 +      -0      * (normalized) callables
 +       0      * (normalized) cat
 +      -0.244  * (normalized) catch
 +       0.534  * (normalized) ce
 +       0.0386 * (normalized) cell
 +       0.3376 * (normalized) child1
 +       0.3376 * (normalized) child2
 +      -0.1547 * (normalized) children
 +       0.0464 * (normalized) classes
 +      -0.061  * (normalized) cmd
 +       0.3245 * (normalized) column
 +       0.3339 * (normalized) column_1
 +       0.0884 * (normalized) commit
 +      -0.3592 * (normalized) configure
 +       0.0373 * (normalized) consistency
 +       0.2942 * (normalized) constants
 +       0.0043 * (normalized) consumer
 +       0.0626 * (normalized) contain
 +       0.1739 * (normalized) container
 +       0.2041 * (normalized) content-type
 +       0.4969 * (normalized) coord
 +       0.0386 * (normalized) coord-action-for-action-input-check
 +       0.0386 * (normalized) coord-action-get
 +       0.0134 * (normalized) coord-action-start
 +       0.0134 * (normalized) coordelfunctions
 +       0.1188 * (normalized) coordinator
 +       0.0386 * (normalized) coordinatoraction
 +       0.0386 * (normalized) coordinatorjob
 +      -0.0897 * (normalized) corrupt
 +      -0.0199 * (normalized) corrupted
 +       0.0166 * (normalized) could
 +       0.2091 * (normalized) counters
 +       0      * (normalized) country=us
 +       0.0373 * (normalized) cql
 +      -0.0957 * (normalized) createcontext
 +       0.0659 * (normalized) createfile
 +       0.1485 * (normalized) createurl
 +       0.2597 * (normalized) creation
 +       0.183  * (normalized) crud
 +       0      * (normalized) dag
 +       0.0529 * (normalized) dat
 +      -0      * (normalized) data-in
 +       0.0134 * (normalized) datain
 +      -0      * (normalized) dataname
 +       0.1487 * (normalized) datanode
 +      -0.8219 * (normalized) datanodes
 +       0.1253 * (normalized) dataout
 +       0      * (normalized) dataset
 +       0      * (normalized) days
 +       0.5676 * (normalized) db
 +      -0.1728 * (normalized) debug
 +       0.1902 * (normalized) def
 +       0.5644 * (normalized) dependency
 +       0.9477 * (normalized) dfs
 +       0.6494 * (normalized) dfsconfigkeys
 +       0.0529 * (normalized) dfstestutil
 +       0.3032 * (normalized) dir1
 +       0.3143 * (normalized) disable
 +       0.3103 * (normalized) dn
 +      -0      * (normalized) ds
 +       0      * (normalized) dsl
 +      -0.0535 * (normalized) due
 +       0.3183 * (normalized) eaaaa//9
 +       0.0398 * (normalized) each
 +       0.7276 * (normalized) edits
 +       0.5705 * (normalized) el
 +       0.3674 * (normalized) enable
 +      -0.0022 * (normalized) end=
 +       0.0031 * (normalized) end_
 +       0.0031 * (normalized) end_points
 +      -0.0022 * (normalized) endtime
 +       0.2071 * (normalized) enqueue
 +       0.0373 * (normalized) entity/insert_single_row
 +       0.63   * (normalized) errorcode
 +       0.1348 * (normalized) eval
 +       0.0134 * (normalized) evalandwrap
 +       0.3855 * (normalized) evaluate
 +       0.0649 * (normalized) evaluator
 +       0.1715 * (normalized) events
 +       0.0373 * (normalized) executescripttemplate
 +      -0.0649 * (normalized) exits
 +      -0.0603 * (normalized) expecting
 +       0.0134 * (normalized) expr
 +       0.034  * (normalized) f->
 +       0.0113 * (normalized) f2
 +       0.5683 * (normalized) families
 +       0.6149 * (normalized) family
 +      -0.1162 * (normalized) fault
 +       0.7881 * (normalized) feature
 +       0.2767 * (normalized) file1
 +       0.5265 * (normalized) filepath
 +      -0.0604 * (normalized) flag
 +       0.2078 * (normalized) fork
 +       0.0112 * (normalized) four
 +       0      * (normalized) frequency=
 +       0      * (normalized) frombasetable
 +       0.4473 * (normalized) fsimage
 +       0.9241 * (normalized) functions
 +       0.5975 * (normalized) getconf
 +       0.0984 * (normalized) getcontexturl
 +       0.63   * (normalized) geterrorcode
 +       0.7427 * (normalized) getfilesystem
 +       0.4408 * (normalized) getfstestcasedir
 +      -0.1224 * (normalized) getheaderfield
 +       0.303  * (normalized) getid
 +       0      * (normalized) getjobtrackeruri
 +       0      * (normalized) getnamenodeuri
 +       0.0529 * (normalized) getnamesystem
 +       0      * (normalized) getresourceasreader
 +      -0.2232 * (normalized) getresponsecode
 +       0.1599 * (normalized) getstatus
 +       0.2688 * (normalized) gettestcasedir
 +       0.4408 * (normalized) gettestuser
 +       0.1275 * (normalized) geturl
 +       0.5992 * (normalized) given
 +       0.3918 * (normalized) half
 +       0.2563 * (normalized) hcat
 +       0.1807 * (normalized) heartbeat
 +      -0.2124 * (normalized) here
 +       0.2922 * (normalized) hflush
 +       0      * (normalized) hour
 +       0.2333 * (normalized) id1
 +       0.0755 * (normalized) immutable
 +       0.0373 * (normalized) immutablemap
 +      -0.0962 * (normalized) injection
 +       0.0982 * (normalized) insert
 +      -0.0198 * (normalized) instances
 +      -0.0032 * (normalized) ioutils
 +      -0.1666 * (normalized) ipc
 +       0.1473 * (normalized) is_
 +       0.1473 * (normalized) is_security_enabled
 +       0.137  * (normalized) isnotnull
 +       0.4232 * (normalized) jms
 +       0.5315 * (normalized) job
 +       0.0433 * (normalized) job-
 +       0      * (normalized) job2
 +      -0      * (normalized) job3
 +       0.0433 * (normalized) jobconf
 +       0.0255 * (normalized) jobid
 +       0      * (normalized) jobs
 +       0.6088 * (normalized) jpa
 +       0.0356 * (normalized) jpaservice
 +       0.1442 * (normalized) jsonvalue
 +       0.3183 * (normalized) kbaaaap//
 +       0.0905 * (normalized) kill
 +       0.1013 * (normalized) killed
 +       0.6841 * (normalized) latch
 +      -0.0137 * (normalized) latest
 +      -0.0689 * (normalized) launcher
 +       0.029  * (normalized) launchermapper
 +       0.3376 * (normalized) lib
 +      -0.0516 * (normalized) like
 +       0      * (normalized) local_
 +       0      * (normalized) local_a
 +       0.408  * (normalized) localoozie
 +      -0.1367 * (normalized) locations
 +      -0.0536 * (normalized) mapper
 +      -0.0803 * (normalized) mapred
 +       0.0199 * (normalized) mapreduce
 +       0.5046 * (normalized) master
 +       0.3024 * (normalized) meta
 +       0.4745 * (normalized) minute
 +       0.2762 * (normalized) mkdir
 +       0      * (normalized) mockdagengineservice
 +      -0.2038 * (normalized) model
 +      -0.0022 * (normalized) month
 +       0      * (normalized) month=12
 +      -0.0022 * (normalized) months
 +      -0.0044 * (normalized) move
 +       0.4573 * (normalized) mr
 +       0.0174 * (normalized) name=
 +      -0.0572 * (normalized) namenode
 +      -0.0428 * (normalized) namespace
 +       0.0529 * (normalized) namesystem
 +       0.5733 * (normalized) naming
 +       0.146  * (normalized) need
 +       0.036  * (normalized) nextlong
 +       0.4141 * (normalized) nn
 +       0.0386 * (normalized) nominal
 +       0.6149 * (normalized) numdatanodes
 +      -0.1642 * (normalized) offset
 +       0.9402 * (normalized) oozie
 +      -0      * (normalized) oozieclient
 +       0.0984 * (normalized) oozieurl
 +      -0.0817 * (normalized) openconnection
 +      -0.046  * (normalized) operations
 +       0.3388 * (normalized) oryx
 +       0.3463 * (normalized) os
 +       0.555  * (normalized) page
 +       0.2833 * (normalized) params
 +       0      * (normalized) parsedateoozietz
 +       0.3814 * (normalized) parsexml
 +      -0      * (normalized) partition
 +       0.2228 * (normalized) path=
 +      -0.0546 * (normalized) pause
 +       0.1163 * (normalized) peer
 +       0.2602 * (normalized) pending
 +       0.763  * (normalized) play
 +      -0.6186 * (normalized) plus
 +       0.0031 * (normalized) points
 +       0.0546 * (normalized) printstacktrace
 +       0.2473 * (normalized) proto
 +       0.2741 * (normalized) proxyuser
 +       0.0144 * (normalized) purge
 +      -0.0067 * (normalized) purged
 +      -0.0151 * (normalized) push
 +       0.3183 * (normalized) qaaad//0o
 +       0.1495 * (normalized) queueservice
 +       0.3964 * (normalized) quorum
 +      -0.333  * (normalized) rack
 +      -0      * (normalized) racks
 +       0.183  * (normalized) randomutils
 +      -0.2876 * (normalized) re
 +       0.6274 * (normalized) recovery
 +       0.041  * (normalized) reduce
 +       0.4421 * (normalized) region
 +       0      * (normalized) region=us
 +       0.4248 * (normalized) regions
 +       0.0173 * (normalized) repl
 +       0.069  * (normalized) replica
 +       0.0173 * (normalized) replicas
 +       0.043  * (normalized) replication
 +      -0.0842 * (normalized) reply
 +      -0.0111 * (normalized) report
 +       0.3947 * (normalized) res
 +      -0.2822 * (normalized) resolved
 +       0.723  * (normalized) rest
 +       0.1442 * (normalized) restconstants
 +       0.1449 * (normalized) ret
 +       0.194  * (normalized) rm
 +       0.4596 * (normalized) row
 +       0.4661 * (normalized) rows
 +       0.5008 * (normalized) running
 +       0.734  * (normalized) runtest
 +       0.2615 * (normalized) runtime
 +       0.3064 * (normalized) safe
 +       0      * (normalized) sc
 +       0.6886 * (normalized) scan
 +       0.2234 * (normalized) schema
 +       0.0373 * (normalized) scriptexecutor
 +       0.1092 * (normalized) security_
 +       0.1256 * (normalized) select
 +      -0.4147 * (normalized) servlet_
 +       0.0031 * (normalized) servlet_classes
 +       0.2561 * (normalized) setbody
 +      -0.2326 * (normalized) setboolean
 +       0.1442 * (normalized) setrequestmethod
 +      -0.1174 * (normalized) setstatus
 +       0.5795 * (normalized) setsystemproperty
 +       0.3183 * (normalized) sg
 +      -0.097  * (normalized) signal
 +       0.0373 * (normalized) simpleentity/insert_single_row
 +      -0.0022 * (normalized) simulated
 +       0.2251 * (normalized) sla
 +       0.0017 * (normalized) snapshot
 +       0.2896 * (normalized) something
 +       0.0547 * (normalized) spdy3
 +       0.1993 * (normalized) split
 +       0.8792 * (normalized) stage
 +       0      * (normalized) start=
 +      -0.231  * (normalized) starting
 +       0.2982 * (normalized) startswith
 +      -0.0151 * (normalized) starttime
 +       0.4479 * (normalized) stm
 +       0.188  * (normalized) streaming
 +       0.0144 * (normalized) sub
 +       0.089  * (normalized) substring
 +       0.3376 * (normalized) subworkflow
 +       0.2359 * (normalized) succeed
 +      -0.0641 * (normalized) succeeded
 +       0.0216 * (normalized) success
 +       0.3651 * (normalized) successful
 +       0.0659 * (normalized) support
 +       0.0673 * (normalized) suspend
 +       0.0547 * (normalized) syn
 +       0.315  * (normalized) sys
 +       0      * (normalized) t00
 +       0.0386 * (normalized) t01
 +       0.0386 * (normalized) t23
 +       0.8906 * (normalized) table
 +       0.063  * (normalized) tablename
 +       0.0547 * (normalized) takeframe
 +       0      * (normalized) timezone=
 +       0.3805 * (normalized) tobytes
 +       0.0433 * (normalized) token-
 +       0.1712 * (normalized) topic
 +      -0.6003 * (normalized) tracker
 +       0.0547 * (normalized) type_
 +       0.0199 * (normalized) uber
 +       0.2888 * (normalized) unit_
 +       0      * (normalized) unit_testing
 +       0.0666 * (normalized) updates
 +      -0.0198 * (normalized) us
 +      -0      * (normalized) utc
 +      -0.0676 * (normalized) uuid
 +       0.1704 * (normalized) variable
 +      -0.0447 * (normalized) w
 +       0.5553 * (normalized) waitactive
 +       0.1921 * (normalized) waitfor
 +       0.295  * (normalized) warn
 +       0.0762 * (normalized) wc
 +       0.5703 * (normalized) wf
 +      -0.0288 * (normalized) where
 +      -0.149  * (normalized) window
 +       0.9696 * (normalized) workflow
 +      -0      * (normalized) workflowaction
 +      -0      * (normalized) workflowinstance
 +       0      * (normalized) workflowjob
 +       0.387  * (normalized) working
 +      -0.0534 * (normalized) writefile
 +       0      * (normalized) writetofile
 +      -0      * (normalized) xdatatestcase
 +       0.2233 * (normalized) xmlns=
 +       0.3814 * (normalized) xmlutils
 +       0.2208 * (normalized) yarn
 +       0.7266 * (normalized) year}/${
 +       0.0212 * (normalized) {
 -       0.8803

Number of kernel evaluations: 2398766 (95.37% cached)



Time taken to build model: 32.93 seconds

=== Evaluation on test split ===

Time taken to test model on test split: 0.39 seconds

=== Summary ===

Correctly Classified Instances         519               92.5134 %
Incorrectly Classified Instances        42                7.4866 %
Kappa statistic                          0.8503
Mean absolute error                      0.0749
Root mean squared error                  0.2736
Relative absolute error                 14.9727 %
Root relative squared error             54.721  %
Total Number of Instances              561     

=== Detailed Accuracy By Class ===

                 TP Rate  FP Rate  Precision  Recall   F-Measure  MCC      ROC Area  PRC Area  Class
                 0.928    0.077    0.921      0.928    0.924      0.850    0.925     0.890     Non_Flakey
                 0.923    0.072    0.929      0.923    0.926      0.850    0.925     0.896     Flakey
Weighted Avg.    0.925    0.075    0.925      0.925    0.925      0.850    0.925     0.893     

=== Confusion Matrix ===

   a   b   <-- classified as
 257  20 |   a = Non_Flakey
  22 262 |   b = Flakey

