=== Run information ===

Evaluator:    weka.attributeSelection.InfoGainAttributeEval 
Search:       weka.attributeSelection.Ranker -T -1.7976931348623157E308 -N -1
Relation:     _home_supun_Documents_wekafiles_dataset2_Tokens_arff_docs__home_supun_Documents_wekafiles_dataset2_LOC-weka.filters.unsupervised.attribute.Remove-R2_java_keywords.arff-weka.filters.unsupervised.attribute.Remove-R3-weka.filters.unsupervised.attribute.StringToWordVector-R1-W1000-prune-rate-1.0-N0-stemmerweka.core.stemmers.NullStemmer-stopwords-handlerweka.core.stopwords.Null-M1-tokenizerweka.core.tokenizers.WordTokenizer -delimiters " \r\n\t.,;:\'\"()?!"
Instances:    2804
Attributes:   1609
              [list of attributes omitted]
Evaluation mode:    evaluate on all training data



=== Attribute Selection on all input data ===

Search Method:
	Attribute ranking.

Attribute Evaluator (supervised, Class (nominal): 59 @@class@@):
	Information Gain Ranking Filter

Ranked attributes:
 0.20532     1402 job
 0.1449      1563 table
 0.14192      549 id
 0.13658     1197 action
 0.13597     1455 oozie
 0.13098      887 services
 0.11922     1263 coord
 0.10766     1366 getid
 0.10703     1270 coordinator
 0.10617     1099 xml
 0.09779        1 loc
 0.09138     1595 workflow
 0.08846     1374 getstatus
 0.08739       47 throws_keyword
 0.08452      820 record
 0.07807     1412 jpa
 0.07528     1413 jpaservice
 0.07332      885 service
 0.07211     1589 wf
 0.06895     1272 coordinatorjob
 0.06822     1363 getfilesystem
 0.06189     1271 coordinatoraction
 0.06027      159 app
 0.05975      478 get
 0.05605      249 case
 0.05568     1214 addrecordtocoordjobtable
 0.05337      411 execute
 0.04802      271 cluster
 0.04763      959 system
 0.0467      1335 evaluate
 0.0466       852 return
 0.04608     1301 dateutils
 0.04559      712 node
 0.04533      990 thenreturn
 0.04531      686 mockito
 0.04526      938 status
 0.04207      330 date
 0.04152     1598 workflowjob
 0.04114     1513 runtest
 0.04076     1128 00z
 0.04076     1364 getfstestcasedir
 0.04067      240 call
 0.04007     1251 cmd
 0.04001     1410 jobid
 0.03888       58 keywordcount
 0.03853     1575 tz
 0.03816     1207 actions
 0.0379      1074 wait
 0.03737     1464 parsedateoozietz
 0.03699     1236 bundle
 0.03699     1213 addrecordtocoordactiontable
 0.03684     1311 dfs
 0.03661     1597 workflowinstance
 0.03511     1265 coord-action-get
 0.03472      134 add
 0.03361     1456 oozieclient
 0.03319     1586 waitfor
 0.03286     1224 apppath
 0.03249     1397 is_security_enabled
 0.03249     1376 gettestuser
 0.03174     1596 workflowaction
 0.03143     1057 utils
 0.03108      713 nodes
 0.03062     1506 restconstants
 0.03062     1560 t01
 0.0304        82 00
 0.03018     1008 to
 0.03        1396 is_
 0.02951     1362 geterrorcode
 0.02951     1453 numdatanodes
 0.02927      258 charsets
 0.02914     1375 gettestcasedir
 0.02876     1332 errorcode
 0.02868      267 client
 0.02854      927 standard
 0.02839     1216 addrecordtowfjobtable
 0.02823     1520 security_
 0.0278       928 standardcharsets
 0.02765     1201 action2
 0.02765     1212 addrecordtobundlejobtable
 0.02738      458 for
 0.02663      387 end
 0.02636      763 parse
 0.02625     1258 constants
 0.0258      1200 action1
 0.02543     1528 setsystemproperty
 0.02506     1323 el
 0.02486     1069 verify
 0.02428       38 return_keyword
 0.02358     1489 randomutils
 0.02306        4 boolean_keyword
 0.02284     1357 functions
 0.02247     1104 z
 0.0223       380 enabled
 0.02223     1117 //
 0.02223     1250 classes
 0.02212      662 matchers
 0.02211     1509 row
 0.0221      1457 oozieurl
 0.0221      1360 getcontexturl
 0.02171     1505 rest
 0.02165      465 fs
 0.02143      348 dir
 0.0214      1512 running
 0.02137     1109 ${coord
 0.02137     1290 dag
 0.021       1326 end_
 0.02063     1327 end_points
 0.02063     1208 actionxml
 0.02063     1523 servlet_classes
 0.02063     1585 waitactive
 0.02031     1359 getconf
 0.02027     1273 coordjob
 0.02009      329 data
 0.02001      218 block
 0.01998      903 shutdown
 0.01994      862 run
 0.01967      873 script
 0.01953     1474 play
 0.01953     1312 dfsconfigkeys
 0.01953     1604 xmlutils
 0.01916     1268 coordelfunctions
 0.01916     1562 t23
 0.01903     1378 given
 0.01894      949 stuff
 0.01877       19 final_keyword
 0.01874     1416 kill
 0.01868      675 metrics
 0.01843      721 num
 0.01843     1215 addrecordtowfactiontable
 0.01829     1521 select
 0.01812     1593 where
 0.01807     1338 executescripttemplate
 0.01807     1519 scriptexecutor
 0.01807     1283 cql
 0.0177      1437 mockdagengineservice
 0.0177      1295 datanode
 0.0177      1305 db
 0.0177      1211 addrecordtobundleactiontable
 0.01766     1307 def
 0.01733     1603 xmlns=
 0.01733     1465 parsexml
 0.01733     1131 2009-02-01
 0.01697     1210 addnode
 0.01683     1522 servlet_
 0.01672      180 assertnotnull
 0.0167      1450 nextlong
 0.01659     1511 runnable
 0.01659     1388 immutablemap
 0.01624     1380 hcat
 0.01624     1411 jobs
 0.01624     1370 getnamenodeuri
 0.01624      273 codec
 0.01623     1476 points
 0.01617     1108 }
 0.01604     1230 bean
 0.01601      720 null
 0.01599      412 executor
 0.01595     1042 uri
 0.01588     1386 id1
 0.01584      930 start
 0.01579      114 59
 0.01571      168 argument
 0.01544      890 set
 0.01537      731 one
 0.01514     1602 xdatatestcase
 0.01514     1138 59z
 0.01506      343 destroy
 0.01491     1191 _test
 0.01478     1572 transit
 0.01449      254 channel
 0.01446      399 equalto
 0.01446     1581 utc
 0.01441     1234 builddatekey
 0.0144       682 mock
 0.01435      294 connection
 0.01419     1392 insert
 0.01407      122 >
 0.01405     1502 rerun
 0.01405     1368 getjobtrackeruri
 0.01405     1481 purge
 0.01386      439 file
 0.01384      288 conf
 0.01381      925 stack
 0.01371     1163 <configuration>
 0.01369     1372 getresourceasreader
 0.01369     1132 2009-02-01t01
 0.01369     1115 -oozie
 0.01369      710 ninjaproperties
 0.01367       32 new_keyword
 0.01354      171 array
 0.01344       49 try_keyword
 0.0134      1333 eval
 0.01336     1218 ae
 0.01334        8 catch_keyword
 0.01332     1401 jms
 0.01332     1153 </name-node>
 0.01332     1404 job1
 0.01332     1286 createurl
 0.01332     1205 actionid
 0.01332     1531 simpleentity/insert_single_row
 0.01332     1177 <name-node>
 0.01332     1150 </job-tracker>
 0.01332     1318 dsl
 0.01332     1331 entity/insert_single_row
 0.01332     1174 <job-tracker>
 0.01322     1041 update
 0.01318       36 public_keyword
 0.01313      951 submit
 0.01301     1478 printstacktrace
 0.01297      272 code
 0.01296      169 argumentmatchers
 0.01296     1369 getnamenode
 0.01281      178 assertequals
 0.0127      1439 month
 0.0126       274 codectestutils
 0.0126      1206 actionnum
 0.0126      1313 dfstestutil
 0.01235      232 byte
 0.01223     1289 currentdateplusmonth
 0.01223     1334 evalandwrap
 0.01223     1361 getcurrentdateafterincrementinginmonths
 0.01223     1300 dateafter
 0.01223     1389 incrementing
 0.0122      1387 immutable
 0.01217     1552 succeeded
 0.01208     1018 trace
 0.01206      400 error
 0.01199      173 as
 0.01191      228 build
 0.01187     1274 coordjobgetcmd
 0.01187     1570 topic
 0.01187     1127 0000000-
 0.01187      683 mockcontroller
 0.01187      759 param1
 0.01183     1098 x
 0.01158      398 equals
 0.01155      260 check
 0.01151      572 interactions
 0.01151     1535 sla
 0.01151     1447 namesystem
 0.01132     1444 name=
 0.0113      1285 createfile
 0.01114     1355 frombasetable
 0.01114     1358 getappname
 0.01114     1275 copycharstream
 0.01114     1293 datain
 0.01114     1428 localoozie
 0.01114     1371 getnamesystem
 0.01112      569 instance
 0.01109      479 getbytes
 0.01107      786 print
 0.01099      563 init
 0.01094     1262 content-type
 0.01094     1441 months
 0.01087     1349 file1
 0.01078      296 constant
 0.01078     1592 wfjob
 0.01078      281 commonconfigurationkeys
 0.01078     1409 jobconf
 0.01078     1405 job2
 0.01076      794 provider
 0.01072      998 thrown
 0.0106      1309 dependency
 0.01042      747 outbuf
 0.01042     1377 geturl
 0.01039      561 info
 0.01035      681 mkdirs
 0.01025     1526 setrequestmethod
 0.01021       84 1
 0.01019      304 controller
 0.01007      655 manager
 0.01006      276 coding
 0.01006     1577 unit_
 0.01006     1354 frequency=
 0.01006     1559 t00
 0.01006     1524 setbody
 0.01006     1187 <worklfow-app/>
 0.01006     1243 cat
 0.01006      709 ninjaconstant
 0.01006     1308 dependencies
 0.01006     1564 tablename
 0.01004      309 core
 0.00996     1181 <property>
 0.00996     1156 </property>
 0.00995     1003 times
 0.00976      429 fail
 0.0097      1288 crud
 0.0097      1020 transferred
 0.0097      1121 />
 0.0097      1606 year}/${
 0.0097      1578 unit_testing
 0.0097      1452 nominal
 0.0097      1566 timezone=
 0.00963     1544 starttime
 0.00958      280 common
 0.00958      525 hdfs
 0.00955      332 decode
 0.00955     1421 launcher
 0.00941      120 =
 0.00938      989 then
 0.00938     1081 when
 0.00934     1346 family
 0.00934     1588 wc
 0.00934      480 getbytestransferred
 0.00934     1541 start=
 0.00934     1165 <coordinator-app
 0.00929      383 encoder
 0.00929     1141 </configuration>
 0.00921     1482 purged
 0.00921     1445 namenode
 0.0092       279 command
 0.00918     1026 two
 0.00897     1140 </action>
 0.00897     1367 getjob
 0.00897     1414 jsonvalue
 0.00897     1160 <app-path>hdfs
 0.00897      556 inbuf
 0.00897     1196 acceptframe
 0.00897     1291 dat
 0.00897     1422 launchermapper
 0.00897     1417 killed
 0.00893     1394 ioutils
 0.00892      738 options
 0.00886      182 assertsame
 0.00886      484 getentity
 0.00886     1568 tobytes
 0.00886     1254 commit
 0.00865      789 process
 0.00865      708 ninja
 0.00863     1468 pause
 0.00863     1284 createcontext
 0.00863     1475 plus
 0.00861     1269 coordgetcmd
 0.00861      618 kp
 0.00861     1601 writetofile
 0.00861     1299 dataset=
 0.00861     1565 takeframe
 0.00861       95 123
 0.00861     1143 </coordinator-app>
 0.00861     1398 iscomplete
 0.00861     1158 </workflow>
 0.00861     1159 <action>
 0.00861     1550 subworkflow
 0.00861      895 setsotimeout
 0.00861     1186 <workflow>
 0.00861     1467 path=
 0.0086       381 encode
 0.00857     1328 endtime
 0.00856     1047 user
 0.0084      1458 openconnection
 0.00828      514 h
 0.00825     1168 <dataset
 0.00825     1173 <java>
 0.00825     1178 <name>input
 0.00825     1149 </java>
 0.00825     1175 <main-class>
 0.00825     1116 -test
 0.00825     1126 /workflow
 0.00825     1390 initial-instance=
 0.00825      644 logging
 0.00825      463 framework
 0.00825     1498 replicas
 0.00819      633 list
 0.00817      310 corematchers
 0.00817     1424 lib
 0.00817      764 parsed
 0.00815      236 c
 0.00815      967 template
 0.00802      262 child
 0.00797     1493 region
 0.00792     1000 time
 0.00789     1164 <controls>
 0.00789     1518 schema
 0.00789     1297 dataout
 0.00789     1202 action3
 0.00785      131 active
 0.00783      156 any
 0.00783      333 decoder
 0.00772      498 gettime
 0.00766      707 next
 0.00764     1296 datanodes
 0.00758      628 length
 0.00753     1543 startswith
 0.00753     1142 </controls>
 0.00753     1485 queueservice
 0.00753     1427 local_a
 0.00753     1184 <uri-template>file
 0.00753     1466 partition
 0.00753     1497 replica
 0.00753     1070 verifynomoreinteractions
 0.00753     1267 coord-rerun-action1
 0.00753     1166 <data-in
 0.00753     1556 suspend
 0.00753     1574 type_
 0.00753      788 private
 0.00753      737 optional
 0.00751       20 finally_keyword
 0.00749      924 ssl
 0.00749     1399 isnotnull
 0.00749     1350 filepath
 0.00749     1516 sc
 0.00749     1491 recovery
 0.00749     1325 end=
 0.00746      962 take
 0.00746      193 authentication
 0.00743      911 sleep
 0.00742      227 buffer
 0.0074      1075 waiting
 0.0074       229 builder
 0.00736     1329 enqueue
 0.00732     1043 url
 0.00731     1426 local_
 0.00717      138 addresource
 0.00717     1352 fork
 0.00717     1608 }</instance>
 0.00717      334 decoding
 0.00717       80 /stuff
 0.00717      488 getinitparameter
 0.00717     1172 <instance>${coord
 0.00717     1146 </dataset>
 0.00714     1235 bulk
 0.00708      368 e
 0.00706     1499 replication
 0.00705      390 engine
 0.007        300 content
 0.00697     1373 getresponsecode
 0.00697     1490 re
 0.00684     1571 tracker
 0.00682      848 result
 0.00681     1148 </input-events>
 0.00681      931 startconfig
 0.00681     1118 ///tmp/workflows/</app-path>
 0.00681      388 endconfig
 0.00681     1144 </data-in>
 0.00681      494 getmethod
 0.00681     1169 <datasets>
 0.00681     1147 </datasets>
 0.00681     1609 }</value>
 0.00681     1310 deps
 0.00681     1171 <input-events>
 0.00681     1538 spdy3
 0.00681     1185 <value>${coord
 0.00681     1220 android
 0.0068       302 contenttype
 0.00677     1554 successful
 0.00675     1062 validation
 0.00673      317 create
 0.00671       65 *
 0.00653       29 long_keyword
 0.00648      306 cookie
 0.00645      547 httpstatus
 0.00645     1228 banana
 0.00645     1549 subwf
 0.00645     1383 hflush
 0.00645     1336 evaluator
 0.00645     1119 //hcat
 0.00645      842 resolver
 0.00645     1304 day}</uri-template>
 0.00639      338 delete
 0.00633     1420 latest
 0.00633      406 example
 0.00633      758 param
 0.0063      1125 /test
 0.00621      672 method
 0.00613      921 spy
 0.00613     1232 blocks
 0.00613     1446 namespace
 0.00613      916 somehost
 0.00613      496 getparameter
 0.00609     1492 reduce
 0.00609     1298 dataset
 0.00609     1557 syn
 0.00609      140 advance
 0.00604     1365 getheaderfield
 0.00604      791 property
 0.00601      477 generictestutils
 0.00596      175 aslist
 0.00592      464 from
 0.00592     1547 sub
 0.00591      403 event
 0.00591      428 factory
 0.00588      808 random
 0.00587       23 if_keyword
 0.00586      353 do
 0.00579     1085 windows
 0.00578      205 base
 0.00573      545 https
 0.00573      163 apply
 0.00573      552 illegalargumentexception
 0.00573      461 fragment
 0.00573     1024 trust
 0.00573     1170 <delete
 0.00573     1252 column
 0.00573     1561 t10
 0.00573      684 mocked
 0.00573     1590 wf-app-name1
 0.00573     1573 trx
 0.00573     1162 <concurrency>2</concurrency>
 0.00573     1189 @1
 0.00572      598 jar
 0.00569      769 password
 0.00559      493 getmessage
 0.00556      933 starts
 0.00556      658 mapping
 0.00556     1105 zero
 0.00556      365 dump
 0.00555     1287 creation
 0.00555      554 impl
 0.00552      733 open
 0.00551      716 not
 0.00547      656 map
 0.00545      492 getlocalport
 0.00545     1443 mr
 0.00545     1451 nn
 0.00545      468 future1
 0.00543      698 name
 0.00543      551 illegal
 0.00543      251 chain
 0.00543      177 assertarrayequals
 0.0054       397 equal
 0.00539      101 2
 0.00537     1510 rows
 0.00537     1155 </prepare>
 0.00537     1248 child2
 0.00537     1579 updates
 0.00537      526 head
 0.00537     1253 column_1
 0.00532      233 bytebuffer
 0.00528     1471 pending
 0.00526      157 anystring
 0.00521      299 contains
 0.00515      877 secret
 0.00513      760 parameter
 0.00505     1429 locations
 0.00505     1341 expr
 0.00501     1183 <timeout>10</timeout>
 0.00501     1167 <data-out
 0.00501     1477 prep
 0.00501     1179 <output-events>
 0.00501     1180 <prepare>
 0.00501     1540 stage
 0.00501     1154 </output-events>
 0.00501     1469 pdms
 0.00501      544 httprocessor
 0.00501     1242 callables
 0.00501      617 kms
 0.00501     1496 repl
 0.00501     1145 </data-out>
 0.00501     1264 coord-action-for-action-input-check
 0.00501      664 material
 0.00497     1007 tmp
 0.00496      268 close
 0.0049      1095 write
 0.00484      604 json
 0.00482     1548 substring
 0.00482     1337 events
 0.00482      424 external
 0.00482     1112 -1
 0.00482     1303 days
 0.00479      235 bytesread
 0.00479     1545 stm
 0.00478      476 generic
 0.00477      326 custom
 0.00477       27 int_keyword
 0.00472      646 long
 0.00469      687 mode
 0.00465     1495 regions
 0.00465     1241 callable3
 0.00465     1266 coord-action-start
 0.00465     1239 callable1
 0.00465     1240 callable2
 0.00465      844 resource1
 0.00465     1247 child1
 0.00465      839 requester
 0.00465      568 inputstream
 0.00465     1176 <mkdir
 0.00465     1157 </property></configuration>
 0.00465     1133 2009-03-06
 0.00465     1418 kills
 0.00465     1406 job3
 0.00465      904 signer
 0.00463      889 session
 0.0046       214 bind
 0.00453      248 capture
 0.0045       631 line
 0.00446      247 captor
 0.00446      340 deprecation
 0.00446     1190 _
 0.00446      754 p1
 0.00445      324 current
 0.00443      531 hello
 0.00443     1256 consistency
 0.0044      1076 was
 0.0044      1527 setstatus
 0.0044      1217 admin
 0.00436      166 args
 0.00435      132 actual
 0.00434      711 no
 0.00432     1470 peer
 0.00432      170 arguments
 0.00429      795 providers
 0.00429     1342 f->
 0.00429      978 testfile05
 0.00429      979 testfile06
 0.00429      883 serialize
 0.00429      977 testfile04
 0.00429      976 testfile03
 0.00429     1407 job4
 0.00429     1408 job5
 0.00429      574 interceptor
 0.00429     1280 country=brazil
 0.00429     1292 data-in
 0.00429      374 elector
 0.00429      811 rc
 0.00429      835 renderable
 0.00429     1282 country=usa
 0.00429      974 testfile01
 0.00429      975 testfile02
 0.00429      223 bootstrap
 0.00429     1257 consistencylist
 0.00429     1203 action4
 0.00429     1114 -config
 0.00429     1591 wfe
 0.00429     1151 </main-class>
 0.00429     1152 </map-reduce>
 0.00427     1463 params
 0.00423     1064 value1
 0.00423      905 simple
 0.00413      176 assert
 0.00413      827 registry
 0.00412     1317 ds
 0.00408     1023 true
 0.00408      418 expect
 0.00405     1479 proto
 0.00405      799 public
 0.00405     1584 w
 0.00396      153 and
 0.00394     1316 dn
 0.00393     1381 heartbeat
 0.00393     1204 action5
 0.00393     1488 racks
 0.00393      436 fchannel
 0.00393     1486 quorum
 0.00393      259 chbuffer
 0.00393     1222 app1
 0.00393      520 handshake
 0.00393     1124 /dt=20120430
 0.00393      196 authorized
 0.00393     1345 families
 0.00392      762 parent
 0.00389      843 resource
 0.0038       404 every
 0.00378      589 iscompleted
 0.00378      859 route
 0.00378      308 copy
 0.00378      426 f
 0.00378      209 because
 0.00378      996 three
 0.0037      1525 setboolean
 0.00365      215 bit
 0.00363      914 socket
 0.00361      125 abc
 0.00358      220 bob
 0.00358      608 k1
 0.00358      648 lot
 0.00358      263 chunked
 0.00358      538 host4
 0.00358      866 s2
 0.00358       87 103
 0.00358     1348 feature
 0.00358      657 mapfile
 0.00358     1322 edits
 0.00356      394 entry
 0.00356     1094 writable
 0.00356     1501 report
 0.00356     1517 scan
 0.00353      325 currenttimemillis
 0.00352      226 buf
 0.00351      665 matrix
 0.00351       39 short_keyword
 0.0035       966 temp
 0.00349      145 all
 0.00347     1344 factor
 0.00347     1330 enters
 0.00347      654 management
 0.00344      790 properties
 0.00342      172 arrays
 0.00334     1090 work
 0.00334     1583 variable
 0.00334      793 protocol
 0.00331       85 10
 0.00329      785 principal
 0.00329      830 remaining
 0.00325      490 getinstance
 0.00322      846 response1
 0.00322      151 alternateauthentication
 0.00322      537 host3
 0.00322      373 election
 0.00322      952 succeeds
 0.00322      606 jwt
 0.00322      634 listen
 0.00322     1066 value3
 0.00322      600 jetty
 0.00322       92 119
 0.00322      573 intercept
 0.00322      216 bits
 0.00322      105 221
 0.00322      723 o
 0.00322      715 nopassword
 0.00322     1494 region=us
 0.00322      755 p12
 0.00322     1089 witness
 0.00321     1244 catch
 0.00321      225 bound
 0.00321      660 mask
 0.00321     1500 reply
 0.00321      612 key1
 0.00321     1058 v
 0.00321      825 regex
 0.00321      486 getgroups
 0.00321     1238 callable
 0.00319      770 path
 0.00318      160 append
 0.00318      378 empty
 0.00316      283 complete
 0.00316     1014 tostring
 0.00315     1438 model
 0.00315     1019 transfer
 0.00315      389 endpoint
 0.00315     1100 xx
 0.00315      419 expectations
 0.00315      382 encoded
 0.00315     1339 exits
 0.00315      286 compression
 0.00315      369 ec
 0.00314      284 completed
 0.00313      264 class
 0.00308      287 compute
 0.00308     1276 corrupt
 0.00307      266 clear
 0.00304      546 httpservletresponse
 0.00304      416 exists
 0.00302      234 bytes
 0.00302     1106 zk
 0.00302     1461 os
 0.003        810 raw
 0.00295     1051 usergroupinformation
 0.00291      200 b
 0.00291      516 h2
 0.00291     1539 split
 0.00291      610 kerberos
 0.00289      705 never
 0.00287     1553 success
 0.00286       91 113
 0.00286     1113 -3
 0.00286       90 112
 0.00286      615 keytab
 0.00286      817 reason
 0.00286      816 realm
 0.00286      342 description
 0.00286      322 creds
 0.00286      323 csrf
 0.00286     1080 whatever
 0.00286     1294 dataname
 0.00286     1448 naming
 0.00286       70 -t
 0.00286      385 encrypted
 0.00286     1229 batch
 0.00283      469 future2
 0.00283      370 echo
 0.00283      950 subject
 0.00283     1245 ce
 0.00283      165 arg
 0.00282      669 message
 0.0028      1012 tokens
 0.00279      973 testfile
 0.00276      487 getheader
 0.00275      376 elements
 0.00274      819 received
 0.00274     1091 works
 0.00273      981 tests
 0.00273      691 ms
 0.00266      592 it
 0.00264      642 log
 0.00262      621 lang
 0.00262      745 our
 0.00262      616 kind
 0.00262     1530 signal
 0.00262       83 01
 0.00262      188 attribute
 0.00262      581 invocation
 0.0026      1088 without
 0.0026       405 ex
 0.00259      347 different
 0.00253       18 extends_keyword
 0.00253      344 details
 0.00253     1400 je
 0.00253      191 authenticate
 0.00252      337 delegation
 0.00252      730 once
 0.00252      413 executors
 0.00252     1237 ca
 0.00252      777 png
 0.00252     1193 a2
 0.00252     1246 cell
 0.00252      473 gauge
 0.00252      725 objects
 0.00251      548 i
 0.0025      1533 simpleset
 0.0025       601 jks
 0.0025      1532 simplemap
 0.0025      1423 leases
 0.0025      1087 with_
 0.0025       275 coder
 0.0025       829 relogin
 0.0025       926 standalone
 0.0025       861 rule
 0.0025      1567 to=
 0.0025       620 lambda
 0.0025      1356 fsimage
 0.0025       798 proxying
 0.0025        50 void_keyword
 0.0025        86 102
 0.0025      1004 timestamp
 0.0025       674 metric
 0.0025       445 fill
 0.00243      562 information
 0.00242     1061 validate
 0.00239      688 modified
 0.00239      586 ip
 0.00235      805 queue
 0.00235      437 field
 0.00234      305 convert
 0.00234      146 allocate
 0.00234      680 missing
 0.00233      303 context
 0.00233      781 pos
 0.00233      632 link
 0.00233     1508 rm
 0.00233      587 ips
 0.00233      448 final
 0.00233      293 connect
 0.00231      336 default
 0.00229     1319 due
 0.00228     1010 token
 0.00228      124 a
 0.00226     1534 simulated
 0.00226     1219 am
 0.00226     1315 disable
 0.00226      932 started
 0.00225     1430 mapper
 0.00224      534 host
 0.00224     1353 four
 0.00224     1434 meta
 0.00224      865 s1
 0.00224      821 records
 0.00221      613 key2
 0.00221       96 12345
 0.00221     1432 mapreduce
 0.00221      106 222
 0.00221      454 float
 0.00221     1195 abcd
 0.00221      699 name1
 0.00221     1006 tls
 0.00217      676 millis
 0.00217      141 after
 0.00215      597 j
 0.00214      361 drwho
 0.00214     1072 vevent
 0.00214      983 text/html
 0.00214     1134 2009-06-24
 0.00214     1139 958
 0.00214      204 barrier
 0.00214     1460 oryx
 0.00214       94 121
 0.00214     1281 country=us
 0.00214       74 //host
 0.00214     1136 323
 0.00214      363 dtstart
 0.00214     1233 broker
 0.00214      328 daemon
 0.00213     1040 up
 0.00212     1071 version
 0.00211      184 asserttrue
 0.00208     1600 writefile
 0.00208      311 correct
 0.00207     1031 ugi
 0.00206      301 contents
 0.00206     1278 could
 0.00205      256 character
 0.00205     1605 yarn
 0.00205      321 credentials
 0.00204     1009 tobytearray
 0.00202      307 cookies
 0.002        242 called
 0.002        532 helper
 0.002       1587 warn
 0.002       1065 value2
 0.002        768 passed
 0.002        543 http/1
 0.002       1227 attempt
 0.00199      838 request
 0.00198      824 refresh
 0.00198      230 but
 0.00194      455 flush
 0.00193      611 key
 0.0019      1555 support
 0.0019       970 test2
 0.0019      1039 unreliable
 0.0019       379 en
 0.0019       651 machine
 0.0019      1016 totals
 0.0019      1044 usage
 0.0019       150 alternate
 0.0019       167 args1
 0.0019      1092 world
 0.0019       603 join
 0.00185      701 names
 0.00184      869 scanner
 0.00184      734 operation
 0.00183      183 assertthat
 0.0018       814 real
 0.00179     1259 consumer
 0.00179      850 retries
 0.00179      364 dummy
 0.00179      143 alias
 0.00179     1102 xxxx
 0.00179     1135 317
 0.00179       10 class_keyword
 0.00179     1403 job-
 0.00179     1101 xxx
 0.00179       62 %d
 0.00179     1161 <chmod
 0.00179     1199 action-actual-time=
 0.00179     1198 action-
 0.00179       37 requires_keyword
 0.00179      521 har
 0.00179      742 origin
 0.00179      335 decrypt
 0.00179     1472 permissions=
 0.00178      152 an
 0.00177      257 charset
 0.00177      185 assume
 0.00177      692 mtime
 0.00177      515 h1
 0.00177      685 mockfs
 0.00177     1483 push
 0.00177      670 messages
 0.00177      440 file2
 0.00176      729 on
 0.00176      155 answer
 0.00176     1260 contain
 0.00176     1343 f2
 0.00174      717 nothing
 0.00174     1459 operations
 0.00174     1249 children
 0.00174      423 expired
 0.00172      784 prepare
 0.00172      462 frame
 0.00169      766 parsing
 0.00165      703 net
 0.00165      704 netutils
 0.00163     1067 valueof
 0.0016        78 /foo/bar
 0.0016       886 service1
 0.0016      1379 half
 0.0016       700 name2
 0.0016       453 flash
 0.0016       123 \
 0.00157     1314 dir1
 0.00157     1223 application
 0.0015       750 override
 0.0015      1347 fault
 0.00143     1569 token-
 0.00143      386 encryption
 0.00143     1226 articles
 0.00143       99 129
 0.00143      823 refill
 0.00143     1221 app-
 0.00143     1440 month=12
 0.00143      320 credential1
 0.00143     1032 uid
 0.00143      500 gid
 0.00143      107 230
 0.00143     1123 /b
 0.00143      371 eek
 0.00107      923 srowen@example
 0.00107      803 q=0
 0.00107      372 ek
 0.00107       76 /bin/bash
 0.00107     1576 uber
 0.00107      119 91
 0.00107     1473 pipes
 0.00107      944 str_
 0           1045 use
 0            255 char
 0            245 cancel
 0           1046 used
 0           1529 sg
 0           1048 user1
 0            241 callback
 0            239 calendar
 0           1038 unknown
 0            231 by
 0           1536 snapshot
 0            238 cache
 0           1537 something
 0           1033 umask
 0            972 testdir
 0            217 blah
 0            246 capacity
 0            222 boolean
 0           1049 user2
 0            250 cause
 0           1035 under
 0           1052 users
 0           1036 unexpected
 0           1037 unit
 0           1034 unchecked
 0            252 change
 0            253 changed
 0            244 can
 0            243 calls
 0            224 both
 0            219 blocked
 0           1050 user_
 0            221 body
 0            237 c1
 0            339 deleted
 0            346 didn
 0            316 crc
 0            999 ticket
 0           1487 rack
 0            312 correctly
 0            313 count
 0            314 counter
 0           1261 container
 0           1001 timeout
 0           1002 timer
 0            297 consume
 0            295 connections
 0            298 consumed
 0            984 text/plain
 0           1005 timeunit
 0            315 cpu
 0            997 throw
 0            261 checksum
 0            318 created
 0           1484 qaaad//0o
 0            331 de
 0           1480 proxyuser
 0            987 that
 0            986 than
 0            988 the
 0            327 d
 0            991 there
 0            995 threads
 0            319 createremoteuser
 0            994 thread
 0            992 they
 0            993 this
 0            292 conn
 0            291 configured
 0            290 configuration
 0            289 config
 0            269 closed
 0            270 closest
 0           1515 safe
 0            980 testing
 0           1514 runtime
 0           1025 try
 0           1255 configure
 0           1027 txt
 0           1029 types
 0           1030 u
 0            345 did
 0            265 cleanup
 0           1028 type
 0            982 text
 0           1022 trigger
 0           1021 trash
 0           1011 token2
 0           1013 too
 0            341 desc
 0           1015 total
 0           1053 using
 0            285 compress
 0            985 tgt
 0           1507 ret
 0            278 com
 0            277 collections
 0           1504 resolved
 0           1017 touri
 0           1503 res
 0            282 compare
 0           1078 were
 0           1054 utf-8
 0             66 +
 0             64 &
 0            109 240
 0             67 +12125551212
 0             68 +15551212
 0             69 -
 0           1137 43
 0             71 /
 0             63 %s
 0             61 ${env
 0             60 #
 0             53 true_keyword
 0             51 volatile_keyword
 0             52 while_keyword
 0             54 null_keyword
 0             57 goto_keyword
 0             55 false_keyword
 0             56 const_keyword
 0             72 ///
 0             73 //google
 0             75 /bar
 0            100 13
 0             97 126
 0             98 127
 0            102 20
 0           1225 archive
 0            103 200
 0            104 21
 0             93 12
 0           1129 02
 0             77 /foo
 0             81 0
 0             79 /log/debug-old-2010-08-10
 0           1582 uuid
 0           1580 us
 0             89 11
 0           1130 14
 0             88 104
 0           1209 adding
 0             48 transient_keyword
 0             46 throw_keyword
 0             16 enum_keyword
 0             14 double_keyword
 0             15 else_keyword
 0             17 exports_keyword
 0             12 default_keyword
 0           1182 <sla
 0           1599 working
 0             13 do_keyword
 0             11 continue_keyword
 0             22 for_keyword
 0           1607 {
 0              2 abstract_keyword
 0              3 assert_keyword
 0              5 break_keyword
 0              9 char_keyword
 0              6 byte_keyword
 0              7 case_keyword
 0             21 float_keyword
 0             24 implements_keyword
 0             45 this_keyword
 0             41 strictfp_keyword
 0           1194 aa
 0             40 static_keyword
 0             42 super_keyword
 0             34 private_keyword
 0             43 switch_keyword
 0             44 synchronized_keyword
 0             35 protected_keyword
 0             33 package_keyword
 0             25 import_keyword
 0             28 interface_keyword
 0             26 instanceof_keyword
 0           1188 @
 0           1192 a1
 0           1594 window
 0             30 modules_keyword
 0             31 native_keyword
 0            108 231
 0            110 3
 0           1055 utf8
 0           1068 values
 0            181 assertnull
 0            111 4
 0            186 async
 0            187 at
 0            189 attributes
 0            190 auth
 0            192 authenticated
 0           1546 streaming
 0            179 assertfalse
 0           1073 via
 0           1082 which
 0           1551 succeed
 0           1083 while
 0           1079 what
 0           1077 we
 0            350 directory
 0            174 ascii
 0           1542 starting
 0            194 authority
 0            195 authorization
 0            210 become
 0            208 be
 0           1056 util
 0            211 been
 0            206 based
 0            212 before
 0            213 begin
 0            207 basic
 0           1059 val
 0           1063 value
 0            199 await
 0            197 available
 0            198 avg
 0           1060 valid
 0            203 bar
 0            201 back
 0            202 bad
 0           1084 will
 0           1086 with
 0            164 are
 0            129 access
 0            127 ac
 0            128 accept
 0            130 acl
 0           1120 //localhost
 0           1231 bla
 0           1111 ${wf
 0            126 absolute
 0            121 =>
 0           1558 sys
 0           1122 /a
 0            112 5
 0            113 50
 0            115 6
 0            118 9
 0            116 7
 0            117 8
 0            133 adapter
 0            135 added
 0           1093 wrap
 0           1097 wrong
 0            154 another
 0            158 apache
 0           1096 writer
 0            149 also
 0            161 appender
 0            162 application/json
 0           1103 y
 0            148 already
 0            136 addheader
 0            139 address
 0            137 addr
 0           1110 ${hadoop
 0            142 again
 0            147 allowed
 0            144 alive
 0           1107 {}
 0            349 directories
 0            778 policy
 0            351 disabled
 0            629 let
 0            855 right
 0            626 least
 0            630 level
 0            854 reverse
 0            853 returned
 0           1320 eaaaa//9
 0            635 listener
 0            627 len
 0            625 lease
 0            637 loaded
 0            858 root_
 0            860 rpc
 0            624 ldap
 0            619 l
 0            857 root
 0            856 roll
 0            622 language
 0            623 last
 0            636 load
 0            638 local
 0            614 keys
 0            847 restart
 0           1321 each
 0            652 mail
 0            845 response
 0            841 resolve
 0            840 reset
 0            659 maps
 0            661 match
 0            653 make
 0            650 m
 0            639 localhost
 0            641 lock
 0            640 location
 0            649 ls
 0            851 retry
 0            643 logger
 0            645 login
 0            647 lookup
 0            849 results
 0            863 rw
 0            864 s
 0           1419 latch
 0            577 interrupted
 0            576 interrupt
 0            879 see
 0            578 interval
 0            579 into
 0            580 invalid
 0            878 security
 0            582 invoke
 0            575 internal
 0            880 send
 0            584 ioe
 0            566 injector
 0            565 initialize
 0           1415 kbaaaap//
 0            567 input
 0            882 sequence
 0            881 sent
 0            570 int
 0            571 integer
 0            583 io
 0            585 ioexception
 0            609 kdc
 0            870 scheduler
 0            871 scheme
 0            872 scope
 0            602 jmx
 0            605 justo
 0            868 save
 0            607 k
 0            867 same
 0            599 java
 0            596 its
 0            876 seconds
 0            875 second
 0            588 is
 0            595 iterator
 0            590 isempty
 0            591 isequalto
 0            874 sean
 0            593 item
 0            594 items
 0           1395 ipc
 0            663 matches
 0            837 replace
 0            743 original
 0            741 org
 0            739 or
 0            744 other
 0            800 publish
 0            746 out
 0            748 output
 0            749 over
 0            740 order
 0            801 put
 0            752 owner
 0            727 ok
 0            726 of
 0            802 q
 0            728 old
 0            804 query
 0            732 only
 0            735 ops
 0            736 option
 0            751 owen
 0            753 p
 0            836 renew
 0            771 paths
 0            780 port
 0            765 parser
 0            772 pattern
 0            773 per
 0            774 period
 0            775 permission
 0            776 ping
 0            767 pass
 0           1340 expecting
 0            797 proxy_
 0            756 p2
 0            796 proxy
 0            782 post
 0            757 pair
 0            792 props
 0            787 priority
 0            761 parameters
 0            783 prefix
 0           1324 enable
 0            724 object
 0            806 quota
 0           1391 injection
 0            679 minutes
 0            677 milliseconds
 0           1385 hours
 0           1384 hour
 0            831 remote
 0            828 release
 0            826 register
 0            678 min
 0           1393 instances
 0            722 number
 0            667 me
 0            666 max
 0            832 remove
 0            668 memory
 0            834 rename
 0            671 metadata
 0            833 removed
 0            673 methods
 0            689 monitor
 0            690 more
 0            693 multi
 0            812 read
 0            714 non
 0            694 multiple
 0            809 range
 0            718 now
 0            719 ns
 0           1351 flag
 0            807 r
 0            813 reader
 0            815 real_
 0            818 receive
 0            697 n
 0            695 must
 0            696 my
 0            822 redirect
 0           1382 here
 0            702 negative
 0            706 new
 0            564 initial
 0            884 server
 0            352 disk
 0            940 stop
 0            422 expire
 0            420 expected
 0            425 extra
 0            939 still
 0            427 f1
 0            937 stats
 0            936 static
 0            421 expiration
 0            941 storage
 0            431 failover
 0            945 strategy
 0            410 excluded
 0            942 store
 0           1449 need
 0            414 exist
 0            415 existing
 0            943 str
 0            417 exit
 0            430 failed
 0            432 fails
 0            408 exceptions
 0            450 finish
 0            449 find
 0            446 filter
 0            451 first
 0            452 fixed
 0            456 foo
 0            457 foo2
 0            929 standby
 0            447 filters
 0            444 filesystem
 0            433 failure
 0            435 false
 0            434 fake
 0            443 files
 0            935 state
 0            438 fields
 0            934 stat
 0            441 file_
 0            442 filename
 0            409 exclude
 0            407 exception
 0            560 index
 0            968 test
 0            969 test1
 0            366 duration
 0           1277 corrupted
 0            965 tel
 0            375 element
 0            964 task
 0            377 email
 0            367 dynamic
 0            362 dst
 0            961 tags
 0            354 doas
 0            971 test_
 0            360 down
 0            355 does
 0            356 domain
 0            357 don
 0            358 done
 0            359 double
 0            963 target
 0            960 t
 0            946 stream
 0            953 successfully
 0            396 eq
 0            954 summary
 0           1454 offset
 0            401 errors
 0            402 etag
 0            948 stringutils
 0            947 string
 0            395 enum
 0            393 entries
 0           1279 counters
 0            958 sync
 0            384 encoding
 0            392 entity
 0            957 sure
 0           1462 page
 0            956 superuser
 0            779 pool
 0            391 ensure
 0            459 format
 0            460 found
 0           1302 day
 0            527 header
 0            901 short
 0            524 have
 0            528 headers
 0            529 health
 0            530 healthy
 0            900 shell
 0            533 hook
 0            902 should
 0            523 hash
 0            536 host2
 0            513 gzip
 0            512 gz
 0            522 has
 0            906 since
 0            517 hadoop
 0            518 handle
 0            519 handler
 0           1306 debug
 0            535 host1
 0            899 sha
 0           1442 move
 0            553 image
 0            891 setconf
 0           1425 like
 0            888 servlet
 0            555 in
 0            557 include
 0            558 includes
 0            559 incorrect
 0            550 if
 0            892 setint
 0            898 setup
 0            540 hosts
 0            539 hostname
 0            893 setlong
 0            541 html
 0            542 http
 0            897 settings
 0            896 setting
 0            894 setproperty
 0            511 groups
 0            510 group_
 0            509 group2
 0            915 some
 0            917 source
 0            475 generate
 0           1436 mkdir
 0           1435 minute
 0            481 getcause
 0            482 getclass
 0            483 getcurrentuser
 0            918 space
 0            474 gc
 0            508 group1
 0            467 future
 0            466 full
 0            919 spaces
 0            922 src
 0            920 specified
 0            470 g
 0            471 g1
 0            472 g3
 0            485 getfilestatus
 0            913 so
 0            912 slow
 0            502 go
 0            501 gmt
 0           1433 master
 0            503 good
 0            504 google
 0            505 got
 0            506 grid
 0            507 group
 0            499 getvalue
 0           1431 mapred
 0            497 getpath
 0            491 getlocal
 0            489 getinputstream
 0            910 skip
 0            909 size
 0            907 single
 0            908 sink
 0            495 getname
 0            955 super

Selected attributes: 1402,1563,549,1197,1455,887,1263,1366,1270,1099,1,1595,1374,47,820,1412,1413,885,1589,1272,1363,1271,159,478,249,1214,411,271,959,1335,852,1301,712,990,686,938,330,1598,1513,1128,1364,240,1251,1410,58,1575,1207,1074,1464,1236,1213,1311,1597,1265,134,1456,1586,1224,1397,1376,1596,1057,713,1506,1560,82,1008,1396,1362,1453,258,1375,1332,267,927,1216,1520,928,1201,1212,458,387,763,1258,1200,1528,1323,1069,38,1489,4,1357,1104,380,1117,1250,662,1509,1457,1360,1505,465,348,1512,1109,1290,1326,1327,1208,1523,1585,1359,1273,329,218,903,862,873,1474,1312,1604,1268,1562,1378,949,19,1416,675,721,1215,1521,1593,1338,1519,1283,1437,1295,1305,1211,1307,1603,1465,1131,1210,1522,180,1450,1511,1388,1380,1411,1370,273,1476,1108,1230,720,412,1042,1386,930,114,168,890,731,1602,1138,343,1191,1572,254,399,1581,1234,682,294,1392,122,1502,1368,1481,439,288,925,1163,1372,1132,1115,710,32,171,49,1333,1218,8,1401,1153,1404,1286,1205,1531,1177,1150,1318,1331,1174,1041,36,951,1478,272,169,1369,178,1439,274,1206,1313,232,1289,1334,1361,1300,1389,1387,1552,1018,400,173,228,1274,1570,1127,683,759,1098,398,260,572,1535,1447,1444,1285,1355,1358,1275,1293,1428,1371,569,479,786,563,1262,1441,1349,296,1592,281,1409,1405,794,998,1309,747,1377,561,681,1526,84,304,655,276,1577,1354,1559,1524,1187,1243,709,1308,1564,309,1181,1156,1003,429,1288,1020,1121,1606,1578,1452,1566,1544,280,525,332,1421,120,989,1081,1346,1588,480,1541,1165,383,1141,1482,1445,279,1026,1140,1367,1414,1160,556,1196,1291,1422,1417,1394,738,182,484,1568,1254,789,708,1468,1284,1475,1269,618,1601,1299,1565,95,1143,1398,1158,1159,1550,895,1186,1467,381,1328,1047,1458,514,1168,1173,1178,1149,1175,1116,1126,1390,644,463,1498,633,310,1424,764,236,967,262,1493,1000,1164,1518,1297,1202,131,156,333,498,707,1296,628,1543,1142,1485,1427,1184,1466,1497,1070,1267,1166,1556,1574,788,737,20,924,1399,1350,1516,1491,1325,962,193,911,227,1075,229,1329,1043,1426,138,1352,1608,334,80,488,1172,1146,1235,368,1499,390,300,1373,1490,1571,848,1148,931,1118,388,1144,494,1169,1147,1609,1310,1171,1538,1185,1220,302,1554,1062,317,65,29,306,547,1228,1549,1383,1336,1119,842,1304,338,1420,406,758,1125,672,921,1232,1446,916,496,1492,1298,1557,140,1365,791,477,175,464,1547,403,428,808,23,353,1085,205,545,163,552,461,1024,1170,1252,1561,684,1590,1573,1162,1189,598,769,493,933,658,1105,365,1287,554,733,716,656,492,1443,1451,468,698,551,251,177,397,101,1510,1155,1248,1579,526,1253,233,1471,157,299,877,760,1429,1341,1183,1167,1477,1179,1180,1540,1154,1469,544,1242,617,1496,1145,1264,664,1007,268,1095,604,1548,1337,424,1112,1303,235,1545,476,326,27,646,687,1495,1241,1266,1239,1240,844,1247,839,568,1176,1157,1133,1418,1406,904,889,214,248,631,247,340,1190,754,324,531,1256,1076,1527,1217,166,132,711,1470,170,795,1342,978,979,883,977,976,1407,1408,574,1280,1292,374,811,835,1282,974,975,223,1257,1203,1114,1591,1151,1152,1463,1064,905,176,827,1317,1023,418,1479,799,1584,153,1316,1381,1204,1488,436,1486,259,1222,520,1124,196,1345,762,843,404,589,859,308,426,209,996,1525,215,914,125,220,608,648,263,538,866,87,1348,657,1322,394,1094,1501,1517,325,226,665,39,966,145,1344,1330,654,790,172,1090,1583,793,85,785,830,490,846,151,537,373,952,606,634,1066,600,92,573,216,105,723,715,1494,755,1089,1244,225,660,1500,612,1058,825,486,1238,770,160,378,283,1014,1438,1019,389,1100,419,382,1339,286,369,284,264,287,1276,266,546,416,234,1106,1461,810,1051,200,516,1539,610,705,1553,91,1113,90,615,817,816,342,322,323,1080,1294,1448,70,385,1229,469,370,950,1245,165,669,1012,973,487,376,819,1091,981,691,592,642,621,745,616,1530,83,188,581,1088,405,347,18,344,1400,191,337,730,413,1237,777,1193,1246,473,725,548,1533,601,1532,1423,1087,275,829,926,861,1567,620,1356,798,50,86,1004,674,445,562,1061,688,586,805,437,305,146,680,303,781,632,1508,587,448,293,336,1319,1010,124,1534,1219,1315,932,1430,534,1353,1434,865,821,613,96,1432,106,454,1195,699,1006,676,141,597,361,1072,983,1134,1139,204,1460,94,1281,74,1136,363,1233,328,1040,1071,184,1600,311,1031,301,1278,256,1605,321,1009,307,242,532,1587,1065,768,543,1227,838,824,230,455,611,1555,970,1039,379,651,1016,1044,150,167,1092,603,701,869,734,183,814,1259,850,364,143,1102,1135,10,1403,1101,62,1161,1199,1198,37,521,742,335,1472,152,257,185,692,515,685,1483,670,440,729,155,1260,1343,717,1459,1249,423,784,462,766,703,704,1067,78,886,1379,700,453,123,1314,1223,750,1347,1569,386,1226,99,823,1221,1440,320,1032,500,107,1123,371,923,803,372,76,1576,119,1473,944,1045,255,245,1046,1529,1048,241,239,1038,231,1536,238,1537,1033,972,217,246,222,1049,250,1035,1052,1036,1037,1034,252,253,244,243,224,219,1050,221,237,339,346,316,999,1487,312,313,314,1261,1001,1002,297,295,298,984,1005,315,997,261,318,1484,331,1480,987,986,988,327,991,995,319,994,992,993,292,291,290,289,269,270,1515,980,1514,1025,1255,1027,1029,1030,345,265,1028,982,1022,1021,1011,1013,341,1015,1053,285,985,1507,278,277,1504,1017,1503,282,1078,1054,66,64,109,67,68,69,1137,71,63,61,60,53,51,52,54,57,55,56,72,73,75,100,97,98,102,1225,103,104,93,1129,77,81,79,1582,1580,89,1130,88,1209,48,46,16,14,15,17,12,1182,1599,13,11,22,1607,2,3,5,9,6,7,21,24,45,41,1194,40,42,34,43,44,35,33,25,28,26,1188,1192,1594,30,31,108,110,1055,1068,181,111,186,187,189,190,192,1546,179,1073,1082,1551,1083,1079,1077,350,174,1542,194,195,210,208,1056,211,206,212,213,207,1059,1063,199,197,198,1060,203,201,202,1084,1086,164,129,127,128,130,1120,1231,1111,126,121,1558,1122,112,113,115,118,116,117,133,135,1093,1097,154,158,1096,149,161,162,1103,148,136,139,137,1110,142,147,144,1107,349,778,351,629,855,626,630,854,853,1320,635,627,625,637,858,860,624,619,857,856,622,623,636,638,614,847,1321,652,845,841,840,659,661,653,650,639,641,640,649,851,643,645,647,849,863,864,1419,577,576,879,578,579,580,878,582,575,880,584,566,565,1415,567,882,881,570,571,583,585,609,870,871,872,602,605,868,607,867,599,596,876,875,588,595,590,591,874,593,594,1395,663,837,743,741,739,744,800,746,748,749,740,801,752,727,726,802,728,804,732,735,736,751,753,836,771,780,765,772,773,774,775,776,767,1340,797,756,796,782,757,792,787,761,783,1324,724,806,1391,679,677,1385,1384,831,828,826,678,1393,722,667,666,832,668,834,671,833,673,689,690,693,812,714,694,809,718,719,1351,807,813,815,818,697,695,696,822,1382,702,706,564,884,352,940,422,420,425,939,427,937,936,421,941,431,945,410,942,1449,414,415,943,417,430,432,408,450,449,446,451,452,456,457,929,447,444,433,435,434,443,935,438,934,441,442,409,407,560,968,969,366,1277,965,375,964,377,367,362,961,354,971,360,355,356,357,358,359,963,960,946,953,396,954,1454,401,402,948,947,395,393,1279,958,384,392,957,1462,956,779,391,459,460,1302,527,901,524,528,529,530,900,533,902,523,536,513,512,522,906,517,518,519,1306,535,899,1442,553,891,1425,888,555,557,558,559,550,892,898,540,539,893,541,542,897,896,894,511,510,509,915,917,475,1436,1435,481,482,483,918,474,508,467,466,919,922,920,470,471,472,485,913,912,502,501,1433,503,504,505,506,507,499,1431,497,491,489,910,909,907,908,495,955 : 1608

