=== Run information ===

Scheme:       weka.classifiers.trees.J48 -C 0.25 -M 2
Relation:     _home_supun_Documents_wekafiles_dataset2_Tokens_arff_docs__home_supun_Documents_wekafiles_dataset2_LOC-weka.filters.unsupervised.attribute.Remove-R2_java_keywords.arff-weka.filters.unsupervised.attribute.Remove-R3-weka.filters.unsupervised.attribute.StringToWordVector-R1-W1000-prune-rate-1.0-N0-stemmerweka.core.stemmers.NullStemmer-stopwords-handlerweka.core.stopwords.Null-M1-tokenizerweka.core.tokenizers.WordTokenizer -delimiters " \r\n\t.,;:\'\"()?!"
Instances:    2804
Attributes:   1609
              [list of attributes omitted]
Test mode:    split 80.0% train, remainder test

=== Classifier model (full training set) ===

J48 pruned tree
------------------

job <= 0
|   oozie <= 0
|   |   cluster <= 0
|   |   |   play <= 0
|   |   |   |   coord <= 0
|   |   |   |   |   runtest <= 0
|   |   |   |   |   |   services <= 0
|   |   |   |   |   |   |   table <= 0
|   |   |   |   |   |   |   |   node <= 0
|   |   |   |   |   |   |   |   |   block <= 0
|   |   |   |   |   |   |   |   |   |   loc <= 6: Non_Flakey (192.0/1.0)
|   |   |   |   |   |   |   |   |   |   loc > 6
|   |   |   |   |   |   |   |   |   |   |   channel <= 0
|   |   |   |   |   |   |   |   |   |   |   |   thrown <= 0
|   |   |   |   |   |   |   |   |   |   |   |   |   options <= 0
|   |   |   |   |   |   |   |   |   |   |   |   |   |   mode <= 0
|   |   |   |   |   |   |   |   |   |   |   |   |   |   |   commonconfigurationkeys <= 0
|   |   |   |   |   |   |   |   |   |   |   |   |   |   |   |   listener <= 0
|   |   |   |   |   |   |   |   |   |   |   |   |   |   |   |   |   id <= 0
|   |   |   |   |   |   |   |   |   |   |   |   |   |   |   |   |   |   builder <= 0
|   |   |   |   |   |   |   |   |   |   |   |   |   |   |   |   |   |   |   currenttimemillis <= 0
|   |   |   |   |   |   |   |   |   |   |   |   |   |   |   |   |   |   |   |   final_keyword <= 3
|   |   |   |   |   |   |   |   |   |   |   |   |   |   |   |   |   |   |   |   |   address <= 0
|   |   |   |   |   |   |   |   |   |   |   |   |   |   |   |   |   |   |   |   |   |   aslist <= 0
|   |   |   |   |   |   |   |   |   |   |   |   |   |   |   |   |   |   |   |   |   |   |   thread <= 0
|   |   |   |   |   |   |   |   |   |   |   |   |   |   |   |   |   |   |   |   |   |   |   |   local <= 0
|   |   |   |   |   |   |   |   |   |   |   |   |   |   |   |   |   |   |   |   |   |   |   |   |   catch_keyword <= 1
|   |   |   |   |   |   |   |   |   |   |   |   |   |   |   |   |   |   |   |   |   |   |   |   |   |   system <= 0
|   |   |   |   |   |   |   |   |   |   |   |   |   |   |   |   |   |   |   |   |   |   |   |   |   |   |   method <= 0
|   |   |   |   |   |   |   |   |   |   |   |   |   |   |   |   |   |   |   |   |   |   |   |   |   |   |   |   length <= 0
|   |   |   |   |   |   |   |   |   |   |   |   |   |   |   |   |   |   |   |   |   |   |   |   |   |   |   |   |   throws_keyword <= 0: Non_Flakey (198.0/16.0)
|   |   |   |   |   |   |   |   |   |   |   |   |   |   |   |   |   |   |   |   |   |   |   |   |   |   |   |   |   throws_keyword > 0
|   |   |   |   |   |   |   |   |   |   |   |   |   |   |   |   |   |   |   |   |   |   |   |   |   |   |   |   |   |   setup <= 0
|   |   |   |   |   |   |   |   |   |   |   |   |   |   |   |   |   |   |   |   |   |   |   |   |   |   |   |   |   |   |   property <= 0
|   |   |   |   |   |   |   |   |   |   |   |   |   |   |   |   |   |   |   |   |   |   |   |   |   |   |   |   |   |   |   |   filter <= 0
|   |   |   |   |   |   |   |   |   |   |   |   |   |   |   |   |   |   |   |   |   |   |   |   |   |   |   |   |   |   |   |   |   time <= 0
|   |   |   |   |   |   |   |   |   |   |   |   |   |   |   |   |   |   |   |   |   |   |   |   |   |   |   |   |   |   |   |   |   |   start <= 0
|   |   |   |   |   |   |   |   |   |   |   |   |   |   |   |   |   |   |   |   |   |   |   |   |   |   |   |   |   |   |   |   |   |   |   when <= 0
|   |   |   |   |   |   |   |   |   |   |   |   |   |   |   |   |   |   |   |   |   |   |   |   |   |   |   |   |   |   |   |   |   |   |   |   assertfalse <= 0
|   |   |   |   |   |   |   |   |   |   |   |   |   |   |   |   |   |   |   |   |   |   |   |   |   |   |   |   |   |   |   |   |   |   |   |   |   array <= 0
|   |   |   |   |   |   |   |   |   |   |   |   |   |   |   |   |   |   |   |   |   |   |   |   |   |   |   |   |   |   |   |   |   |   |   |   |   |   check <= 0
|   |   |   |   |   |   |   |   |   |   |   |   |   |   |   |   |   |   |   |   |   |   |   |   |   |   |   |   |   |   |   |   |   |   |   |   |   |   |   close <= 0
|   |   |   |   |   |   |   |   |   |   |   |   |   |   |   |   |   |   |   |   |   |   |   |   |   |   |   |   |   |   |   |   |   |   |   |   |   |   |   |   fail <= 0
|   |   |   |   |   |   |   |   |   |   |   |   |   |   |   |   |   |   |   |   |   |   |   |   |   |   |   |   |   |   |   |   |   |   |   |   |   |   |   |   |   value <= 0
|   |   |   |   |   |   |   |   |   |   |   |   |   |   |   |   |   |   |   |   |   |   |   |   |   |   |   |   |   |   |   |   |   |   |   |   |   |   |   |   |   |   now <= 0
|   |   |   |   |   |   |   |   |   |   |   |   |   |   |   |   |   |   |   |   |   |   |   |   |   |   |   |   |   |   |   |   |   |   |   |   |   |   |   |   |   |   |   bytes <= 0
|   |   |   |   |   |   |   |   |   |   |   |   |   |   |   |   |   |   |   |   |   |   |   |   |   |   |   |   |   |   |   |   |   |   |   |   |   |   |   |   |   |   |   |   end <= 0: Non_Flakey (118.0/9.0)
|   |   |   |   |   |   |   |   |   |   |   |   |   |   |   |   |   |   |   |   |   |   |   |   |   |   |   |   |   |   |   |   |   |   |   |   |   |   |   |   |   |   |   |   end > 0: Flakey (3.0/1.0)
|   |   |   |   |   |   |   |   |   |   |   |   |   |   |   |   |   |   |   |   |   |   |   |   |   |   |   |   |   |   |   |   |   |   |   |   |   |   |   |   |   |   |   bytes > 0
|   |   |   |   |   |   |   |   |   |   |   |   |   |   |   |   |   |   |   |   |   |   |   |   |   |   |   |   |   |   |   |   |   |   |   |   |   |   |   |   |   |   |   |   getbytes <= 0: Non_Flakey (2.0)
|   |   |   |   |   |   |   |   |   |   |   |   |   |   |   |   |   |   |   |   |   |   |   |   |   |   |   |   |   |   |   |   |   |   |   |   |   |   |   |   |   |   |   |   getbytes > 0: Flakey (2.0)
|   |   |   |   |   |   |   |   |   |   |   |   |   |   |   |   |   |   |   |   |   |   |   |   |   |   |   |   |   |   |   |   |   |   |   |   |   |   |   |   |   |   now > 0
|   |   |   |   |   |   |   |   |   |   |   |   |   |   |   |   |   |   |   |   |   |   |   |   |   |   |   |   |   |   |   |   |   |   |   |   |   |   |   |   |   |   |   1 <= 0: Flakey (3.0)
|   |   |   |   |   |   |   |   |   |   |   |   |   |   |   |   |   |   |   |   |   |   |   |   |   |   |   |   |   |   |   |   |   |   |   |   |   |   |   |   |   |   |   1 > 0: Non_Flakey (3.0)
|   |   |   |   |   |   |   |   |   |   |   |   |   |   |   |   |   |   |   |   |   |   |   |   |   |   |   |   |   |   |   |   |   |   |   |   |   |   |   |   |   value > 0
|   |   |   |   |   |   |   |   |   |   |   |   |   |   |   |   |   |   |   |   |   |   |   |   |   |   |   |   |   |   |   |   |   |   |   |   |   |   |   |   |   |   name <= 0
|   |   |   |   |   |   |   |   |   |   |   |   |   |   |   |   |   |   |   |   |   |   |   |   |   |   |   |   |   |   |   |   |   |   |   |   |   |   |   |   |   |   |   an <= 0: Flakey (10.0/1.0)
|   |   |   |   |   |   |   |   |   |   |   |   |   |   |   |   |   |   |   |   |   |   |   |   |   |   |   |   |   |   |   |   |   |   |   |   |   |   |   |   |   |   |   an > 0: Non_Flakey (2.0)
|   |   |   |   |   |   |   |   |   |   |   |   |   |   |   |   |   |   |   |   |   |   |   |   |   |   |   |   |   |   |   |   |   |   |   |   |   |   |   |   |   |   name > 0: Non_Flakey (5.0)
|   |   |   |   |   |   |   |   |   |   |   |   |   |   |   |   |   |   |   |   |   |   |   |   |   |   |   |   |   |   |   |   |   |   |   |   |   |   |   |   fail > 0
|   |   |   |   |   |   |   |   |   |   |   |   |   |   |   |   |   |   |   |   |   |   |   |   |   |   |   |   |   |   |   |   |   |   |   |   |   |   |   |   |   not <= 0
|   |   |   |   |   |   |   |   |   |   |   |   |   |   |   |   |   |   |   |   |   |   |   |   |   |   |   |   |   |   |   |   |   |   |   |   |   |   |   |   |   |   create <= 0: Flakey (9.0/1.0)
|   |   |   |   |   |   |   |   |   |   |   |   |   |   |   |   |   |   |   |   |   |   |   |   |   |   |   |   |   |   |   |   |   |   |   |   |   |   |   |   |   |   create > 0: Non_Flakey (2.0)
|   |   |   |   |   |   |   |   |   |   |   |   |   |   |   |   |   |   |   |   |   |   |   |   |   |   |   |   |   |   |   |   |   |   |   |   |   |   |   |   |   not > 0: Non_Flakey (3.0)
|   |   |   |   |   |   |   |   |   |   |   |   |   |   |   |   |   |   |   |   |   |   |   |   |   |   |   |   |   |   |   |   |   |   |   |   |   |   |   close > 0: Non_Flakey (11.0)
|   |   |   |   |   |   |   |   |   |   |   |   |   |   |   |   |   |   |   |   |   |   |   |   |   |   |   |   |   |   |   |   |   |   |   |   |   |   check > 0
|   |   |   |   |   |   |   |   |   |   |   |   |   |   |   |   |   |   |   |   |   |   |   |   |   |   |   |   |   |   |   |   |   |   |   |   |   |   |   true <= 0
|   |   |   |   |   |   |   |   |   |   |   |   |   |   |   |   |   |   |   |   |   |   |   |   |   |   |   |   |   |   |   |   |   |   |   |   |   |   |   |   child <= 0: Non_Flakey (11.0/2.0)
|   |   |   |   |   |   |   |   |   |   |   |   |   |   |   |   |   |   |   |   |   |   |   |   |   |   |   |   |   |   |   |   |   |   |   |   |   |   |   |   child > 0: Flakey (2.0)
|   |   |   |   |   |   |   |   |   |   |   |   |   |   |   |   |   |   |   |   |   |   |   |   |   |   |   |   |   |   |   |   |   |   |   |   |   |   |   true > 0: Flakey (7.0)
|   |   |   |   |   |   |   |   |   |   |   |   |   |   |   |   |   |   |   |   |   |   |   |   |   |   |   |   |   |   |   |   |   |   |   |   |   array > 0
|   |   |   |   |   |   |   |   |   |   |   |   |   |   |   |   |   |   |   |   |   |   |   |   |   |   |   |   |   |   |   |   |   |   |   |   |   |   tobytearray <= 0: Non_Flakey (4.0)
|   |   |   |   |   |   |   |   |   |   |   |   |   |   |   |   |   |   |   |   |   |   |   |   |   |   |   |   |   |   |   |   |   |   |   |   |   |   tobytearray > 0: Flakey (7.0/1.0)
|   |   |   |   |   |   |   |   |   |   |   |   |   |   |   |   |   |   |   |   |   |   |   |   |   |   |   |   |   |   |   |   |   |   |   |   assertfalse > 0: Non_Flakey (28.0)
|   |   |   |   |   |   |   |   |   |   |   |   |   |   |   |   |   |   |   |   |   |   |   |   |   |   |   |   |   |   |   |   |   |   |   when > 0: Non_Flakey (51.0)
|   |   |   |   |   |   |   |   |   |   |   |   |   |   |   |   |   |   |   |   |   |   |   |   |   |   |   |   |   |   |   |   |   |   start > 0
|   |   |   |   |   |   |   |   |   |   |   |   |   |   |   |   |   |   |   |   |   |   |   |   |   |   |   |   |   |   |   |   |   |   |   end <= 0
|   |   |   |   |   |   |   |   |   |   |   |   |   |   |   |   |   |   |   |   |   |   |   |   |   |   |   |   |   |   |   |   |   |   |   |   finally_keyword <= 0
|   |   |   |   |   |   |   |   |   |   |   |   |   |   |   |   |   |   |   |   |   |   |   |   |   |   |   |   |   |   |   |   |   |   |   |   |   get <= 0
|   |   |   |   |   |   |   |   |   |   |   |   |   |   |   |   |   |   |   |   |   |   |   |   |   |   |   |   |   |   |   |   |   |   |   |   |   |   set <= 0: Flakey (7.0/1.0)
|   |   |   |   |   |   |   |   |   |   |   |   |   |   |   |   |   |   |   |   |   |   |   |   |   |   |   |   |   |   |   |   |   |   |   |   |   |   set > 0: Non_Flakey (2.0)
|   |   |   |   |   |   |   |   |   |   |   |   |   |   |   |   |   |   |   |   |   |   |   |   |   |   |   |   |   |   |   |   |   |   |   |   |   get > 0: Flakey (6.0)
|   |   |   |   |   |   |   |   |   |   |   |   |   |   |   |   |   |   |   |   |   |   |   |   |   |   |   |   |   |   |   |   |   |   |   |   finally_keyword > 0: Non_Flakey (2.0)
|   |   |   |   |   |   |   |   |   |   |   |   |   |   |   |   |   |   |   |   |   |   |   |   |   |   |   |   |   |   |   |   |   |   |   end > 0: Non_Flakey (3.0)
|   |   |   |   |   |   |   |   |   |   |   |   |   |   |   |   |   |   |   |   |   |   |   |   |   |   |   |   |   |   |   |   |   time > 0
|   |   |   |   |   |   |   |   |   |   |   |   |   |   |   |   |   |   |   |   |   |   |   |   |   |   |   |   |   |   |   |   |   |   date <= 0
|   |   |   |   |   |   |   |   |   |   |   |   |   |   |   |   |   |   |   |   |   |   |   |   |   |   |   |   |   |   |   |   |   |   |   it <= 0: Non_Flakey (12.0/1.0)
|   |   |   |   |   |   |   |   |   |   |   |   |   |   |   |   |   |   |   |   |   |   |   |   |   |   |   |   |   |   |   |   |   |   |   it > 0: Flakey (3.0)
|   |   |   |   |   |   |   |   |   |   |   |   |   |   |   |   |   |   |   |   |   |   |   |   |   |   |   |   |   |   |   |   |   |   date > 0: Flakey (7.0)
|   |   |   |   |   |   |   |   |   |   |   |   |   |   |   |   |   |   |   |   |   |   |   |   |   |   |   |   |   |   |   |   filter > 0
|   |   |   |   |   |   |   |   |   |   |   |   |   |   |   |   |   |   |   |   |   |   |   |   |   |   |   |   |   |   |   |   |   a <= 0
|   |   |   |   |   |   |   |   |   |   |   |   |   |   |   |   |   |   |   |   |   |   |   |   |   |   |   |   |   |   |   |   |   |   1 <= 0: Flakey (16.0/1.0)
|   |   |   |   |   |   |   |   |   |   |   |   |   |   |   |   |   |   |   |   |   |   |   |   |   |   |   |   |   |   |   |   |   |   1 > 0: Non_Flakey (4.0/1.0)
|   |   |   |   |   |   |   |   |   |   |   |   |   |   |   |   |   |   |   |   |   |   |   |   |   |   |   |   |   |   |   |   |   a > 0: Non_Flakey (5.0/1.0)
|   |   |   |   |   |   |   |   |   |   |   |   |   |   |   |   |   |   |   |   |   |   |   |   |   |   |   |   |   |   |   property > 0: Non_Flakey (18.0)
|   |   |   |   |   |   |   |   |   |   |   |   |   |   |   |   |   |   |   |   |   |   |   |   |   |   |   |   |   |   setup > 0: Non_Flakey (25.0)
|   |   |   |   |   |   |   |   |   |   |   |   |   |   |   |   |   |   |   |   |   |   |   |   |   |   |   |   length > 0: Non_Flakey (33.0/1.0)
|   |   |   |   |   |   |   |   |   |   |   |   |   |   |   |   |   |   |   |   |   |   |   |   |   |   |   method > 0: Non_Flakey (41.0/1.0)
|   |   |   |   |   |   |   |   |   |   |   |   |   |   |   |   |   |   |   |   |   |   |   |   |   |   system > 0
|   |   |   |   |   |   |   |   |   |   |   |   |   |   |   |   |   |   |   |   |   |   |   |   |   |   |   permission <= 0
|   |   |   |   |   |   |   |   |   |   |   |   |   |   |   |   |   |   |   |   |   |   |   |   |   |   |   |   case <= 0
|   |   |   |   |   |   |   |   |   |   |   |   |   |   |   |   |   |   |   |   |   |   |   |   |   |   |   |   |   hdfs <= 0
|   |   |   |   |   |   |   |   |   |   |   |   |   |   |   |   |   |   |   |   |   |   |   |   |   |   |   |   |   |   conf <= 0
|   |   |   |   |   |   |   |   |   |   |   |   |   |   |   |   |   |   |   |   |   |   |   |   |   |   |   |   |   |   |   body <= 0
|   |   |   |   |   |   |   |   |   |   |   |   |   |   |   |   |   |   |   |   |   |   |   |   |   |   |   |   |   |   |   |   gc <= 0
|   |   |   |   |   |   |   |   |   |   |   |   |   |   |   |   |   |   |   |   |   |   |   |   |   |   |   |   |   |   |   |   |   default <= 0: Non_Flakey (21.0/2.0)
|   |   |   |   |   |   |   |   |   |   |   |   |   |   |   |   |   |   |   |   |   |   |   |   |   |   |   |   |   |   |   |   |   default > 0: Flakey (3.0/1.0)
|   |   |   |   |   |   |   |   |   |   |   |   |   |   |   |   |   |   |   |   |   |   |   |   |   |   |   |   |   |   |   |   gc > 0: Flakey (2.0)
|   |   |   |   |   |   |   |   |   |   |   |   |   |   |   |   |   |   |   |   |   |   |   |   |   |   |   |   |   |   |   body > 0: Flakey (2.0)
|   |   |   |   |   |   |   |   |   |   |   |   |   |   |   |   |   |   |   |   |   |   |   |   |   |   |   |   |   |   conf > 0: Non_Flakey (23.0/1.0)
|   |   |   |   |   |   |   |   |   |   |   |   |   |   |   |   |   |   |   |   |   |   |   |   |   |   |   |   |   hdfs > 0: Flakey (4.0/1.0)
|   |   |   |   |   |   |   |   |   |   |   |   |   |   |   |   |   |   |   |   |   |   |   |   |   |   |   |   case > 0: Flakey (5.0/1.0)
|   |   |   |   |   |   |   |   |   |   |   |   |   |   |   |   |   |   |   |   |   |   |   |   |   |   |   permission > 0: Flakey (8.0)
|   |   |   |   |   |   |   |   |   |   |   |   |   |   |   |   |   |   |   |   |   |   |   |   |   catch_keyword > 1
|   |   |   |   |   |   |   |   |   |   |   |   |   |   |   |   |   |   |   |   |   |   |   |   |   |   code <= 0
|   |   |   |   |   |   |   |   |   |   |   |   |   |   |   |   |   |   |   |   |   |   |   |   |   |   |   context <= 0
|   |   |   |   |   |   |   |   |   |   |   |   |   |   |   |   |   |   |   |   |   |   |   |   |   |   |   |   resource <= 0
|   |   |   |   |   |   |   |   |   |   |   |   |   |   |   |   |   |   |   |   |   |   |   |   |   |   |   |   |   } <= 0
|   |   |   |   |   |   |   |   |   |   |   |   |   |   |   |   |   |   |   |   |   |   |   |   |   |   |   |   |   |   dir <= 0: Non_Flakey (21.0/1.0)
|   |   |   |   |   |   |   |   |   |   |   |   |   |   |   |   |   |   |   |   |   |   |   |   |   |   |   |   |   |   dir > 0
|   |   |   |   |   |   |   |   |   |   |   |   |   |   |   |   |   |   |   |   |   |   |   |   |   |   |   |   |   |   |   loc <= 32: Flakey (2.0)
|   |   |   |   |   |   |   |   |   |   |   |   |   |   |   |   |   |   |   |   |   |   |   |   |   |   |   |   |   |   |   loc > 32: Non_Flakey (2.0)
|   |   |   |   |   |   |   |   |   |   |   |   |   |   |   |   |   |   |   |   |   |   |   |   |   |   |   |   |   } > 0: Flakey (2.0)
|   |   |   |   |   |   |   |   |   |   |   |   |   |   |   |   |   |   |   |   |   |   |   |   |   |   |   |   resource > 0: Flakey (2.0)
|   |   |   |   |   |   |   |   |   |   |   |   |   |   |   |   |   |   |   |   |   |   |   |   |   |   |   context > 0: Flakey (3.0)
|   |   |   |   |   |   |   |   |   |   |   |   |   |   |   |   |   |   |   |   |   |   |   |   |   |   code > 0: Flakey (8.0)
|   |   |   |   |   |   |   |   |   |   |   |   |   |   |   |   |   |   |   |   |   |   |   |   local > 0: Non_Flakey (28.0)
|   |   |   |   |   |   |   |   |   |   |   |   |   |   |   |   |   |   |   |   |   |   |   thread > 0
|   |   |   |   |   |   |   |   |   |   |   |   |   |   |   |   |   |   |   |   |   |   |   |   l <= 0
|   |   |   |   |   |   |   |   |   |   |   |   |   |   |   |   |   |   |   |   |   |   |   |   |   ioutils <= 0
|   |   |   |   |   |   |   |   |   |   |   |   |   |   |   |   |   |   |   |   |   |   |   |   |   |   out <= 0
|   |   |   |   |   |   |   |   |   |   |   |   |   |   |   |   |   |   |   |   |   |   |   |   |   |   |   timer <= 0
|   |   |   |   |   |   |   |   |   |   |   |   |   |   |   |   |   |   |   |   |   |   |   |   |   |   |   |   task <= 0
|   |   |   |   |   |   |   |   |   |   |   |   |   |   |   |   |   |   |   |   |   |   |   |   |   |   |   |   |   request <= 0: Non_Flakey (36.0/3.0)
|   |   |   |   |   |   |   |   |   |   |   |   |   |   |   |   |   |   |   |   |   |   |   |   |   |   |   |   |   request > 0: Flakey (2.0)
|   |   |   |   |   |   |   |   |   |   |   |   |   |   |   |   |   |   |   |   |   |   |   |   |   |   |   |   task > 0: Flakey (3.0/1.0)
|   |   |   |   |   |   |   |   |   |   |   |   |   |   |   |   |   |   |   |   |   |   |   |   |   |   |   timer > 0: Flakey (4.0/1.0)
|   |   |   |   |   |   |   |   |   |   |   |   |   |   |   |   |   |   |   |   |   |   |   |   |   |   out > 0: Flakey (3.0)
|   |   |   |   |   |   |   |   |   |   |   |   |   |   |   |   |   |   |   |   |   |   |   |   |   ioutils > 0: Flakey (6.0)
|   |   |   |   |   |   |   |   |   |   |   |   |   |   |   |   |   |   |   |   |   |   |   |   l > 0: Flakey (7.0)
|   |   |   |   |   |   |   |   |   |   |   |   |   |   |   |   |   |   |   |   |   |   aslist > 0
|   |   |   |   |   |   |   |   |   |   |   |   |   |   |   |   |   |   |   |   |   |   |   loc <= 17: Flakey (16.0/4.0)
|   |   |   |   |   |   |   |   |   |   |   |   |   |   |   |   |   |   |   |   |   |   |   loc > 17: Non_Flakey (11.0)
|   |   |   |   |   |   |   |   |   |   |   |   |   |   |   |   |   |   |   |   |   address > 0
|   |   |   |   |   |   |   |   |   |   |   |   |   |   |   |   |   |   |   |   |   |   list <= 0
|   |   |   |   |   |   |   |   |   |   |   |   |   |   |   |   |   |   |   |   |   |   |   host <= 0
|   |   |   |   |   |   |   |   |   |   |   |   |   |   |   |   |   |   |   |   |   |   |   |   thread <= 0
|   |   |   |   |   |   |   |   |   |   |   |   |   |   |   |   |   |   |   |   |   |   |   |   |   s <= 0
|   |   |   |   |   |   |   |   |   |   |   |   |   |   |   |   |   |   |   |   |   |   |   |   |   |   - <= 0: Flakey (18.0/1.0)
|   |   |   |   |   |   |   |   |   |   |   |   |   |   |   |   |   |   |   |   |   |   |   |   |   |   - > 0
|   |   |   |   |   |   |   |   |   |   |   |   |   |   |   |   |   |   |   |   |   |   |   |   |   |   |   loc <= 11: Flakey (2.0)
|   |   |   |   |   |   |   |   |   |   |   |   |   |   |   |   |   |   |   |   |   |   |   |   |   |   |   loc > 11: Non_Flakey (2.0)
|   |   |   |   |   |   |   |   |   |   |   |   |   |   |   |   |   |   |   |   |   |   |   |   |   s > 0: Non_Flakey (3.0/1.0)
|   |   |   |   |   |   |   |   |   |   |   |   |   |   |   |   |   |   |   |   |   |   |   |   thread > 0: Non_Flakey (3.0)
|   |   |   |   |   |   |   |   |   |   |   |   |   |   |   |   |   |   |   |   |   |   |   host > 0: Non_Flakey (3.0)
|   |   |   |   |   |   |   |   |   |   |   |   |   |   |   |   |   |   |   |   |   |   list > 0: Non_Flakey (9.0)
|   |   |   |   |   |   |   |   |   |   |   |   |   |   |   |   |   |   |   |   final_keyword > 3: Non_Flakey (99.0/1.0)
|   |   |   |   |   |   |   |   |   |   |   |   |   |   |   |   |   |   |   currenttimemillis > 0
|   |   |   |   |   |   |   |   |   |   |   |   |   |   |   |   |   |   |   |   authentication <= 0
|   |   |   |   |   |   |   |   |   |   |   |   |   |   |   |   |   |   |   |   |   once <= 0
|   |   |   |   |   |   |   |   |   |   |   |   |   |   |   |   |   |   |   |   |   |   format <= 0: Flakey (15.0/1.0)
|   |   |   |   |   |   |   |   |   |   |   |   |   |   |   |   |   |   |   |   |   |   format > 0: Non_Flakey (2.0)
|   |   |   |   |   |   |   |   |   |   |   |   |   |   |   |   |   |   |   |   |   once > 0: Non_Flakey (3.0)
|   |   |   |   |   |   |   |   |   |   |   |   |   |   |   |   |   |   |   |   authentication > 0: Non_Flakey (9.0)
|   |   |   |   |   |   |   |   |   |   |   |   |   |   |   |   |   |   builder > 0: Non_Flakey (37.0)
|   |   |   |   |   |   |   |   |   |   |   |   |   |   |   |   |   id > 0
|   |   |   |   |   |   |   |   |   |   |   |   |   |   |   |   |   |   token <= 0
|   |   |   |   |   |   |   |   |   |   |   |   |   |   |   |   |   |   |   mapping <= 0
|   |   |   |   |   |   |   |   |   |   |   |   |   |   |   |   |   |   |   |   encoded <= 0
|   |   |   |   |   |   |   |   |   |   |   |   |   |   |   |   |   |   |   |   |   addr <= 0
|   |   |   |   |   |   |   |   |   |   |   |   |   |   |   |   |   |   |   |   |   |   bit <= 0
|   |   |   |   |   |   |   |   |   |   |   |   |   |   |   |   |   |   |   |   |   |   |   if_keyword <= 2: Flakey (44.0/2.0)
|   |   |   |   |   |   |   |   |   |   |   |   |   |   |   |   |   |   |   |   |   |   |   if_keyword > 2: Non_Flakey (2.0)
|   |   |   |   |   |   |   |   |   |   |   |   |   |   |   |   |   |   |   |   |   |   bit > 0: Non_Flakey (2.0)
|   |   |   |   |   |   |   |   |   |   |   |   |   |   |   |   |   |   |   |   |   addr > 0: Non_Flakey (2.0)
|   |   |   |   |   |   |   |   |   |   |   |   |   |   |   |   |   |   |   |   encoded > 0: Non_Flakey (4.0)
|   |   |   |   |   |   |   |   |   |   |   |   |   |   |   |   |   |   |   mapping > 0: Non_Flakey (6.0)
|   |   |   |   |   |   |   |   |   |   |   |   |   |   |   |   |   |   token > 0: Non_Flakey (8.0)
|   |   |   |   |   |   |   |   |   |   |   |   |   |   |   |   listener > 0: Non_Flakey (26.0/1.0)
|   |   |   |   |   |   |   |   |   |   |   |   |   |   |   commonconfigurationkeys > 0: Non_Flakey (27.0)
|   |   |   |   |   |   |   |   |   |   |   |   |   |   mode > 0: Non_Flakey (37.0)
|   |   |   |   |   |   |   |   |   |   |   |   |   options > 0: Non_Flakey (39.0)
|   |   |   |   |   |   |   |   |   |   |   |   thrown > 0: Non_Flakey (57.0)
|   |   |   |   |   |   |   |   |   |   |   channel > 0: Non_Flakey (66.0)
|   |   |   |   |   |   |   |   |   block > 0
|   |   |   |   |   |   |   |   |   |   2 <= 0
|   |   |   |   |   |   |   |   |   |   |   answer <= 0
|   |   |   |   |   |   |   |   |   |   |   |   delete <= 0
|   |   |   |   |   |   |   |   |   |   |   |   |   array <= 0
|   |   |   |   |   |   |   |   |   |   |   |   |   |   value <= 0: Flakey (21.0/1.0)
|   |   |   |   |   |   |   |   |   |   |   |   |   |   value > 0
|   |   |   |   |   |   |   |   |   |   |   |   |   |   |   loc <= 11: Flakey (2.0)
|   |   |   |   |   |   |   |   |   |   |   |   |   |   |   loc > 11: Non_Flakey (2.0)
|   |   |   |   |   |   |   |   |   |   |   |   |   array > 0: Non_Flakey (2.0)
|   |   |   |   |   |   |   |   |   |   |   |   delete > 0: Non_Flakey (3.0)
|   |   |   |   |   |   |   |   |   |   |   answer > 0: Non_Flakey (3.0)
|   |   |   |   |   |   |   |   |   |   2 > 0: Non_Flakey (4.0)
|   |   |   |   |   |   |   |   node > 0
|   |   |   |   |   |   |   |   |   become <= 0
|   |   |   |   |   |   |   |   |   |   input <= 0
|   |   |   |   |   |   |   |   |   |   |   parse <= 0
|   |   |   |   |   |   |   |   |   |   |   |   sleep <= 0: Flakey (36.0/1.0)
|   |   |   |   |   |   |   |   |   |   |   |   sleep > 0
|   |   |   |   |   |   |   |   |   |   |   |   |   create <= 0: Flakey (2.0)
|   |   |   |   |   |   |   |   |   |   |   |   |   create > 0: Non_Flakey (3.0)
|   |   |   |   |   |   |   |   |   |   |   parse > 0: Non_Flakey (4.0/1.0)
|   |   |   |   |   |   |   |   |   |   input > 0: Non_Flakey (5.0/1.0)
|   |   |   |   |   |   |   |   |   become > 0: Non_Flakey (8.0)
|   |   |   |   |   |   |   table > 0
|   |   |   |   |   |   |   |   charsets <= 0: Flakey (93.0/1.0)
|   |   |   |   |   |   |   |   charsets > 0: Non_Flakey (7.0)
|   |   |   |   |   |   services > 0
|   |   |   |   |   |   |   number <= 0: Flakey (61.0/1.0)
|   |   |   |   |   |   |   number > 0: Non_Flakey (6.0)
|   |   |   |   |   runtest > 0: Flakey (36.0)
|   |   |   |   coord > 0: Flakey (44.0)
|   |   |   play > 0: Flakey (54.0)
|   |   cluster > 0
|   |   |   failover <= 0: Flakey (168.0/5.0)
|   |   |   failover > 0
|   |   |   |   should <= 0: Flakey (8.0/1.0)
|   |   |   |   should > 0: Non_Flakey (3.0)
|   oozie > 0: Flakey (93.0)
job > 0
|   token <= 0: Flakey (499.0/1.0)
|   token > 0
|   |   manager <= 0: Flakey (28.0/1.0)
|   |   manager > 0: Non_Flakey (3.0)

Number of Leaves  : 	115

Size of the tree : 	229


Time taken to build model: 41.16 seconds

=== Evaluation on test split ===

Time taken to test model on test split: 0.08 seconds

=== Summary ===

Correctly Classified Instances         496               88.4135 %
Incorrectly Classified Instances        65               11.5865 %
Kappa statistic                          0.7683
Mean absolute error                      0.1299
Root mean squared error                  0.3249
Relative absolute error                 25.9889 %
Root relative squared error             64.9778 %
Total Number of Instances              561     

=== Detailed Accuracy By Class ===

                 TP Rate  FP Rate  Precision  Recall   F-Measure  MCC      ROC Area  PRC Area  Class
                 0.892    0.123    0.876      0.892    0.884      0.768    0.905     0.885     Non_Flakey
                 0.877    0.108    0.892      0.877    0.885      0.768    0.905     0.880     Flakey
Weighted Avg.    0.884    0.116    0.884      0.884    0.884      0.768    0.905     0.882     

=== Confusion Matrix ===

   a   b   <-- classified as
 247  30 |   a = Non_Flakey
  35 249 |   b = Flakey

