=== Run information ===

Scheme:       weka.classifiers.lazy.IBk -K 1 -W 0 -A "weka.core.neighboursearch.LinearNNSearch -A \"weka.core.EuclideanDistance -R first-last\""
Relation:     _home_supun_Documents_wekafiles_dataset2_Tokens_arff_docs__home_supun_Documents_wekafiles_dataset2_LOC-weka.filters.unsupervised.attribute.Remove-R2_java_keywords.arff-weka.filters.unsupervised.attribute.Remove-R3-weka.filters.unsupervised.attribute.StringToWordVector-R1-W1000-prune-rate-1.0-N0-stemmerweka.core.stemmers.NullStemmer-stopwords-handlerweka.core.stopwords.Null-M1-tokenizerweka.core.tokenizers.WordTokenizer -delimiters " \r\n\t.,;:\'\"()?!"
Instances:    2804
Attributes:   1609
              [list of attributes omitted]
Test mode:    split 80.0% train, remainder test

=== Classifier model (full training set) ===

IB1 instance-based classifier
using 1 nearest neighbour(s) for classification


Time taken to build model: 0 seconds

=== Evaluation on test split ===

Time taken to test model on test split: 2.15 seconds

=== Summary ===

Correctly Classified Instances         518               92.3351 %
Incorrectly Classified Instances        43                7.6649 %
Kappa statistic                          0.8468
Mean absolute error                      0.077 
Root mean squared error                  0.2767
Relative absolute error                 15.4014 %
Root relative squared error             55.3443 %
Total Number of Instances              561     

=== Detailed Accuracy By Class ===

                 TP Rate  FP Rate  Precision  Recall   F-Measure  MCC      ROC Area  PRC Area  Class
                 0.968    0.120    0.887      0.968    0.926      0.850    0.927     0.882     Non_Flakey
                 0.880    0.032    0.965      0.880    0.921      0.850    0.927     0.912     Flakey
Weighted Avg.    0.923    0.076    0.927      0.923    0.923      0.850    0.927     0.897     

=== Confusion Matrix ===

   a   b   <-- classified as
 268   9 |   a = Non_Flakey
  34 250 |   b = Flakey

